Running only task # 319
Using max depth 23
 |                                        | 0 / 419 (0.0%)Function count: 142
0.0859124
0.0910431
0.0843343
0.0917685
0.083737
0.0898381
0.0749583
0.0802839
0.0868854
0.0940919
0.0835896
0.0920769
0.07326
0.0781815
 49.2 ±  0.0 ms - Piece loop time
 64.6 ± 53.9 ms - Set time
 35.4 ±  1.6 ms - Child looking time
0.0722174
0.0768044
0.126333
744.0 ±  0.0 ms - Total time
644.9 ±  0.0 ms - Build f time
 23.4 ±  0.5 ms - Apply f time
509.9 ±  4.0 ms - Real f time 
130.6 ±  8.7 ms - Add time
  3.9 ±  0.2 ms - Find child
  5.7 ±  0.3 ms - Add child
120.8 ±  2.4 ms - Hash
118.4 ± 41.3 ms - Map
 28.1 ±  1.0 ms - getState
0.0867883
0.0932553
0.156487
900.6 ±  0.0 ms - Total time
731.7 ±  0.0 ms - Build f time
 35.4 ±  0.7 ms - Apply f time
589.1 ±  4.5 ms - Real f time 
171.2 ± 11.8 ms - Add time
  7.1 ±  0.3 ms - Find child
 10.0 ±  0.4 ms - Add child
150.9 ±  2.4 ms - Hash
139.9 ± 41.3 ms - Map
 42.4 ±  1.1 ms - getState
0.0872448
0.0939195
0.158378
1059.0 ±  0.0 ms - Total time
818.9 ±  0.0 ms - Build f time
 48.1 ±  0.8 ms - Apply f time
668.1 ±  4.7 ms - Real f time 
220.2 ± 18.5 ms - Add time
 10.4 ±  0.4 ms - Find child
 14.9 ±  0.4 ms - Add child
179.6 ±  2.5 ms - Hash
160.7 ± 41.3 ms - Map
 58.7 ±  1.3 ms - getState
0.0771499
0.0821166
0.137243
1196.3 ±  0.0 ms - Total time
896.1 ±  0.0 ms - Build f time
 59.4 ±  0.8 ms - Apply f time
739.0 ±  4.9 ms - Real f time 
248.6 ± 18.5 ms - Add time
 13.4 ±  0.4 ms - Find child
 19.0 ±  0.5 ms - Add child
205.9 ±  2.6 ms - Hash
179.0 ± 41.3 ms - Map
 71.7 ±  1.3 ms - getState
0.0871144
0.0941759
0.162171
1358.5 ±  0.0 ms - Total time
983.2 ±  0.0 ms - Build f time
 74.7 ±  1.6 ms - Apply f time
816.5 ±  5.2 ms - Real f time 
301.3 ± 22.9 ms - Add time
 17.0 ±  0.5 ms - Find child
 23.2 ±  0.6 ms - Add child
240.5 ±  5.0 ms - Hash
201.8 ± 41.2 ms - Map
 87.9 ±  1.4 ms - getState
0.0852684
0.0946774
0.159534
1518.1 ±  0.0 ms - Total time
1068.5 ±  0.0 ms - Build f time
 88.6 ±  1.7 ms - Apply f time
894.9 ±  5.7 ms - Real f time 
333.2 ± 22.9 ms - Add time
 20.2 ±  0.5 ms - Find child
 28.0 ±  0.6 ms - Add child
268.0 ±  5.0 ms - Hash
222.4 ± 41.3 ms - Map
105.7 ±  1.4 ms - getState
0.0748274
0.0793739
0.128277
1646.4 ±  0.0 ms - Total time
1143.3 ±  0.0 ms - Build f time
 97.8 ±  1.7 ms - Apply f time
964.2 ±  6.3 ms - Real f time 
358.3 ± 22.9 ms - Add time
 22.7 ±  0.5 ms - Find child
 32.0 ±  0.7 ms - Add child
294.0 ±  5.3 ms - Hash
238.4 ± 41.3 ms - Map
117.6 ±  1.4 ms - getState
Dag sizes: 79897 102618 88577 79906 102512 88622 70475 
brutePieces time: 1.0336
114.3 ±  0.0 ms - Piece loop time
 72.9 ± 45.6 ms - Set time
 88.3 ±  8.3 ms - Child looking time
Nodes:  612607
Pieces: 91504
makePieces time: 0.115912
Memory: 7.3 + 25.2 + 19.6 + 39.2 + 6.4 MB
 25.9 ±  0.8 ms - Greedy fill time
composePieces time: 1.86254
                                                                                