Running only task # 341
Using max depth 3
 |                                        | 0 / 419 (0.0%)Function count: 142
0.434201
0.486718
0.235564
0.263753
0.391652
0.436961
0.361592
0.4053
0.598598
0.683254
 71.6 ±  0.0 ms - Piece loop time
 59.1 ± 43.8 ms - Set time
 51.5 ±  1.7 ms - Child looking time
0.461362
0.515013
1.30437
3580.6 ±  0.0 ms - Total time
2483.0 ±  0.0 ms - Build f time
185.4 ±  2.7 ms - Apply f time
1870.9 ± 17.0 ms - Real f time 
807.3 ± 18.8 ms - Add time
 19.5 ±  0.5 ms - Find child
 27.2 ±  0.6 ms - Add child
642.9 ±  7.7 ms - Hash
232.1 ± 48.3 ms - Map
309.8 ±  2.9 ms - getState
0.242285
0.26671
0.610792
4191.5 ±  0.0 ms - Total time
2725.2 ±  0.0 ms - Build f time
231.6 ±  2.8 ms - Apply f time
2080.3 ± 17.5 ms - Real f time 
977.2 ± 21.2 ms - Add time
 27.3 ±  0.6 ms - Find child
 38.0 ±  0.7 ms - Add child
777.2 ±  8.3 ms - Hash
280.0 ± 48.3 ms - Map
404.5 ±  6.9 ms - getState
0.383352
0.428019
0.974143
5165.7 ±  0.0 ms - Total time
3108.6 ±  0.0 ms - Build f time
307.2 ±  3.4 ms - Apply f time
2410.8 ± 18.4 ms - Real f time 
1229.1 ± 21.5 ms - Add time
 39.4 ±  0.7 ms - Find child
 56.1 ±  0.8 ms - Add child
985.1 ±  8.4 ms - Hash
351.8 ± 48.2 ms - Map
554.9 ±  7.2 ms - getState
0.377814
0.428109
1.06551
6231.3 ±  0.0 ms - Total time
3486.4 ±  0.0 ms - Build f time
388.0 ±  3.7 ms - Apply f time
2758.1 ± 20.0 ms - Real f time 
1523.8 ± 22.1 ms - Add time
 53.2 ±  0.8 ms - Find child
 74.9 ±  1.0 ms - Add child
1219.7 ±  9.3 ms - Hash
429.4 ± 48.2 ms - Map
728.5 ±  7.5 ms - getState
0.62159
0.698137
1.80541
8036.8 ±  0.0 ms - Total time
4108.0 ±  0.0 ms - Build f time
518.8 ±  4.1 ms - Apply f time
3328.7 ± 24.4 ms - Real f time 
2036.0 ± 23.7 ms - Add time
 71.9 ±  0.9 ms - Find child
103.1 ±  1.1 ms - Add child
1595.2 ± 10.6 ms - Hash
543.3 ± 48.4 ms - Map
1060.4 ±  8.0 ms - getState
Dag sizes: 441963 236810 338329 388273 539946 
brutePieces time: 5.76324
317.5 ±  0.0 ms - Piece loop time
114.0 ± 15.6 ms - Set time
210.1 ±  2.1 ms - Child looking time
Nodes:  1945321
Pieces: 416451
makePieces time: 0.319124
Memory: 86.0 + 61.6 + 62.3 + 52.1 + 20.0 MB
111.9 ± 32.1 ms - Greedy fill time
composePieces time: 9.724
                                                                                