Running only task # 338
Using max depth 23
 |                                        | 0 / 419 (0.0%)Function count: 142
0.156857
0.169289
0.0388958
0.04149
0.0598202
0.0658422
0.0717647
0.0787661
0.0775205
0.0832732
0.0765728
0.0823263
0.0728759
0.0793798
0.166061
0.177652
0.0392147
0.0415881
0.0607371
0.0656974
0.0605827
0.0652418
0.0662064
0.0717511
0.0768147
0.0828646
0.0732282
0.0793751
0.106438
0.114172
140.0 ±  0.0 ms - Piece loop time
 50.5 ± 36.7 ms - Set time
116.0 ±  3.3 ms - Child looking time
0.173971
0.185815
0.298361
1597.6 ±  0.0 ms - Total time
1377.6 ±  0.0 ms - Build f time
 53.5 ±  1.0 ms - Apply f time
1146.5 ±  8.5 ms - Real f time 
284.0 ±  5.3 ms - Add time
 10.1 ±  0.4 ms - Find child
 13.7 ±  0.4 ms - Add child
239.6 ±  1.7 ms - Hash
210.9 ± 40.3 ms - Map
 59.4 ±  0.8 ms - getState
0.0450862
0.047852
0.0718434
1669.5 ±  0.0 ms - Total time
1422.6 ±  0.0 ms - Build f time
 60.4 ±  1.0 ms - Apply f time
1188.9 ±  8.6 ms - Real f time 
299.8 ±  5.5 ms - Add time
 13.2 ±  0.4 ms - Find child
 17.2 ±  0.5 ms - Add child
251.8 ±  1.7 ms - Hash
225.4 ± 40.3 ms - Map
 65.0 ±  0.8 ms - getState
0.0621114
0.0670809
0.10503
1774.6 ±  0.0 ms - Total time
1484.7 ±  0.0 ms - Build f time
 71.2 ±  1.1 ms - Apply f time
1249.2 ±  8.6 ms - Real f time 
321.6 ±  5.5 ms - Add time
 16.8 ±  0.5 ms - Find child
 22.5 ±  0.5 ms - Add child
269.5 ±  1.8 ms - Hash
245.4 ± 40.2 ms - Map
 74.7 ±  0.9 ms - getState
0.0618376
0.0661108
0.114097
1888.7 ±  0.0 ms - Total time
1546.6 ±  0.0 ms - Build f time
 84.7 ±  1.3 ms - Apply f time
1311.9 ±  8.8 ms - Real f time 
348.1 ±  5.6 ms - Add time
 21.0 ±  0.5 ms - Find child
 28.6 ±  0.6 ms - Add child
287.8 ±  1.9 ms - Hash
265.7 ± 40.2 ms - Map
 86.1 ±  0.9 ms - getState
0.0787776
0.0841724
0.137174
2026.0 ±  0.0 ms - Total time
1625.4 ±  0.0 ms - Build f time
 98.0 ±  1.3 ms - Apply f time
1384.0 ±  8.9 ms - Real f time 
379.6 ±  5.9 ms - Add time
 25.4 ±  0.6 ms - Find child
 34.5 ±  0.7 ms - Add child
309.3 ±  1.9 ms - Hash
290.0 ± 40.2 ms - Map
 98.2 ±  1.0 ms - getState
0.0772832
0.0841718
0.155304
2181.3 ±  0.0 ms - Total time
1702.6 ±  0.0 ms - Build f time
116.2 ±  1.4 ms - Apply f time
1457.1 ±  8.9 ms - Real f time 
415.1 ±  6.0 ms - Add time
 31.1 ±  0.6 ms - Find child
 42.2 ±  0.8 ms - Add child
333.4 ±  2.1 ms - Hash
318.8 ± 40.2 ms - Map
115.1 ±  1.1 ms - getState
0.082413
0.0885888
0.146884
2328.2 ±  0.0 ms - Total time
1785.1 ±  0.0 ms - Build f time
131.0 ±  1.5 ms - Apply f time
1535.1 ±  9.0 ms - Real f time 
447.6 ±  6.1 ms - Add time
 35.9 ±  0.7 ms - Find child
 48.7 ±  0.8 ms - Add child
356.8 ±  2.3 ms - Hash
344.5 ± 40.2 ms - Map
128.4 ±  1.1 ms - getState
0.164794
0.176792
0.29533
2623.6 ±  0.0 ms - Total time
1949.9 ±  0.0 ms - Build f time
152.9 ±  1.6 ms - Apply f time
1687.2 ± 11.9 ms - Real f time 
516.6 ±  7.0 ms - Add time
 41.6 ±  0.7 ms - Find child
 56.3 ±  0.9 ms - Add child
411.2 ±  3.3 ms - Hash
377.7 ± 40.2 ms - Map
158.3 ±  1.3 ms - getState
0.0540386
0.0580563
0.0857466
2709.4 ±  0.0 ms - Total time
2003.9 ±  0.0 ms - Build f time
163.2 ±  2.9 ms - Apply f time
1736.6 ± 11.9 ms - Real f time 
534.5 ±  7.1 ms - Add time
 44.4 ±  0.7 ms - Find child
 60.1 ±  0.9 ms - Add child
424.2 ±  3.3 ms - Hash
393.4 ± 40.2 ms - Map
165.6 ±  1.4 ms - getState
0.0661282
0.0706237
0.114345
2823.8 ±  0.0 ms - Total time
2070.0 ±  0.0 ms - Build f time
175.8 ±  2.9 ms - Apply f time
1800.8 ± 11.9 ms - Real f time 
566.2 ± 10.0 ms - Add time
 48.5 ±  0.8 ms - Find child
 65.8 ±  1.0 ms - Add child
441.5 ±  3.4 ms - Hash
414.5 ± 40.3 ms - Map
174.7 ±  1.4 ms - getState
0.0634659
0.0679369
0.114836
2938.7 ±  0.0 ms - Total time
2133.5 ±  0.0 ms - Build f time
187.9 ±  2.9 ms - Apply f time
1862.1 ± 12.0 ms - Real f time 
592.2 ± 10.1 ms - Add time
 52.7 ±  0.8 ms - Find child
 71.8 ±  1.0 ms - Add child
460.1 ±  3.5 ms - Hash
434.7 ± 40.3 ms - Map
185.0 ±  1.5 ms - getState
0.0764
0.081765
0.133638
3072.4 ±  0.0 ms - Total time
2209.9 ±  0.0 ms - Build f time
201.8 ±  3.0 ms - Apply f time
1931.5 ± 12.1 ms - Real f time 
621.5 ± 10.1 ms - Add time
 57.7 ±  0.9 ms - Find child
 77.2 ±  1.1 ms - Add child
481.9 ±  3.6 ms - Hash
457.5 ± 40.3 ms - Map
197.3 ±  1.5 ms - getState
0.0936999
0.0996363
0.161832
3234.2 ±  0.0 ms - Total time
2303.6 ±  0.0 ms - Build f time
216.8 ±  3.0 ms - Apply f time
2018.0 ± 12.2 ms - Real f time 
655.1 ± 10.1 ms - Add time
 62.7 ±  0.9 ms - Find child
 84.0 ±  1.1 ms - Add child
507.2 ±  3.8 ms - Hash
483.9 ± 40.3 ms - Map
211.6 ±  1.6 ms - getState
0.0824515
0.088741
0.143646
3377.9 ±  0.0 ms - Total time
2386.0 ±  0.0 ms - Build f time
230.4 ±  3.0 ms - Apply f time
2094.6 ± 12.2 ms - Real f time 
685.7 ± 10.2 ms - Add time
 67.0 ±  0.9 ms - Find child
 90.0 ±  1.1 ms - Add child
529.1 ±  3.8 ms - Hash
508.6 ± 40.3 ms - Map
223.9 ±  1.6 ms - getState
0.111536
0.120386
0.211976
3589.9 ±  0.0 ms - Total time
2497.6 ±  0.0 ms - Build f time
249.9 ±  3.1 ms - Apply f time
2196.9 ± 12.3 ms - Real f time 
800.6 ± 69.5 ms - Add time
 72.8 ±  1.0 ms - Find child
 98.9 ±  1.5 ms - Add child
562.6 ±  3.9 ms - Hash
582.4 ± 58.9 ms - Map
244.0 ±  1.7 ms - getState
Dag sizes: 145961 68328 99079 101513 114539 126165 117023 145447 68293 99140 101359 114360 125800 116956 139002 
brutePieces time: 2.30375
580.1 ±  0.0 ms - Piece loop time
 88.4 ± 16.5 ms - Set time
459.3 ±  8.7 ms - Child looking time
Nodes:  1682965
Pieces: 157411
makePieces time: 0.582081
Memory: 13.8 + 79.4 + 53.9 + 89.8 + 28.6 MB
  4.6 ±  0.2 ms - Greedy fill time
composePieces time: 1.78326
                                                                                