Running only task # 32
Using max depth 23
 |                                        | 0 / 419 (0.0%)Function count: 142
0.0154839
0.0164533
0.0188205
0.0199597
0.0158268
0.0168152
0.0156725
0.0166226
0.0192435
0.0204006
0.0177744
0.019044
0.0204295
0.021487
 20.9 ±  0.0 ms - Piece loop time
 41.3 ± 38.9 ms - Set time
 17.4 ±  1.0 ms - Child looking time
0.0377698
0.03968
0.0503123
181.3 ±  0.0 ms - Total time
161.0 ±  0.0 ms - Build f time
  5.2 ±  0.3 ms - Apply f time
141.3 ±  3.4 ms - Real f time 
 29.2 ±  2.3 ms - Add time
  0.7 ±  0.1 ms - Find child
  1.2 ±  0.1 ms - Add child
 32.2 ±  1.0 ms - Hash
 52.3 ± 37.5 ms - Map
  5.7 ±  0.2 ms - getState
0.0513159
0.0540351
0.0697488
251.0 ±  0.0 ms - Total time
212.3 ±  0.0 ms - Build f time
  8.6 ±  0.4 ms - Apply f time
183.6 ±  3.8 ms - Real f time 
 41.0 ±  2.3 ms - Add time
  1.4 ±  0.1 ms - Find child
  2.1 ±  0.2 ms - Add child
 47.3 ±  1.1 ms - Hash
 58.1 ± 37.5 ms - Map
 10.0 ±  0.3 ms - getState
0.0414081
0.0431804
0.054849
305.9 ±  0.0 ms - Total time
253.7 ±  0.0 ms - Build f time
 10.7 ±  0.4 ms - Apply f time
218.4 ±  4.0 ms - Real f time 
 49.5 ±  2.4 ms - Add time
  1.9 ±  0.2 ms - Find child
  2.9 ±  0.2 ms - Add child
 58.3 ±  1.1 ms - Hash
 62.1 ± 37.5 ms - Map
 13.2 ±  0.3 ms - getState
0.0353237
0.0372596
0.047497
353.5 ±  0.0 ms - Total time
289.1 ±  0.0 ms - Build f time
 12.9 ±  0.5 ms - Apply f time
247.3 ±  4.2 ms - Real f time 
 60.7 ±  4.7 ms - Add time
  2.5 ±  0.2 ms - Find child
  3.5 ±  0.2 ms - Add child
 68.6 ±  1.1 ms - Hash
 64.9 ± 37.5 ms - Map
 16.4 ±  0.5 ms - getState
0.0521824
0.0549175
0.0737019
427.2 ±  0.0 ms - Total time
341.2 ±  0.0 ms - Build f time
 16.6 ±  0.5 ms - Apply f time
292.4 ±  4.5 ms - Real f time 
 72.5 ±  4.8 ms - Add time
  3.3 ±  0.2 ms - Find child
  4.5 ±  0.2 ms - Add child
 82.9 ±  1.2 ms - Hash
 70.8 ± 37.5 ms - Map
 21.8 ±  0.5 ms - getState
0.0439719
0.0467985
0.0590477
486.3 ±  0.0 ms - Total time
385.2 ±  0.0 ms - Build f time
 19.3 ±  0.6 ms - Apply f time
326.6 ±  4.6 ms - Real f time 
 85.1 ±  6.0 ms - Add time
  3.9 ±  0.2 ms - Find child
  5.3 ±  0.3 ms - Add child
 94.7 ±  1.3 ms - Hash
 77.3 ± 37.5 ms - Map
 26.1 ±  0.6 ms - getState
0.0574175
0.0598718
0.0755348
561.8 ±  0.0 ms - Total time
442.6 ±  0.0 ms - Build f time
 22.0 ±  0.6 ms - Apply f time
373.6 ±  4.9 ms - Real f time 
101.6 ±  8.0 ms - Add time
  4.6 ±  0.2 ms - Find child
  6.2 ±  0.3 ms - Add child
109.2 ±  1.3 ms - Hash
 83.1 ± 37.5 ms - Map
 30.5 ±  0.6 ms - getState
Dag sizes: 13000 20535 14330 13000 20535 14330 19550 
brutePieces time: 0.436346
 38.1 ±  0.0 ms - Piece loop time
 41.4 ± 36.1 ms - Set time
 30.7 ±  1.2 ms - Child looking time
Nodes:  115280
Pieces: 19723
makePieces time: 0.0389861
Memory: 2.6 + 8.1 + 3.7 + 31.2 + 1.5 MB
277.0 ± 23.9 ms - Greedy fill time
composePieces time: 1.10145
                                                                                