Running only task # 30
Using max depth 23
 |                                        | 0 / 419 (0.0%)Function count: 142
0.147444
0.167226
0.173841
0.189443
0.178278
0.195214
0.141389
0.157407
0.157519
0.172745
0.177342
0.194394
0.217504
0.243323
 82.1 ±  0.0 ms - Piece loop time
 62.2 ± 46.3 ms - Set time
 70.2 ±  9.9 ms - Child looking time
0.142943
0.157593
0.331566
1651.7 ±  0.0 ms - Total time
1336.3 ±  0.0 ms - Build f time
 71.8 ±  1.2 ms - Apply f time
1043.7 ± 10.2 ms - Real f time 
315.6 ±  3.4 ms - Add time
 10.5 ±  0.4 ms - Find child
 14.5 ±  0.4 ms - Add child
254.1 ±  1.6 ms - Hash
244.6 ± 68.4 ms - Map
 83.2 ±  0.9 ms - getState
0.173458
0.190856
0.395207
2047.0 ±  0.0 ms - Total time
1509.7 ±  0.0 ms - Build f time
103.9 ±  1.3 ms - Apply f time
1201.3 ± 11.2 ms - Real f time 
412.9 ±  3.7 ms - Add time
 18.4 ±  0.5 ms - Find child
 25.8 ±  0.6 ms - Add child
326.8 ±  1.9 ms - Hash
305.2 ± 68.5 ms - Map
133.5 ±  1.1 ms - getState
0.174096
0.19275
0.442989
2490.0 ±  0.0 ms - Total time
1683.8 ±  0.0 ms - Build f time
143.6 ±  1.6 ms - Apply f time
1358.3 ± 11.5 ms - Real f time 
524.6 ±  4.0 ms - Add time
 27.6 ±  0.6 ms - Find child
 39.0 ±  0.8 ms - Add child
409.6 ±  2.1 ms - Hash
362.4 ± 68.5 ms - Map
197.8 ±  1.4 ms - getState
0.159351
0.17457
0.348985
2839.0 ±  0.0 ms - Total time
1843.2 ±  0.0 ms - Build f time
173.7 ±  1.7 ms - Apply f time
1504.1 ± 12.1 ms - Real f time 
641.7 ± 32.8 ms - Add time
 34.9 ±  0.7 ms - Find child
 49.7 ±  0.9 ms - Add child
470.9 ±  2.3 ms - Hash
414.3 ± 68.5 ms - Map
239.5 ±  1.6 ms - getState
0.161583
0.17719
0.385368
3224.5 ±  0.0 ms - Total time
2004.7 ±  0.0 ms - Build f time
208.0 ±  1.8 ms - Apply f time
1655.7 ± 12.9 ms - Real f time 
748.0 ± 33.9 ms - Add time
 43.3 ±  0.7 ms - Find child
 61.3 ±  0.9 ms - Add child
542.8 ±  2.4 ms - Hash
464.4 ± 68.4 ms - Map
287.6 ±  1.7 ms - getState
0.194589
0.212748
0.452576
3677.1 ±  0.0 ms - Total time
2199.3 ±  0.0 ms - Build f time
244.2 ±  1.9 ms - Apply f time
1826.8 ± 13.2 ms - Real f time 
856.9 ± 34.0 ms - Add time
 51.3 ±  0.8 ms - Find child
 73.7 ±  1.1 ms - Add child
626.4 ±  2.5 ms - Hash
519.8 ± 68.5 ms - Map
349.6 ±  1.8 ms - getState
0.245619
0.268387
0.607819
4285.0 ±  0.0 ms - Total time
2445.0 ±  0.0 ms - Build f time
289.6 ±  2.1 ms - Apply f time
2035.5 ± 13.8 ms - Real f time 
1019.2 ± 34.7 ms - Add time
 61.1 ±  0.9 ms - Find child
 87.0 ±  1.2 ms - Add child
744.3 ±  2.7 ms - Hash
580.7 ± 68.5 ms - Map
438.3 ±  3.9 ms - getState
Dag sizes: 218313 238114 242125 220951 234246 246476 270433 
brutePieces time: 2.9706
366.4 ±  0.0 ms - Piece loop time
140.6 ± 47.9 ms - Set time
245.7 ±  3.1 ms - Child looking time
Nodes:  1670658
Pieces: 287401
makePieces time: 0.368802
Memory: 29.5 + 59.8 + 53.5 + 56.1 + 19.2 MB
 52.4 ±  1.6 ms - Greedy fill time
composePieces time: 10.324
                                                                                