Running only task # 313
Using max depth 3
 |                                        | 0 / 419 (0.0%)Function count: 142
2.28839
2.59677
2.23054
2.5365
2.81642
3.25469
2.43201
2.80503
 44.3 ±  0.0 ms - Piece loop time
 45.3 ± 34.8 ms - Set time
 33.2 ±  1.2 ms - Child looking time
2.32499
2.62999
4.1777
15374.5 ±  0.0 ms - Total time
12092.3 ±  0.0 ms - Build f time
857.1 ± 20.8 ms - Apply f time
11425.7 ± 236.9 ms - Real f time 
2662.0 ± 77.0 ms - Add time
 19.6 ±  0.5 ms - Find child
 28.1 ±  0.6 ms - Add child
1440.9 ± 12.1 ms - Hash
214.8 ± 39.1 ms - Map
1114.0 ± 17.2 ms - getState
2.27443
2.6129
3.89028
19264.8 ±  0.0 ms - Total time
14366.8 ±  0.0 ms - Build f time
1109.2 ± 23.3 ms - Apply f time
13579.3 ± 243.4 ms - Real f time 
3501.8 ± 79.5 ms - Add time
 33.6 ±  0.6 ms - Find child
 48.3 ±  0.8 ms - Add child
1985.0 ± 12.8 ms - Hash
295.9 ± 39.3 ms - Map
1553.6 ± 19.7 ms - getState
2.84245
3.27506
5.11796
24382.8 ±  0.0 ms - Total time
17209.2 ±  0.0 ms - Build f time
1450.8 ± 26.3 ms - Apply f time
16282.1 ± 259.1 ms - Real f time 
4758.5 ± 87.7 ms - Add time
 54.2 ±  1.0 ms - Find child
 76.8 ±  1.0 ms - Add child
2721.6 ± 14.0 ms - Hash
405.1 ± 39.2 ms - Map
2192.7 ± 22.0 ms - getState
2.51723
2.88126
4.59867
28981.5 ±  0.0 ms - Total time
19726.4 ±  0.0 ms - Build f time
1752.1 ± 28.2 ms - Apply f time
18558.3 ± 261.6 ms - Real f time 
5816.5 ± 92.1 ms - Add time
 72.7 ±  1.1 ms - Find child
102.5 ±  1.2 ms - Add child
3395.2 ± 14.6 ms - Hash
511.5 ± 39.2 ms - Map
2734.2 ± 23.4 ms - getState
Dag sizes: 416180 342025 477440 457790 
brutePieces time: 17.7871
238.1 ±  0.0 ms - Piece loop time
132.6 ± 44.5 ms - Set time
147.0 ±  2.8 ms - Child looking time
Nodes:  1693435
Pieces: 428745
makePieces time: 0.240093
Memory: 211.8 + 52.8 + 54.2 + 43.9 + 15.8 MB
166.8 ±  0.0 ms - Greedy fill time
composePieces time: 6.61377
                                                                                