Running only task # 131
Using max depth 3
 |                                        | 0 / 419 (0.0%)Function count: 142
0.599909
0.692249
0.755548
0.882911
0.811016
0.957876
0.963371
1.10835
0.82075
0.951401
 47.5 ±  0.0 ms - Piece loop time
 28.1 ± 16.0 ms - Set time
 36.1 ±  2.6 ms - Child looking time
0.618395
0.723968
1.45399
6047.1 ±  0.0 ms - Total time
4569.0 ±  0.0 ms - Build f time
369.7 ±  6.2 ms - Apply f time
4116.4 ± 35.0 ms - Real f time 
1204.7 ± 25.4 ms - Add time
 23.5 ±  0.7 ms - Find child
 33.3 ±  0.6 ms - Add child
561.5 ±  3.1 ms - Hash
278.5 ± 40.0 ms - Map
453.3 ±  5.0 ms - getState
0.724639
0.83966
1.68377
7730.9 ±  0.0 ms - Total time
5293.6 ±  0.0 ms - Build f time
501.3 ±  6.7 ms - Apply f time
4812.4 ± 36.3 ms - Real f time 
1633.9 ± 25.9 ms - Add time
 43.6 ±  0.9 ms - Find child
 59.8 ±  0.9 ms - Add child
819.4 ±  3.4 ms - Hash
413.2 ± 39.9 ms - Map
694.7 ±  5.7 ms - getState
0.807183
0.933126
1.93363
9664.6 ±  0.0 ms - Total time
6100.8 ±  0.0 ms - Build f time
649.1 ±  7.3 ms - Apply f time
5628.1 ± 39.0 ms - Real f time 
2144.1 ± 27.4 ms - Add time
 65.0 ±  1.0 ms - Find child
 89.9 ±  1.0 ms - Add child
1119.2 ±  3.8 ms - Hash
580.2 ± 48.2 ms - Map
985.7 ±  6.3 ms - getState
0.935227
1.08437
2.10411
11768.7 ±  0.0 ms - Total time
7036.0 ±  0.0 ms - Build f time
807.4 ±  7.9 ms - Apply f time
6516.8 ± 41.3 ms - Real f time 
2687.2 ± 28.2 ms - Add time
 86.1 ±  1.1 ms - Find child
118.5 ±  1.2 ms - Add child
1442.4 ±  5.4 ms - Hash
712.4 ± 48.2 ms - Map
1287.9 ±  7.2 ms - getState
0.819854
0.948479
1.87067
13639.5 ±  0.0 ms - Total time
7855.9 ±  0.0 ms - Build f time
952.2 ±  8.3 ms - Apply f time
7382.9 ± 46.6 ms - Real f time 
3170.5 ± 29.6 ms - Add time
105.9 ±  1.2 ms - Find child
148.8 ±  2.6 ms - Add child
1729.7 ±  5.6 ms - Hash
827.8 ± 48.3 ms - Map
1558.4 ±  7.7 ms - getState
Dag sizes: 603869 612013 659283 627884 612245 
brutePieces time: 9.04892
277.3 ±  0.0 ms - Piece loop time
148.2 ± 46.0 ms - Set time
167.9 ±  3.2 ms - Child looking time
Nodes:  3115294
Pieces: 531141
makePieces time: 0.279753
Memory: 116.9 + 88.0 + 99.7 + 70.8 + 24.4 MB
 86.4 ± 19.5 ms - Greedy fill time
composePieces time: 9.8894
                                                                                