Running only task # 307
Using max depth 3
 |                                        | 0 / 419 (0.0%)Function count: 142
0.1739
0.190998
0.165319
0.180779
0.172397
0.190056
0.191989
0.210897
 31.0 ±  0.0 ms - Piece loop time
 45.8 ± 38.5 ms - Set time
 21.4 ±  0.9 ms - Child looking time
0.186588
0.204815
0.341795
1114.7 ±  0.0 ms - Total time
890.2 ±  0.0 ms - Build f time
 49.2 ±  1.0 ms - Apply f time
746.4 ±  7.5 ms - Real f time 
202.3 ±  4.7 ms - Add time
  5.9 ±  0.3 ms - Find child
  8.6 ±  0.3 ms - Add child
162.8 ±  1.1 ms - Hash
119.4 ± 43.1 ms - Map
 62.9 ±  0.9 ms - getState
0.173381
0.189688
0.355422
1470.2 ±  0.0 ms - Total time
1063.6 ±  0.0 ms - Build f time
 75.3 ±  1.1 ms - Apply f time
906.5 ±  8.7 ms - Real f time 
291.8 ±  6.5 ms - Add time
 11.2 ±  0.4 ms - Find child
 16.7 ±  0.5 ms - Add child
233.0 ±  4.8 ms - Hash
153.1 ± 43.1 ms - Map
112.1 ±  1.2 ms - getState
0.184434
0.200976
0.361684
1832.0 ±  0.0 ms - Total time
1248.0 ±  0.0 ms - Build f time
101.6 ±  1.3 ms - Apply f time
1076.0 ±  9.6 ms - Real f time 
373.1 ±  6.6 ms - Add time
 16.5 ±  0.5 ms - Find child
 24.1 ±  0.5 ms - Add child
294.8 ±  4.9 ms - Hash
190.4 ± 43.1 ms - Map
157.1 ±  1.3 ms - getState
0.188937
0.209046
0.364372
2196.4 ±  0.0 ms - Total time
1436.9 ±  0.0 ms - Build f time
127.6 ±  1.4 ms - Apply f time
1244.8 ± 10.0 ms - Real f time 
462.3 ± 10.9 ms - Add time
 22.1 ±  0.5 ms - Find child
 31.3 ±  0.6 ms - Add child
357.2 ±  4.9 ms - Hash
226.3 ± 43.1 ms - Map
202.4 ±  1.6 ms - getState
Dag sizes: 150793 162988 171728 177283 
brutePieces time: 1.42517
109.0 ±  0.0 ms - Piece loop time
 81.6 ± 43.9 ms - Set time
 67.7 ±  1.3 ms - Child looking time
Nodes:  662792
Pieces: 152173
makePieces time: 0.110342
Memory: 13.3 + 22.3 + 21.2 + 27.4 + 6.2 MB
  6.5 ±  0.0 ms - Greedy fill time
composePieces time: 0.806442
                                                                                