Running only task # 59
Using max depth 23
 |                                        | 0 / 419 (0.0%)Function count: 142
0.285937
0.310427
0.292398
0.318546
0.247845
0.271571
0.290252
0.313644
0.272601
0.304837
0.25694
0.279454
0.291393
0.323607
 44.8 ±  0.0 ms - Piece loop time
 55.2 ± 45.7 ms - Set time
 32.6 ±  1.4 ms - Child looking time
0.321086
0.345062
0.410021
2532.4 ±  0.0 ms - Total time
2258.4 ±  0.0 ms - Build f time
 76.2 ±  1.7 ms - Apply f time
1733.3 ± 18.4 ms - Real f time 
403.8 ± 14.6 ms - Add time
  6.6 ±  0.3 ms - Find child
  8.6 ±  0.3 ms - Add child
415.3 ±  2.5 ms - Hash
152.2 ± 39.3 ms - Map
 73.5 ±  1.2 ms - getState
0.284063
0.31697
0.395738
2928.2 ±  0.0 ms - Total time
2542.5 ±  0.0 ms - Build f time
 99.5 ±  1.8 ms - Apply f time
1962.6 ± 19.4 ms - Real f time 
465.1 ± 14.7 ms - Add time
 11.0 ±  0.4 ms - Find child
 14.7 ±  1.1 ms - Add child
496.9 ±  4.9 ms - Hash
179.2 ± 39.3 ms - Map
103.9 ±  1.4 ms - getState
0.267176
0.29194
0.36741
3295.7 ±  0.0 ms - Total time
2809.7 ±  0.0 ms - Build f time
120.1 ±  1.9 ms - Apply f time
2184.9 ± 20.2 ms - Real f time 
528.3 ± 15.6 ms - Add time
 15.3 ±  0.4 ms - Find child
 19.1 ±  1.1 ms - Add child
566.1 ±  5.0 ms - Hash
206.9 ± 39.3 ms - Map
129.0 ±  1.5 ms - getState
0.290465
0.317421
0.392002
3687.8 ±  0.0 ms - Total time
3100.2 ±  0.0 ms - Build f time
150.6 ±  6.7 ms - Apply f time
2427.0 ± 22.2 ms - Real f time 
586.3 ± 15.7 ms - Add time
 19.1 ±  0.5 ms - Find child
 23.7 ±  1.1 ms - Add child
648.2 ±  5.1 ms - Hash
229.6 ± 39.3 ms - Map
156.6 ±  1.7 ms - getState
0.285958
0.315398
0.390113
4077.9 ±  0.0 ms - Total time
3386.1 ±  0.0 ms - Build f time
172.4 ±  6.7 ms - Apply f time
2667.6 ± 24.0 ms - Real f time 
646.3 ± 15.8 ms - Add time
 23.3 ±  0.5 ms - Find child
 28.4 ±  1.2 ms - Add child
724.9 ±  5.2 ms - Hash
256.1 ± 39.2 ms - Map
183.0 ±  1.8 ms - getState
0.273975
0.299413
0.370928
4448.9 ±  0.0 ms - Total time
3660.1 ±  0.0 ms - Build f time
193.1 ±  6.8 ms - Apply f time
2895.8 ± 24.5 ms - Real f time 
705.3 ± 15.9 ms - Add time
 27.2 ±  0.6 ms - Find child
 32.5 ±  1.2 ms - Add child
795.6 ±  5.3 ms - Hash
284.0 ± 39.2 ms - Map
207.7 ±  1.9 ms - getState
0.312516
0.341361
0.428305
4877.3 ±  0.0 ms - Total time
3972.6 ±  0.0 ms - Build f time
214.8 ±  6.8 ms - Apply f time
3146.1 ± 25.6 ms - Real f time 
772.2 ± 16.0 ms - Add time
 31.5 ±  0.6 ms - Find child
 37.9 ±  1.2 ms - Add child
883.2 ±  5.4 ms - Hash
313.6 ± 39.2 ms - Map
235.3 ±  2.0 ms - getState
Dag sizes: 71941 83006 86923 71544 83077 86311 98894 
brutePieces time: 2.76025
114.0 ±  0.0 ms - Piece loop time
 74.2 ± 51.3 ms - Set time
 80.3 ±  2.2 ms - Child looking time
Nodes:  581696
Pieces: 36550
makePieces time: 0.115473
Memory: 16.5 + 32.1 + 18.6 + 38.7 + 4.9 MB
  2.7 ±  0.3 ms - Greedy fill time
composePieces time: 0.270457
                                                                                