Running only task # 10
Using max depth 3
 |                                        | 0 / 419 (0.0%)Function count: 142
0.128094
0.140441
0.124825
0.135866
0.115939
0.127426
0.242629
0.268206
 58.4 ±  0.0 ms - Piece loop time
 61.2 ± 50.9 ms - Set time
 45.3 ±  1.4 ms - Child looking time
0.127574
0.139414
0.296869
969.0 ±  0.0 ms - Total time
739.1 ±  0.0 ms - Build f time
 48.0 ±  0.9 ms - Apply f time
594.8 ±  6.0 ms - Real f time 
217.9 ±  9.1 ms - Add time
  9.8 ±  0.4 ms - Find child
 13.8 ±  0.4 ms - Add child
150.7 ±  1.3 ms - Hash
126.5 ± 37.2 ms - Map
 66.6 ±  1.1 ms - getState
0.126288
0.137439
0.285932
1254.9 ±  0.0 ms - Total time
865.3 ±  0.0 ms - Build f time
 76.5 ±  1.1 ms - Apply f time
711.1 ±  6.2 ms - Real f time 
290.0 ±  9.2 ms - Add time
 17.6 ±  0.5 ms - Find child
 24.6 ±  0.6 ms - Add child
207.5 ±  1.5 ms - Hash
161.1 ± 37.3 ms - Map
102.9 ±  1.2 ms - getState
0.120809
0.13219
0.269966
1524.9 ±  0.0 ms - Total time
986.2 ±  0.0 ms - Build f time
103.0 ±  1.2 ms - Apply f time
826.5 ±  6.5 ms - Real f time 
357.4 ±  9.3 ms - Add time
 24.1 ±  0.6 ms - Find child
 34.8 ±  0.7 ms - Add child
263.3 ±  1.9 ms - Hash
223.9 ± 48.5 ms - Map
134.5 ±  1.3 ms - getState
0.251491
0.266477
0.634698
2159.7 ±  0.0 ms - Total time
1237.6 ±  0.0 ms - Build f time
147.6 ±  1.4 ms - Apply f time
1050.8 ±  8.3 ms - Real f time 
532.9 ±  9.5 ms - Add time
 34.8 ±  0.7 ms - Find child
 68.1 ± 17.5 ms - Add child
398.9 ±  4.5 ms - Hash
282.3 ± 48.5 ms - Map
225.9 ±  3.8 ms - getState
Dag sizes: 221215 221385 203909 325710 
brutePieces time: 1.48964
204.2 ±  0.0 ms - Piece loop time
 85.5 ± 35.1 ms - Set time
145.7 ±  2.0 ms - Child looking time
Nodes:  972219
Pieces: 294716
makePieces time: 0.205897
Memory: 17.0 + 36.1 + 31.1 + 32.3 + 11.8 MB
  5.7 ±  0.0 ms - Greedy fill time
composePieces time: 0.99829
                                                                                