Running only task # 217
Using max depth 3
 |                                        | 0 / 419 (0.0%)Function count: 142
0.0366779
0.0398375
0.0710983
0.0772011
0.0981039
0.107999
0.0339675
0.0368634
0.097483
0.105567
 33.1 ±  0.0 ms - Piece loop time
 50.9 ± 45.1 ms - Set time
 26.3 ±  1.0 ms - Child looking time
0.0361925
0.0389955
0.0588691
426.5 ±  0.0 ms - Total time
373.5 ±  0.0 ms - Build f time
 15.8 ±  0.4 ms - Apply f time
310.0 ±  3.6 ms - Real f time 
 77.4 ±  2.1 ms - Add time
  2.7 ±  0.2 ms - Find child
  3.9 ±  0.3 ms - Add child
 61.4 ±  0.9 ms - Hash
 80.7 ± 36.1 ms - Map
 15.3 ±  0.4 ms - getState
0.064675
0.0704492
0.12003
546.6 ±  0.0 ms - Total time
438.2 ±  0.0 ms - Build f time
 27.5 ±  0.6 ms - Apply f time
371.0 ±  3.8 ms - Real f time 
104.5 ±  2.2 ms - Add time
  5.4 ±  0.3 ms - Find child
  8.8 ±  0.4 ms - Add child
 82.4 ±  1.0 ms - Hash
 96.8 ± 36.1 ms - Map
 29.5 ±  0.5 ms - getState
0.107998
0.117389
0.204498
751.1 ±  0.0 ms - Total time
546.2 ±  0.0 ms - Build f time
 44.2 ±  0.7 ms - Apply f time
467.6 ±  4.1 ms - Real f time 
151.0 ±  2.4 ms - Add time
  9.8 ±  0.4 ms - Find child
 14.8 ±  0.5 ms - Add child
119.6 ±  1.1 ms - Hash
119.7 ± 36.2 ms - Map
 52.3 ±  0.8 ms - getState
0.0348913
0.037743
0.0534977
804.6 ±  0.0 ms - Total time
581.1 ±  0.0 ms - Build f time
 48.9 ±  0.7 ms - Apply f time
500.9 ±  4.2 ms - Real f time 
162.9 ±  2.5 ms - Add time
 11.3 ±  0.4 ms - Find child
 17.1 ±  0.5 ms - Add child
128.7 ±  1.2 ms - Hash
127.5 ± 36.2 ms - Map
 56.5 ±  0.8 ms - getState
0.0969754
0.105087
0.178309
983.0 ±  0.0 ms - Total time
678.1 ±  0.0 ms - Build f time
 63.8 ±  0.8 ms - Apply f time
588.1 ±  4.6 ms - Real f time 
204.3 ±  2.6 ms - Add time
 15.1 ±  0.4 ms - Find child
 22.4 ±  0.6 ms - Add child
163.2 ±  1.3 ms - Hash
148.4 ± 36.2 ms - Map
 76.3 ±  0.9 ms - getState
Dag sizes: 52024 98440 137153 44897 124898 
brutePieces time: 0.618097
 98.5 ±  0.0 ms - Piece loop time
 61.6 ± 40.4 ms - Set time
 72.4 ±  1.3 ms - Child looking time
Nodes:  457412
Pieces: 99955
makePieces time: 0.0999015
Memory: 4.5 + 18.6 + 14.6 + 28.3 + 5.2 MB
  8.6 ±  0.5 ms - Greedy fill time
composePieces time: 0.715973
                                                                                