Running only task # 68
Using max depth 3
 |                                        | 0 / 419 (0.0%)Function count: 142
0.108815
0.117104
0.110858
0.11885
0.132153
0.141827
 13.8 ±  0.0 ms - Piece loop time
 49.1 ± 45.3 ms - Set time
  9.5 ±  0.6 ms - Child looking time
0.10969
0.117363
0.27651
654.4 ±  0.0 ms - Total time
461.5 ±  0.0 ms - Build f time
 35.3 ±  0.8 ms - Apply f time
367.3 ±  5.2 ms - Real f time 
143.5 ±  3.1 ms - Add time
  7.7 ±  0.3 ms - Find child
 10.7 ±  0.4 ms - Add child
119.7 ±  1.1 ms - Hash
158.8 ± 55.2 ms - Map
 43.9 ±  0.6 ms - getState
0.114637
0.122931
0.278689
933.1 ±  0.0 ms - Total time
576.2 ±  0.0 ms - Build f time
 65.6 ±  4.4 ms - Apply f time
473.1 ±  5.5 ms - Real f time 
211.6 ±  3.3 ms - Add time
 15.1 ±  0.4 ms - Find child
 20.0 ±  0.5 ms - Add child
180.3 ±  1.3 ms - Hash
193.3 ± 55.3 ms - Map
 79.4 ±  0.8 ms - getState
0.140359
0.150251
0.357851
1291.0 ±  0.0 ms - Total time
716.5 ±  0.0 ms - Build f time
 96.6 ±  4.5 ms - Apply f time
598.5 ±  5.9 ms - Real f time 
304.2 ±  3.6 ms - Add time
 23.1 ±  0.5 ms - Find child
 31.3 ±  0.6 ms - Add child
271.4 ±  8.9 ms - Hash
232.9 ± 55.4 ms - Map
125.1 ±  1.2 ms - getState
Dag sizes: 195115 184629 211729 
brutePieces time: 0.915516
 67.5 ±  0.0 ms - Piece loop time
 57.5 ± 35.4 ms - Set time
 41.2 ±  0.9 ms - Child looking time
Nodes:  591473
Pieces: 157989
makePieces time: 0.0685565
Memory: 10.4 + 22.2 + 18.9 + 22.0 + 5.0 MB
  1.4 ±  0.0 ms - Greedy fill time
composePieces time: 0.338601
                                                                                