Running only task # 415
Using max depth 3
 |                                        | 0 / 419 (0.0%)Function count: 142
0.134568
0.148812
0.173899
0.191705
0.110111
0.12205
0.192914
0.219412
0.283198
0.318624
 56.9 ±  0.0 ms - Piece loop time
 56.4 ± 46.5 ms - Set time
 43.9 ±  1.2 ms - Child looking time
0.146883
0.1611
0.27392
1274.8 ±  0.0 ms - Total time
1041.6 ±  0.0 ms - Build f time
 62.4 ±  1.1 ms - Apply f time
845.5 ±  9.7 ms - Real f time 
260.9 ± 13.1 ms - Add time
  9.3 ±  0.3 ms - Find child
 13.3 ±  0.4 ms - Add child
176.8 ±  1.5 ms - Hash
157.3 ± 50.4 ms - Map
 68.0 ±  1.3 ms - getState
0.180832
0.198694
0.344831
1619.6 ±  0.0 ms - Total time
1222.4 ±  0.0 ms - Build f time
 93.5 ±  1.3 ms - Apply f time
1008.0 ± 11.0 ms - Real f time 
336.7 ± 13.3 ms - Add time
 17.6 ±  0.5 ms - Find child
 24.4 ±  0.7 ms - Add child
235.6 ±  1.7 ms - Hash
197.4 ± 50.5 ms - Map
109.4 ±  1.4 ms - getState
0.123319
0.137351
0.228403
1848.1 ±  0.0 ms - Total time
1345.7 ±  0.0 ms - Build f time
116.3 ±  1.5 ms - Apply f time
1117.8 ± 11.2 ms - Real f time 
391.2 ± 13.8 ms - Add time
 24.3 ±  0.6 ms - Find child
 34.8 ±  1.4 ms - Add child
276.5 ±  1.8 ms - Hash
226.7 ± 50.4 ms - Map
135.2 ±  1.5 ms - getState
0.20857
0.233863
0.394545
2242.7 ±  0.0 ms - Total time
1554.3 ±  0.0 ms - Build f time
150.1 ±  1.7 ms - Apply f time
1298.9 ± 11.5 ms - Real f time 
480.0 ± 13.9 ms - Add time
 33.1 ±  0.6 ms - Find child
 46.9 ±  1.5 ms - Add child
340.1 ±  2.0 ms - Hash
271.5 ± 50.4 ms - Map
181.2 ±  1.7 ms - getState
0.303669
0.339733
0.611031
2853.8 ±  0.0 ms - Total time
1858.0 ±  0.0 ms - Build f time
201.5 ±  2.0 ms - Apply f time
1579.0 ± 13.5 ms - Real f time 
685.3 ± 65.9 ms - Add time
 45.0 ±  0.8 ms - Find child
 64.4 ±  1.5 ms - Add child
438.7 ±  2.3 ms - Hash
335.9 ± 50.3 ms - Map
264.3 ±  2.0 ms - getState
Dag sizes: 156733 188629 130730 211566 300183 
brutePieces time: 1.85654
265.2 ±  0.0 ms - Piece loop time
 83.6 ± 22.3 ms - Set time
193.5 ±  3.9 ms - Child looking time
Nodes:  987841
Pieces: 172243
makePieces time: 0.266316
Memory: 15.9 + 43.8 + 31.6 + 36.8 + 11.8 MB
  0.8 ±  0.0 ms - Greedy fill time
composePieces time: 0.480332
                                                                                