Running only task # 345
Using max depth 3
 |                                        | 0 / 419 (0.0%)Function count: 142
0.0466169
0.0494858
0.0564363
0.0599942
0.0382404
0.0405396
0.0710194
0.0757177
 13.7 ±  0.0 ms - Piece loop time
 43.7 ± 40.7 ms - Set time
 10.2 ±  0.8 ms - Child looking time
0.0530334
0.0558503
0.0730216
298.9 ±  0.0 ms - Total time
265.3 ±  0.0 ms - Build f time
  9.0 ±  0.3 ms - Apply f time
231.9 ±  3.1 ms - Real f time 
 53.3 ±  4.8 ms - Add time
  1.8 ±  0.1 ms - Find child
  2.3 ±  0.2 ms - Add child
 45.5 ±  0.7 ms - Hash
 65.8 ± 38.2 ms - Map
 10.6 ±  0.3 ms - getState
0.0557966
0.0593881
0.0920456
391.0 ±  0.0 ms - Total time
321.1 ±  0.0 ms - Build f time
 18.1 ±  0.4 ms - Apply f time
284.2 ±  3.3 ms - Real f time 
 70.8 ±  4.8 ms - Add time
  3.9 ±  0.2 ms - Find child
  5.5 ±  0.3 ms - Add child
 62.6 ±  1.2 ms - Hash
 78.8 ± 38.3 ms - Map
 19.0 ±  0.4 ms - getState
0.0366952
0.0390566
0.0564378
447.5 ±  0.0 ms - Total time
357.8 ±  0.0 ms - Build f time
 22.3 ±  0.5 ms - Apply f time
318.8 ±  3.4 ms - Real f time 
 80.7 ±  4.8 ms - Add time
  5.4 ±  0.3 ms - Find child
  7.4 ±  0.3 ms - Add child
 72.2 ±  1.3 ms - Hash
 86.0 ± 38.2 ms - Map
 24.9 ±  1.1 ms - getState
0.0683602
0.072888
0.104894
552.4 ±  0.0 ms - Total time
426.2 ±  0.0 ms - Build f time
 34.0 ±  4.2 ms - Apply f time
381.0 ±  3.8 ms - Real f time 
100.7 ±  4.9 ms - Add time
  7.5 ±  0.3 ms - Find child
 10.1 ±  0.4 ms - Add child
 91.7 ±  1.3 ms - Hash
 98.6 ± 38.2 ms - Map
 33.5 ±  1.1 ms - getState
Dag sizes: 28268 47389 27637 51454 
brutePieces time: 0.329348
 29.8 ±  0.0 ms - Piece loop time
 49.2 ± 40.2 ms - Set time
 19.1 ±  0.8 ms - Child looking time
Nodes:  154748
Pieces: 26098
makePieces time: 0.030807
Memory: 1.7 + 9.0 + 5.0 + 19.3 + 1.3 MB
  1.4 ±  0.0 ms - Greedy fill time
composePieces time: 0.107341
                                                                                