Running only task # 209
Using max depth 3
 |                                        | 0 / 419 (0.0%)Function count: 142
0.156176
0.174137
0.150087
0.168198
0.117014
0.131612
0.166821
0.190553
 34.2 ±  0.0 ms - Piece loop time
 42.4 ± 31.7 ms - Set time
 25.0 ±  0.9 ms - Child looking time
0.138555
0.155576
0.281708
946.4 ±  0.0 ms - Total time
728.6 ±  0.0 ms - Build f time
 53.5 ±  1.3 ms - Apply f time
659.7 ±  5.3 ms - Real f time 
202.0 ± 13.2 ms - Add time
  9.3 ±  0.6 ms - Find child
 12.1 ±  0.5 ms - Add child
117.9 ±  1.5 ms - Hash
118.4 ± 37.0 ms - Map
 56.9 ±  0.7 ms - getState
0.168065
0.185766
0.315635
1262.1 ±  0.0 ms - Total time
896.7 ±  0.0 ms - Build f time
 80.2 ±  1.4 ms - Apply f time
824.6 ±  5.8 ms - Real f time 
277.6 ± 13.3 ms - Add time
 16.1 ±  0.7 ms - Find child
 21.0 ±  0.6 ms - Add child
164.7 ±  1.7 ms - Hash
155.4 ± 37.0 ms - Map
 91.6 ±  0.9 ms - getState
0.11341
0.128224
0.229545
1491.7 ±  0.0 ms - Total time
1010.1 ±  0.0 ms - Build f time
105.9 ±  2.3 ms - Apply f time
939.8 ±  6.1 ms - Real f time 
331.7 ± 13.3 ms - Add time
 22.0 ±  0.7 ms - Find child
 30.3 ±  0.7 ms - Add child
198.6 ±  1.8 ms - Hash
185.7 ± 37.0 ms - Map
122.8 ±  1.6 ms - getState
0.178622
0.200401
0.352029
1843.7 ±  0.0 ms - Total time
1188.7 ±  0.0 ms - Build f time
136.4 ±  2.4 ms - Apply f time
1111.1 ±  6.5 ms - Real f time 
423.9 ± 15.3 ms - Add time
 29.6 ±  0.8 ms - Find child
 41.7 ±  0.8 ms - Add child
251.7 ±  2.1 ms - Hash
263.7 ± 51.8 ms - Map
162.7 ±  1.7 ms - getState
Dag sizes: 227868 223177 209277 257784 
brutePieces time: 1.1813
118.7 ±  0.0 ms - Piece loop time
 81.6 ± 36.5 ms - Set time
 81.5 ±  8.0 ms - Child looking time
Nodes:  918106
Pieces: 206470
makePieces time: 0.119982
Memory: 10.2 + 32.4 + 29.4 + 31.5 + 8.4 MB
  3.3 ±  0.0 ms - Greedy fill time
composePieces time: 0.389954
                                                                                