Running only task # 246
Using max depth 3
 |                                        | 0 / 419 (0.0%)Function count: 142
0.0352827
0.0378325
0.0345835
0.0371169
0.0370946
0.0403835
  8.6 ±  0.0 ms - Piece loop time
 45.5 ± 43.3 ms - Set time
  5.9 ±  0.5 ms - Child looking time
0.0364191
0.0387715
0.0530683
168.5 ±  0.0 ms - Total time
143.4 ±  0.0 ms - Build f time
  8.7 ±  0.3 ms - Apply f time
135.6 ±  3.7 ms - Real f time 
 32.0 ±  0.9 ms - Add time
  2.3 ±  0.2 ms - Find child
  3.7 ±  0.2 ms - Add child
 23.5 ±  0.5 ms - Hash
 67.0 ± 42.2 ms - Map
  7.0 ±  0.2 ms - getState
0.0373857
0.0397769
0.0585375
227.1 ±  0.0 ms - Total time
180.8 ±  0.0 ms - Build f time
 15.4 ±  0.4 ms - Apply f time
172.4 ±  3.8 ms - Real f time 
 44.4 ±  1.1 ms - Add time
  4.4 ±  0.2 ms - Find child
  9.7 ±  2.4 ms - Add child
 32.3 ±  0.6 ms - Hash
 76.5 ± 42.1 ms - Map
 11.6 ±  0.3 ms - getState
0.0409542
0.0434525
0.0597535
286.9 ±  0.0 ms - Total time
221.7 ±  0.0 ms - Build f time
 21.8 ±  0.5 ms - Apply f time
212.1 ±  3.9 ms - Real f time 
 56.7 ±  1.2 ms - Add time
  6.8 ±  0.3 ms - Find child
 12.6 ±  2.4 ms - Add child
 41.1 ±  0.7 ms - Hash
 86.7 ± 42.1 ms - Map
 15.3 ±  0.4 ms - getState
Dag sizes: 40318 40707 40657 
brutePieces time: 0.17313
 17.9 ±  0.0 ms - Piece loop time
 41.5 ± 35.7 ms - Set time
 11.1 ±  0.6 ms - Child looking time
Nodes:  121682
Pieces: 29783
makePieces time: 0.0187663
Memory: 0.4 + 8.6 + 3.9 + 14.5 + 1.0 MB
  0.1 ±  0.0 ms - Greedy fill time
composePieces time: 0.0183615
                                                                                