Running only task # 407
Using max depth 3
 |                                        | 0 / 419 (0.0%)Function count: 142
0.174946
0.193966
0.202061
0.219502
0.170536
0.184437
0.20068
0.219455
0.202417
0.22342
0.192545
0.208447
 56.5 ±  0.0 ms - Piece loop time
 60.6 ± 46.1 ms - Set time
 42.3 ±  1.4 ms - Child looking time
0.183304
0.201024
0.277721
1527.3 ±  0.0 ms - Total time
1326.5 ±  0.0 ms - Build f time
 47.1 ±  0.9 ms - Apply f time
1022.2 ±  9.2 ms - Real f time 
264.2 ±  4.5 ms - Add time
  5.1 ±  0.3 ms - Find child
  6.7 ±  0.4 ms - Add child
240.0 ±  1.9 ms - Hash
155.0 ± 45.5 ms - Map
 66.2 ±  1.6 ms - getState
0.207142
0.230751
0.316537
1843.9 ±  0.0 ms - Total time
1533.6 ±  0.0 ms - Build f time
 63.0 ±  1.1 ms - Apply f time
1192.7 ±  9.9 ms - Real f time 
325.0 ±  4.6 ms - Add time
  8.1 ±  0.3 ms - Find child
 10.4 ±  0.5 ms - Add child
292.9 ±  2.0 ms - Hash
180.5 ± 45.5 ms - Map
101.0 ±  1.7 ms - getState
0.156597
0.170133
0.235856
2079.8 ±  0.0 ms - Total time
1690.2 ±  0.0 ms - Build f time
 73.1 ±  1.2 ms - Apply f time
1321.9 ± 10.6 ms - Real f time 
383.6 ± 14.6 ms - Add time
 10.1 ±  0.4 ms - Find child
 12.9 ±  0.5 ms - Add child
338.5 ±  2.1 ms - Hash
198.9 ± 45.5 ms - Map
126.3 ±  2.0 ms - getState
0.193135
0.21196
0.304542
2384.4 ±  0.0 ms - Total time
1883.4 ±  0.0 ms - Build f time
 88.0 ±  1.3 ms - Apply f time
1477.8 ± 11.2 ms - Real f time 
443.4 ± 14.7 ms - Add time
 12.8 ±  0.4 ms - Find child
 16.8 ±  0.6 ms - Add child
392.5 ±  2.2 ms - Hash
226.0 ± 45.6 ms - Map
165.6 ±  2.1 ms - getState
0.21639
0.236961
0.332914
2717.4 ±  0.0 ms - Total time
2099.7 ±  0.0 ms - Build f time
103.3 ±  1.3 ms - Apply f time
1654.3 ± 11.7 ms - Real f time 
512.6 ± 14.7 ms - Add time
 15.5 ±  0.4 ms - Find child
 20.9 ±  0.6 ms - Add child
448.1 ±  2.3 ms - Hash
251.9 ± 45.6 ms - Map
204.5 ±  2.2 ms - getState
0.19343
0.208176
0.294816
3012.2 ±  0.0 ms - Total time
2293.2 ±  0.0 ms - Build f time
117.0 ±  1.5 ms - Apply f time
1814.7 ± 12.3 ms - Real f time 
573.9 ± 14.8 ms - Add time
 17.7 ±  0.5 ms - Find child
 25.0 ±  0.6 ms - Add child
498.3 ±  2.3 ms - Hash
275.1 ± 45.6 ms - Map
237.6 ±  2.2 ms - getState
Dag sizes: 100068 113916 88548 111951 126059 100179 
brutePieces time: 1.76725
108.5 ±  0.0 ms - Piece loop time
 63.4 ± 37.1 ms - Set time
 79.5 ±  1.7 ms - Child looking time
Nodes:  640721
Pieces: 100243
makePieces time: 0.110085
Memory: 14.9 + 27.6 + 20.5 + 35.4 + 6.3 MB
 22.4 ±  1.3 ms - Greedy fill time
composePieces time: 2.18358
                                                                                