Running only task # 108
Using max depth 23
 |                                        | 0 / 419 (0.0%)Function count: 142
0.115548
0.125821
0.0887789
0.0945784
0.108073
0.115361
0.125432
0.132398
0.0937333
0.0993787
0.0961151
0.10265
0.113933
0.122576
 28.3 ±  0.0 ms - Piece loop time
 52.4 ± 44.9 ms - Set time
 20.2 ±  1.3 ms - Child looking time
0.121597
0.128211
0.230294
1023.4 ±  0.0 ms - Total time
863.2 ±  0.0 ms - Build f time
 29.7 ±  0.7 ms - Apply f time
682.5 ±  8.9 ms - Real f time 
182.1 ±  8.6 ms - Add time
  5.2 ±  0.3 ms - Find child
  6.4 ±  0.3 ms - Add child
169.4 ±  1.2 ms - Hash
127.7 ± 45.9 ms - Map
 42.4 ±  0.6 ms - getState
0.0881477
0.0932657
0.17162
1195.1 ±  0.0 ms - Total time
951.4 ±  0.0 ms - Build f time
 45.0 ±  0.8 ms - Apply f time
764.0 ±  9.1 ms - Real f time 
219.1 ±  8.7 ms - Add time
  9.3 ±  0.3 ms - Find child
 11.8 ±  0.4 ms - Add child
200.7 ±  1.3 ms - Hash
148.9 ± 45.9 ms - Map
 62.3 ±  0.7 ms - getState
0.111694
0.117896
0.212093
1407.3 ±  0.0 ms - Total time
1063.0 ±  0.0 ms - Build f time
 60.7 ±  0.9 ms - Apply f time
862.7 ±  9.3 ms - Real f time 
266.4 ±  8.7 ms - Add time
 13.5 ±  0.4 ms - Find child
 16.4 ±  0.4 ms - Add child
240.3 ±  1.4 ms - Hash
171.6 ± 46.0 ms - Map
 85.8 ±  0.9 ms - getState
0.116799
0.123566
0.232504
1639.8 ±  0.0 ms - Total time
1179.8 ±  0.0 ms - Build f time
 76.8 ±  1.0 ms - Apply f time
958.7 ±  9.5 ms - Real f time 
339.7 ± 19.0 ms - Add time
 17.4 ±  0.5 ms - Find child
 20.9 ±  0.5 ms - Add child
291.7 ±  1.5 ms - Hash
193.7 ± 46.0 ms - Map
111.5 ±  1.0 ms - getState
0.0816269
0.0870508
0.159671
1799.5 ±  0.0 ms - Total time
1261.5 ±  0.0 ms - Build f time
 90.1 ±  1.1 ms - Apply f time
1034.8 ±  9.7 ms - Real f time 
393.6 ± 23.3 ms - Add time
 21.1 ±  0.5 ms - Find child
 25.6 ±  0.6 ms - Add child
321.9 ±  1.6 ms - Hash
213.2 ± 45.9 ms - Map
128.8 ±  1.1 ms - getState
0.103478
0.110012
0.200671
2000.2 ±  0.0 ms - Total time
1365.0 ±  0.0 ms - Build f time
106.2 ±  1.1 ms - Apply f time
1127.0 ±  9.9 ms - Real f time 
440.7 ± 23.3 ms - Add time
 24.7 ±  0.6 ms - Find child
 31.2 ±  0.6 ms - Add child
365.1 ±  2.8 ms - Hash
234.0 ± 45.9 ms - Map
150.7 ±  1.1 ms - getState
0.131591
0.141594
0.253524
2253.8 ±  0.0 ms - Total time
1496.5 ±  0.0 ms - Build f time
124.4 ±  1.2 ms - Apply f time
1240.0 ± 10.2 ms - Real f time 
508.7 ± 24.6 ms - Add time
 28.9 ±  0.6 ms - Find child
 36.3 ±  0.7 ms - Add child
415.5 ±  2.9 ms - Hash
257.5 ± 45.9 ms - Map
178.7 ±  1.2 ms - getState
Dag sizes: 105561 100306 106706 105492 100243 106693 114960 
brutePieces time: 1.46567
 87.9 ±  0.0 ms - Piece loop time
151.5 ± 131.6 ms - Set time
 59.5 ±  2.0 ms - Child looking time
Nodes:  739961
Pieces: 82969
makePieces time: 0.0913185
Memory: 12.7 + 27.3 + 23.7 + 41.2 + 5.4 MB
 28.6 ±  1.7 ms - Greedy fill time
composePieces time: 1.81819
                                                                                