Running only task # 399
Using max depth 3
 |                                        | 0 / 419 (0.0%)Function count: 142
0.229051
0.248399
0.23661
0.255461
0.231657
0.250696
0.262351
0.288071
 24.9 ±  0.0 ms - Piece loop time
 19.8 ± 12.6 ms - Set time
 22.3 ±  5.8 ms - Child looking time
0.240007
0.258002
0.724878
1767.7 ±  0.0 ms - Total time
1199.7 ±  0.0 ms - Build f time
 89.0 ±  1.4 ms - Apply f time
920.1 ± 10.3 ms - Real f time 
433.5 ± 23.8 ms - Add time
 15.4 ±  0.4 ms - Find child
 20.8 ±  0.6 ms - Add child
309.7 ±  2.8 ms - Hash
172.4 ± 38.8 ms - Map
138.3 ±  1.5 ms - getState
0.250319
0.271243
0.758529
2526.3 ±  0.0 ms - Total time
1450.0 ±  0.0 ms - Build f time
154.4 ±  1.8 ms - Apply f time
1152.5 ± 11.2 ms - Real f time 
662.3 ± 28.5 ms - Add time
 31.0 ±  0.6 ms - Find child
 39.8 ±  0.8 ms - Add child
472.5 ±  4.1 ms - Hash
250.3 ± 38.8 ms - Map
259.0 ±  3.3 ms - getState
0.242466
0.263775
0.740552
3266.9 ±  0.0 ms - Total time
1692.5 ±  0.0 ms - Build f time
218.9 ±  2.0 ms - Apply f time
1389.4 ± 12.8 ms - Real f time 
868.5 ± 28.6 ms - Add time
 44.6 ±  0.7 ms - Find child
 58.4 ±  0.9 ms - Add child
628.4 ±  4.3 ms - Hash
321.7 ± 38.8 ms - Map
374.3 ±  3.5 ms - getState
0.270394
0.291938
0.849505
4116.4 ±  0.0 ms - Total time
1962.8 ±  0.0 ms - Build f time
290.5 ±  2.3 ms - Apply f time
1634.4 ± 13.6 ms - Real f time 
1163.9 ± 51.8 ms - Add time
 60.3 ±  0.9 ms - Find child
 77.6 ±  1.1 ms - Add child
809.6 ±  4.5 ms - Hash
404.6 ± 38.7 ms - Map
512.6 ±  6.4 ms - getState
Dag sizes: 368168 377275 345454 396240 
brutePieces time: 3.07505
155.4 ±  0.0 ms - Piece loop time
 76.5 ± 16.9 ms - Set time
 89.4 ±  1.4 ms - Child looking time
Nodes:  1487137
Pieces: 287637
makePieces time: 0.156455
Memory: 40.1 + 47.5 + 47.6 + 40.6 + 11.2 MB
 17.0 ±  0.0 ms - Greedy fill time
composePieces time: 2.39369
                                                                                