Running only task # 249
Using max depth 3
 |                                        | 0 / 419 (0.0%)Function count: 142
0.0340002
0.036535
0.0256304
0.0271507
0.0300181
0.03168
0.0286385
0.0308984
0.0292046
0.0312419
0.0284922
0.0309052
 26.4 ±  0.0 ms - Piece loop time
 50.8 ± 46.0 ms - Set time
 20.9 ±  1.2 ms - Child looking time
0.0316323
0.033787
0.0416268
230.3 ±  0.0 ms - Total time
207.6 ±  0.0 ms - Build f time
  7.4 ±  0.3 ms - Apply f time
187.4 ±  2.1 ms - Real f time 
 31.8 ±  0.7 ms - Add time
  1.5 ±  0.1 ms - Find child
  2.4 ±  0.2 ms - Add child
 33.3 ±  0.6 ms - Hash
 70.2 ± 44.0 ms - Map
  6.7 ±  0.2 ms - getState
0.0305581
0.0321643
0.0389306
269.2 ±  0.0 ms - Total time
238.2 ±  0.0 ms - Build f time
  9.9 ±  0.3 ms - Apply f time
221.7 ±  5.8 ms - Real f time 
 37.5 ±  0.9 ms - Add time
  2.4 ±  0.2 ms - Find child
  3.3 ±  0.2 ms - Add child
 40.3 ±  0.7 ms - Hash
 76.8 ± 44.0 ms - Map
  8.7 ±  0.3 ms - getState
0.0322805
0.0341938
0.0400552
309.3 ±  0.0 ms - Total time
270.5 ±  0.0 ms - Build f time
 12.4 ±  0.4 ms - Apply f time
250.7 ±  5.9 ms - Real f time 
 43.6 ±  0.9 ms - Add time
  3.1 ±  0.2 ms - Find child
  4.0 ±  0.2 ms - Add child
 46.9 ±  0.7 ms - Hash
 82.9 ± 43.9 ms - Map
 10.6 ±  0.3 ms - getState
0.0279064
0.0293758
0.0350797
344.4 ±  0.0 ms - Total time
298.4 ±  0.0 ms - Build f time
 14.5 ±  0.4 ms - Apply f time
276.4 ±  5.9 ms - Real f time 
 49.3 ±  1.0 ms - Add time
  4.1 ±  0.2 ms - Find child
  4.9 ±  0.3 ms - Add child
 52.8 ±  0.8 ms - Hash
 87.7 ± 43.9 ms - Map
 12.2 ±  0.3 ms - getState
0.0322421
0.0343613
0.0406307
385.1 ±  0.0 ms - Total time
330.6 ±  0.0 ms - Build f time
 17.5 ±  0.4 ms - Apply f time
306.3 ±  6.0 ms - Real f time 
 55.4 ±  1.0 ms - Add time
  5.1 ±  0.3 ms - Find child
  5.9 ±  0.3 ms - Add child
 59.6 ±  0.8 ms - Hash
 94.2 ± 43.9 ms - Map
 14.1 ±  0.4 ms - getState
0.0286298
0.0311114
0.0367287
421.8 ±  0.0 ms - Total time
359.2 ±  0.0 ms - Build f time
 19.8 ±  0.5 ms - Apply f time
333.2 ±  6.0 ms - Real f time 
 61.3 ±  1.1 ms - Add time
  5.9 ±  0.3 ms - Find child
  7.1 ±  0.3 ms - Add child
 66.0 ±  0.9 ms - Hash
 99.1 ± 43.9 ms - Map
 16.0 ±  0.4 ms - getState
Dag sizes: 22409 20861 21229 19021 23060 19467 
brutePieces time: 0.238209
 39.9 ±  0.0 ms - Piece loop time
 48.6 ± 42.1 ms - Set time
 31.3 ±  1.1 ms - Child looking time
Nodes:  126047
Pieces: 19611
makePieces time: 0.0409532
Memory: 0.7 + 9.8 + 4.0 + 27.2 + 1.7 MB
  2.2 ±  0.2 ms - Greedy fill time
composePieces time: 0.123487
                                                                                