Running only task # 381
Using max depth 3
 |                                        | 0 / 419 (0.0%)Function count: 142
0.145217
0.16464
0.140859
0.160143
0.122277
0.135649
0.203488
0.230113
 55.1 ±  0.0 ms - Piece loop time
 53.8 ± 42.0 ms - Set time
 39.5 ±  1.0 ms - Child looking time
0.151293
0.168496
0.383897
1074.7 ±  0.0 ms - Total time
763.1 ±  0.0 ms - Build f time
 69.0 ±  1.1 ms - Apply f time
629.5 ±  5.0 ms - Real f time 
250.0 ±  8.7 ms - Add time
 14.9 ±  0.4 ms - Find child
 19.9 ±  0.5 ms - Add child
133.2 ±  1.5 ms - Hash
172.8 ± 42.3 ms - Map
 73.5 ±  0.9 ms - getState
0.137726
0.154298
0.376831
1451.5 ±  0.0 ms - Total time
900.9 ±  0.0 ms - Build f time
111.9 ±  1.5 ms - Apply f time
767.8 ±  5.4 ms - Real f time 
347.7 ±  8.8 ms - Add time
 28.6 ±  0.9 ms - Find child
 38.9 ±  0.7 ms - Add child
191.2 ±  1.7 ms - Hash
243.1 ± 42.3 ms - Map
124.8 ±  1.2 ms - getState
0.132099
0.14651
0.360019
1811.6 ±  0.0 ms - Total time
1033.0 ±  0.0 ms - Build f time
152.5 ±  1.8 ms - Apply f time
901.2 ±  5.8 ms - Real f time 
440.3 ±  8.9 ms - Add time
 41.6 ±  1.0 ms - Find child
 56.2 ±  1.0 ms - Add child
244.7 ±  2.3 ms - Hash
317.7 ± 42.2 ms - Map
169.2 ±  1.4 ms - getState
0.19458
0.21771
0.507518
2319.2 ±  0.0 ms - Total time
1227.5 ±  0.0 ms - Build f time
200.9 ±  2.0 ms - Apply f time
1087.8 ±  6.5 ms - Real f time 
583.7 ± 12.1 ms - Add time
 55.2 ±  1.1 ms - Find child
 74.0 ±  1.2 ms - Add child
335.3 ±  4.8 ms - Hash
394.3 ± 42.2 ms - Map
237.7 ±  1.6 ms - getState
Dag sizes: 322250 333317 327352 365199 
brutePieces time: 1.63085
315.4 ±  0.0 ms - Piece loop time
123.2 ± 16.3 ms - Set time
202.3 ±  2.2 ms - Child looking time
Nodes:  1348118
Pieces: 422697
makePieces time: 0.316906
Memory: 13.7 + 46.5 + 43.1 + 38.3 + 17.0 MB
  2.9 ±  0.0 ms - Greedy fill time
composePieces time: 1.13868
                                                                                