Running only task # 78
Using max depth 3
 |                                        | 0 / 419 (0.0%)Function count: 142
2.04516
2.43462
2.5039
2.97075
2.56697
3.09345
2.33271
2.79931
2.55564
3.04751
 60.8 ±  0.0 ms - Piece loop time
 28.6 ± 15.6 ms - Set time
 45.3 ±  1.3 ms - Child looking time
2.03383
2.4126
4.39763
18743.5 ±  0.0 ms - Total time
14038.2 ±  0.0 ms - Build f time
1312.2 ± 21.2 ms - Apply f time
12717.7 ± 181.4 ms - Real f time 
3544.3 ± 46.0 ms - Add time
 23.3 ±  0.9 ms - Find child
 35.1 ±  0.6 ms - Add child
1909.2 ± 10.7 ms - Hash
257.1 ± 38.5 ms - Map
1480.0 ± 16.4 ms - getState
2.48591
2.95176
5.56566
24309.2 ±  0.0 ms - Total time
16524.1 ±  0.0 ms - Build f time
1716.8 ± 24.0 ms - Apply f time
15170.7 ± 202.0 ms - Real f time 
5003.1 ± 49.0 ms - Add time
 46.6 ±  1.0 ms - Find child
 67.3 ±  0.9 ms - Add child
2895.3 ± 11.6 ms - Hash
417.3 ± 40.2 ms - Map
2275.1 ± 18.5 ms - getState
2.62794
3.15273
5.47158
29780.8 ±  0.0 ms - Total time
19152.1 ±  0.0 ms - Build f time
2130.1 ± 26.2 ms - Apply f time
17645.1 ± 212.4 ms - Real f time 
6443.8 ± 59.9 ms - Add time
 69.5 ±  1.2 ms - Find child
 97.8 ±  1.1 ms - Add child
3788.6 ± 12.8 ms - Hash
548.1 ± 40.9 ms - Map
3052.9 ± 21.2 ms - getState
2.4011
2.87678
5.06986
34850.7 ±  0.0 ms - Total time
21553.2 ±  0.0 ms - Build f time
2509.2 ± 28.2 ms - Apply f time
19930.8 ± 220.3 ms - Real f time 
7739.0 ± 62.9 ms - Add time
 88.7 ±  1.3 ms - Find child
126.3 ±  1.3 ms - Add child
4625.0 ± 13.5 ms - Hash
669.7 ± 41.1 ms - Map
3760.1 ± 22.7 ms - getState
2.49256
3.00382
5.49224
40343.0 ±  0.0 ms - Total time
24045.7 ±  0.0 ms - Build f time
2908.0 ± 29.7 ms - Apply f time
22141.6 ± 226.0 ms - Real f time 
9205.3 ± 68.8 ms - Add time
111.8 ±  1.4 ms - Find child
158.8 ±  1.4 ms - Add child
5585.7 ± 14.3 ms - Hash
804.2 ± 41.1 ms - Map
4595.9 ± 25.6 ms - getState
Dag sizes: 523922 656172 556227 563228 617143 
brutePieces time: 25.9991
344.3 ±  0.0 ms - Piece loop time
159.2 ± 41.6 ms - Set time
228.8 ±  2.4 ms - Child looking time
Nodes:  2916692
Pieces: 615874
makePieces time: 0.346447
Memory: 382.1 + 85.0 + 93.3 + 67.6 + 27.6 MB
4447.7 ±  0.0 ms - Greedy fill time
composePieces time: 28.5229
                                                                                