Running only task # 35
Using max depth 3
 |                                        | 0 / 419 (0.0%)Function count: 142
0.225103
0.248741
0.22678
0.255082
0.321923
0.370675
0.297488
0.33477
 53.6 ±  0.0 ms - Piece loop time
 67.3 ± 50.4 ms - Set time
 35.6 ±  1.1 ms - Child looking time
0.222768
0.246513
0.645625
1855.1 ±  0.0 ms - Total time
1294.1 ±  0.0 ms - Build f time
108.2 ±  7.2 ms - Apply f time
994.2 ±  8.7 ms - Real f time 
419.3 ±  7.7 ms - Add time
 13.0 ±  0.4 ms - Find child
 19.2 ±  0.5 ms - Add child
310.6 ±  2.3 ms - Hash
185.2 ± 41.2 ms - Map
143.5 ±  1.4 ms - getState
0.22581
0.25382
0.619519
2474.7 ±  0.0 ms - Total time
1519.9 ±  0.0 ms - Build f time
160.0 ±  7.3 ms - Apply f time
1200.5 ±  9.2 ms - Real f time 
589.2 ±  8.0 ms - Add time
 23.8 ±  0.5 ms - Find child
 36.2 ±  0.8 ms - Add child
433.5 ±  2.6 ms - Hash
258.4 ± 41.2 ms - Map
237.5 ±  1.9 ms - getState
0.32801
0.371791
0.971269
3446.0 ±  0.0 ms - Total time
1847.9 ±  0.0 ms - Build f time
233.3 ±  7.4 ms - Apply f time
1489.3 ± 10.6 ms - Real f time 
864.0 ±  8.4 ms - Add time
 37.6 ±  0.7 ms - Find child
 56.1 ±  1.0 ms - Add child
637.3 ±  2.9 ms - Hash
348.5 ± 41.2 ms - Map
394.9 ±  2.4 ms - getState
0.295864
0.332604
0.881008
4327.0 ±  0.0 ms - Total time
2143.7 ±  0.0 ms - Build f time
300.1 ±  7.4 ms - Apply f time
1751.6 ± 11.4 ms - Real f time 
1117.5 ±  8.8 ms - Add time
 50.6 ±  0.8 ms - Find child
 75.0 ±  1.1 ms - Add child
815.5 ±  3.1 ms - Hash
437.1 ± 41.2 ms - Map
538.9 ±  2.8 ms - getState
Dag sizes: 380153 390043 477044 465275 
brutePieces time: 3.11967
243.2 ±  0.0 ms - Piece loop time
116.0 ± 15.5 ms - Set time
140.7 ±  2.9 ms - Child looking time
Nodes:  1712515
Pieces: 409208
makePieces time: 0.244554
Memory: 46.0 + 52.2 + 54.8 + 44.2 + 16.5 MB
 14.3 ±  0.0 ms - Greedy fill time
composePieces time: 2.90701
                                                                                