Running only task # 148
Using max depth 23
 |                                        | 0 / 419 (0.0%)Function count: 142
0.103053
0.111984
0.0598764
0.064488
0.0644151
0.0692281
0.097091
0.109756
0.110649
0.119911
0.0607599
0.0654951
0.0665536
0.0727784
0.0999575
0.108144
0.0990044
0.108524
 70.5 ±  0.0 ms - Piece loop time
 55.4 ± 44.5 ms - Set time
 56.5 ±  1.8 ms - Child looking time
0.110651
0.119043
0.200725
1031.5 ±  0.0 ms - Total time
872.0 ±  0.0 ms - Build f time
 36.8 ±  0.8 ms - Apply f time
714.9 ±  5.9 ms - Real f time 
185.8 ±  7.4 ms - Add time
  6.2 ±  0.8 ms - Find child
  7.5 ±  0.3 ms - Add child
147.6 ±  1.9 ms - Hash
127.6 ± 38.8 ms - Map
 50.4 ±  0.9 ms - getState
0.0605419
0.0650264
0.107485
1139.0 ±  0.0 ms - Total time
932.5 ±  0.0 ms - Build f time
 45.7 ±  0.8 ms - Apply f time
768.9 ±  6.0 ms - Real f time 
214.9 ±  9.6 ms - Add time
  8.9 ±  0.8 ms - Find child
 10.8 ±  0.4 ms - Add child
165.2 ±  1.9 ms - Hash
141.9 ± 38.8 ms - Map
 63.0 ±  1.0 ms - getState
0.0636482
0.068371
0.112815
1251.9 ±  0.0 ms - Total time
996.2 ±  0.0 ms - Build f time
 56.5 ±  1.0 ms - Apply f time
828.4 ±  6.2 ms - Real f time 
238.8 ±  9.6 ms - Add time
 11.3 ±  0.8 ms - Find child
 14.4 ±  0.4 ms - Add child
184.1 ±  2.1 ms - Hash
157.9 ± 38.8 ms - Map
 74.6 ±  1.0 ms - getState
0.0921774
0.100189
0.15288
1404.8 ±  0.0 ms - Total time
1088.4 ±  0.0 ms - Build f time
 68.5 ±  1.1 ms - Apply f time
911.4 ±  6.4 ms - Real f time 
269.2 ±  9.6 ms - Add time
 14.5 ±  0.9 ms - Find child
 18.2 ±  0.5 ms - Add child
208.8 ±  2.1 ms - Hash
176.1 ± 38.8 ms - Map
 89.9 ±  1.1 ms - getState
0.111962
0.120788
0.201701
1606.5 ±  0.0 ms - Total time
1200.3 ±  0.0 ms - Build f time
 83.1 ±  1.2 ms - Apply f time
1011.4 ±  6.8 ms - Real f time 
311.8 ±  9.7 ms - Add time
 18.0 ±  0.9 ms - Find child
 22.8 ±  0.5 ms - Add child
244.5 ±  2.2 ms - Hash
199.9 ± 38.8 ms - Map
111.7 ±  1.2 ms - getState
0.0582647
0.0631705
0.104797
1711.4 ±  0.0 ms - Total time
1258.6 ±  0.0 ms - Build f time
 91.6 ±  1.2 ms - Apply f time
1063.7 ±  6.9 ms - Real f time 
333.8 ±  9.7 ms - Add time
 20.1 ±  0.9 ms - Find child
 26.2 ±  0.6 ms - Add child
262.0 ±  2.2 ms - Hash
228.7 ± 41.0 ms - Map
122.4 ±  1.2 ms - getState
0.0642295
0.0692355
0.111098
1822.5 ±  0.0 ms - Total time
1322.8 ±  0.0 ms - Build f time
101.0 ±  1.2 ms - Apply f time
1122.7 ±  7.0 ms - Real f time 
356.2 ±  9.7 ms - Add time
 22.7 ±  0.9 ms - Find child
 29.7 ±  0.6 ms - Add child
279.3 ±  2.3 ms - Hash
245.1 ± 41.0 ms - Map
132.8 ±  1.3 ms - getState
0.0996062
0.109836
0.174661
1997.3 ±  0.0 ms - Total time
1422.4 ±  0.0 ms - Build f time
115.0 ±  1.4 ms - Apply f time
1217.5 ±  7.6 ms - Real f time 
393.9 ±  9.8 ms - Add time
 26.4 ±  0.9 ms - Find child
 34.4 ±  0.7 ms - Add child
305.9 ±  2.3 ms - Hash
266.6 ± 41.0 ms - Map
153.2 ±  1.9 ms - getState
0.0990069
0.110281
0.183967
2181.3 ±  0.0 ms - Total time
1521.4 ±  0.0 ms - Build f time
129.3 ±  1.5 ms - Apply f time
1310.7 ±  7.8 ms - Real f time 
435.4 ±  9.9 ms - Add time
 29.5 ±  1.0 ms - Find child
 38.8 ±  0.7 ms - Add child
334.2 ±  2.4 ms - Hash
289.2 ± 40.9 ms - Map
176.1 ±  1.9 ms - getState
Dag sizes: 102500 69603 69678 87890 102441 69656 69771 87673 99787 
brutePieces time: 1.35708
199.0 ±  0.0 ms - Piece loop time
 81.1 ± 47.4 ms - Set time
147.0 ±  2.7 ms - Child looking time
Nodes:  758999
Pieces: 104911
makePieces time: 0.200593
Memory: 9.7 + 30.9 + 24.3 + 49.9 + 8.9 MB
 31.6 ±  1.4 ms - Greedy fill time
composePieces time: 2.91424
                                                                                