Running only task # 400
Using max depth 3
 |                                        | 0 / 419 (0.0%)Function count: 142
0.0329389
0.0366936
0.0380205
0.0415188
0.0580601
0.0630541
0.0557294
0.060037
0.0786853
0.0886482
0.102311
0.111035
 54.1 ±  0.0 ms - Piece loop time
 55.1 ± 46.7 ms - Set time
 42.3 ±  1.3 ms - Child looking time
0.0343831
0.0374214
0.0582799
459.5 ±  0.0 ms - Total time
400.1 ±  0.0 ms - Build f time
 18.1 ±  0.5 ms - Apply f time
346.7 ±  3.7 ms - Real f time 
 77.5 ±  1.2 ms - Add time
  3.1 ±  0.2 ms - Find child
  4.7 ±  0.2 ms - Add child
 65.5 ±  0.8 ms - Hash
 88.1 ± 39.2 ms - Map
 16.5 ±  0.4 ms - getState
0.0403696
0.0436972
0.0691402
528.7 ±  0.0 ms - Total time
440.5 ±  0.0 ms - Build f time
 26.0 ±  0.8 ms - Apply f time
387.1 ±  3.7 ms - Real f time 
 93.4 ±  1.4 ms - Add time
  5.5 ±  0.3 ms - Find child
  7.9 ±  0.3 ms - Add child
 76.5 ±  0.9 ms - Hash
105.0 ± 39.6 ms - Map
 23.4 ±  0.5 ms - getState
0.0559719
0.0612192
0.113362
642.1 ±  0.0 ms - Total time
496.5 ±  0.0 ms - Build f time
 38.3 ±  0.9 ms - Apply f time
442.7 ±  4.0 ms - Real f time 
120.3 ±  1.6 ms - Add time
  9.1 ±  0.3 ms - Find child
 13.1 ±  0.4 ms - Add child
 93.5 ±  1.0 ms - Hash
124.7 ± 39.6 ms - Map
 36.4 ±  0.6 ms - getState
0.0574329
0.0617137
0.1082
750.3 ±  0.0 ms - Total time
553.9 ±  0.0 ms - Build f time
 49.3 ±  0.9 ms - Apply f time
496.2 ±  4.1 ms - Real f time 
151.6 ±  7.2 ms - Add time
 12.7 ±  0.4 ms - Find child
 18.4 ±  0.5 ms - Add child
109.6 ±  1.1 ms - Hash
142.8 ± 39.6 ms - Map
 46.7 ±  0.7 ms - getState
0.0817966
0.0892143
0.171347
921.7 ±  0.0 ms - Total time
635.7 ±  0.0 ms - Build f time
 64.3 ±  1.0 ms - Apply f time
576.2 ±  4.6 ms - Real f time 
194.0 ±  7.3 ms - Add time
 17.1 ±  0.5 ms - Find child
 24.1 ±  0.6 ms - Add child
140.7 ±  1.4 ms - Hash
165.5 ± 39.6 ms - Map
 66.3 ±  0.8 ms - getState
0.0985541
0.106899
0.205483
1127.2 ±  0.0 ms - Total time
734.2 ±  0.0 ms - Build f time
 82.2 ±  1.1 ms - Apply f time
670.5 ±  4.8 ms - Real f time 
244.6 ±  7.3 ms - Add time
 22.0 ±  0.5 ms - Find child
 30.1 ±  0.6 ms - Add child
180.8 ±  3.0 ms - Hash
191.6 ± 39.6 ms - Map
 89.0 ±  0.9 ms - getState
Dag sizes: 52284 64567 110651 93529 130155 146013 
brutePieces time: 0.729913
164.9 ±  0.0 ms - Piece loop time
 51.2 ± 15.2 ms - Set time
119.7 ±  1.7 ms - Child looking time
Nodes:  597199
Pieces: 143825
makePieces time: 0.165859
Memory: 5.3 + 25.5 + 19.1 + 34.7 + 8.7 MB
 19.4 ±  2.2 ms - Greedy fill time
composePieces time: 1.81949
                                                                                