Running only task # 72
Using max depth 3
 |                                        | 0 / 419 (0.0%)Function count: 142
0.0792123
0.0886982
0.0652576
0.0732261
0.101027
0.112876
0.0949794
0.107628
 16.3 ±  0.0 ms - Piece loop time
 45.1 ± 41.4 ms - Set time
 13.2 ±  0.7 ms - Child looking time
0.0806557
0.0898868
0.164883
547.5 ±  0.0 ms - Total time
421.1 ±  0.0 ms - Build f time
 27.6 ±  0.6 ms - Apply f time
340.3 ±  3.8 ms - Real f time 
110.7 ±  3.8 ms - Add time
  4.0 ±  0.2 ms - Find child
  7.0 ±  1.0 ms - Add child
100.2 ±  1.2 ms - Hash
 66.5 ± 34.8 ms - Map
 35.1 ±  0.8 ms - getState
0.0654493
0.0732359
0.134968
682.5 ±  0.0 ms - Total time
486.6 ±  0.0 ms - Build f time
 46.4 ±  7.2 ms - Apply f time
402.6 ±  4.2 ms - Real f time 
145.2 ±  4.3 ms - Add time
  6.4 ±  0.3 ms - Find child
 11.1 ±  1.0 ms - Add child
128.4 ±  1.3 ms - Hash
 79.1 ± 34.8 ms - Map
 51.8 ±  0.9 ms - getState
0.105012
0.117275
0.212388
894.9 ±  0.0 ms - Total time
591.6 ±  0.0 ms - Build f time
 63.7 ±  7.2 ms - Apply f time
493.6 ±  4.6 ms - Real f time 
202.8 ±  8.0 ms - Add time
 10.1 ±  0.4 ms - Find child
 16.5 ±  1.1 ms - Add child
169.9 ±  1.4 ms - Hash
 99.8 ± 34.8 ms - Map
 78.1 ±  1.0 ms - getState
0.0978879
0.109453
0.209069
1104.0 ±  0.0 ms - Total time
689.5 ±  0.0 ms - Build f time
 80.8 ±  7.2 ms - Apply f time
583.6 ±  5.1 ms - Real f time 
256.5 ±  8.0 ms - Add time
 13.7 ±  0.4 ms - Find child
 22.0 ±  1.1 ms - Add child
214.3 ±  1.6 ms - Hash
116.0 ± 34.8 ms - Map
106.3 ±  1.1 ms - getState
Dag sizes: 84435 77967 108240 111706 
brutePieces time: 0.725171
 53.9 ±  0.0 ms - Piece loop time
 49.7 ± 35.6 ms - Set time
 40.2 ±  0.9 ms - Child looking time
Nodes:  382348
Pieces: 87494
makePieces time: 0.054864
Memory: 8.2 + 14.3 + 12.2 + 22.9 + 3.8 MB
 48.5 ±  0.0 ms - Greedy fill time
composePieces time: 0.535204
                                                                                