Running only task # 170
Using max depth 3
 |                                        | 0 / 419 (0.0%)Function count: 142
0.683912
0.742265
0.530412
0.575692
0.4805
0.521579
0.632978
0.695976
 27.8 ±  0.0 ms - Piece loop time
 25.9 ± 16.7 ms - Set time
 19.4 ±  0.9 ms - Child looking time
0.680156
0.736635
1.44952
3985.3 ±  0.0 ms - Total time
3008.0 ±  0.0 ms - Build f time
141.3 ±  4.4 ms - Apply f time
2275.6 ± 51.3 ms - Real f time 
781.7 ±  9.7 ms - Add time
  9.3 ±  0.3 ms - Find child
 12.8 ±  0.4 ms - Add child
735.0 ±  3.9 ms - Hash
147.3 ± 39.4 ms - Map
262.9 ±  4.1 ms - getState
0.528558
0.585055
1.18276
5168.1 ±  0.0 ms - Total time
3536.5 ±  0.0 ms - Build f time
210.1 ±  5.2 ms - Apply f time
2726.9 ± 53.5 ms - Real f time 
1089.3 ± 10.9 ms - Add time
 17.4 ±  0.5 ms - Find child
 23.7 ±  0.5 ms - Add child
1006.4 ±  4.4 ms - Hash
194.5 ± 39.4 ms - Map
417.4 ±  4.4 ms - getState
0.458205
0.49746
1.02198
6190.1 ±  0.0 ms - Total time
3994.7 ±  0.0 ms - Build f time
265.0 ±  5.3 ms - Apply f time
3090.4 ± 54.5 ms - Real f time 
1364.3 ± 12.4 ms - Add time
 23.9 ±  0.5 ms - Find child
 33.7 ±  0.6 ms - Add child
1252.5 ±  5.3 ms - Hash
239.1 ± 39.4 ms - Map
552.6 ±  4.9 ms - getState
0.629794
0.686504
1.40813
7598.3 ±  0.0 ms - Total time
4624.5 ±  0.0 ms - Build f time
341.5 ±  5.5 ms - Apply f time
3658.7 ± 60.8 ms - Real f time 
1771.0 ± 38.1 ms - Add time
 32.7 ±  0.6 ms - Find child
 45.6 ±  0.7 ms - Add child
1571.1 ±  6.7 ms - Hash
290.4 ± 39.4 ms - Map
744.5 ±  5.4 ms - getState
Dag sizes: 217740 226295 225329 254730 
brutePieces time: 5.06401
 97.9 ±  0.0 ms - Piece loop time
 48.3 ± 15.5 ms - Set time
 64.9 ±  2.1 ms - Child looking time
Nodes:  924094
Pieces: 183980
makePieces time: 0.0987368
Memory: 72.1 + 28.4 + 29.6 + 31.6 + 7.4 MB
 51.2 ±  0.0 ms - Greedy fill time
composePieces time: 3.97316
                                                                                