Running only task # 18
Using max depth 23
 |                                        | 0 / 419 (0.0%)Function count: 142
0.074402
0.0820823
0.0567117
0.0635773
0.0710146
0.0816884
0.0723194
0.0795045
0.0689812
0.0777663
0.0651982
0.0716938
0.0760574
0.0868479
0.0665181
0.0738286
0.0680101
0.0755905
107.4 ±  0.0 ms - Piece loop time
 57.4 ± 40.9 ms - Set time
 83.1 ±  2.2 ms - Child looking time
0.0762672
0.083392
0.119465
812.5 ±  0.0 ms - Total time
695.5 ±  0.0 ms - Build f time
 37.5 ±  0.7 ms - Apply f time
615.2 ±  8.9 ms - Real f time 
145.1 ±  1.9 ms - Add time
  6.5 ±  0.3 ms - Find child
  9.2 ±  0.3 ms - Add child
107.3 ±  3.0 ms - Hash
165.0 ± 55.2 ms - Map
 32.3 ±  0.5 ms - getState
0.0613298
0.0674185
0.0898585
902.4 ±  0.0 ms - Total time
756.8 ±  0.0 ms - Build f time
 45.4 ±  0.8 ms - Apply f time
672.5 ±  9.0 ms - Real f time 
162.4 ±  1.9 ms - Add time
  8.7 ±  0.3 ms - Find child
 12.0 ±  0.4 ms - Add child
121.7 ±  3.0 ms - Hash
202.1 ± 59.4 ms - Map
 39.2 ±  0.6 ms - getState
0.0835761
0.0916424
0.123559
1026.0 ±  0.0 ms - Total time
840.4 ±  0.0 ms - Build f time
 56.0 ±  0.8 ms - Apply f time
746.5 ±  9.0 ms - Real f time 
192.1 ±  5.1 ms - Add time
 11.8 ±  0.4 ms - Find child
 15.7 ±  0.4 ms - Add child
139.5 ±  3.0 ms - Hash
224.0 ± 59.3 ms - Map
 49.3 ±  0.6 ms - getState
0.0897644
0.0986074
0.130427
1156.5 ±  0.0 ms - Total time
930.1 ±  0.0 ms - Build f time
 65.7 ±  0.9 ms - Apply f time
828.6 ±  9.6 ms - Real f time 
225.5 ± 10.4 ms - Add time
 14.3 ±  0.4 ms - Find child
 19.8 ±  0.5 ms - Add child
156.5 ±  3.1 ms - Hash
247.5 ± 59.4 ms - Map
 59.8 ±  0.7 ms - getState
0.078634
0.0877662
0.129969
1286.5 ±  0.0 ms - Total time
1008.8 ±  0.0 ms - Build f time
 78.2 ±  1.0 ms - Apply f time
901.8 ±  9.7 ms - Real f time 
259.0 ± 12.4 ms - Add time
 18.7 ±  1.0 ms - Find child
 25.2 ±  0.6 ms - Add child
173.8 ±  3.2 ms - Hash
269.9 ± 59.4 ms - Map
 71.5 ±  0.8 ms - getState
0.0673212
0.0737871
0.102378
1389.0 ±  0.0 ms - Total time
1076.1 ±  0.0 ms - Build f time
 86.7 ±  1.0 ms - Apply f time
963.1 ±  9.8 ms - Real f time 
291.1 ± 18.1 ms - Add time
 21.0 ±  1.1 ms - Find child
 28.6 ±  0.6 ms - Add child
188.2 ±  3.2 ms - Hash
286.9 ± 59.3 ms - Map
 80.1 ±  0.8 ms - getState
0.0729576
0.0809165
0.113392
1502.4 ±  0.0 ms - Total time
1149.1 ±  0.0 ms - Build f time
 96.6 ±  1.1 ms - Apply f time
1030.1 ±  9.9 ms - Real f time 
313.5 ± 18.1 ms - Add time
 24.3 ±  1.1 ms - Find child
 32.7 ±  0.6 ms - Add child
204.1 ±  3.2 ms - Hash
307.8 ± 59.3 ms - Map
 90.3 ±  0.9 ms - getState
0.0739936
0.0844634
0.118648
1621.1 ±  0.0 ms - Total time
1223.1 ±  0.0 ms - Build f time
108.1 ±  1.1 ms - Apply f time
1099.3 ± 10.0 ms - Real f time 
335.8 ± 18.1 ms - Add time
 27.6 ±  1.1 ms - Find child
 37.5 ±  0.7 ms - Add child
220.2 ±  3.3 ms - Hash
328.7 ± 59.3 ms - Map
101.1 ±  0.9 ms - getState
0.0839415
0.0916541
0.122783
1744.0 ±  0.0 ms - Total time
1307.0 ±  0.0 ms - Build f time
117.8 ±  1.4 ms - Apply f time
1174.6 ± 10.0 ms - Real f time 
359.5 ± 18.1 ms - Add time
 30.4 ±  1.1 ms - Find child
 41.0 ±  0.7 ms - Add child
236.9 ±  3.3 ms - Hash
348.8 ± 59.3 ms - Map
110.5 ±  1.0 ms - getState
Dag sizes: 81343 66600 87025 76512 82034 66780 86016 76543 78997 
brutePieces time: 1.05821
284.8 ±  0.0 ms - Piece loop time
 96.0 ± 50.0 ms - Set time
209.9 ±  4.1 ms - Child looking time
Nodes:  701850
Pieces: 78750
makePieces time: 0.2866
Memory: 3.7 + 37.9 + 22.5 + 49.0 + 10.8 MB
  3.5 ±  0.3 ms - Greedy fill time
composePieces time: 0.798988
                                                                                