Running only task # 255
Using max depth 23
 |                                        | 0 / 419 (0.0%)Function count: 142
0.147958
0.156904
0.131396
0.139227
0.1041
0.110607
0.14438
0.153157
0.146813
0.157228
0.140317
0.153961
0.117109
0.12369
0.144022
0.156207
0.160656
0.172387
 50.6 ±  0.0 ms - Piece loop time
 48.8 ± 40.0 ms - Set time
 40.7 ±  1.6 ms - Child looking time
0.154638
0.163753
0.327703
1651.8 ±  0.0 ms - Total time
1391.4 ±  0.0 ms - Build f time
 49.5 ±  1.1 ms - Apply f time
1072.5 ± 11.5 ms - Real f time 
288.6 ±  4.8 ms - Add time
  6.8 ±  0.3 ms - Find child
  9.2 ±  0.3 ms - Add child
266.0 ±  1.6 ms - Hash
149.1 ± 38.8 ms - Map
 70.4 ±  0.9 ms - getState
0.146172
0.156023
0.293389
1945.3 ±  0.0 ms - Total time
1537.6 ±  0.0 ms - Build f time
 73.4 ±  4.3 ms - Apply f time
1194.0 ± 11.7 ms - Real f time 
357.5 ±  5.0 ms - Add time
 11.3 ±  0.4 ms - Find child
 15.4 ±  0.4 ms - Add child
323.2 ±  1.7 ms - Hash
179.9 ± 38.8 ms - Map
107.5 ±  4.6 ms - getState
0.114966
0.122013
0.22398
2169.3 ±  0.0 ms - Total time
1652.5 ±  0.0 ms - Build f time
 89.5 ±  4.3 ms - Apply f time
1291.2 ± 11.8 ms - Real f time 
410.0 ±  5.3 ms - Add time
 15.0 ±  0.4 ms - Find child
 20.1 ±  0.5 ms - Add child
365.7 ±  2.2 ms - Hash
207.5 ± 38.8 ms - Map
133.0 ±  4.6 ms - getState
0.149897
0.158764
0.293547
2462.9 ±  0.0 ms - Total time
1802.4 ±  0.0 ms - Build f time
107.8 ±  4.3 ms - Apply f time
1419.8 ± 13.5 ms - Real f time 
525.3 ± 43.3 ms - Add time
 19.0 ±  0.5 ms - Find child
 25.6 ±  0.6 ms - Add child
423.1 ±  2.3 ms - Hash
235.8 ± 38.8 ms - Map
165.0 ±  4.7 ms - getState
0.161625
0.171107
0.333538
2796.5 ±  0.0 ms - Total time
1964.0 ±  0.0 ms - Build f time
130.8 ±  4.5 ms - Apply f time
1560.8 ± 14.0 ms - Real f time 
604.8 ± 43.4 ms - Add time
 23.1 ±  0.5 ms - Find child
 30.9 ±  0.6 ms - Add child
490.3 ±  2.3 ms - Hash
267.2 ± 38.8 ms - Map
202.1 ±  4.7 ms - getState
0.154405
0.162988
0.308226
3104.8 ±  0.0 ms - Total time
2118.4 ±  0.0 ms - Build f time
151.5 ±  4.6 ms - Apply f time
1699.0 ± 15.2 ms - Real f time 
676.9 ± 43.4 ms - Add time
 27.0 ±  0.6 ms - Find child
 37.8 ±  0.9 ms - Add child
548.1 ±  2.6 ms - Hash
299.0 ± 38.7 ms - Map
236.5 ±  4.7 ms - getState
0.108359
0.118053
0.220855
3325.7 ±  0.0 ms - Total time
2226.8 ±  0.0 ms - Build f time
168.5 ±  4.6 ms - Apply f time
1797.4 ± 15.3 ms - Real f time 
725.6 ± 43.3 ms - Add time
 31.1 ±  0.6 ms - Find child
 43.4 ±  1.0 ms - Add child
588.5 ±  2.7 ms - Hash
324.7 ± 38.7 ms - Map
262.2 ±  4.7 ms - getState
0.142161
0.151261
0.290317
3616.0 ±  0.0 ms - Total time
2369.0 ±  0.0 ms - Build f time
187.2 ±  4.6 ms - Apply f time
1919.9 ± 15.7 ms - Real f time 
791.6 ± 43.3 ms - Add time
 35.0 ±  0.7 ms - Find child
 48.2 ±  1.0 ms - Add child
644.2 ±  2.7 ms - Hash
352.7 ± 38.7 ms - Map
297.2 ±  4.8 ms - getState
0.167144
0.177681
0.344996
3961.1 ±  0.0 ms - Total time
2536.1 ±  0.0 ms - Build f time
208.3 ±  4.7 ms - Apply f time
2062.7 ± 16.0 ms - Real f time 
874.3 ± 43.4 ms - Add time
 39.4 ±  0.7 ms - Find child
 54.3 ±  1.1 ms - Add child
712.8 ±  2.8 ms - Hash
391.0 ± 39.3 ms - Map
336.8 ±  4.8 ms - getState
Dag sizes: 136624 136634 113798 129175 136636 136650 113863 129166 143043 
brutePieces time: 2.64486
141.1 ±  0.0 ms - Piece loop time
 80.4 ± 49.0 ms - Set time
100.5 ±  2.6 ms - Child looking time
Nodes:  1175589
Pieces: 111016
makePieces time: 0.142812
Memory: 25.9 + 39.5 + 37.6 + 56.6 + 9.0 MB
 93.2 ±  3.1 ms - Greedy fill time
composePieces time: 8.18639
                                                                                