Running only task # 219
Using max depth 23
 |                                        | 0 / 419 (0.0%)Function count: 142
0.141763
0.156235
0.167018
0.185977
0.221931
0.248268
0.149885
0.16426
0.180035
0.204984
0.231507
0.260181
0.268729
0.299815
111.2 ±  0.0 ms - Piece loop time
 65.2 ± 45.0 ms - Set time
 84.0 ±  1.9 ms - Child looking time
0.147029
0.161289
0.248103
1768.2 ±  0.0 ms - Total time
1507.9 ±  0.0 ms - Build f time
 75.7 ±  1.3 ms - Apply f time
1271.4 ± 13.5 ms - Real f time 
312.0 ±  4.6 ms - Add time
  8.3 ±  0.3 ms - Find child
 12.2 ±  0.4 ms - Add child
229.6 ±  4.0 ms - Hash
160.4 ± 37.8 ms - Map
 81.5 ±  1.1 ms - getState
0.175837
0.196948
0.322165
2090.4 ±  0.0 ms - Total time
1683.7 ±  0.0 ms - Build f time
105.2 ±  1.5 ms - Apply f time
1430.1 ± 13.8 ms - Real f time 
387.1 ±  6.9 ms - Add time
 15.9 ±  0.4 ms - Find child
 23.1 ±  0.5 ms - Add child
287.9 ±  5.9 ms - Hash
202.7 ± 38.1 ms - Map
119.9 ±  1.3 ms - getState
0.223761
0.251634
0.403654
2494.1 ±  0.0 ms - Total time
1907.5 ±  0.0 ms - Build f time
140.9 ±  1.7 ms - Apply f time
1635.7 ± 14.1 ms - Real f time 
472.1 ±  7.0 ms - Add time
 24.9 ±  0.6 ms - Find child
 36.7 ±  0.7 ms - Add child
351.2 ±  5.9 ms - Hash
245.4 ± 38.1 ms - Map
171.1 ±  3.0 ms - getState
0.165488
0.179659
0.262542
2756.7 ±  0.0 ms - Total time
2073.0 ±  0.0 ms - Build f time
161.9 ±  2.2 ms - Apply f time
1797.2 ± 16.4 ms - Real f time 
525.8 ±  7.1 ms - Add time
 30.5 ±  0.6 ms - Find child
 44.8 ±  0.8 ms - Add child
392.0 ±  6.0 ms - Hash
272.4 ± 38.1 ms - Map
193.5 ±  3.1 ms - getState
0.173392
0.19973
0.338117
3094.9 ±  0.0 ms - Total time
2246.4 ±  0.0 ms - Build f time
194.8 ±  2.3 ms - Apply f time
1953.8 ± 16.6 ms - Real f time 
600.0 ±  7.6 ms - Add time
 39.2 ±  0.7 ms - Find child
 55.8 ±  0.9 ms - Add child
448.3 ±  6.0 ms - Hash
309.4 ± 38.1 ms - Map
236.6 ±  3.2 ms - getState
0.220056
0.244789
0.394746
3489.7 ±  0.0 ms - Total time
2466.4 ±  0.0 ms - Build f time
230.1 ±  2.4 ms - Apply f time
2156.5 ± 17.0 ms - Real f time 
685.5 ±  7.7 ms - Add time
 48.1 ±  0.8 ms - Find child
 69.3 ±  1.0 ms - Add child
511.7 ±  6.1 ms - Hash
351.3 ± 38.1 ms - Map
280.1 ±  3.3 ms - getState
0.274395
0.304838
0.490551
3980.3 ±  0.0 ms - Total time
2740.8 ±  0.0 ms - Build f time
271.9 ±  2.6 ms - Apply f time
2398.1 ± 17.4 ms - Real f time 
796.1 ±  8.8 ms - Add time
 58.4 ±  0.9 ms - Find child
 83.8 ±  1.1 ms - Add child
579.5 ±  6.2 ms - Hash
403.0 ± 38.1 ms - Map
339.0 ±  3.4 ms - getState
Dag sizes: 128384 175563 194283 128384 175563 194283 217478 
brutePieces time: 2.46526
342.1 ±  0.0 ms - Piece loop time
109.7 ± 37.3 ms - Set time
269.4 ±  8.5 ms - Child looking time
Nodes:  1213938
Pieces: 78200
makePieces time: 0.343672
Memory: 18.9 + 59.3 + 38.8 + 48.8 + 15.3 MB
  1.6 ±  0.0 ms - Greedy fill time
composePieces time: 0.416452
                                                                                