Running only task # 332
Using max depth 3
 |                                        | 0 / 419 (0.0%)Function count: 142
0.194317
0.214383
0.122376
0.134342
0.166075
0.183351
0.292179
0.325326
 52.2 ±  0.0 ms - Piece loop time
 34.9 ± 21.2 ms - Set time
 36.5 ±  2.1 ms - Child looking time
0.18251
0.206179
0.462779
1320.4 ±  0.0 ms - Total time
957.5 ±  0.0 ms - Build f time
 68.5 ±  1.2 ms - Apply f time
779.5 ± 10.5 ms - Real f time 
322.0 ± 44.3 ms - Add time
 10.8 ±  0.4 ms - Find child
 14.6 ±  0.5 ms - Add child
205.8 ±  1.5 ms - Hash
158.3 ± 44.3 ms - Map
 95.4 ±  1.0 ms - getState
0.125337
0.138507
0.271495
1592.0 ±  0.0 ms - Total time
1082.8 ±  0.0 ms - Build f time
 92.1 ±  1.3 ms - Apply f time
895.4 ± 10.7 ms - Real f time 
387.8 ± 44.3 ms - Add time
 17.0 ±  0.5 ms - Find child
 22.9 ±  0.6 ms - Add child
252.8 ±  1.7 ms - Hash
211.0 ± 47.2 ms - Map
130.4 ±  1.2 ms - getState
0.165486
0.183012
0.368584
1960.6 ±  0.0 ms - Total time
1248.3 ±  0.0 ms - Build f time
122.2 ±  1.6 ms - Apply f time
1048.6 ± 12.0 ms - Real f time 
478.2 ± 44.3 ms - Add time
 23.8 ±  0.5 ms - Find child
 32.9 ±  0.7 ms - Add child
320.7 ±  1.9 ms - Hash
251.9 ± 47.2 ms - Map
180.0 ±  1.4 ms - getState
0.282744
0.31188
0.657541
2618.2 ±  0.0 ms - Total time
1531.0 ±  0.0 ms - Build f time
170.1 ±  1.8 ms - Apply f time
1293.3 ± 12.9 ms - Real f time 
678.8 ± 48.7 ms - Add time
 33.5 ±  0.7 ms - Find child
 47.2 ±  0.8 ms - Add child
448.6 ±  2.5 ms - Hash
314.1 ± 47.3 ms - Map
273.8 ±  1.7 ms - getState
Dag sizes: 261872 195094 224684 314227 
brutePieces time: 1.76295
170.5 ±  0.0 ms - Piece loop time
101.0 ± 43.3 ms - Set time
105.9 ±  1.8 ms - Child looking time
Nodes:  995877
Pieces: 238950
makePieces time: 0.17202
Memory: 19.6 + 35.0 + 31.9 + 32.7 + 10.1 MB
  7.7 ±  0.0 ms - Greedy fill time
composePieces time: 1.10664
                                                                                