Running only task # 155
Using max depth 3
 |                                        | 0 / 419 (0.0%)Function count: 142
0.0116948
0.0128577
0.0123117
0.012771
0.00775597
0.00815665
0.00854589
0.00900749
0.0118148
0.0127216
0.0114843
0.0121663
0.00790728
0.00831097
 25.2 ±  0.0 ms - Piece loop time
 40.5 ± 38.0 ms - Set time
 22.5 ±  0.8 ms - Child looking time
0.0140974
0.0147083
0.0153158
 91.4 ±  0.0 ms - Total time
 85.6 ±  0.0 ms - Build f time
  1.8 ±  0.1 ms - Apply f time
 82.5 ±  0.9 ms - Real f time 
 17.1 ±  1.9 ms - Add time
  0.6 ±  0.1 ms - Find child
  0.7 ±  0.1 ms - Add child
 15.1 ±  0.4 ms - Hash
 50.8 ± 38.3 ms - Map
  2.3 ±  0.1 ms - getState
0.00771746
0.00806973
0.00846634
 99.9 ±  0.0 ms - Total time
 93.3 ±  0.0 ms - Build f time
  2.1 ±  0.1 ms - Apply f time
 90.4 ±  1.0 ms - Real f time 
 18.5 ±  1.9 ms - Add time
  0.6 ±  0.1 ms - Find child
  0.9 ±  0.1 ms - Add child
 16.6 ±  0.4 ms - Hash
 52.0 ± 38.4 ms - Map
  2.6 ±  0.2 ms - getState
0.00787129
0.00830868
0.00875068
108.7 ±  0.0 ms - Total time
101.2 ±  0.0 ms - Build f time
  2.4 ±  0.2 ms - Apply f time
 98.2 ±  1.0 ms - Real f time 
 20.0 ±  1.9 ms - Add time
  0.8 ±  0.1 ms - Find child
  1.1 ±  0.1 ms - Add child
 18.1 ±  0.5 ms - Hash
 53.3 ± 38.3 ms - Map
  3.0 ±  0.2 ms - getState
0.00831774
0.00872983
0.00923538
117.9 ±  0.0 ms - Total time
109.5 ±  0.0 ms - Build f time
  2.8 ±  0.2 ms - Apply f time
106.1 ±  1.0 ms - Real f time 
 21.6 ±  2.0 ms - Add time
  0.9 ±  0.1 ms - Find child
  1.1 ±  0.1 ms - Add child
 19.7 ±  0.5 ms - Hash
 54.4 ± 38.3 ms - Map
  3.3 ±  0.2 ms - getState
0.011884
0.0125363
0.0131039
131.0 ±  0.0 ms - Total time
121.4 ±  0.0 ms - Build f time
  3.2 ±  0.2 ms - Apply f time
117.8 ±  1.1 ms - Real f time 
 25.0 ±  2.3 ms - Add time
  1.1 ±  0.1 ms - Find child
  1.4 ±  0.1 ms - Add child
 22.1 ±  0.5 ms - Hash
 56.5 ± 38.3 ms - Map
  3.8 ±  0.2 ms - getState
0.0115143
0.0121449
0.0127561
143.8 ±  0.0 ms - Total time
132.9 ±  0.0 ms - Build f time
  3.7 ±  0.2 ms - Apply f time
128.9 ±  1.1 ms - Real f time 
 27.0 ±  2.3 ms - Add time
  1.2 ±  0.1 ms - Find child
  1.5 ±  0.2 ms - Add child
 24.3 ±  0.5 ms - Hash
 58.0 ± 38.2 ms - Map
  4.2 ±  0.2 ms - getState
0.00778922
0.00818034
0.00873516
152.6 ±  0.0 ms - Total time
140.7 ±  0.0 ms - Build f time
  3.9 ±  0.2 ms - Apply f time
136.8 ±  1.2 ms - Real f time 
 28.4 ±  2.3 ms - Add time
  1.3 ±  0.1 ms - Find child
  1.7 ±  0.2 ms - Add child
 26.0 ±  0.6 ms - Hash
 59.4 ± 38.3 ms - Map
  4.5 ±  0.2 ms - getState
Dag sizes: 4891 3885 4045 4150 5728 5646 4092 
brutePieces time: 0.0818055
 29.3 ±  0.0 ms - Piece loop time
 45.8 ± 43.4 ms - Set time
 25.3 ±  0.9 ms - Child looking time
Nodes:  32437
Pieces: 5556
makePieces time: 0.0302226
Memory: 0.1 + 4.8 + 1.0 + 29.9 + 0.8 MB
  0.6 ±  0.0 ms - Greedy fill time
composePieces time: 0.026954
                                                                                