Running only task # 314
Using max depth 23
 |                                        | 0 / 419 (0.0%)Function count: 142
0.036262
0.0405192
0.0341927
0.0383569
0.0437723
0.0502549
0.0414825
0.0457593
0.0354473
0.0394637
0.0362057
0.0402152
0.03758
0.0418705
 38.4 ±  0.0 ms - Piece loop time
 46.2 ± 39.2 ms - Set time
 30.0 ±  1.5 ms - Child looking time
0.0550686
0.0606401
0.0994394
396.1 ±  0.0 ms - Total time
320.0 ±  0.0 ms - Build f time
 21.8 ±  0.5 ms - Apply f time
295.3 ±  4.2 ms - Real f time 
 84.7 ±  9.0 ms - Add time
  4.6 ±  0.2 ms - Find child
  6.4 ±  0.3 ms - Add child
 49.0 ±  0.8 ms - Hash
 87.2 ± 37.5 ms - Map
 20.4 ±  0.4 ms - getState
0.0484025
0.0537793
0.0986026
494.8 ±  0.0 ms - Total time
368.4 ±  0.0 ms - Build f time
 32.4 ±  0.6 ms - Apply f time
345.3 ±  4.5 ms - Real f time 
121.9 ± 16.2 ms - Add time
  8.0 ±  0.3 ms - Find child
 11.0 ±  0.4 ms - Add child
 63.9 ±  0.9 ms - Hash
102.4 ± 37.5 ms - Map
 32.7 ±  1.0 ms - getState
0.0517982
0.0573065
0.104864
599.7 ±  0.0 ms - Total time
420.2 ±  0.0 ms - Build f time
 43.5 ±  0.7 ms - Apply f time
396.9 ±  4.6 ms - Real f time 
148.2 ± 16.3 ms - Add time
 11.3 ±  0.4 ms - Find child
 16.5 ±  0.6 ms - Add child
 79.3 ±  1.0 ms - Hash
119.2 ± 37.5 ms - Map
 46.0 ±  1.0 ms - getState
0.0544868
0.0597452
0.0985588
698.3 ±  0.0 ms - Total time
474.7 ±  0.0 ms - Build f time
 53.1 ±  0.8 ms - Apply f time
449.0 ±  4.7 ms - Real f time 
171.4 ± 16.3 ms - Add time
 14.5 ±  0.4 ms - Find child
 20.5 ±  0.7 ms - Add child
 93.7 ±  1.0 ms - Hash
133.5 ± 37.6 ms - Map
 56.7 ±  1.1 ms - getState
0.0521626
0.0578485
0.100998
799.3 ±  0.0 ms - Total time
526.9 ±  0.0 ms - Build f time
 64.0 ±  0.9 ms - Apply f time
501.0 ±  4.8 ms - Real f time 
195.5 ± 16.3 ms - Add time
 18.0 ±  0.5 ms - Find child
 25.1 ±  0.7 ms - Add child
107.9 ±  1.1 ms - Hash
148.2 ± 37.6 ms - Map
 67.7 ±  1.1 ms - getState
0.0606543
0.0661508
0.109744
909.1 ±  0.0 ms - Total time
587.5 ±  0.0 ms - Build f time
 74.7 ±  0.9 ms - Apply f time
560.1 ±  5.1 ms - Real f time 
221.3 ± 16.3 ms - Add time
 20.9 ±  0.5 ms - Find child
 29.6 ±  0.7 ms - Add child
125.0 ±  1.2 ms - Hash
167.2 ± 37.6 ms - Map
 79.5 ±  1.1 ms - getState
0.0643625
0.0706827
0.116267
1025.4 ±  0.0 ms - Total time
651.9 ±  0.0 ms - Build f time
 85.6 ±  1.0 ms - Apply f time
622.6 ±  5.7 ms - Real f time 
249.0 ± 16.3 ms - Add time
 24.8 ±  0.6 ms - Find child
 34.1 ±  0.8 ms - Add child
142.0 ±  1.3 ms - Hash
186.3 ± 37.6 ms - Map
 92.2 ±  1.2 ms - getState
Dag sizes: 84610 83731 89835 84781 84249 89464 95326 
brutePieces time: 0.733203
112.3 ±  0.0 ms - Piece loop time
 69.7 ± 43.6 ms - Set time
 81.1 ±  1.7 ms - Child looking time
Nodes:  611996
Pieces: 94512
makePieces time: 0.113721
Memory: 4.2 + 26.3 + 19.6 + 39.2 + 6.7 MB
 19.3 ±  0.0 ms - Greedy fill time
composePieces time: 0.738853
                                                                                