Running only task # 263
Using max depth 3
 |                                        | 0 / 419 (0.0%)Function count: 142
0.494005
0.563279
0.471853
0.528609
0.558314
0.634441
0.155976
0.172467
0.408336
0.466345
0.64906
0.742213
 59.7 ±  0.0 ms - Piece loop time
 31.2 ± 16.0 ms - Set time
 42.7 ±  1.6 ms - Child looking time
0.515542
0.585931
0.806527
3914.2 ±  0.0 ms - Total time
3253.1 ±  0.0 ms - Build f time
167.0 ±  2.6 ms - Apply f time
2566.7 ± 23.8 ms - Real f time 
777.6 ± 43.2 ms - Add time
 11.4 ±  0.4 ms - Find child
 16.3 ±  0.4 ms - Add child
560.7 ±  3.2 ms - Hash
199.2 ± 39.2 ms - Map
222.8 ±  4.3 ms - getState
0.4962
0.55703
0.736381
4650.6 ±  0.0 ms - Total time
3749.3 ±  0.0 ms - Build f time
205.7 ±  2.9 ms - Apply f time
2957.7 ± 25.0 ms - Real f time 
919.5 ± 43.3 ms - Add time
 17.4 ±  0.5 ms - Find child
 25.0 ±  0.6 ms - Add child
687.9 ±  3.5 ms - Hash
239.8 ± 39.2 ms - Map
301.0 ±  4.8 ms - getState
0.562206
0.645345
0.872902
5523.6 ±  0.0 ms - Total time
4311.5 ±  0.0 ms - Build f time
257.4 ±  3.3 ms - Apply f time
3428.8 ± 27.4 ms - Real f time 
1086.1 ± 43.4 ms - Add time
 24.2 ±  0.5 ms - Find child
 35.1 ±  0.6 ms - Add child
829.3 ±  3.8 ms - Hash
280.5 ± 39.2 ms - Map
408.4 ±  5.1 ms - getState
0.168792
0.187119
0.259699
5783.3 ±  0.0 ms - Total time
4480.3 ±  0.0 ms - Build f time
276.2 ±  3.3 ms - Apply f time
3576.8 ± 28.0 ms - Real f time 
1133.1 ± 43.4 ms - Add time
 28.7 ±  0.6 ms - Find child
 41.5 ±  0.7 ms - Add child
869.6 ±  3.9 ms - Hash
309.0 ± 39.2 ms - Map
433.5 ±  5.2 ms - getState
0.413374
0.460797
0.636342
6419.7 ±  0.0 ms - Total time
4893.7 ±  0.0 ms - Build f time
315.2 ±  3.5 ms - Apply f time
3921.9 ± 29.0 ms - Real f time 
1257.8 ± 43.5 ms - Add time
 35.1 ±  0.7 ms - Find child
 51.4 ±  1.0 ms - Add child
974.6 ±  4.0 ms - Hash
349.0 ± 39.2 ms - Map
508.7 ±  5.3 ms - getState
0.683875
0.77496
1.04269
7462.5 ±  0.0 ms - Total time
5577.5 ±  0.0 ms - Build f time
370.4 ±  3.8 ms - Apply f time
4479.4 ± 32.2 ms - Real f time 
1494.0 ± 46.8 ms - Add time
 43.3 ±  0.7 ms - Find child
 61.6 ±  1.1 ms - Add child
1153.3 ±  4.9 ms - Hash
394.0 ± 39.2 ms - Map
629.7 ±  5.6 ms - getState
Dag sizes: 189406 153090 157317 112574 164335 172158 
brutePieces time: 4.35875
180.0 ±  0.0 ms - Piece loop time
 58.8 ± 18.1 ms - Set time
125.5 ±  2.3 ms - Child looking time
Nodes:  948880
Pieces: 65293
makePieces time: 0.180911
Memory: 38.3 + 44.9 + 30.4 + 40.3 + 8.3 MB
 10.4 ±  4.8 ms - Greedy fill time
composePieces time: 0.540821
                                                                                