Running only task # 296
Using max depth 23
 |                                        | 0 / 419 (0.0%)Function count: 142
0.131722
0.141668
0.130974
0.141166
0.156691
0.172785
0.128212
0.138083
0.124246
0.134997
0.150582
0.167896
0.185368
0.202274
 74.1 ±  0.0 ms - Piece loop time
 57.0 ± 44.8 ms - Set time
 57.6 ±  1.8 ms - Child looking time
0.129332
0.139616
0.31291
1412.1 ±  0.0 ms - Total time
1137.1 ±  0.0 ms - Build f time
 57.6 ±  1.3 ms - Apply f time
978.9 ± 41.6 ms - Real f time 
270.7 ± 10.6 ms - Add time
  7.8 ±  0.3 ms - Find child
 11.8 ±  0.4 ms - Add child
216.1 ±  1.5 ms - Hash
172.8 ± 51.8 ms - Map
 66.7 ±  0.9 ms - getState
0.131426
0.142989
0.314139
1726.3 ±  0.0 ms - Total time
1268.5 ±  0.0 ms - Build f time
 81.6 ±  1.4 ms - Apply f time
1098.5 ± 41.7 ms - Real f time 
352.5 ± 11.0 ms - Add time
 13.5 ±  0.4 ms - Find child
 19.0 ±  0.5 ms - Add child
274.8 ±  1.6 ms - Hash
208.1 ± 51.8 ms - Map
106.8 ±  1.1 ms - getState
0.162529
0.181388
0.422786
2149.2 ±  0.0 ms - Total time
1431.1 ±  0.0 ms - Build f time
116.8 ±  1.6 ms - Apply f time
1254.2 ± 41.8 ms - Real f time 
467.2 ± 11.1 ms - Add time
 20.4 ±  0.5 ms - Find child
 29.5 ±  0.6 ms - Add child
352.1 ±  1.9 ms - Hash
258.3 ± 51.8 ms - Map
161.7 ±  1.2 ms - getState
0.130543
0.140729
0.316693
2465.9 ±  0.0 ms - Total time
1561.6 ±  0.0 ms - Build f time
141.3 ±  1.7 ms - Apply f time
1376.2 ± 41.9 ms - Real f time 
549.8 ± 11.2 ms - Add time
 25.9 ±  0.6 ms - Find child
 36.8 ±  0.7 ms - Add child
418.8 ±  3.4 ms - Hash
300.3 ± 52.1 ms - Map
202.3 ±  1.5 ms - getState
0.126516
0.136487
0.317321
2783.3 ±  0.0 ms - Total time
1688.1 ±  0.0 ms - Build f time
170.3 ±  4.8 ms - Apply f time
1500.0 ± 42.0 ms - Real f time 
638.0 ± 13.1 ms - Add time
 32.5 ±  0.7 ms - Find child
 44.7 ±  0.7 ms - Add child
478.5 ±  3.5 ms - Hash
336.4 ± 52.1 ms - Map
246.3 ±  1.6 ms - getState
0.167283
0.188285
0.430009
3213.4 ±  0.0 ms - Total time
1855.4 ±  0.0 ms - Build f time
204.8 ±  4.8 ms - Apply f time
1655.0 ± 42.0 ms - Real f time 
752.2 ± 13.2 ms - Add time
 40.4 ±  0.8 ms - Find child
 56.3 ±  1.0 ms - Add child
556.2 ±  3.7 ms - Hash
389.0 ± 52.1 ms - Map
299.3 ±  1.7 ms - getState
0.185151
0.203077
0.463324
3676.8 ±  0.0 ms - Total time
2040.6 ±  0.0 ms - Build f time
240.9 ±  4.9 ms - Apply f time
1838.1 ± 42.2 ms - Real f time 
878.0 ± 13.6 ms - Add time
 48.2 ±  0.9 ms - Find child
 67.6 ±  1.1 ms - Add child
638.0 ±  3.8 ms - Hash
440.7 ± 52.0 ms - Map
359.4 ±  1.8 ms - getState
Dag sizes: 179205 174559 253931 179586 174814 254207 256594 
brutePieces time: 2.58365
313.2 ±  0.0 ms - Piece loop time
112.3 ± 18.8 ms - Set time
208.4 ±  2.7 ms - Child looking time
Nodes:  1472896
Pieces: 270618
makePieces time: 0.315153
Memory: 27.3 + 47.5 + 47.1 + 52.9 + 18.1 MB
 66.6 ± 15.1 ms - Greedy fill time
composePieces time: 8.93097
                                                                                