Running only task # 336
Using max depth 23
 |                                        | 0 / 419 (0.0%)Function count: 142
0.17292
0.19522
0.332559
0.376848
0.0560457
0.0619438
0.181929
0.203929
0.341621
0.385398
0.0599843
0.0660889
0.145183
0.167383
 20.0 ±  0.0 ms - Piece loop time
 69.0 ± 64.2 ms - Set time
 17.5 ±  4.1 ms - Child looking time
0.179069
0.200453
0.238106
1695.4 ±  0.0 ms - Total time
1469.3 ±  0.0 ms - Build f time
 65.1 ±  2.0 ms - Apply f time
1191.6 ± 21.5 ms - Real f time 
267.8 ± 19.9 ms - Add time
  2.9 ±  0.2 ms - Find child
  4.4 ±  0.2 ms - Add child
246.1 ±  2.7 ms - Hash
151.4 ± 72.3 ms - Map
 73.5 ±  1.7 ms - getState
0.333524
0.373166
0.432035
2127.5 ±  0.0 ms - Total time
1802.8 ±  0.0 ms - Build f time
 83.7 ±  2.3 ms - Apply f time
1454.1 ± 23.8 ms - Real f time 
329.0 ± 20.1 ms - Add time
  4.6 ±  0.2 ms - Find child
  6.6 ±  0.3 ms - Add child
314.3 ±  3.0 ms - Hash
162.9 ± 72.2 ms - Map
108.2 ±  2.2 ms - getState
0.0573589
0.0633879
0.0753453
2202.9 ±  0.0 ms - Total time
1860.2 ±  0.0 ms - Build f time
 88.3 ±  2.3 ms - Apply f time
1503.8 ± 23.8 ms - Real f time 
339.9 ± 20.1 ms - Add time
  5.4 ±  0.3 ms - Find child
  7.8 ±  0.3 ms - Add child
327.0 ±  3.1 ms - Hash
169.5 ± 72.2 ms - Map
113.7 ±  2.3 ms - getState
0.185536
0.207398
0.246759
2449.7 ±  0.0 ms - Total time
2045.7 ±  0.0 ms - Build f time
 98.8 ±  2.4 ms - Apply f time
1649.5 ± 24.5 ms - Real f time 
380.0 ± 20.2 ms - Add time
  7.9 ±  1.2 ms - Find child
  9.4 ±  0.3 ms - Add child
369.3 ±  3.3 ms - Hash
180.1 ± 72.2 ms - Map
133.1 ±  2.4 ms - getState
0.338061
0.38989
0.443718
2893.4 ±  0.0 ms - Total time
2383.8 ±  0.0 ms - Build f time
119.8 ±  2.8 ms - Apply f time
1933.8 ± 26.7 ms - Real f time 
442.6 ± 20.5 ms - Add time
  9.2 ±  1.2 ms - Find child
 11.5 ±  0.4 ms - Add child
442.0 ±  4.1 ms - Hash
190.1 ± 72.3 ms - Map
168.4 ±  2.8 ms - getState
0.0724537
0.08134
0.100401
2993.9 ±  0.0 ms - Total time
2456.2 ±  0.0 ms - Build f time
126.6 ±  2.8 ms - Apply f time
1996.8 ± 26.7 ms - Real f time 
459.7 ± 20.5 ms - Add time
 10.4 ±  1.2 ms - Find child
 13.7 ±  0.4 ms - Add child
455.4 ±  4.1 ms - Hash
198.3 ± 72.3 ms - Map
176.7 ±  2.8 ms - getState
0.14837
0.163751
0.195004
3188.9 ±  0.0 ms - Total time
2604.6 ±  0.0 ms - Build f time
135.7 ±  2.8 ms - Apply f time
2125.0 ± 27.1 ms - Real f time 
493.2 ± 20.6 ms - Add time
 11.9 ±  1.2 ms - Find child
 15.5 ±  0.4 ms - Add child
484.8 ±  4.3 ms - Hash
207.8 ± 72.3 ms - Map
191.0 ±  2.9 ms - getState
Dag sizes: 31677 34158 24231 31772 34115 24452 36712 
brutePieces time: 1.73691
 35.3 ±  0.0 ms - Piece loop time
 50.8 ± 39.7 ms - Set time
 27.8 ±  1.2 ms - Child looking time
Nodes:  217117
Pieces: 7487
makePieces time: 0.0361837
Memory: 11.6 + 13.0 + 6.9 + 32.8 + 1.7 MB
  1.3 ±  0.0 ms - Greedy fill time
composePieces time: 0.0540149
                                                                                