Running only task # 339
Using max depth 23
 |                                        | 0 / 419 (0.0%)Function count: 142
0.0766496
0.0807334
0.0810018
0.0847495
0.0742323
0.0775329
0.07638
0.0798354
0.0729364
0.0778603
 10.0 ±  0.0 ms - Piece loop time
 44.6 ± 42.0 ms - Set time
  7.3 ±  0.7 ms - Child looking time
0.0813347
0.0846639
0.125093
526.0 ±  0.0 ms - Total time
462.5 ±  0.0 ms - Build f time
 12.5 ±  0.5 ms - Apply f time
373.3 ±  5.5 ms - Real f time 
 81.2 ±  5.9 ms - Add time
  1.8 ±  0.2 ms - Find child
  2.7 ±  0.2 ms - Add child
 93.0 ±  1.7 ms - Hash
123.4 ± 62.7 ms - Map
 16.7 ±  0.4 ms - getState
0.0794789
0.0831001
0.132111
658.1 ±  0.0 ms - Total time
542.0 ±  0.0 ms - Build f time
 20.6 ±  0.6 ms - Apply f time
442.5 ±  6.0 ms - Real f time 
106.4 ±  5.9 ms - Add time
  3.3 ±  0.2 ms - Find child
  4.8 ±  0.2 ms - Add child
121.6 ±  1.7 ms - Hash
133.1 ± 62.6 ms - Map
 28.2 ±  0.7 ms - getState
0.0740916
0.0773951
0.118839
777.0 ±  0.0 ms - Total time
616.1 ±  0.0 ms - Build f time
 27.3 ±  0.6 ms - Apply f time
507.9 ±  6.3 ms - Real f time 
128.3 ±  5.9 ms - Add time
  4.8 ±  0.2 ms - Find child
  6.6 ±  0.3 ms - Add child
148.3 ±  1.8 ms - Hash
142.0 ± 62.5 ms - Map
 37.2 ±  0.7 ms - getState
0.0864651
0.0905729
0.138258
915.3 ±  0.0 ms - Total time
702.6 ±  0.0 ms - Build f time
 34.4 ±  0.7 ms - Apply f time
584.4 ±  6.6 ms - Real f time 
154.1 ±  6.0 ms - Add time
  6.4 ±  0.3 ms - Find child
  8.7 ±  0.3 ms - Add child
177.1 ±  1.8 ms - Hash
152.7 ± 62.6 ms - Map
 47.8 ±  0.8 ms - getState
0.0718465
0.0751818
0.117714
1033.1 ±  0.0 ms - Total time
774.4 ±  0.0 ms - Build f time
 41.5 ±  0.8 ms - Apply f time
649.0 ±  6.9 ms - Real f time 
175.3 ±  6.1 ms - Add time
  8.2 ±  0.3 ms - Find child
 10.8 ±  0.4 ms - Add child
202.9 ±  1.9 ms - Hash
162.0 ± 62.6 ms - Map
 57.1 ±  0.8 ms - getState
Dag sizes: 41089 45994 41089 45994 39189 
brutePieces time: 0.63624
 27.7 ±  0.0 ms - Piece loop time
 43.5 ± 36.7 ms - Set time
 18.8 ±  0.8 ms - Child looking time
Nodes:  213355
Pieces: 33114
makePieces time: 0.0285585
Memory: 4.9 + 10.1 + 6.8 + 24.4 + 1.6 MB
 14.7 ±  0.0 ms - Greedy fill time
composePieces time: 0.469076
                                                                                