Running only task # 159
Using max depth 23
 |                                        | 0 / 419 (0.0%)Function count: 142
0.158112
0.174018
0.143587
0.159422
0.179931
0.201147
0.185978
0.210722
0.0130746
0.0140676
0.136231
0.15303
0.144654
0.160705
0.17881
0.200021
0.17795
0.199104
0.0129145
0.0138426
0.182728
0.20269
135.6 ±  0.0 ms - Piece loop time
 61.4 ± 47.0 ms - Set time
106.3 ±  4.4 ms - Child looking time
0.141963
0.157836
0.208245
1897.5 ±  0.0 ms - Total time
1655.9 ±  0.0 ms - Build f time
 74.2 ±  1.1 ms - Apply f time
1328.3 ± 10.0 ms - Real f time 
341.8 ±  4.8 ms - Add time
  6.7 ±  0.3 ms - Find child
 10.2 ±  0.4 ms - Add child
250.2 ±  1.8 ms - Hash
188.9 ± 44.9 ms - Map
 80.5 ±  0.9 ms - getState
0.153215
0.172262
0.227308
2124.9 ±  0.0 ms - Total time
1809.1 ±  0.0 ms - Build f time
 88.8 ±  1.2 ms - Apply f time
1458.5 ± 10.4 ms - Real f time 
388.5 ±  6.9 ms - Add time
 10.7 ±  0.4 ms - Find child
 15.5 ±  0.4 ms - Add child
281.9 ±  1.9 ms - Hash
212.1 ± 44.9 ms - Map
106.1 ±  1.0 ms - getState
0.195665
0.21979
0.28833
2413.2 ±  0.0 ms - Total time
2004.8 ±  0.0 ms - Build f time
107.5 ±  1.4 ms - Apply f time
1625.4 ± 11.7 ms - Real f time 
442.9 ±  7.1 ms - Add time
 15.2 ±  0.4 ms - Find child
 21.2 ±  0.5 ms - Add child
322.0 ±  2.0 ms - Hash
240.0 ± 44.9 ms - Map
138.5 ±  1.2 ms - getState
0.179838
0.208145
0.272202
2685.5 ±  0.0 ms - Total time
2184.6 ±  0.0 ms - Build f time
127.9 ±  1.7 ms - Apply f time
1777.6 ± 12.1 ms - Real f time 
493.5 ±  7.2 ms - Add time
 19.1 ±  0.5 ms - Find child
 26.1 ±  0.6 ms - Add child
362.0 ±  2.1 ms - Hash
264.0 ± 44.8 ms - Map
171.2 ±  1.4 ms - getState
0.014016
0.0151677
0.0170904
2702.6 ±  0.0 ms - Total time
2198.7 ±  0.0 ms - Build f time
128.9 ±  1.7 ms - Apply f time
1792.7 ± 12.1 ms - Real f time 
499.6 ±  7.8 ms - Add time
 19.5 ±  0.5 ms - Find child
 26.7 ±  0.6 ms - Add child
364.7 ±  2.1 ms - Hash
266.8 ± 44.8 ms - Map
172.1 ±  1.4 ms - getState
0.154354
0.172916
0.227612
2930.3 ±  0.0 ms - Total time
2353.0 ±  0.0 ms - Build f time
152.0 ±  7.8 ms - Apply f time
1919.1 ± 12.3 ms - Real f time 
543.4 ±  7.9 ms - Add time
 23.6 ±  0.5 ms - Find child
 32.0 ±  0.7 ms - Add child
396.3 ±  2.2 ms - Hash
292.0 ± 44.8 ms - Map
195.7 ±  1.5 ms - getState
0.146655
0.163718
0.217813
3148.1 ±  0.0 ms - Total time
2499.7 ±  0.0 ms - Build f time
166.7 ±  7.8 ms - Apply f time
2042.1 ± 12.6 ms - Real f time 
584.6 ±  8.0 ms - Add time
 27.4 ±  0.6 ms - Find child
 37.2 ±  0.7 ms - Add child
429.3 ±  2.3 ms - Hash
314.9 ± 44.8 ms - Map
218.6 ±  1.6 ms - getState
0.198838
0.222788
0.290476
3438.7 ±  0.0 ms - Total time
2698.5 ±  0.0 ms - Build f time
186.5 ±  7.9 ms - Apply f time
2207.4 ± 13.1 ms - Real f time 
638.2 ±  8.2 ms - Add time
 32.0 ±  0.6 ms - Find child
 42.9 ±  0.8 ms - Add child
468.8 ±  2.4 ms - Hash
342.0 ± 44.8 ms - Map
250.4 ±  1.9 ms - getState
0.188108
0.211388
0.275722
3714.4 ±  0.0 ms - Total time
2886.6 ±  0.0 ms - Build f time
205.0 ±  7.9 ms - Apply f time
2359.2 ± 13.3 ms - Real f time 
688.2 ±  8.3 ms - Add time
 36.2 ±  0.7 ms - Find child
 48.1 ±  0.8 ms - Add child
508.6 ±  2.5 ms - Hash
367.4 ± 44.8 ms - Map
280.0 ±  2.0 ms - getState
0.0137109
0.0147524
0.016517
3731.0 ±  0.0 ms - Total time
2900.3 ±  0.0 ms - Build f time
205.8 ±  7.9 ms - Apply f time
2372.7 ± 13.3 ms - Real f time 
690.9 ±  8.3 ms - Add time
 36.6 ±  0.7 ms - Find child
 48.6 ±  0.8 ms - Add child
511.5 ±  2.5 ms - Hash
369.6 ± 44.8 ms - Map
280.7 ±  2.0 ms - getState
0.177465
0.199024
0.257676
3988.7 ±  0.0 ms - Total time
3077.8 ±  0.0 ms - Build f time
221.8 ±  8.0 ms - Apply f time
2515.2 ± 13.7 ms - Real f time 
746.5 ±  9.9 ms - Add time
 40.3 ±  0.7 ms - Find child
 53.1 ±  0.9 ms - Add child
550.5 ±  2.6 ms - Hash
392.1 ± 44.8 ms - Map
307.7 ±  2.1 ms - getState
Dag sizes: 88031 87422 94817 91233 8345 87563 87112 94499 90763 8258 88944 
brutePieces time: 2.30734
226.9 ±  0.0 ms - Piece loop time
 67.7 ± 40.4 ms - Set time
181.3 ±  3.3 ms - Child looking time
Nodes:  826987
Pieces: 53
makePieces time: 0.227818
Memory: 16.1 + 47.1 + 26.5 + 59.4 + 8.0 MB
  0.1 ±  0.0 ms - Greedy fill time
composePieces time: 0.0138822
                                                                                