Running only task # 155
Using max depth 23
 |                                        | 0 / 419 (0.0%)Function count: 142
0.0160595
0.0172819
0.00978048
0.0102452
0.00919333
0.00974396
0.00920105
0.00971595
0.0130987
0.0138548
0.0135929
0.0147525
0.0113862
0.0120176
0.00892398
0.00936484
0.00898375
0.00985306
0.0128329
0.0133966
0.0138521
0.0145412
0.0127567
0.0134311
0.00869038
0.00919391
 66.2 ±  0.0 ms - Piece loop time
 41.9 ± 37.1 ms - Set time
 57.2 ±  1.9 ms - Child looking time
0.0113233
0.011866
0.0124026
170.0 ±  0.0 ms - Total time
159.7 ±  0.0 ms - Build f time
  3.6 ±  0.2 ms - Apply f time
155.9 ±  2.3 ms - Real f time 
 27.4 ±  1.3 ms - Add time
  0.7 ±  0.1 ms - Find child
  1.4 ±  0.2 ms - Add child
 29.3 ±  0.9 ms - Hash
 60.7 ± 38.3 ms - Map
  4.5 ±  0.2 ms - getState
0.0121945
0.0129854
0.0138811
183.9 ±  0.0 ms - Total time
171.9 ±  0.0 ms - Build f time
  4.4 ±  0.2 ms - Apply f time
167.1 ±  2.3 ms - Real f time 
 29.3 ±  1.3 ms - Add time
  1.4 ±  0.5 ms - Find child
  1.6 ±  0.2 ms - Add child
 31.2 ±  0.9 ms - Hash
 62.4 ± 38.3 ms - Map
  5.0 ±  0.2 ms - getState
0.0114074
0.011925
0.0124018
196.3 ±  0.0 ms - Total time
183.3 ±  0.0 ms - Build f time
  4.7 ±  0.2 ms - Apply f time
178.0 ±  2.4 ms - Real f time 
 31.4 ±  1.3 ms - Add time
  1.6 ±  0.5 ms - Find child
  1.8 ±  0.2 ms - Add child
 33.2 ±  0.9 ms - Hash
 64.2 ± 38.2 ms - Map
  5.3 ±  0.2 ms - getState
0.00952197
0.0100249
0.0106908
207.1 ±  0.0 ms - Total time
192.8 ±  0.0 ms - Build f time
  5.0 ±  0.2 ms - Apply f time
187.5 ±  2.4 ms - Real f time 
 33.1 ±  1.3 ms - Add time
  1.7 ±  0.5 ms - Find child
  2.0 ±  0.2 ms - Add child
 35.1 ±  1.0 ms - Hash
 66.2 ± 38.3 ms - Map
  5.7 ±  0.2 ms - getState
0.0158219
0.0165095
0.0171759
224.2 ±  0.0 ms - Total time
208.6 ±  0.0 ms - Build f time
  5.6 ±  0.2 ms - Apply f time
203.2 ±  2.4 ms - Real f time 
 35.7 ±  1.3 ms - Add time
  1.9 ±  0.5 ms - Find child
  2.2 ±  0.2 ms - Add child
 38.1 ±  1.0 ms - Hash
 68.6 ± 38.3 ms - Map
  6.2 ±  0.2 ms - getState
0.0139196
0.0148432
0.015553
239.8 ±  0.0 ms - Total time
222.5 ±  0.0 ms - Build f time
  6.1 ±  0.2 ms - Apply f time
216.9 ±  2.5 ms - Real f time 
 38.2 ±  1.4 ms - Add time
  2.1 ±  0.5 ms - Find child
  2.4 ±  0.2 ms - Add child
 40.8 ±  1.0 ms - Hash
 70.8 ± 38.3 ms - Map
  6.8 ±  0.3 ms - getState
0.0114616
0.0120278
0.0126525
252.5 ±  0.0 ms - Total time
234.0 ±  0.0 ms - Build f time
  6.5 ±  0.3 ms - Apply f time
228.6 ±  2.5 ms - Real f time 
 42.0 ±  2.2 ms - Add time
  2.2 ±  0.5 ms - Find child
  2.6 ±  0.2 ms - Add child
 43.1 ±  1.0 ms - Hash
 72.3 ± 38.3 ms - Map
  7.1 ±  0.3 ms - getState
0.0132979
0.0140396
0.0149685
267.5 ±  0.0 ms - Total time
247.3 ±  0.0 ms - Build f time
  7.1 ±  0.3 ms - Apply f time
241.1 ±  2.5 ms - Real f time 
 44.1 ±  2.2 ms - Add time
  2.4 ±  0.5 ms - Find child
  2.9 ±  0.2 ms - Add child
 45.1 ±  1.0 ms - Hash
 74.1 ± 38.3 ms - Map
  7.6 ±  0.3 ms - getState
0.00961615
0.0104371
0.0112809
278.8 ±  0.0 ms - Total time
256.9 ±  0.0 ms - Build f time
  7.6 ±  0.3 ms - Apply f time
250.0 ±  2.5 ms - Real f time 
 46.5 ±  2.3 ms - Add time
  2.5 ±  0.5 ms - Find child
  3.2 ±  0.2 ms - Add child
 47.0 ±  1.0 ms - Hash
 75.7 ± 38.3 ms - Map
  8.1 ±  0.3 ms - getState
0.0111155
0.0116335
0.0121332
290.9 ±  0.0 ms - Total time
268.0 ±  0.0 ms - Build f time
  8.0 ±  0.3 ms - Apply f time
260.0 ±  2.6 ms - Real f time 
 48.8 ±  2.3 ms - Add time
  2.7 ±  0.5 ms - Find child
  3.4 ±  0.2 ms - Add child
 49.0 ±  1.0 ms - Hash
 77.4 ± 38.3 ms - Map
  8.4 ±  0.3 ms - getState
0.0137879
0.0146086
0.0152911
306.2 ±  0.0 ms - Total time
281.8 ±  0.0 ms - Build f time
  8.5 ±  0.3 ms - Apply f time
273.0 ±  2.6 ms - Real f time 
 51.3 ±  2.3 ms - Add time
  2.9 ±  0.5 ms - Find child
  3.5 ±  0.2 ms - Add child
 51.7 ±  1.1 ms - Hash
 79.7 ± 38.3 ms - Map
  8.9 ±  0.3 ms - getState
0.0132427
0.0138907
0.0145866
320.8 ±  0.0 ms - Total time
295.1 ±  0.0 ms - Build f time
  8.8 ±  0.3 ms - Apply f time
285.8 ±  2.6 ms - Real f time 
 53.5 ±  2.3 ms - Add time
  3.0 ±  0.5 ms - Find child
  3.8 ±  0.3 ms - Add child
 54.1 ±  1.1 ms - Hash
 81.8 ± 38.3 ms - Map
  9.3 ±  0.3 ms - getState
0.00897816
0.00946865
0.00994962
330.8 ±  0.0 ms - Total time
304.0 ±  0.0 ms - Build f time
  9.2 ±  0.3 ms - Apply f time
294.8 ±  2.6 ms - Real f time 
 55.1 ±  2.3 ms - Add time
  3.1 ±  0.5 ms - Find child
  3.9 ±  0.3 ms - Add child
 55.9 ±  1.1 ms - Hash
 83.4 ± 38.3 ms - Map
  9.7 ±  0.3 ms - getState
Dag sizes: 5455 4379 4634 4757 6304 6209 5455 4379 4638 4754 6332 6185 4583 
brutePieces time: 0.182557
 65.6 ±  0.0 ms - Piece loop time
 43.7 ± 39.0 ms - Set time
 59.0 ±  1.6 ms - Child looking time
Nodes:  68064
Pieces: 7445
makePieces time: 0.0664812
Memory: 0.3 + 10.1 + 2.2 + 55.6 + 1.8 MB
  0.7 ±  0.0 ms - Greedy fill time
composePieces time: 0.0431505
                                                                                