Running only task # 117
Using max depth 3
 |                                        | 0 / 419 (0.0%)Function count: 142
0.132604
0.142353
0.132648
0.142703
0.145214
0.154799
0.143632
0.153438
0.135483
0.145779
 23.8 ±  0.0 ms - Piece loop time
 50.0 ± 44.3 ms - Set time
 16.3 ±  0.9 ms - Child looking time
0.139458
0.149332
0.365832
1105.1 ±  0.0 ms - Total time
829.0 ±  0.0 ms - Build f time
 47.6 ±  0.9 ms - Apply f time
638.7 ±  6.9 ms - Real f time 
224.6 ±  4.5 ms - Add time
 10.0 ±  1.8 ms - Find child
 12.1 ±  0.4 ms - Add child
193.3 ±  1.4 ms - Hash
144.2 ± 46.0 ms - Map
 66.8 ±  1.6 ms - getState
0.130898
0.140256
0.357089
1462.3 ±  0.0 ms - Total time
959.9 ±  0.0 ms - Build f time
 77.8 ±  1.1 ms - Apply f time
759.8 ±  7.2 ms - Real f time 
316.3 ±  4.7 ms - Add time
 17.9 ±  1.8 ms - Find child
 22.2 ±  0.5 ms - Add child
272.5 ±  1.6 ms - Hash
228.5 ± 63.0 ms - Map
111.6 ±  1.7 ms - getState
0.136809
0.147625
0.358681
1821.0 ±  0.0 ms - Total time
1096.7 ±  0.0 ms - Build f time
110.9 ±  1.3 ms - Apply f time
886.2 ±  7.7 ms - Real f time 
410.1 ±  4.9 ms - Add time
 26.0 ±  1.8 ms - Find child
 33.2 ±  0.6 ms - Add child
352.1 ±  1.8 ms - Hash
268.8 ± 63.0 ms - Map
155.4 ±  1.8 ms - getState
0.133724
0.143139
0.350931
2172.0 ±  0.0 ms - Total time
1230.5 ±  0.0 ms - Build f time
141.2 ±  1.4 ms - Apply f time
1008.5 ±  8.1 ms - Real f time 
502.5 ±  5.1 ms - Add time
 33.4 ±  1.9 ms - Find child
 43.9 ±  0.7 ms - Add child
434.2 ±  4.3 ms - Hash
305.4 ± 62.9 ms - Map
201.8 ±  2.1 ms - getState
0.147027
0.156618
0.37278
2544.8 ±  0.0 ms - Total time
1377.5 ±  0.0 ms - Build f time
172.4 ±  1.5 ms - Apply f time
1144.2 ±  8.7 ms - Real f time 
622.9 ± 19.6 ms - Add time
 41.3 ±  1.9 ms - Find child
 54.6 ±  0.8 ms - Add child
515.1 ±  4.4 ms - Hash
339.4 ± 62.8 ms - Map
259.6 ±  2.3 ms - getState
Dag sizes: 217058 217717 207944 220347 207484 
brutePieces time: 1.80863
120.8 ±  0.0 ms - Piece loop time
 48.7 ± 14.7 ms - Set time
 77.5 ±  2.7 ms - Child looking time
Nodes:  1070550
Pieces: 182444
makePieces time: 0.121746
Memory: 21.2 + 38.8 + 34.3 + 38.1 + 8.4 MB
 42.2 ± 10.2 ms - Greedy fill time
composePieces time: 3.0446
                                                                                