Running only task # 337
Using max depth 3
 |                                        | 0 / 419 (0.0%)Function count: 142
0.151319
0.163323
0.0313982
0.0346906
0.0468475
0.0507194
0.0539579
0.0578672
0.0612039
0.0666131
0.0660339
0.0722642
0.065329
0.0718662
0.0874496
0.0952574
 61.1 ±  0.0 ms - Piece loop time
 45.2 ± 36.1 ms - Set time
 48.3 ±  1.6 ms - Child looking time
0.167682
0.180078
0.288944
901.8 ±  0.0 ms - Total time
731.2 ±  0.0 ms - Build f time
 37.1 ±  0.7 ms - Apply f time
621.6 ±  8.0 ms - Real f time 
164.4 ±  2.6 ms - Add time
  6.8 ±  0.3 ms - Find child
  9.9 ±  0.3 ms - Add child
137.9 ±  1.2 ms - Hash
126.9 ± 39.7 ms - Map
 45.2 ±  0.7 ms - getState
0.0433072
0.0467755
0.0712328
973.1 ±  0.0 ms - Total time
774.5 ±  0.0 ms - Build f time
 44.6 ±  0.8 ms - Apply f time
662.0 ±  8.0 ms - Real f time 
179.9 ±  2.6 ms - Add time
  9.3 ±  0.3 ms - Find child
 13.5 ±  0.4 ms - Add child
149.6 ±  1.3 ms - Hash
140.5 ± 39.7 ms - Map
 50.9 ±  0.7 ms - getState
0.0541877
0.0586528
0.0914655
1064.6 ±  0.0 ms - Total time
828.7 ±  0.0 ms - Build f time
 54.4 ±  0.9 ms - Apply f time
713.3 ±  8.0 ms - Real f time 
199.5 ±  2.7 ms - Add time
 12.2 ±  0.4 ms - Find child
 18.5 ±  0.5 ms - Add child
165.5 ±  1.4 ms - Hash
157.8 ± 39.8 ms - Map
 58.1 ±  0.8 ms - getState
0.0576825
0.0618242
0.0969042
1161.6 ±  0.0 ms - Total time
886.4 ±  0.0 ms - Build f time
 64.0 ±  1.0 ms - Apply f time
767.2 ±  8.1 ms - Real f time 
220.4 ±  2.8 ms - Add time
 15.4 ±  0.4 ms - Find child
 22.6 ±  0.5 ms - Add child
180.5 ±  1.5 ms - Hash
173.6 ± 39.7 ms - Map
 66.3 ±  0.9 ms - getState
0.0650719
0.0702133
0.123341
1284.9 ±  0.0 ms - Total time
951.5 ±  0.0 ms - Build f time
 77.3 ±  1.0 ms - Apply f time
829.5 ±  8.2 ms - Real f time 
248.0 ±  2.8 ms - Add time
 19.5 ±  0.5 ms - Find child
 28.8 ±  0.6 ms - Add child
199.4 ±  1.6 ms - Hash
199.0 ± 40.0 ms - Map
 79.9 ±  1.2 ms - getState
0.07719
0.0829478
0.137448
1422.4 ±  0.0 ms - Total time
1028.7 ±  0.0 ms - Build f time
 90.8 ±  1.1 ms - Apply f time
906.9 ± 10.5 ms - Real f time 
278.3 ±  2.9 ms - Add time
 24.4 ±  0.6 ms - Find child
 34.6 ±  0.7 ms - Add child
220.7 ±  1.6 ms - Hash
220.4 ± 40.0 ms - Map
 93.1 ±  1.2 ms - getState
0.0779069
0.0856194
0.136947
1559.5 ±  0.0 ms - Total time
1106.6 ±  0.0 ms - Build f time
104.2 ±  1.2 ms - Apply f time
979.5 ± 10.6 ms - Real f time 
307.7 ±  3.0 ms - Add time
 28.3 ±  0.6 ms - Find child
 40.4 ±  0.7 ms - Add child
246.3 ±  5.8 ms - Hash
241.7 ± 39.9 ms - Map
107.2 ±  1.3 ms - getState
0.0951747
0.103804
0.176397
1736.0 ±  0.0 ms - Total time
1201.7 ±  0.0 ms - Build f time
121.2 ±  1.2 ms - Apply f time
1072.6 ± 11.3 ms - Real f time 
346.8 ±  3.1 ms - Add time
 33.5 ±  0.7 ms - Find child
 47.0 ±  0.8 ms - Add child
274.0 ±  5.8 ms - Hash
267.8 ± 39.9 ms - Map
126.6 ±  1.3 ms - getState
Dag sizes: 133462 59101 87926 90209 101941 113515 104306 124606 
brutePieces time: 1.13063
230.8 ±  0.0 ms - Piece loop time
 99.6 ± 51.0 ms - Set time
169.9 ±  2.5 ms - Child looking time
Nodes:  815066
Pieces: 103887
makePieces time: 0.2326
Memory: 6.8 + 37.6 + 26.1 + 46.6 + 11.6 MB
  4.8 ±  0.3 ms - Greedy fill time
composePieces time: 1.06791
                                                                                