Running only task # 213
Using max depth 3
 |                                        | 0 / 419 (0.0%)Function count: 142
0.0869401
0.0929903
0.104174
0.115644
0.101438
0.110006
0.119229
0.132724
 16.9 ±  0.0 ms - Piece loop time
 38.1 ± 34.7 ms - Set time
 13.6 ±  0.7 ms - Child looking time
0.0779001
0.0839787
0.134436
586.0 ±  0.0 ms - Total time
489.7 ±  0.0 ms - Build f time
 22.7 ±  0.6 ms - Apply f time
412.0 ±  4.9 ms - Real f time 
 99.9 ±  6.2 ms - Add time
  3.1 ±  0.2 ms - Find child
  3.7 ±  0.2 ms - Add child
 89.8 ±  0.9 ms - Hash
114.5 ± 53.8 ms - Map
 23.5 ±  0.4 ms - getState
0.111939
0.123687
0.190052
776.1 ±  0.0 ms - Total time
601.6 ±  0.0 ms - Build f time
 35.2 ±  0.7 ms - Apply f time
513.8 ±  5.8 ms - Real f time 
142.5 ±  6.6 ms - Add time
  5.6 ±  0.3 ms - Find child
  7.1 ±  0.3 ms - Add child
127.3 ±  1.6 ms - Hash
131.7 ± 53.7 ms - Map
 40.1 ±  0.5 ms - getState
0.0968075
0.105288
0.166737
942.8 ±  0.0 ms - Total time
698.4 ±  0.0 ms - Build f time
 46.5 ±  0.8 ms - Apply f time
604.1 ±  6.4 ms - Real f time 
178.9 ±  6.8 ms - Add time
  7.8 ±  0.3 ms - Find child
 11.2 ±  1.2 ms - Add child
160.0 ±  1.7 ms - Hash
182.9 ± 65.0 ms - Map
 53.7 ±  0.6 ms - getState
0.122699
0.135952
0.206865
1149.7 ±  0.0 ms - Total time
821.1 ±  0.0 ms - Build f time
 60.4 ±  0.9 ms - Apply f time
711.5 ±  6.7 ms - Real f time 
237.3 ± 15.8 ms - Add time
 11.0 ±  0.4 ms - Find child
 14.8 ±  1.3 ms - Add child
199.5 ±  1.8 ms - Hash
200.9 ± 65.0 ms - Map
 70.8 ±  0.7 ms - getState
Dag sizes: 64186 86715 75744 95954 
brutePieces time: 0.70134
 44.5 ±  0.0 ms - Piece loop time
 49.7 ± 36.8 ms - Set time
 42.1 ±  8.2 ms - Child looking time
Nodes:  322599
Pieces: 67129
makePieces time: 0.0454201
Memory: 6.0 + 12.0 + 10.3 + 21.9 + 2.9 MB
 22.4 ±  0.0 ms - Greedy fill time
composePieces time: 0.321109
                                                                                