Running only task # 104
Using max depth 3
 |                                        | 0 / 419 (0.0%)Function count: 142
0.0981591
0.105844
0.136218
0.148679
0.155003
0.173129
0.174237
0.19235
0.203753
0.228179
 35.8 ±  0.0 ms - Piece loop time
 44.0 ± 34.3 ms - Set time
 24.2 ±  1.0 ms - Child looking time
0.0926256
0.0998985
0.203353
1051.8 ±  0.0 ms - Total time
860.0 ±  0.0 ms - Build f time
 43.5 ±  0.9 ms - Apply f time
691.0 ±  6.5 ms - Real f time 
238.9 ± 33.8 ms - Add time
  6.5 ±  0.3 ms - Find child
  8.3 ±  0.3 ms - Add child
167.0 ±  2.0 ms - Hash
120.9 ± 40.3 ms - Map
 50.4 ±  0.8 ms - getState
0.135791
0.148088
0.311909
1363.7 ±  0.0 ms - Total time
995.8 ±  0.0 ms - Build f time
 67.0 ±  1.1 ms - Apply f time
814.1 ±  7.0 ms - Real f time 
320.8 ± 33.8 ms - Add time
 11.4 ±  0.4 ms - Find child
 15.6 ±  0.4 ms - Add child
226.0 ±  2.1 ms - Hash
154.8 ± 40.4 ms - Map
 89.5 ±  1.0 ms - getState
0.144186
0.156597
0.347752
1711.5 ±  0.0 ms - Total time
1140.0 ±  0.0 ms - Build f time
 93.7 ±  1.2 ms - Apply f time
945.7 ±  7.5 ms - Real f time 
429.2 ± 34.6 ms - Add time
 16.5 ±  0.5 ms - Find child
 22.6 ±  0.5 ms - Add child
295.5 ±  2.2 ms - Hash
185.1 ± 40.4 ms - Map
139.3 ±  1.8 ms - getState
0.175766
0.193214
0.472322
2183.9 ±  0.0 ms - Total time
1315.7 ±  0.0 ms - Build f time
129.9 ±  1.4 ms - Apply f time
1108.3 ±  8.0 ms - Real f time 
564.3 ± 34.6 ms - Add time
 23.4 ±  0.5 ms - Find child
 32.6 ±  0.6 ms - Add child
383.9 ±  2.4 ms - Hash
224.3 ± 40.3 ms - Map
218.3 ±  2.1 ms - getState
0.213572
0.23547
0.531393
2715.3 ±  0.0 ms - Total time
1529.3 ±  0.0 ms - Build f time
168.4 ±  1.8 ms - Apply f time
1304.8 ±  9.2 ms - Real f time 
717.7 ± 34.7 ms - Add time
 30.8 ±  0.9 ms - Find child
 41.8 ±  0.7 ms - Add child
487.4 ±  2.5 ms - Hash
264.2 ± 40.4 ms - Map
290.9 ±  2.2 ms - getState
Dag sizes: 155618 214456 212850 248913 264806 
brutePieces time: 1.86952
131.5 ±  0.0 ms - Piece loop time
 53.4 ± 14.2 ms - Set time
 86.1 ±  1.5 ms - Child looking time
Nodes:  1096643
Pieces: 220783
makePieces time: 0.132523
Memory: 23.6 + 31.8 + 35.1 + 38.5 + 11.0 MB
 18.1 ±  0.0 ms - Greedy fill time
composePieces time: 2.48743
                                                                                