Running only task # 174
Using max depth 3
 |                                        | 0 / 419 (0.0%)Function count: 142
0.451141
0.504832
0.37554
0.418534
0.388835
0.438692
0.453642
0.513327
 32.2 ±  0.0 ms - Piece loop time
 65.6 ± 56.4 ms - Set time
 22.0 ±  1.0 ms - Child looking time
0.460952
0.513343
1.10824
2983.9 ±  0.0 ms - Total time
2130.1 ±  0.0 ms - Build f time
140.0 ±  3.2 ms - Apply f time
1817.5 ± 24.4 ms - Real f time 
626.0 ± 19.4 ms - Add time
 12.6 ±  0.4 ms - Find child
 18.6 ±  0.5 ms - Add child
471.9 ±  3.0 ms - Hash
156.1 ± 38.7 ms - Map
223.8 ±  3.0 ms - getState
0.397899
0.440749
1.00514
3989.0 ±  0.0 ms - Total time
2528.0 ±  0.0 ms - Build f time
203.9 ±  3.3 ms - Apply f time
2185.0 ± 25.9 ms - Real f time 
911.2 ± 20.2 ms - Add time
 22.7 ±  0.5 ms - Find child
 31.2 ±  0.6 ms - Add child
685.6 ±  3.3 ms - Hash
217.2 ± 38.7 ms - Map
359.3 ±  3.3 ms - getState
0.407757
0.459587
1.1002
5089.3 ±  0.0 ms - Total time
2935.8 ±  0.0 ms - Build f time
282.9 ±  3.9 ms - Apply f time
2563.8 ± 28.3 ms - Real f time 
1239.0 ± 21.4 ms - Add time
 34.3 ±  0.7 ms - Find child
 46.9 ±  0.8 ms - Add child
914.8 ±  5.6 ms - Hash
285.7 ± 38.7 ms - Map
524.1 ±  5.2 ms - getState
0.434396
0.494206
1.17022
6259.5 ±  0.0 ms - Total time
3370.2 ±  0.0 ms - Build f time
361.7 ±  4.2 ms - Apply f time
2962.1 ± 29.3 ms - Real f time 
1589.6 ± 23.0 ms - Add time
 46.1 ±  0.8 ms - Find child
 62.9 ±  0.9 ms - Add child
1157.2 ±  6.2 ms - Hash
356.8 ± 38.7 ms - Map
694.0 ±  5.5 ms - getState
Dag sizes: 331922 316207 354105 395162 
brutePieces time: 4.38597
155.3 ±  0.0 ms - Piece loop time
 79.0 ± 17.0 ms - Set time
 95.7 ±  1.6 ms - Child looking time
Nodes:  1397396
Pieces: 294290
makePieces time: 0.156417
Memory: 64.7 + 41.4 + 44.7 + 39.1 + 12.1 MB
 36.5 ±  0.0 ms - Greedy fill time
composePieces time: 3.36977
                                                                                