Running only task # 80
Using max depth 3
 |                                        | 0 / 419 (0.0%)Function count: 142
0.0411997
0.0442032
0.0459012
0.049564
0.0508872
0.0562502
0.051849
0.0553663
0.0427877
0.0458187
0.0545846
0.058931
0.0412374
0.0441001
 31.0 ±  0.0 ms - Piece loop time
 40.6 ± 35.4 ms - Set time
 24.6 ±  1.2 ms - Child looking time
0.042791
0.0456914
0.0522087
406.7 ±  0.0 ms - Total time
371.2 ±  0.0 ms - Build f time
 12.1 ±  0.3 ms - Apply f time
325.3 ±  6.1 ms - Real f time 
 73.7 ±  4.6 ms - Add time
  2.3 ±  0.2 ms - Find child
  3.0 ±  0.2 ms - Add child
 62.1 ±  2.4 ms - Hash
 80.9 ± 36.8 ms - Map
 12.5 ±  0.4 ms - getState
0.0468291
0.0504349
0.0574745
464.1 ±  0.0 ms - Total time
418.1 ±  0.0 ms - Build f time
 15.5 ±  0.4 ms - Apply f time
368.7 ±  6.1 ms - Real f time 
 83.2 ±  4.7 ms - Add time
  3.2 ±  0.2 ms - Find child
  4.3 ±  0.2 ms - Add child
 71.9 ±  2.4 ms - Hash
 87.6 ± 36.9 ms - Map
 16.0 ±  0.4 ms - getState
0.0530375
0.0579871
0.0664848
530.7 ±  0.0 ms - Total time
471.1 ±  0.0 ms - Build f time
 19.3 ±  0.5 ms - Apply f time
417.5 ±  6.2 ms - Real f time 
 96.0 ±  4.7 ms - Add time
  4.4 ±  0.2 ms - Find child
  5.8 ±  0.3 ms - Add child
 82.4 ±  2.4 ms - Hash
 95.3 ± 36.9 ms - Map
 20.3 ±  0.5 ms - getState
0.044014
0.0471726
0.0544515
585.1 ±  0.0 ms - Total time
515.1 ±  0.0 ms - Build f time
 22.3 ±  0.5 ms - Apply f time
457.5 ±  6.3 ms - Real f time 
105.7 ±  4.7 ms - Add time
  5.3 ±  0.3 ms - Find child
  7.4 ±  0.3 ms - Add child
 90.7 ±  2.5 ms - Hash
101.7 ± 36.9 ms - Map
 23.6 ±  0.5 ms - getState
0.0446083
0.0478718
0.0548978
640.0 ±  0.0 ms - Total time
559.7 ±  0.0 ms - Build f time
 25.4 ±  0.5 ms - Apply f time
496.3 ±  6.3 ms - Real f time 
118.4 ±  5.7 ms - Add time
  6.8 ±  0.5 ms - Find child
  8.8 ±  0.4 ms - Add child
 99.6 ±  2.5 ms - Hash
108.8 ± 36.9 ms - Map
 26.8 ±  0.5 ms - getState
0.053605
0.0582721
0.0665678
706.6 ±  0.0 ms - Total time
613.3 ±  0.0 ms - Build f time
 29.2 ±  0.6 ms - Apply f time
544.4 ±  6.4 ms - Real f time 
130.7 ±  5.8 ms - Add time
  7.9 ±  0.5 ms - Find child
 10.3 ±  0.4 ms - Add child
110.0 ±  2.5 ms - Hash
118.1 ± 36.9 ms - Map
 30.9 ±  0.6 ms - getState
0.0429333
0.045785
0.0524251
759.1 ±  0.0 ms - Total time
656.3 ±  0.0 ms - Build f time
 32.0 ±  0.6 ms - Apply f time
583.5 ±  6.4 ms - Real f time 
141.5 ±  6.0 ms - Add time
  8.7 ±  0.6 ms - Find child
 11.7 ±  0.4 ms - Add child
119.2 ±  2.5 ms - Hash
125.0 ± 36.9 ms - Map
 33.8 ±  0.6 ms - getState
Dag sizes: 31234 35526 41049 33291 32536 39761 32168 
brutePieces time: 0.409171
 41.6 ±  0.0 ms - Piece loop time
 29.0 ± 22.0 ms - Set time
 32.2 ±  1.3 ms - Child looking time
Nodes:  245565
Pieces: 4825
makePieces time: 0.0421394
Memory: 1.5 + 18.9 + 7.9 + 33.3 + 2.1 MB
  0.6 ±  0.0 ms - Greedy fill time
composePieces time: 0.0279935
                                                                                