Running only task # 64
Using max depth 3
 |                                        | 0 / 419 (0.0%)Function count: 142
0.140498
0.154663
0.140948
0.155355
0.122924
0.135137
0.206574
0.226183
 27.4 ±  0.0 ms - Piece loop time
 44.0 ± 37.6 ms - Set time
 20.8 ±  0.9 ms - Child looking time
0.144909
0.159182
0.319817
991.3 ±  0.0 ms - Total time
755.8 ±  0.0 ms - Build f time
 46.9 ±  0.9 ms - Apply f time
613.8 ±  6.2 ms - Real f time 
229.2 ± 29.8 ms - Add time
  6.6 ±  0.3 ms - Find child
  9.5 ±  0.4 ms - Add child
166.1 ±  2.1 ms - Hash
117.6 ± 46.2 ms - Map
 64.4 ±  1.4 ms - getState
0.144291
0.158279
0.316824
1308.2 ±  0.0 ms - Total time
900.1 ±  0.0 ms - Build f time
 72.4 ±  1.1 ms - Apply f time
746.1 ±  6.7 ms - Real f time 
311.4 ± 30.7 ms - Add time
 13.0 ±  0.4 ms - Find child
 17.4 ±  0.5 ms - Add child
228.9 ±  2.3 ms - Hash
153.1 ± 46.2 ms - Map
104.8 ±  1.5 ms - getState
0.122106
0.135094
0.268345
1576.6 ±  0.0 ms - Total time
1022.2 ±  0.0 ms - Build f time
 94.6 ±  1.2 ms - Apply f time
860.8 ±  7.2 ms - Real f time 
375.6 ± 30.8 ms - Add time
 18.6 ±  0.5 ms - Find child
 26.3 ±  1.0 ms - Add child
288.1 ±  7.9 ms - Hash
185.9 ± 46.2 ms - Map
138.9 ±  1.7 ms - getState
0.223489
0.243708
0.476025
2052.6 ±  0.0 ms - Total time
1245.7 ±  0.0 ms - Build f time
125.2 ±  1.4 ms - Apply f time
1057.5 ± 10.2 ms - Real f time 
497.9 ± 30.8 ms - Add time
 24.5 ±  0.6 ms - Find child
 34.6 ±  1.1 ms - Add child
387.7 ±  8.0 ms - Hash
220.9 ± 46.2 ms - Map
200.5 ±  1.9 ms - getState
Dag sizes: 184586 191187 165159 184830 
brutePieces time: 1.38349
109.3 ±  0.0 ms - Piece loop time
 72.0 ± 37.4 ms - Set time
 73.2 ±  1.1 ms - Child looking time
Nodes:  725762
Pieces: 171225
makePieces time: 0.110692
Memory: 15.8 + 26.3 + 23.2 + 28.4 + 6.9 MB
  8.1 ±  0.0 ms - Greedy fill time
composePieces time: 1.08332
                                                                                