Running only task # 17
Using max depth 23
 |                                        | 0 / 419 (0.0%)Function count: 142
0.132095
0.145334
0.212266
0.238994
0.224832
0.253976
0.139879
0.152273
0.207535
0.234508
0.231229
0.261338
0.199327
0.22045
 75.6 ±  0.0 ms - Piece loop time
 54.6 ± 42.3 ms - Set time
 59.9 ±  1.7 ms - Child looking time
0.135868
0.148586
0.203125
1710.3 ±  0.0 ms - Total time
1483.0 ±  0.0 ms - Build f time
 70.5 ±  1.5 ms - Apply f time
1163.7 ±  8.7 ms - Real f time 
370.8 ± 39.2 ms - Add time
  6.7 ±  0.3 ms - Find child
  8.8 ±  0.3 ms - Add child
234.2 ±  1.9 ms - Hash
157.9 ± 37.4 ms - Map
 75.8 ±  1.1 ms - getState
0.215513
0.236651
0.325831
2036.2 ±  0.0 ms - Total time
1698.5 ±  0.0 ms - Build f time
 92.3 ±  1.6 ms - Apply f time
1357.8 ± 11.7 ms - Real f time 
443.2 ± 39.6 ms - Add time
 11.8 ±  0.4 ms - Find child
 16.1 ±  0.4 ms - Add child
281.6 ±  2.2 ms - Hash
190.7 ± 37.4 ms - Map
114.5 ±  1.3 ms - getState
0.24919
0.277618
0.391224
2427.5 ±  0.0 ms - Total time
1947.7 ±  0.0 ms - Build f time
118.7 ±  1.8 ms - Apply f time
1558.3 ± 12.2 ms - Real f time 
521.5 ± 39.6 ms - Add time
 18.3 ±  0.5 ms - Find child
 24.2 ±  0.5 ms - Add child
339.2 ±  2.4 ms - Hash
231.5 ± 37.4 ms - Map
162.7 ±  1.5 ms - getState
0.136533
0.149033
0.201813
2629.4 ±  0.0 ms - Total time
2084.3 ±  0.0 ms - Build f time
131.6 ±  1.8 ms - Apply f time
1671.6 ± 13.1 ms - Real f time 
559.3 ± 39.6 ms - Add time
 21.7 ±  0.5 ms - Find child
 28.7 ±  0.6 ms - Add child
374.6 ±  3.3 ms - Hash
257.6 ± 37.6 ms - Map
183.2 ±  1.6 ms - getState
0.205443
0.232966
0.317184
2946.6 ±  0.0 ms - Total time
2289.7 ±  0.0 ms - Build f time
153.4 ±  2.0 ms - Apply f time
1845.8 ± 14.1 ms - Real f time 
625.8 ± 39.9 ms - Add time
 26.5 ±  0.6 ms - Find child
 36.2 ±  0.7 ms - Add child
419.1 ±  3.4 ms - Hash
288.0 ± 37.5 ms - Map
222.9 ±  1.8 ms - getState
0.251046
0.281509
0.382897
3329.5 ±  0.0 ms - Total time
2540.8 ±  0.0 ms - Build f time
178.5 ±  2.1 ms - Apply f time
2050.9 ± 14.6 ms - Real f time 
701.9 ± 39.9 ms - Add time
 32.2 ±  0.6 ms - Find child
 44.3 ±  0.8 ms - Add child
476.1 ±  3.4 ms - Hash
324.7 ± 37.5 ms - Map
269.1 ±  2.1 ms - getState
0.204139
0.22503
0.312652
3642.2 ±  0.0 ms - Total time
2744.9 ±  0.0 ms - Build f time
199.8 ±  2.3 ms - Apply f time
2216.0 ± 14.9 ms - Real f time 
764.4 ± 39.9 ms - Add time
 37.5 ±  0.7 ms - Find child
 51.3 ±  0.8 ms - Add child
524.6 ±  3.5 ms - Hash
354.5 ± 37.5 ms - Map
305.2 ±  2.1 ms - getState
Dag sizes: 87952 117869 146570 87224 118562 146426 122756 
brutePieces time: 2.13956
172.8 ±  0.0 ms - Piece loop time
 77.0 ± 40.0 ms - Set time
120.8 ±  2.2 ms - Child looking time
Nodes:  827359
Pieces: 8510
makePieces time: 0.173999
Memory: 16.0 + 43.4 + 26.5 + 42.6 + 7.4 MB
  0.4 ±  0.0 ms - Greedy fill time
composePieces time: 0.052332
                                                                                