Running only task # 121
Using max depth 23
 |                                        | 0 / 419 (0.0%)Function count: 142
0.0634787
0.0718221
0.0500254
0.0552721
0.0646573
0.0769987
0.065139
0.07364
0.0497614
0.0567852
0.0683512
0.0770956
0.0729176
0.0827637
 24.6 ±  0.0 ms - Piece loop time
 42.9 ± 38.1 ms - Set time
 18.7 ±  1.1 ms - Child looking time
0.0745033
0.0822116
0.149684
644.4 ±  0.0 ms - Total time
508.8 ±  0.0 ms - Build f time
 32.7 ±  0.7 ms - Apply f time
419.0 ±  4.0 ms - Real f time 
127.3 ±  8.2 ms - Add time
  5.0 ±  0.3 ms - Find child
  6.4 ±  0.3 ms - Add child
 99.9 ±  1.0 ms - Hash
105.3 ± 45.0 ms - Map
 36.0 ±  0.6 ms - getState
0.049881
0.0554223
0.0992981
743.8 ±  0.0 ms - Total time
558.7 ±  0.0 ms - Build f time
 42.7 ±  0.7 ms - Apply f time
465.8 ±  4.1 ms - Real f time 
149.1 ±  8.2 ms - Add time
  7.8 ±  0.3 ms - Find child
 10.2 ±  0.4 ms - Add child
117.6 ±  1.3 ms - Hash
118.9 ± 45.0 ms - Map
 47.2 ±  0.7 ms - getState
0.0736142
0.0846834
0.15884
902.7 ±  0.0 ms - Total time
632.3 ±  0.0 ms - Build f time
 57.6 ±  0.9 ms - Apply f time
539.9 ±  6.3 ms - Real f time 
190.6 ±  9.2 ms - Add time
 10.8 ±  0.4 ms - Find child
 15.3 ±  0.4 ms - Add child
145.1 ±  1.5 ms - Hash
137.4 ± 45.1 ms - Map
 70.0 ±  0.8 ms - getState
0.0656641
0.0765932
0.142415
1045.1 ±  0.0 ms - Total time
698.0 ±  0.0 ms - Build f time
 71.3 ±  1.0 ms - Apply f time
601.3 ±  6.4 ms - Real f time 
223.9 ±  9.2 ms - Add time
 13.5 ±  0.4 ms - Find child
 20.1 ±  0.6 ms - Add child
170.5 ±  1.6 ms - Hash
153.0 ± 45.1 ms - Map
 87.8 ±  0.9 ms - getState
0.0519865
0.057296
0.0982582
1143.4 ±  0.0 ms - Total time
750.0 ±  0.0 ms - Build f time
 80.9 ±  1.0 ms - Apply f time
647.6 ±  6.5 ms - Real f time 
245.9 ±  9.2 ms - Add time
 15.9 ±  0.5 ms - Find child
 23.8 ±  0.6 ms - Add child
187.4 ±  1.6 ms - Hash
165.4 ± 45.1 ms - Map
 97.9 ±  0.9 ms - getState
0.072108
0.0807333
0.16386
1307.3 ±  0.0 ms - Total time
822.1 ±  0.0 ms - Build f time
 95.4 ±  1.1 ms - Apply f time
716.0 ±  6.7 ms - Real f time 
283.5 ±  9.3 ms - Add time
 19.1 ±  0.5 ms - Find child
 28.8 ±  0.7 ms - Add child
213.9 ±  1.7 ms - Hash
185.5 ± 45.1 ms - Map
122.2 ±  1.3 ms - getState
0.0785231
0.0875856
0.173503
1480.9 ±  0.0 ms - Total time
900.6 ±  0.0 ms - Build f time
110.0 ±  1.2 ms - Apply f time
786.7 ±  7.0 ms - Real f time 
328.5 ±  9.5 ms - Add time
 22.5 ±  0.5 ms - Find child
 33.2 ±  0.7 ms - Add child
246.6 ±  1.8 ms - Hash
204.0 ± 45.1 ms - Map
143.6 ±  1.3 ms - getState
Dag sizes: 87253 66887 96568 87164 66904 96612 92039 
brutePieces time: 0.992412
 86.7 ±  0.0 ms - Piece loop time
 56.4 ± 37.3 ms - Set time
 60.8 ±  1.4 ms - Child looking time
Nodes:  593427
Pieces: 79145
makePieces time: 0.0880133
Memory: 8.3 + 22.5 + 19.0 + 38.9 + 5.5 MB
350.4 ± 85.0 ms - Greedy fill time
composePieces time: 2.17523
                                                                                