Running only task # 307
Using max depth 23
 |                                        | 0 / 419 (0.0%)Function count: 142
0.192294
0.211076
0.187489
0.204486
0.184213
0.205107
0.200926
0.219836
0.188475
0.206863
0.185335
0.205324
0.196767
0.216269
 63.8 ±  0.0 ms - Piece loop time
 53.2 ± 39.1 ms - Set time
 49.9 ±  1.8 ms - Child looking time
0.193359
0.213963
0.371036
1840.4 ±  0.0 ms - Total time
1528.9 ±  0.0 ms - Build f time
 72.8 ±  1.3 ms - Apply f time
1230.8 ± 10.5 ms - Real f time 
372.9 ± 31.4 ms - Add time
  7.7 ±  0.3 ms - Find child
 10.8 ±  0.4 ms - Add child
268.7 ±  5.0 ms - Hash
213.1 ± 59.1 ms - Map
 90.0 ±  1.1 ms - getState
0.193056
0.210763
0.395789
2236.3 ±  0.0 ms - Total time
1721.9 ±  0.0 ms - Build f time
102.1 ±  1.5 ms - Apply f time
1402.8 ± 11.1 ms - Real f time 
466.2 ± 31.5 ms - Add time
 14.4 ±  0.4 ms - Find child
 18.7 ±  0.5 ms - Add child
340.4 ±  5.1 ms - Hash
255.4 ± 59.2 ms - Map
139.6 ±  1.5 ms - getState
0.19344
0.213347
0.377248
2613.6 ±  0.0 ms - Total time
1915.4 ±  0.0 ms - Build f time
129.7 ±  1.7 ms - Apply f time
1581.4 ± 12.3 ms - Real f time 
561.4 ± 34.3 ms - Add time
 20.1 ±  0.5 ms - Find child
 26.9 ±  0.6 ms - Add child
407.1 ±  5.1 ms - Hash
298.0 ± 59.1 ms - Map
182.9 ±  1.6 ms - getState
0.201687
0.221939
0.3946
3008.2 ±  0.0 ms - Total time
2117.0 ±  0.0 ms - Build f time
159.5 ±  1.8 ms - Apply f time
1768.3 ± 13.4 ms - Real f time 
649.2 ± 34.3 ms - Add time
 25.5 ±  0.6 ms - Find child
 35.1 ±  0.7 ms - Add child
477.6 ±  5.1 ms - Hash
337.1 ± 59.1 ms - Map
229.5 ±  1.8 ms - getState
0.193628
0.212444
0.394067
3402.3 ±  0.0 ms - Total time
2310.7 ±  0.0 ms - Build f time
188.1 ±  1.9 ms - Apply f time
1940.9 ± 14.4 ms - Real f time 
738.8 ± 34.3 ms - Add time
 31.3 ±  0.6 ms - Find child
 44.3 ±  1.4 ms - Add child
549.0 ±  5.2 ms - Hash
378.5 ± 59.0 ms - Map
279.6 ±  2.2 ms - getState
0.199715
0.217113
0.396955
3799.3 ±  0.0 ms - Total time
2510.4 ±  0.0 ms - Build f time
217.6 ±  2.0 ms - Apply f time
2124.7 ± 15.9 ms - Real f time 
826.7 ± 34.3 ms - Add time
 38.0 ±  0.7 ms - Find child
 53.2 ±  1.4 ms - Add child
616.8 ±  5.2 ms - Hash
422.1 ± 59.0 ms - Map
327.3 ±  2.3 ms - getState
0.200052
0.219331
0.400875
4200.3 ±  0.0 ms - Total time
2710.4 ±  0.0 ms - Build f time
248.1 ±  2.3 ms - Apply f time
2310.0 ± 17.3 ms - Real f time 
916.5 ± 34.4 ms - Add time
 44.5 ±  0.8 ms - Find child
 61.7 ±  1.5 ms - Add child
692.6 ±  8.7 ms - Hash
465.7 ± 59.0 ms - Map
376.2 ±  2.4 ms - getState
Dag sizes: 166184 179052 187205 168166 177560 190224 189722 
brutePieces time: 2.73599
241.6 ±  0.0 ms - Piece loop time
100.3 ± 41.7 ms - Set time
162.4 ±  2.5 ms - Child looking time
Nodes:  1258113
Pieces: 177456
makePieces time: 0.243523
Memory: 25.3 + 42.2 + 40.3 + 49.5 + 11.6 MB
 47.8 ±  1.9 ms - Greedy fill time
composePieces time: 5.78172
                                                                                