Running only task # 212
Using max depth 3
 |                                        | 0 / 419 (0.0%)Function count: 142
1.92906
2.28735
2.11272
2.49093
1.73163
2.0483
2.15747
2.54413
2.03022
2.41523
 33.9 ±  0.0 ms - Piece loop time
 24.7 ± 17.6 ms - Set time
 27.4 ±  1.3 ms - Child looking time
1.96895
2.33065
2.91724
14703.4 ±  0.0 ms - Total time
11930.0 ±  0.0 ms - Build f time
998.5 ± 22.1 ms - Apply f time
10828.1 ± 208.2 ms - Real f time 
2799.0 ± 155.8 ms - Add time
 12.7 ±  0.4 ms - Find child
 19.3 ±  0.5 ms - Add child
1231.6 ± 10.6 ms - Hash
179.7 ± 36.0 ms - Map
1056.5 ± 16.0 ms - getState
2.14893
2.51722
2.97012
17673.6 ±  0.0 ms - Total time
14079.0 ±  0.0 ms - Build f time
1204.2 ± 24.8 ms - Apply f time
12755.0 ± 222.1 ms - Real f time 
3359.5 ± 157.4 ms - Add time
 20.2 ±  0.5 ms - Find child
 29.6 ±  0.6 ms - Add child
1519.5 ± 11.6 ms - Hash
221.6 ± 36.0 ms - Map
1364.6 ± 18.4 ms - getState
1.71553
2.04191
2.61851
20292.1 ±  0.0 ms - Total time
15794.5 ±  0.0 ms - Build f time
1382.7 ± 26.1 ms - Apply f time
14319.9 ± 232.5 ms - Real f time 
3867.4 ± 157.8 ms - Add time
 28.3 ±  0.6 ms - Find child
 42.2 ±  0.7 ms - Add child
1835.7 ± 12.4 ms - Hash
269.0 ± 36.0 ms - Map
1708.1 ± 19.9 ms - getState
2.11413
2.53341
3.08016
23372.3 ±  0.0 ms - Total time
17908.6 ±  0.0 ms - Build f time
1605.1 ± 28.1 ms - Apply f time
16300.7 ± 245.0 ms - Real f time 
4456.2 ± 158.9 ms - Add time
 36.9 ±  0.7 ms - Find child
 55.2 ±  0.8 ms - Add child
2147.0 ± 15.3 ms - Hash
315.9 ± 36.0 ms - Map
2079.0 ± 21.6 ms - getState
2.01106
2.3873
2.94853
26320.9 ±  0.0 ms - Total time
19919.7 ±  0.0 ms - Build f time
1818.6 ± 29.7 ms - Apply f time
18017.3 ± 251.6 ms - Real f time 
5037.7 ± 159.9 ms - Add time
 45.9 ±  0.8 ms - Find child
 67.9 ±  0.9 ms - Add child
2465.7 ± 16.8 ms - Hash
364.7 ± 36.0 ms - Map
2431.4 ± 23.3 ms - getState
Dag sizes: 240235 196579 243259 192918 214713 
brutePieces time: 14.537
134.3 ±  0.0 ms - Piece loop time
 70.8 ± 35.3 ms - Set time
 95.8 ±  2.0 ms - Child looking time
Nodes:  1087704
Pieces: 114221
makePieces time: 0.135473
Memory: 150.1 + 39.8 + 34.8 + 38.4 + 8.7 MB
 20.5 ± 13.2 ms - Greedy fill time
composePieces time: 0.858675
                                                                                