Running only task # 16
Using max depth 23
 |                                        | 0 / 419 (0.0%)Function count: 142
0.116359
0.125564
0.122495
0.130576
0.115857
0.12437
0.106139
0.115977
0.11667
0.12502
0.113924
0.122142
0.121161
0.129526
 23.7 ±  0.0 ms - Piece loop time
 45.5 ± 39.7 ms - Set time
 16.3 ±  1.1 ms - Child looking time
0.108661
0.116767
0.231153
1104.6 ±  0.0 ms - Total time
921.3 ±  0.0 ms - Build f time
 38.7 ±  3.5 ms - Apply f time
719.3 ±  7.8 ms - Real f time 
184.9 ±  5.1 ms - Add time
  5.0 ±  0.2 ms - Find child
  6.7 ±  0.3 ms - Add child
203.5 ±  1.2 ms - Hash
109.0 ± 38.4 ms - Map
 49.6 ±  1.7 ms - getState
0.120305
0.128623
0.251594
1356.3 ±  0.0 ms - Total time
1041.6 ±  0.0 ms - Build f time
 56.9 ±  3.6 ms - Apply f time
831.7 ±  9.0 ms - Real f time 
265.4 ± 21.3 ms - Add time
  8.6 ±  0.3 ms - Find child
 12.0 ±  0.4 ms - Add child
259.9 ±  1.5 ms - Hash
130.6 ± 38.4 ms - Map
 77.3 ±  1.8 ms - getState
0.11903
0.126722
0.241447
1597.8 ±  0.0 ms - Total time
1160.6 ±  0.0 ms - Build f time
 73.6 ±  3.6 ms - Apply f time
937.4 ±  9.7 ms - Real f time 
322.0 ± 21.3 ms - Add time
 12.3 ±  0.4 ms - Find child
 16.7 ±  0.5 ms - Add child
316.1 ±  1.9 ms - Hash
152.0 ± 38.4 ms - Map
103.4 ±  1.9 ms - getState
0.109431
0.11694
0.227088
1824.9 ±  0.0 ms - Total time
1270.0 ±  0.0 ms - Build f time
 90.8 ±  3.7 ms - Apply f time
1035.7 ± 10.0 ms - Real f time 
399.1 ± 27.3 ms - Add time
 16.0 ±  0.4 ms - Find child
 21.5 ±  0.5 ms - Add child
367.2 ±  1.9 ms - Hash
174.1 ± 38.5 ms - Map
128.6 ±  1.9 ms - getState
0.125852
0.138102
0.260752
2085.7 ±  0.0 ms - Total time
1395.9 ±  0.0 ms - Build f time
110.6 ±  3.7 ms - Apply f time
1151.4 ± 11.2 ms - Real f time 
457.8 ± 27.3 ms - Add time
 20.0 ±  0.5 ms - Find child
 26.8 ±  0.6 ms - Add child
423.1 ±  2.0 ms - Hash
195.8 ± 38.4 ms - Map
157.7 ±  2.0 ms - getState
0.119769
0.127755
0.250272
2336.0 ±  0.0 ms - Total time
1515.6 ±  0.0 ms - Build f time
128.8 ±  3.8 ms - Apply f time
1254.4 ± 11.4 ms - Real f time 
514.2 ± 27.3 ms - Add time
 24.0 ±  0.5 ms - Find child
 32.1 ±  0.6 ms - Add child
477.8 ±  2.1 ms - Hash
216.4 ± 38.4 ms - Map
186.9 ±  2.0 ms - getState
0.125172
0.133275
0.260423
2596.5 ±  0.0 ms - Total time
1640.8 ±  0.0 ms - Build f time
148.1 ±  3.9 ms - Apply f time
1363.6 ± 11.7 ms - Real f time 
572.6 ± 27.3 ms - Add time
 27.9 ±  0.6 ms - Find child
 37.5 ±  0.7 ms - Add child
541.6 ±  6.8 ms - Hash
239.8 ± 38.4 ms - Map
220.1 ±  3.8 ms - getState
Dag sizes: 100931 108770 102690 100937 108746 102773 107413 
brutePieces time: 1.72871
 75.4 ±  0.0 ms - Piece loop time
 73.7 ± 50.4 ms - Set time
 45.6 ±  1.8 ms - Child looking time
Nodes:  732260
Pieces: 82656
makePieces time: 0.0770334
Memory: 17.8 + 29.7 + 23.4 + 41.1 + 5.6 MB
141.8 ± 13.3 ms - Greedy fill time
composePieces time: 3.98291
                                                                                