Running only task # 231
Using max depth 23
 |                                        | 0 / 419 (0.0%)Function count: 142
0.0950727
0.101735
0.0413969
0.0455947
0.114956
0.123805
0.115939
0.122984
0.090736
0.0966267
0.0388927
0.0415729
0.107275
0.114452
0.126711
0.133646
0.237915
0.247517
 31.3 ±  0.0 ms - Piece loop time
 42.4 ± 38.3 ms - Set time
 26.9 ±  1.2 ms - Child looking time
0.0981777
0.104185
0.163988
1192.4 ±  0.0 ms - Total time
1067.1 ±  0.0 ms - Build f time
 25.4 ±  0.8 ms - Apply f time
814.3 ± 14.6 ms - Real f time 
171.3 ±  5.3 ms - Add time
  3.0 ±  0.2 ms - Find child
  5.1 ±  0.2 ms - Add child
216.6 ±  2.2 ms - Hash
101.9 ± 43.0 ms - Map
 43.4 ±  1.2 ms - getState
0.0348523
0.0374756
0.0549998
1247.4 ±  0.0 ms - Total time
1101.9 ±  0.0 ms - Build f time
 29.3 ±  0.9 ms - Apply f time
846.6 ± 14.8 ms - Real f time 
186.4 ±  6.2 ms - Add time
  4.3 ±  0.2 ms - Find child
  6.7 ±  0.3 ms - Add child
227.0 ±  2.3 ms - Hash
107.5 ± 43.0 ms - Map
 48.6 ±  1.3 ms - getState
0.106745
0.113209
0.190036
1437.5 ±  0.0 ms - Total time
1208.7 ±  0.0 ms - Build f time
 40.8 ±  0.9 ms - Apply f time
939.3 ± 15.7 ms - Real f time 
225.0 ±  6.3 ms - Add time
  6.1 ±  0.3 ms - Find child
  9.6 ±  0.3 ms - Add child
269.7 ±  2.3 ms - Hash
120.8 ± 43.1 ms - Map
 69.4 ±  1.4 ms - getState
0.11751
0.124451
0.201309
1638.9 ±  0.0 ms - Total time
1326.2 ±  0.0 ms - Build f time
 50.0 ±  1.0 ms - Apply f time
1026.5 ± 15.9 ms - Real f time 
263.2 ±  6.5 ms - Add time
  7.9 ±  0.3 ms - Find child
 11.6 ±  0.4 ms - Add child
323.8 ±  7.1 ms - Hash
131.7 ± 43.1 ms - Map
 88.7 ±  1.4 ms - getState
0.0852395
0.0909481
0.147855
1786.8 ±  0.0 ms - Total time
1411.4 ±  0.0 ms - Build f time
 59.4 ±  1.0 ms - Apply f time
1099.7 ± 16.0 ms - Real f time 
293.0 ±  6.5 ms - Add time
 10.1 ±  0.4 ms - Find child
 14.4 ±  0.4 ms - Add child
355.7 ±  7.1 ms - Hash
144.4 ± 43.1 ms - Map
103.1 ±  1.5 ms - getState
0.0379771
0.0405641
0.0611257
1847.9 ±  0.0 ms - Total time
1449.4 ±  0.0 ms - Build f time
 63.9 ±  1.1 ms - Apply f time
1131.4 ± 16.0 ms - Real f time 
304.0 ±  6.6 ms - Add time
 11.2 ±  0.4 ms - Find child
 16.1 ±  0.4 ms - Add child
366.1 ±  7.1 ms - Hash
149.6 ± 43.1 ms - Map
109.1 ±  1.5 ms - getState
0.10471
0.111269
0.185573
2033.5 ±  0.0 ms - Total time
1554.1 ±  0.0 ms - Build f time
 75.7 ±  1.2 ms - Apply f time
1219.4 ± 16.2 ms - Real f time 
355.5 ± 14.6 ms - Add time
 13.6 ±  0.4 ms - Find child
 19.0 ±  0.5 ms - Add child
408.1 ±  7.1 ms - Hash
162.9 ± 43.1 ms - Map
128.4 ±  1.6 ms - getState
0.12581
0.133024
0.218991
2252.6 ±  0.0 ms - Total time
1679.9 ±  0.0 ms - Build f time
 91.1 ±  3.6 ms - Apply f time
1319.8 ± 16.4 ms - Real f time 
399.6 ± 14.7 ms - Add time
 15.7 ±  0.4 ms - Find child
 21.6 ±  0.5 ms - Add child
458.0 ±  7.2 ms - Hash
175.0 ± 43.1 ms - Map
152.1 ±  1.8 ms - getState
0.249926
0.259575
0.431494
2684.1 ±  0.0 ms - Total time
1929.8 ±  0.0 ms - Build f time
107.7 ±  3.6 ms - Apply f time
1557.4 ± 48.6 ms - Real f time 
495.9 ± 15.0 ms - Add time
 17.9 ±  0.5 ms - Find child
 24.7 ±  0.5 ms - Add child
563.2 ±  7.4 ms - Hash
188.5 ± 43.1 ms - Map
194.6 ±  2.1 ms - getState
Dag sizes: 61347 24445 60487 53853 61347 24445 60500 53853 58619 
brutePieces time: 1.66355
 77.5 ±  0.0 ms - Piece loop time
 29.4 ± 16.4 ms - Set time
 60.2 ±  1.6 ms - Child looking time
Nodes:  458896
Pieces: 50393
makePieces time: 0.0783563
Memory: 15.4 + 19.7 + 14.7 + 45.1 + 4.5 MB
 95.8 ±  7.1 ms - Greedy fill time
composePieces time: 3.13664
                                                                                