Running only task # 262
Using max depth 23
 |                                        | 0 / 419 (0.0%)Function count: 142
0.0755506
0.0827102
0.0510701
0.0577377
0.0257606
0.0278558
0.0212316
0.0233738
0.0770158
0.0859271
0.0563409
0.0610647
0.02432
0.0268963
0.0214732
0.0235045
0.0808413
0.0873017
 98.1 ±  0.0 ms - Piece loop time
 45.1 ± 36.1 ms - Set time
 82.8 ±  1.7 ms - Child looking time
0.10317
0.11024
0.207587
684.3 ±  0.0 ms - Total time
536.8 ±  0.0 ms - Build f time
 30.1 ±  0.6 ms - Apply f time
459.5 ±  4.8 ms - Real f time 
136.0 ±  5.4 ms - Add time
  6.6 ±  0.3 ms - Find child
  7.9 ±  0.3 ms - Add child
100.1 ±  1.0 ms - Hash
124.1 ± 39.8 ms - Map
 38.1 ±  3.7 ms - getState
0.0791583
0.0850144
0.17214
856.5 ±  0.0 ms - Total time
615.9 ±  0.0 ms - Build f time
 45.5 ±  0.7 ms - Apply f time
533.6 ±  5.0 ms - Real f time 
182.6 ±  7.1 ms - Add time
 10.4 ±  0.4 ms - Find child
 13.5 ±  0.4 ms - Add child
130.2 ±  1.2 ms - Hash
157.5 ± 40.4 ms - Map
 57.1 ±  3.8 ms - getState
0.0330633
0.0353223
0.0582715
914.9 ±  0.0 ms - Total time
649.0 ±  0.0 ms - Build f time
 51.3 ±  0.8 ms - Apply f time
564.0 ±  5.1 ms - Real f time 
194.5 ±  7.1 ms - Add time
 12.0 ±  0.4 ms - Find child
 15.6 ±  0.4 ms - Add child
138.8 ±  1.2 ms - Hash
167.8 ± 40.4 ms - Map
 62.8 ±  3.8 ms - getState
0.0292238
0.0315974
0.0468913
961.8 ±  0.0 ms - Total time
678.2 ±  0.0 ms - Build f time
 55.3 ±  0.8 ms - Apply f time
591.0 ±  5.2 ms - Real f time 
203.7 ±  7.1 ms - Add time
 13.4 ±  0.4 ms - Find child
 17.2 ±  0.5 ms - Add child
146.8 ±  1.2 ms - Hash
175.4 ± 40.4 ms - Map
 66.7 ±  3.8 ms - getState
0.105174
0.116275
0.220701
1182.6 ±  0.0 ms - Total time
783.4 ±  0.0 ms - Build f time
 75.2 ±  0.9 ms - Apply f time
686.0 ±  5.4 ms - Real f time 
255.6 ±  7.2 ms - Add time
 18.7 ±  0.5 ms - Find child
 24.1 ±  0.5 ms - Add child
187.4 ±  3.6 ms - Hash
209.2 ± 40.4 ms - Map
 90.5 ±  3.8 ms - getState
0.0766012
0.0824332
0.168697
1351.3 ±  0.0 ms - Total time
860.0 ±  0.0 ms - Build f time
 90.8 ±  1.0 ms - Apply f time
757.4 ±  5.7 ms - Real f time 
298.1 ±  7.2 ms - Add time
 23.1 ±  0.5 ms - Find child
 29.7 ±  0.6 ms - Add child
217.4 ±  3.6 ms - Hash
237.1 ± 40.4 ms - Map
108.7 ±  3.8 ms - getState
0.0309401
0.0332429
0.0545037
1405.9 ±  0.0 ms - Total time
890.9 ±  0.0 ms - Build f time
 95.9 ±  1.0 ms - Apply f time
788.1 ±  6.1 ms - Real f time 
309.9 ±  7.2 ms - Add time
 24.8 ±  0.6 ms - Find child
 32.9 ±  0.9 ms - Add child
226.2 ±  3.6 ms - Hash
247.5 ± 40.4 ms - Map
114.9 ±  3.8 ms - getState
0.0282321
0.0306006
0.0457727
1451.8 ±  0.0 ms - Total time
919.2 ±  0.0 ms - Build f time
100.1 ±  1.0 ms - Apply f time
813.4 ±  6.1 ms - Real f time 
319.6 ±  7.2 ms - Add time
 25.9 ±  0.6 ms - Find child
 34.5 ±  0.9 ms - Add child
233.8 ±  3.6 ms - Hash
255.1 ± 40.4 ms - Map
119.0 ±  3.8 ms - getState
0.112291
0.119826
0.2522
1704.0 ±  0.0 ms - Total time
1031.4 ±  0.0 ms - Build f time
120.8 ±  1.1 ms - Apply f time
913.6 ±  6.6 ms - Real f time 
382.1 ±  7.3 ms - Add time
 31.4 ±  0.6 ms - Find child
 41.3 ±  0.9 ms - Add child
280.1 ±  3.7 ms - Hash
290.1 ± 40.3 ms - Map
148.5 ±  3.9 ms - getState
Dag sizes: 161682 130600 35190 32300 163027 130551 35181 32290 166825 
brutePieces time: 1.23531
382.0 ±  0.0 ms - Piece loop time
119.6 ± 62.0 ms - Set time
303.3 ±  3.3 ms - Child looking time
Nodes:  887646
Pieces: 173272
makePieces time: 0.384752
Memory: 9.4 + 33.1 + 28.4 + 52.0 + 14.8 MB
 28.5 ±  2.3 ms - Greedy fill time
composePieces time: 3.8162
                                                                                