Running only task # 165
Using max depth 3
 |                                        | 0 / 419 (0.0%)Function count: 142
0.252921
0.279327
0.283507
0.314368
0.300241
0.341728
0.280726
0.31154
 40.2 ±  0.0 ms - Piece loop time
 30.3 ± 17.9 ms - Set time
 27.3 ±  1.1 ms - Child looking time
0.242138
0.264269
0.489049
1736.3 ±  0.0 ms - Total time
1359.5 ±  0.0 ms - Build f time
 85.9 ±  2.4 ms - Apply f time
1043.0 ± 11.6 ms - Real f time 
331.4 ±  3.8 ms - Add time
 12.5 ±  0.4 ms - Find child
 16.8 ±  0.5 ms - Add child
284.4 ±  1.7 ms - Hash
158.1 ± 46.9 ms - Map
111.7 ±  1.6 ms - getState
0.292577
0.322631
0.559451
2295.7 ±  0.0 ms - Total time
1652.1 ±  0.0 ms - Build f time
129.9 ±  2.5 ms - Apply f time
1280.8 ± 12.3 ms - Real f time 
457.1 ±  4.3 ms - Add time
 22.5 ±  0.5 ms - Find child
 30.6 ±  0.6 ms - Add child
394.6 ±  2.1 ms - Hash
209.3 ± 47.0 ms - Map
182.3 ±  1.9 ms - getState
0.303676
0.337162
0.609361
2905.1 ±  0.0 ms - Total time
1955.8 ±  0.0 ms - Build f time
180.3 ±  2.7 ms - Apply f time
1534.5 ± 13.4 ms - Real f time 
603.9 ±  6.3 ms - Add time
 33.7 ±  0.7 ms - Find child
 46.2 ±  0.8 ms - Add child
514.4 ±  2.6 ms - Hash
267.4 ± 47.1 ms - Map
262.9 ±  3.0 ms - getState
0.286354
0.314589
0.576757
3481.9 ±  0.0 ms - Total time
2242.1 ±  0.0 ms - Build f time
231.2 ±  3.4 ms - Apply f time
1776.9 ± 14.1 ms - Real f time 
739.4 ±  6.6 ms - Add time
 45.4 ±  0.8 ms - Find child
 61.6 ±  0.9 ms - Add child
628.4 ±  2.9 ms - Hash
321.5 ± 47.0 ms - Map
335.9 ±  3.2 ms - getState
Dag sizes: 189518 226520 248683 245124 
brutePieces time: 2.23663
152.5 ±  0.0 ms - Piece loop time
 89.0 ± 44.8 ms - Set time
100.9 ±  1.5 ms - Child looking time
Nodes:  909845
Pieces: 53552
makePieces time: 0.153753
Memory: 24.0 + 43.9 + 29.1 + 31.3 + 7.1 MB
  0.6 ±  0.0 ms - Greedy fill time
composePieces time: 0.114763
                                                                                