Running only task # 248
Using max depth 3
 |                                        | 0 / 419 (0.0%)Function count: 142
0.0297324
0.0319492
0.0282608
0.0298836
0.0272617
0.0290227
0.0255083
0.027379
0.0285927
0.0305821
0.0290078
0.0306548
 25.1 ±  0.0 ms - Piece loop time
 54.3 ± 48.8 ms - Set time
 20.1 ±  1.1 ms - Child looking time
0.0323655
0.0345268
0.0406596
220.3 ±  0.0 ms - Total time
200.7 ±  0.0 ms - Build f time
  6.2 ±  0.3 ms - Apply f time
178.1 ±  2.1 ms - Real f time 
 32.0 ±  0.7 ms - Add time
  1.5 ±  0.1 ms - Find child
  2.1 ±  0.2 ms - Add child
 32.8 ±  0.6 ms - Hash
 79.5 ± 52.2 ms - Map
  6.0 ±  0.2 ms - getState
0.0294509
0.0310867
0.0376729
258.0 ±  0.0 ms - Total time
230.2 ±  0.0 ms - Build f time
  8.7 ±  0.3 ms - Apply f time
206.1 ±  2.2 ms - Real f time 
 37.7 ±  0.8 ms - Add time
  2.5 ±  0.2 ms - Find child
  3.1 ±  0.2 ms - Add child
 39.4 ±  0.7 ms - Hash
 85.9 ± 52.2 ms - Map
  7.6 ±  0.3 ms - getState
0.0315041
0.0335448
0.0397184
297.8 ±  0.0 ms - Total time
261.7 ±  0.0 ms - Build f time
 11.1 ±  0.4 ms - Apply f time
234.4 ±  2.3 ms - Real f time 
 44.9 ±  1.0 ms - Add time
  3.4 ±  0.2 ms - Find child
  4.1 ±  0.2 ms - Add child
 46.5 ±  0.7 ms - Hash
 91.7 ± 52.1 ms - Map
  9.5 ±  0.3 ms - getState
0.0304973
0.032088
0.0380883
335.9 ±  0.0 ms - Total time
292.2 ±  0.0 ms - Build f time
 13.3 ±  0.4 ms - Apply f time
262.1 ±  2.4 ms - Real f time 
 50.7 ±  1.0 ms - Add time
  4.1 ±  0.2 ms - Find child
  5.2 ±  0.3 ms - Add child
 56.4 ±  3.3 ms - Hash
 96.9 ± 52.1 ms - Map
 11.3 ±  0.3 ms - getState
0.0329338
0.0351943
0.0418875
377.8 ±  0.0 ms - Total time
325.1 ±  0.0 ms - Build f time
 16.3 ±  0.4 ms - Apply f time
291.7 ±  2.5 ms - Real f time 
 56.9 ±  1.1 ms - Add time
  5.2 ±  0.3 ms - Find child
  6.3 ±  0.3 ms - Add child
 63.1 ±  3.3 ms - Hash
103.5 ± 52.1 ms - Map
 13.3 ±  0.4 ms - getState
0.0290609
0.0307898
0.0368312
414.7 ±  0.0 ms - Total time
354.2 ±  0.0 ms - Build f time
 18.7 ±  0.5 ms - Apply f time
319.5 ±  2.6 ms - Real f time 
 63.0 ±  1.1 ms - Add time
  6.0 ±  0.3 ms - Find child
  7.3 ±  0.3 ms - Add child
 69.1 ±  3.3 ms - Hash
108.9 ± 52.2 ms - Map
 15.0 ±  0.4 ms - getState
Dag sizes: 22409 20861 21229 19021 23060 19644 
brutePieces time: 0.239509
 40.0 ±  0.0 ms - Piece loop time
 45.3 ± 37.6 ms - Set time
 32.6 ±  1.2 ms - Child looking time
Nodes:  126224
Pieces: 19117
makePieces time: 0.0409097
Memory: 0.7 + 9.8 + 4.0 + 27.2 + 1.7 MB
  1.9 ±  0.2 ms - Greedy fill time
composePieces time: 0.127651
                                                                                