Running only task # 100
Using max depth 3
 |                                        | 0 / 419 (0.0%)Function count: 142
0.244274
0.273398
0.144485
0.159358
0.231263
0.256675
 36.1 ±  0.0 ms - Piece loop time
 49.2 ± 39.1 ms - Set time
 26.0 ±  0.9 ms - Child looking time
0.25343
0.280895
0.550239
1239.8 ±  0.0 ms - Total time
873.4 ±  0.0 ms - Build f time
 60.8 ±  1.1 ms - Apply f time
710.2 ±  9.2 ms - Real f time 
259.4 ±  2.9 ms - Add time
  8.3 ±  0.3 ms - Find child
 12.1 ±  0.4 ms - Add child
205.9 ±  1.3 ms - Hash
142.7 ± 49.4 ms - Map
 95.2 ±  0.9 ms - getState
0.14803
0.162737
0.318566
1558.4 ±  0.0 ms - Total time
1021.5 ±  0.0 ms - Build f time
 85.7 ±  1.2 ms - Apply f time
844.5 ±  9.4 ms - Real f time 
339.7 ±  3.3 ms - Add time
 14.4 ±  0.4 ms - Find child
 20.2 ±  0.5 ms - Add child
264.4 ±  1.5 ms - Hash
201.9 ± 52.4 ms - Map
136.2 ±  1.2 ms - getState
0.229038
0.255573
0.499539
2058.0 ±  0.0 ms - Total time
1250.5 ±  0.0 ms - Build f time
122.6 ±  1.5 ms - Apply f time
1048.7 ± 10.0 ms - Real f time 
482.5 ± 17.7 ms - Add time
 22.1 ±  0.5 ms - Find child
 29.6 ±  0.6 ms - Add child
356.4 ±  1.8 ms - Hash
254.7 ± 52.4 ms - Map
201.1 ±  1.4 ms - getState
Dag sizes: 266261 214130 264798 
brutePieces time: 1.37029
145.4 ±  0.0 ms - Piece loop time
 81.7 ± 16.8 ms - Set time
 82.4 ±  1.5 ms - Child looking time
Nodes:  745189
Pieces: 249685
makePieces time: 0.146468
Memory: 15.6 + 23.5 + 23.8 + 24.5 + 8.1 MB
  2.1 ±  0.0 ms - Greedy fill time
composePieces time: 0.630958
                                                                                