Running only task # 229
Using max depth 23
 |                                        | 0 / 419 (0.0%)Function count: 142
0.0138605
0.0147833
0.0136922
0.0145785
0.0151415
0.0164095
0.0145872
0.0154573
0.0135883
0.0144242
0.0141073
0.0150096
0.013617
0.014433
 20.2 ±  0.0 ms - Piece loop time
 45.3 ± 42.7 ms - Set time
 17.3 ±  1.0 ms - Child looking time
0.0202463
0.0213888
0.0323877
137.7 ±  0.0 ms - Total time
118.8 ±  0.0 ms - Build f time
  4.9 ±  0.2 ms - Apply f time
114.0 ±  2.7 ms - Real f time 
 23.3 ±  0.8 ms - Add time
  1.4 ±  0.1 ms - Find child
  1.7 ±  0.2 ms - Add child
 20.2 ±  0.5 ms - Hash
 59.9 ± 43.2 ms - Map
  5.0 ±  0.2 ms - getState
0.0221484
0.023322
0.0373823
175.1 ±  0.0 ms - Total time
141.0 ±  0.0 ms - Build f time
  8.2 ±  0.3 ms - Apply f time
136.1 ±  2.7 ms - Real f time 
 32.2 ±  1.0 ms - Add time
  2.5 ±  0.2 ms - Find child
  3.3 ±  0.2 ms - Add child
 26.1 ±  0.6 ms - Hash
 66.1 ± 43.0 ms - Map
  8.4 ±  0.3 ms - getState
0.0249978
0.0263607
0.042735
217.9 ±  0.0 ms - Total time
166.0 ±  0.0 ms - Build f time
 12.0 ±  0.4 ms - Apply f time
159.9 ±  2.8 ms - Real f time 
 41.4 ±  1.0 ms - Add time
  3.8 ±  0.2 ms - Find child
  5.1 ±  0.3 ms - Add child
 33.2 ±  0.6 ms - Hash
 74.2 ± 43.0 ms - Map
 12.1 ±  0.3 ms - getState
0.0210668
0.0264684
0.0407278
258.7 ±  0.0 ms - Total time
187.0 ±  0.0 ms - Build f time
 15.8 ±  0.4 ms - Apply f time
179.5 ±  2.9 ms - Real f time 
 50.2 ±  1.1 ms - Add time
  5.0 ±  0.3 ms - Find child
  6.5 ±  0.3 ms - Add child
 38.7 ±  0.7 ms - Hash
 80.9 ± 43.0 ms - Map
 15.3 ±  0.4 ms - getState
0.0223613
0.0236549
0.036796
295.5 ±  0.0 ms - Total time
209.4 ±  0.0 ms - Build f time
 19.1 ±  0.5 ms - Apply f time
201.4 ±  2.9 ms - Real f time 
 57.7 ±  1.2 ms - Add time
  6.2 ±  0.3 ms - Find child
  7.9 ±  0.3 ms - Add child
 44.9 ±  0.7 ms - Hash
 87.1 ± 42.9 ms - Map
 18.1 ±  0.4 ms - getState
0.0243868
0.0258177
0.0418048
337.3 ±  0.0 ms - Total time
233.8 ±  0.0 ms - Build f time
 22.5 ±  0.5 ms - Apply f time
225.7 ±  3.0 ms - Real f time 
 71.1 ±  4.0 ms - Add time
  7.5 ±  0.3 ms - Find child
  9.7 ±  0.4 ms - Add child
 51.9 ±  0.8 ms - Hash
 95.0 ± 43.0 ms - Map
 21.6 ±  0.5 ms - getState
0.0230457
0.0243269
0.039809
377.2 ±  0.0 ms - Total time
256.8 ±  0.0 ms - Build f time
 26.2 ±  0.5 ms - Apply f time
248.0 ±  3.1 ms - Real f time 
 80.1 ±  4.0 ms - Add time
  8.7 ±  0.3 ms - Find child
 11.2 ±  0.4 ms - Add child
 58.5 ±  0.8 ms - Hash
101.8 ± 43.0 ms - Map
 24.8 ±  0.5 ms - getState
Dag sizes: 28387 32469 41268 28355 32469 41218 38657 
brutePieces time: 0.276867
 63.2 ±  0.0 ms - Piece loop time
 52.3 ± 38.9 ms - Set time
 46.2 ±  1.5 ms - Child looking time
Nodes:  242823
Pieces: 51377
makePieces time: 0.0642504
Memory: 1.4 + 11.8 + 7.8 + 33.2 + 3.5 MB
  3.4 ±  0.2 ms - Greedy fill time
composePieces time: 0.371984
                                                                                