Running only task # 373
Using max depth 23
 |                                        | 0 / 419 (0.0%)Function count: 142
0.109548
0.123369
0.104304
0.114808
0.104747
0.117384
0.0985399
0.1104
0.120685
0.133394
0.0969883
0.107743
0.106443
0.11836
0.100235
0.113072
0.0922071
0.106355
 30.7 ±  0.0 ms - Piece loop time
 51.1 ± 44.8 ms - Set time
 28.6 ±  4.1 ms - Child looking time
0.1153
0.129528
0.257218
1302.5 ±  0.0 ms - Total time
1049.0 ±  0.0 ms - Build f time
 58.2 ±  1.0 ms - Apply f time
846.0 ± 11.0 ms - Real f time 
235.4 ±  2.9 ms - Add time
  6.5 ±  0.3 ms - Find child
  9.1 ±  0.3 ms - Add child
212.9 ±  2.7 ms - Hash
161.4 ± 54.7 ms - Map
 73.7 ±  5.0 ms - getState
0.100157
0.115516
0.216056
1518.6 ±  0.0 ms - Total time
1149.1 ±  0.0 ms - Build f time
 76.5 ±  1.1 ms - Apply f time
940.1 ± 11.4 ms - Real f time 
303.1 ± 16.9 ms - Add time
 10.5 ±  0.4 ms - Find child
 14.3 ±  0.4 ms - Add child
254.5 ±  2.7 ms - Hash
187.2 ± 54.8 ms - Map
102.2 ±  5.1 ms - getState
0.122425
0.134526
0.247373
1766.0 ±  0.0 ms - Total time
1271.6 ±  0.0 ms - Build f time
 94.6 ±  1.2 ms - Apply f time
1048.7 ± 11.6 ms - Real f time 
359.0 ± 16.9 ms - Add time
 14.2 ±  0.4 ms - Find child
 19.3 ±  0.5 ms - Add child
300.4 ±  2.8 ms - Hash
209.8 ± 54.8 ms - Map
133.3 ±  5.1 ms - getState
0.113436
0.127954
0.225241
1991.3 ±  0.0 ms - Total time
1385.0 ±  0.0 ms - Build f time
112.5 ±  1.3 ms - Apply f time
1149.6 ± 11.9 ms - Real f time 
446.2 ± 40.0 ms - Add time
 17.9 ±  0.5 ms - Find child
 24.2 ±  0.5 ms - Add child
340.2 ±  2.9 ms - Hash
234.2 ± 54.9 ms - Map
159.2 ±  5.1 ms - getState
0.116348
0.128841
0.26002
2251.4 ±  0.0 ms - Total time
1501.4 ±  0.0 ms - Build f time
131.9 ±  1.4 ms - Apply f time
1253.6 ± 12.3 ms - Real f time 
510.1 ± 40.0 ms - Add time
 21.9 ±  0.5 ms - Find child
 30.1 ±  0.6 ms - Add child
391.6 ±  2.9 ms - Hash
257.5 ± 54.9 ms - Map
194.0 ±  5.1 ms - getState
0.11357
0.126524
0.226005
2477.4 ±  0.0 ms - Total time
1614.9 ±  0.0 ms - Build f time
149.0 ±  1.5 ms - Apply f time
1355.1 ± 12.6 ms - Real f time 
599.4 ± 54.4 ms - Add time
 25.9 ±  0.6 ms - Find child
 35.2 ±  0.7 ms - Add child
432.2 ±  3.0 ms - Hash
279.6 ± 54.8 ms - Map
220.1 ±  5.2 ms - getState
0.114978
0.127282
0.249891
2727.4 ±  0.0 ms - Total time
1729.9 ±  0.0 ms - Build f time
169.5 ±  1.6 ms - Apply f time
1457.6 ± 12.8 ms - Real f time 
657.9 ± 54.5 ms - Add time
 29.7 ±  0.6 ms - Find child
 41.2 ±  0.7 ms - Add child
478.4 ±  3.0 ms - Hash
302.7 ± 54.9 ms - Map
255.5 ±  5.3 ms - getState
0.0988719
0.111629
0.214313
2941.7 ±  0.0 ms - Total time
1828.8 ±  0.0 ms - Build f time
188.1 ±  1.8 ms - Apply f time
1547.3 ± 13.0 ms - Real f time 
714.5 ± 54.7 ms - Add time
 33.5 ±  0.6 ms - Find child
 46.7 ±  0.8 ms - Add child
517.9 ±  3.1 ms - Hash
324.8 ± 54.8 ms - Map
283.2 ±  5.3 ms - getState
0.102683
0.114759
0.206174
3148.0 ±  0.0 ms - Total time
1931.5 ±  0.0 ms - Build f time
205.5 ±  1.8 ms - Apply f time
1641.7 ± 13.2 ms - Real f time 
761.8 ± 54.6 ms - Add time
 37.2 ±  0.7 ms - Find child
 52.6 ±  0.8 ms - Add child
554.3 ±  3.1 ms - Hash
347.8 ± 54.8 ms - Map
307.8 ±  5.3 ms - getState
Dag sizes: 105846 110613 112842 111465 105535 110590 112795 111453 113733 
brutePieces time: 2.11116
124.1 ±  0.0 ms - Piece loop time
 74.5 ± 45.6 ms - Set time
 86.5 ±  3.5 ms - Child looking time
Nodes:  994872
Pieces: 99727
makePieces time: 0.125652
Memory: 21.4 + 36.5 + 31.8 + 53.7 + 8.7 MB
332.0 ± 53.5 ms - Greedy fill time
composePieces time: 4.81079
                                                                                