Running only task # 397
Using max depth 3
 |                                        | 0 / 419 (0.0%)Function count: 142
0.668239
0.735549
0.559988
0.618904
0.161462
0.173068
0.68637
0.765231
 27.2 ±  0.0 ms - Piece loop time
 48.6 ± 41.5 ms - Set time
 18.8 ±  0.9 ms - Child looking time
0.705195
0.766299
1.54547
3838.5 ±  0.0 ms - Total time
2781.3 ±  0.0 ms - Build f time
160.0 ±  5.2 ms - Apply f time
2132.0 ± 44.3 ms - Real f time 
862.2 ± 64.6 ms - Add time
  9.6 ±  0.5 ms - Find child
 14.0 ±  0.4 ms - Add child
714.0 ±  4.2 ms - Hash
140.3 ± 40.3 ms - Map
294.1 ±  4.7 ms - getState
0.591358
0.6417
1.32413
5162.6 ±  0.0 ms - Total time
3372.6 ±  0.0 ms - Build f time
228.0 ±  5.3 ms - Apply f time
2617.0 ± 50.8 ms - Real f time 
1215.8 ± 64.9 ms - Add time
 16.9 ±  0.6 ms - Find child
 23.6 ±  0.5 ms - Add child
1011.5 ±  4.9 ms - Hash
179.9 ± 40.3 ms - Map
485.2 ±  7.1 ms - getState
0.151263
0.167921
0.316554
5479.2 ±  0.0 ms - Total time
3523.9 ±  0.0 ms - Build f time
253.4 ±  5.4 ms - Apply f time
2747.6 ± 50.9 ms - Real f time 
1296.5 ± 65.2 ms - Add time
 22.3 ±  0.6 ms - Find child
 30.8 ±  0.6 ms - Add child
1072.8 ±  5.3 ms - Hash
210.4 ± 40.4 ms - Map
525.2 ±  7.4 ms - getState
0.716382
0.787686
1.58414
7063.4 ±  0.0 ms - Total time
4240.3 ±  0.0 ms - Build f time
340.1 ±  5.9 ms - Apply f time
3352.7 ± 58.7 ms - Real f time 
1809.1 ± 89.3 ms - Add time
 30.4 ±  0.7 ms - Find child
 41.3 ±  0.7 ms - Add child
1430.7 ±  6.1 ms - Hash
258.3 ± 40.3 ms - Map
746.2 ±  7.9 ms - getState
Dag sizes: 221506 199605 158395 223354 
brutePieces time: 4.77248
117.0 ±  0.0 ms - Piece loop time
 56.3 ± 16.5 ms - Set time
 69.9 ±  1.3 ms - Child looking time
Nodes:  802860
Pieces: 159975
makePieces time: 0.117862
Memory: 65.1 + 25.2 + 25.7 + 29.6 + 6.5 MB
 47.1 ±  0.0 ms - Greedy fill time
composePieces time: 3.79983
                                                                                