Running only task # 249
Using max depth 23
 |                                        | 0 / 419 (0.0%)Function count: 142
0.0327401
0.0351389
0.0261315
0.0276089
0.0282215
0.0299504
0.0245212
0.0259156
0.0302948
0.0323946
0.0292609
0.0322244
0.0283221
0.0299492
0.0279355
0.0296943
0.0286232
0.0300738
0.0307278
0.0327473
0.0261723
0.0277425
 52.5 ±  0.0 ms - Piece loop time
 44.3 ± 37.8 ms - Set time
 41.1 ±  1.6 ms - Child looking time
0.0371358
0.0392483
0.0456322
379.4 ±  0.0 ms - Total time
350.1 ±  0.0 ms - Build f time
 10.0 ±  0.3 ms - Apply f time
311.6 ±  5.2 ms - Real f time 
 58.1 ±  2.7 ms - Add time
  2.0 ±  0.2 ms - Find child
  2.8 ±  0.3 ms - Add child
 57.9 ±  0.9 ms - Hash
130.1 ± 59.3 ms - Map
  9.8 ±  0.3 ms - getState
0.0334707
0.0358198
0.043015
422.5 ±  0.0 ms - Total time
383.6 ±  0.0 ms - Build f time
 13.0 ±  0.4 ms - Apply f time
342.0 ±  5.2 ms - Real f time 
 64.7 ±  2.7 ms - Add time
  3.0 ±  0.2 ms - Find child
  4.0 ±  0.3 ms - Add child
 64.7 ±  0.9 ms - Hash
137.0 ± 59.3 ms - Map
 12.0 ±  0.3 ms - getState
0.0314893
0.0335617
0.0421222
464.6 ±  0.0 ms - Total time
415.0 ±  0.0 ms - Build f time
 16.2 ±  0.4 ms - Apply f time
372.0 ±  5.5 ms - Real f time 
 71.4 ±  2.7 ms - Add time
  4.1 ±  0.2 ms - Find child
  5.4 ±  0.3 ms - Add child
 71.5 ±  1.0 ms - Hash
143.8 ± 59.3 ms - Map
 14.6 ±  0.4 ms - getState
0.0341531
0.0357894
0.0415029
506.2 ±  0.0 ms - Total time
449.2 ±  0.0 ms - Build f time
 18.5 ±  0.4 ms - Apply f time
407.2 ±  6.7 ms - Real f time 
 77.8 ±  2.8 ms - Add time
  5.0 ±  0.3 ms - Find child
  6.2 ±  0.3 ms - Add child
 77.7 ±  1.0 ms - Hash
149.5 ± 59.3 ms - Map
 16.3 ±  0.4 ms - getState
0.0359136
0.0382211
0.0454453
551.6 ±  0.0 ms - Total time
485.1 ±  0.0 ms - Build f time
 21.2 ±  0.5 ms - Apply f time
440.8 ±  6.8 ms - Real f time 
 84.9 ±  2.8 ms - Add time
  5.9 ±  0.3 ms - Find child
  7.3 ±  0.4 ms - Add child
 85.1 ±  1.0 ms - Hash
158.0 ± 59.4 ms - Map
 18.8 ±  0.4 ms - getState
0.0325645
0.034931
0.041226
592.9 ±  0.0 ms - Total time
517.7 ±  0.0 ms - Build f time
 23.7 ±  0.5 ms - Apply f time
471.9 ±  6.8 ms - Real f time 
 91.7 ±  2.8 ms - Add time
  6.8 ±  0.3 ms - Find child
  8.1 ±  0.4 ms - Add child
 92.2 ±  1.1 ms - Hash
163.5 ± 59.4 ms - Map
 20.8 ±  0.4 ms - getState
0.0344399
0.0361229
0.0425827
635.5 ±  0.0 ms - Total time
552.1 ±  0.0 ms - Build f time
 26.5 ±  0.5 ms - Apply f time
503.4 ±  6.9 ms - Real f time 
 98.1 ±  2.8 ms - Add time
  7.6 ±  0.3 ms - Find child
  9.1 ±  0.4 ms - Add child
 98.9 ±  1.1 ms - Hash
169.4 ± 59.4 ms - Map
 22.9 ±  0.4 ms - getState
0.0347761
0.0367316
0.0429429
678.5 ±  0.0 ms - Total time
586.9 ±  0.0 ms - Build f time
 29.4 ±  0.6 ms - Apply f time
534.4 ±  6.9 ms - Real f time 
105.3 ±  2.9 ms - Add time
  8.2 ±  0.3 ms - Find child
  9.9 ±  0.4 ms - Add child
105.7 ±  1.2 ms - Hash
175.9 ± 59.4 ms - Map
 24.7 ±  0.5 ms - getState
0.0309106
0.033431
0.0401431
718.6 ±  0.0 ms - Total time
617.8 ±  0.0 ms - Build f time
 32.3 ±  0.6 ms - Apply f time
568.5 ±  9.1 ms - Real f time 
111.2 ±  2.9 ms - Add time
  9.2 ±  0.3 ms - Find child
 11.1 ±  0.4 ms - Add child
112.7 ±  1.2 ms - Hash
182.0 ± 59.4 ms - Map
 26.9 ±  0.5 ms - getState
0.0387381
0.0409832
0.0480154
766.7 ±  0.0 ms - Total time
656.5 ±  0.0 ms - Build f time
 35.1 ±  0.6 ms - Apply f time
607.8 ±  9.9 ms - Real f time 
118.7 ±  3.0 ms - Add time
 10.1 ±  0.4 ms - Find child
 12.2 ±  0.4 ms - Add child
120.7 ±  1.2 ms - Hash
192.8 ± 59.4 ms - Map
 29.4 ±  0.5 ms - getState
0.032814
0.0352655
0.0440833
810.8 ±  0.0 ms - Total time
689.3 ±  0.0 ms - Build f time
 38.5 ±  0.7 ms - Apply f time
679.6 ± 43.0 ms - Real f time 
127.3 ±  3.5 ms - Add time
 11.1 ±  0.4 ms - Find child
 13.6 ±  0.5 ms - Add child
127.8 ±  1.3 ms - Hash
198.8 ± 59.4 ms - Map
 32.1 ±  0.5 ms - getState
Dag sizes: 22414 20866 21234 19026 23065 22414 20870 21230 19019 23039 19472 
brutePieces time: 0.484701
 97.6 ±  0.0 ms - Piece loop time
 56.3 ± 44.8 ms - Set time
 81.1 ±  2.7 ms - Child looking time
Nodes:  232649
Pieces: 25669
makePieces time: 0.0987985
Memory: 1.2 + 18.1 + 7.4 + 49.9 + 3.8 MB
  2.1 ±  0.0 ms - Greedy fill time
composePieces time: 0.177543
                                                                                