Running only task # 414
Using max depth 3
 |                                        | 0 / 419 (0.0%)Function count: 142
0.0645037
0.068785
0.0284935
0.0303979
0.0432191
0.0461002
0.0557687
0.0585361
 16.6 ±  0.0 ms - Piece loop time
 48.3 ± 39.0 ms - Set time
 13.3 ±  0.7 ms - Child looking time
0.0705387
0.0744278
0.0935525
297.6 ±  0.0 ms - Total time
262.5 ±  0.0 ms - Build f time
  9.0 ±  0.3 ms - Apply f time
224.0 ±  2.5 ms - Real f time 
 41.7 ±  1.0 ms - Add time
  2.0 ±  0.2 ms - Find child
  2.3 ±  0.2 ms - Add child
 45.9 ±  0.7 ms - Hash
 74.7 ± 46.1 ms - Map
 10.9 ±  0.3 ms - getState
0.0272313
0.0284717
0.0329322
330.5 ±  0.0 ms - Total time
289.8 ±  0.0 ms - Build f time
 10.9 ±  0.3 ms - Apply f time
248.9 ±  2.6 ms - Real f time 
 47.0 ±  1.3 ms - Add time
  2.7 ±  0.2 ms - Find child
  3.1 ±  0.2 ms - Add child
 51.3 ±  0.7 ms - Hash
 79.1 ± 46.1 ms - Map
 12.4 ±  0.3 ms - getState
0.0415988
0.0445408
0.0543283
384.9 ±  0.0 ms - Total time
331.3 ±  0.0 ms - Build f time
 15.5 ±  0.8 ms - Apply f time
288.9 ±  2.7 ms - Real f time 
 54.5 ±  1.3 ms - Add time
  3.6 ±  0.2 ms - Find child
  4.4 ±  0.2 ms - Add child
 60.0 ±  0.8 ms - Hash
 85.4 ± 46.1 ms - Map
 15.5 ±  0.3 ms - getState
0.0501487
0.0528961
0.063504
448.4 ±  0.0 ms - Total time
381.5 ±  0.0 ms - Build f time
 19.4 ±  0.9 ms - Apply f time
334.9 ±  3.0 ms - Real f time 
 64.5 ±  1.4 ms - Add time
  4.8 ±  0.2 ms - Find child
  5.8 ±  0.3 ms - Add child
 71.0 ±  0.9 ms - Hash
 92.9 ± 46.0 ms - Map
 18.5 ±  0.4 ms - getState
Dag sizes: 35197 14138 19579 29557 
brutePieces time: 0.247638
 35.0 ±  0.0 ms - Piece loop time
 45.2 ± 38.3 ms - Set time
 31.4 ±  4.6 ms - Child looking time
Nodes:  98471
Pieces: 22238
makePieces time: 0.0358638
Memory: 0.8 + 7.0 + 3.2 + 18.4 + 1.1 MB
  0.7 ±  0.0 ms - Greedy fill time
composePieces time: 0.0379109
                                                                                