Running only task # 183
Using max depth 3
 |                                        | 0 / 419 (0.0%)Function count: 142
0.0881538
0.0959573
0.0752965
0.0818696
0.090235
0.0980505
0.090069
0.097415
0.0922823
0.101116
0.0907985
0.0981206
 49.4 ±  0.0 ms - Piece loop time
 45.6 ± 37.9 ms - Set time
 38.1 ±  1.3 ms - Child looking time
0.0898887
0.0974129
0.136135
708.9 ±  0.0 ms - Total time
616.7 ±  0.0 ms - Build f time
 26.8 ±  0.6 ms - Apply f time
512.0 ±  6.2 ms - Real f time 
129.4 ±  4.2 ms - Add time
  5.4 ±  0.3 ms - Find child
  6.8 ±  0.3 ms - Add child
110.7 ±  2.5 ms - Hash
112.0 ± 36.6 ms - Map
 28.2 ±  0.6 ms - getState
0.0863349
0.0925603
0.119923
828.8 ±  0.0 ms - Total time
703.1 ±  0.0 ms - Build f time
 35.6 ±  0.7 ms - Apply f time
586.2 ±  6.4 ms - Real f time 
151.3 ±  4.2 ms - Add time
  8.0 ±  0.3 ms - Find child
 10.6 ±  0.4 ms - Add child
130.4 ±  2.6 ms - Hash
126.9 ± 36.7 ms - Map
 37.7 ±  0.6 ms - getState
0.0978538
0.105771
0.152176
981.1 ±  0.0 ms - Total time
800.9 ±  0.0 ms - Build f time
 48.0 ±  0.8 ms - Apply f time
671.7 ±  6.6 ms - Real f time 
181.5 ±  4.3 ms - Add time
 11.8 ±  0.4 ms - Find child
 14.8 ±  0.4 ms - Add child
156.9 ±  2.6 ms - Hash
147.9 ± 36.7 ms - Map
 52.2 ±  0.7 ms - getState
0.0941765
0.101998
0.144989
1126.1 ±  0.0 ms - Total time
895.1 ±  0.0 ms - Build f time
 58.7 ±  0.9 ms - Apply f time
755.0 ±  6.7 ms - Real f time 
210.6 ±  4.4 ms - Add time
 15.2 ±  0.4 ms - Find child
 18.7 ±  0.5 ms - Add child
180.8 ±  2.7 ms - Hash
166.8 ± 36.6 ms - Map
 65.6 ±  0.8 ms - getState
0.105463
0.115373
0.171998
1298.1 ±  0.0 ms - Total time
1000.5 ±  0.0 ms - Build f time
 72.8 ±  1.0 ms - Apply f time
849.0 ±  6.9 ms - Real f time 
246.1 ±  4.4 ms - Add time
 19.0 ±  0.5 ms - Find child
 26.5 ±  2.2 ms - Add child
208.4 ±  2.7 ms - Hash
236.5 ± 58.5 ms - Map
 82.9 ±  0.9 ms - getState
0.0957611
0.103606
0.153443
1451.6 ±  0.0 ms - Total time
1096.3 ±  0.0 ms - Build f time
 86.2 ±  1.0 ms - Apply f time
935.9 ±  7.1 ms - Real f time 
274.4 ±  4.5 ms - Add time
 23.3 ±  0.8 ms - Find child
 31.7 ±  2.2 ms - Add child
232.4 ±  2.9 ms - Hash
260.0 ± 58.4 ms - Map
 98.5 ±  1.0 ms - getState
Dag sizes: 89297 66707 103936 97109 127376 81199 
brutePieces time: 0.883436
172.5 ±  0.0 ms - Piece loop time
101.0 ± 64.8 ms - Set time
125.5 ±  2.4 ms - Child looking time
Nodes:  565624
Pieces: 83103
makePieces time: 0.174188
Memory: 5.1 + 28.7 + 18.1 + 34.2 + 7.0 MB
  3.3 ±  0.2 ms - Greedy fill time
composePieces time: 0.739857
                                                                                