Running only task # 151
Using max depth 3
 |                                        | 0 / 419 (0.0%)Function count: 142
0.386706
0.438299
0.447876
0.523158
0.462378
0.530679
0.443515
0.511558
 55.6 ±  0.0 ms - Piece loop time
 36.6 ± 18.4 ms - Set time
 37.3 ±  1.2 ms - Child looking time
0.395097
0.450651
0.548158
2552.1 ±  0.0 ms - Total time
2135.6 ±  0.0 ms - Build f time
120.3 ±  2.8 ms - Apply f time
1628.9 ± 18.3 ms - Real f time 
533.2 ±  9.7 ms - Add time
  7.8 ±  0.6 ms - Find child
 12.5 ±  1.2 ms - Add child
318.0 ±  2.6 ms - Hash
179.4 ± 41.9 ms - Map
171.7 ±  2.7 ms - getState
0.436005
0.495999
0.615452
3167.6 ±  0.0 ms - Total time
2571.6 ±  0.0 ms - Build f time
149.7 ±  3.1 ms - Apply f time
1965.5 ± 19.7 ms - Real f time 
662.3 ± 12.0 ms - Add time
 12.6 ±  0.6 ms - Find child
 19.6 ±  1.2 ms - Add child
399.0 ±  3.1 ms - Hash
219.2 ± 42.0 ms - Map
260.7 ±  3.1 ms - getState
0.459672
0.519211
0.628691
3796.3 ±  0.0 ms - Total time
3031.2 ±  0.0 ms - Build f time
180.6 ±  3.3 ms - Apply f time
2322.2 ± 21.8 ms - Real f time 
856.8 ± 54.8 ms - Add time
 17.5 ±  0.7 ms - Find child
 26.7 ±  1.3 ms - Add child
476.6 ±  3.3 ms - Hash
257.0 ± 42.0 ms - Map
343.2 ±  3.5 ms - getState
0.452522
0.514483
0.62356
4419.9 ±  0.0 ms - Total time
3483.8 ±  0.0 ms - Build f time
209.9 ±  3.5 ms - Apply f time
2668.9 ± 23.0 ms - Real f time 
986.3 ± 54.8 ms - Add time
 21.9 ±  0.7 ms - Find child
 33.6 ±  1.3 ms - Add child
556.3 ±  3.5 ms - Hash
295.4 ± 41.9 ms - Map
425.3 ±  3.8 ms - getState
Dag sizes: 145233 157663 149800 155876 
brutePieces time: 2.41738
 89.2 ±  0.0 ms - Piece loop time
 45.2 ± 16.7 ms - Set time
 54.9 ±  1.6 ms - Child looking time
Nodes:  608572
Pieces: 21494
makePieces time: 0.0897508
Memory: 23.3 + 32.8 + 19.5 + 26.5 + 4.1 MB
  0.1 ±  0.0 ms - Greedy fill time
composePieces time: 0.0241807
                                                                                