Running only task # 6
Using max depth 3
 |                                        | 0 / 419 (0.0%)Function count: 142
0.0130642
0.014054
0.0124742
0.0132366
0.0122515
0.0129932
0.013576
0.0144772
0.0114388
0.012218
0.0121364
0.0129897
 11.7 ±  0.0 ms - Piece loop time
 43.3 ± 42.2 ms - Set time
 10.4 ±  0.6 ms - Child looking time
0.0226825
0.0238281
0.0293319
109.4 ±  0.0 ms - Total time
 97.6 ±  0.0 ms - Build f time
  3.8 ±  0.2 ms - Apply f time
 89.0 ±  2.3 ms - Real f time 
 17.4 ±  1.8 ms - Add time
  0.7 ±  0.1 ms - Find child
  1.2 ±  0.1 ms - Add child
 18.4 ±  0.5 ms - Hash
 45.3 ± 34.6 ms - Map
  3.7 ±  0.2 ms - getState
0.024516
0.0256606
0.0320569
141.5 ±  0.0 ms - Total time
122.1 ±  0.0 ms - Build f time
  5.4 ±  0.2 ms - Apply f time
110.9 ±  2.4 ms - Real f time 
 22.6 ±  1.8 ms - Add time
  1.3 ±  0.1 ms - Find child
  1.9 ±  0.2 ms - Add child
 24.8 ±  0.5 ms - Hash
 49.0 ± 34.6 ms - Map
  5.6 ±  0.2 ms - getState
0.026862
0.0279142
0.0342482
175.7 ±  0.0 ms - Total time
149.0 ±  0.0 ms - Build f time
  7.3 ±  0.3 ms - Apply f time
135.7 ±  2.9 ms - Real f time 
 28.4 ±  1.8 ms - Add time
  1.7 ±  0.1 ms - Find child
  2.5 ±  0.2 ms - Add child
 31.5 ±  0.6 ms - Hash
 52.4 ± 34.5 ms - Map
  7.3 ±  0.2 ms - getState
0.0257511
0.0268158
0.0332359
209.0 ±  0.0 ms - Total time
174.7 ±  0.0 ms - Build f time
  9.3 ±  0.3 ms - Apply f time
158.5 ±  3.0 ms - Real f time 
 33.4 ±  1.8 ms - Add time
  2.3 ±  0.2 ms - Find child
  3.3 ±  0.2 ms - Add child
 38.4 ±  0.7 ms - Hash
 55.8 ± 34.5 ms - Map
  9.2 ±  0.3 ms - getState
0.0240827
0.0251946
0.0310429
240.1 ±  0.0 ms - Total time
198.8 ±  0.0 ms - Build f time
 11.1 ±  0.4 ms - Apply f time
180.2 ±  3.0 ms - Real f time 
 39.1 ±  1.9 ms - Add time
  2.9 ±  0.2 ms - Find child
  4.0 ±  0.2 ms - Add child
 44.3 ±  0.7 ms - Hash
 59.1 ± 34.5 ms - Map
 11.0 ±  0.3 ms - getState
0.0244973
0.025697
0.0316557
271.8 ±  0.0 ms - Total time
223.3 ±  0.0 ms - Build f time
 13.3 ±  0.4 ms - Apply f time
201.4 ±  3.1 ms - Real f time 
 44.2 ±  1.9 ms - Add time
  3.4 ±  0.2 ms - Find child
  4.7 ±  0.2 ms - Add child
 50.1 ±  0.7 ms - Hash
 62.1 ± 34.5 ms - Map
 12.8 ±  0.3 ms - getState
Dag sizes: 14177 15431 15608 15927 14560 15309 
brutePieces time: 0.196797
 25.8 ±  0.0 ms - Piece loop time
 44.8 ± 41.0 ms - Set time
 21.9 ±  1.2 ms - Child looking time
Nodes:  91012
Pieces: 18812
makePieces time: 0.0267376
Memory: 0.9 + 6.9 + 2.9 + 26.6 + 1.1 MB
 21.5 ±  0.3 ms - Greedy fill time
composePieces time: 0.469101
                                                                                