Running only task # 213
Using max depth 23
 |                                        | 0 / 419 (0.0%)Function count: 142
0.0990109
0.107298
0.150177
0.164715
0.115344
0.125588
0.0919175
0.099742
0.125066
0.138889
0.110967
0.121462
0.130653
0.146712
 38.1 ±  0.0 ms - Piece loop time
 45.9 ± 37.7 ms - Set time
 28.4 ±  1.2 ms - Child looking time
0.0937433
0.101512
0.17309
1077.9 ±  0.0 ms - Total time
916.9 ±  0.0 ms - Build f time
 41.8 ±  0.8 ms - Apply f time
764.0 ±  7.6 ms - Real f time 
171.2 ±  2.7 ms - Add time
  4.7 ±  0.2 ms - Find child
  6.4 ±  0.3 ms - Add child
155.7 ±  1.3 ms - Hash
106.7 ± 38.3 ms - Map
 44.1 ±  0.6 ms - getState
0.125415
0.143532
0.23348
1311.4 ±  0.0 ms - Total time
1042.3 ±  0.0 ms - Build f time
 61.2 ±  1.0 ms - Apply f time
884.4 ±  8.0 ms - Real f time 
220.3 ±  3.1 ms - Add time
  8.5 ±  0.3 ms - Find child
 11.4 ±  0.4 ms - Add child
198.8 ±  2.3 ms - Hash
127.9 ± 38.4 ms - Map
 68.8 ±  0.8 ms - getState
0.107447
0.119617
0.201448
1512.9 ±  0.0 ms - Total time
1149.7 ±  0.0 ms - Build f time
 76.7 ±  1.1 ms - Apply f time
984.2 ±  8.3 ms - Real f time 
262.8 ±  3.3 ms - Add time
 11.5 ±  0.4 ms - Find child
 15.4 ±  0.4 ms - Add child
236.1 ±  2.4 ms - Hash
149.6 ± 38.4 ms - Map
 88.7 ±  0.9 ms - getState
0.0880042
0.0956018
0.163557
1676.5 ±  0.0 ms - Total time
1237.7 ±  0.0 ms - Build f time
 88.6 ±  1.2 ms - Apply f time
1062.9 ±  8.5 ms - Real f time 
298.3 ±  3.4 ms - Add time
 14.2 ±  0.4 ms - Find child
 18.5 ±  0.5 ms - Add child
265.9 ±  2.4 ms - Hash
165.4 ± 38.4 ms - Map
105.2 ±  1.0 ms - getState
0.130237
0.144257
0.230182
1906.8 ±  0.0 ms - Total time
1368.0 ±  0.0 ms - Build f time
105.8 ±  1.4 ms - Apply f time
1181.1 ±  9.5 ms - Real f time 
347.8 ±  4.6 ms - Add time
 17.5 ±  0.5 ms - Find child
 22.6 ±  0.5 ms - Add child
306.3 ±  2.5 ms - Hash
186.4 ± 38.4 ms - Map
127.7 ±  1.1 ms - getState
0.11714
0.128521
0.212817
2119.6 ±  0.0 ms - Total time
1485.1 ±  0.0 ms - Build f time
121.0 ±  1.5 ms - Apply f time
1286.6 ±  9.9 ms - Real f time 
395.9 ±  6.7 ms - Add time
 20.6 ±  0.5 ms - Find child
 26.5 ±  0.6 ms - Add child
344.9 ±  2.6 ms - Hash
205.7 ± 38.4 ms - Map
148.1 ±  1.2 ms - getState
0.137613
0.153535
0.244142
2363.8 ±  0.0 ms - Total time
1622.7 ±  0.0 ms - Build f time
138.0 ±  1.6 ms - Apply f time
1412.3 ± 10.3 ms - Real f time 
454.3 ±  8.0 ms - Add time
 24.2 ±  0.6 ms - Find child
 32.3 ±  0.9 ms - Add child
390.4 ±  2.7 ms - Hash
229.4 ± 38.3 ms - Map
170.3 ±  1.3 ms - getState
Dag sizes: 74770 97399 86456 74888 97345 86562 106216 
brutePieces time: 1.46541
103.0 ±  0.0 ms - Piece loop time
 74.1 ± 50.1 ms - Set time
 71.6 ±  2.1 ms - Child looking time
Nodes:  623636
Pieces: 81714
makePieces time: 0.104615
Memory: 11.8 + 22.8 + 20.0 + 39.3 + 5.7 MB
139.0 ±  9.6 ms - Greedy fill time
composePieces time: 2.23616
                                                                                