Running only task # 94
Using max depth 3
 |                                        | 0 / 419 (0.0%)Function count: 142
0.408802
0.460018
0.417914
0.473382
0.302199
0.332621
0.426232
0.485118
 39.3 ±  0.0 ms - Piece loop time
 26.3 ± 15.6 ms - Set time
 26.9 ±  1.0 ms - Child looking time
0.411358
0.461272
1.20522
2956.6 ±  0.0 ms - Total time
1966.5 ±  0.0 ms - Build f time
149.6 ±  4.2 ms - Apply f time
1426.8 ± 15.0 ms - Real f time 
718.9 ± 20.8 ms - Add time
 16.2 ±  0.9 ms - Find child
 20.6 ±  0.5 ms - Add child
577.2 ±  2.7 ms - Hash
180.8 ± 36.7 ms - Map
271.2 ±  4.7 ms - getState
0.437416
0.490946
1.23262
4189.2 ±  0.0 ms - Total time
2403.9 ±  0.0 ms - Build f time
234.2 ±  4.3 ms - Apply f time
1777.9 ± 16.6 ms - Real f time 
1070.5 ± 21.2 ms - Add time
 28.8 ±  1.0 ms - Find child
 39.2 ±  0.7 ms - Add child
864.3 ±  3.8 ms - Hash
258.2 ± 36.6 ms - Map
475.4 ±  5.4 ms - getState
0.298381
0.328735
0.86823
5057.5 ±  0.0 ms - Total time
2702.3 ±  0.0 ms - Build f time
301.8 ±  8.6 ms - Apply f time
2032.4 ± 17.8 ms - Real f time 
1322.9 ± 21.4 ms - Add time
 38.3 ±  1.0 ms - Find child
 54.3 ±  0.9 ms - Add child
1073.3 ±  4.0 ms - Hash
310.4 ± 36.6 ms - Map
609.9 ±  5.6 ms - getState
0.433583
0.490753
1.31735
6374.9 ±  0.0 ms - Total time
3135.9 ±  0.0 ms - Build f time
391.8 ±  8.7 ms - Apply f time
2407.2 ± 19.3 ms - Real f time 
1732.2 ± 26.1 ms - Add time
 52.6 ±  1.1 ms - Find child
 75.3 ±  1.1 ms - Add child
1378.9 ±  4.4 ms - Hash
391.1 ± 36.7 ms - Map
833.0 ±  6.1 ms - getState
Dag sizes: 426171 432450 323234 479746 
brutePieces time: 4.62531
192.1 ±  0.0 ms - Piece loop time
 80.7 ± 15.5 ms - Set time
116.7 ±  1.5 ms - Child looking time
Nodes:  1661601
Pieces: 366364
makePieces time: 0.193417
Memory: 81.5 + 51.2 + 53.2 + 43.4 + 14.6 MB
 66.1 ±  0.0 ms - Greedy fill time
composePieces time: 4.27956
                                                                                