Running only task # 13
Using max depth 23
 |                                        | 0 / 419 (0.0%)Function count: 142
0.105158
0.114018
0.108254
0.11715
0.0925889
0.101941
0.10283
0.111767
0.105719
0.114923
0.0898025
0.0970128
0.132286
0.145829
 48.5 ±  0.0 ms - Piece loop time
 81.9 ± 60.3 ms - Set time
 38.5 ±  1.6 ms - Child looking time
0.106887
0.115492
0.175499
978.6 ±  0.0 ms - Total time
843.5 ±  0.0 ms - Build f time
 34.5 ±  1.1 ms - Apply f time
731.9 ±  7.3 ms - Real f time 
153.0 ±  6.6 ms - Add time
  4.0 ±  0.2 ms - Find child
  5.6 ±  0.3 ms - Add child
138.2 ±  7.0 ms - Hash
157.5 ± 65.3 ms - Map
 42.6 ±  1.0 ms - getState
0.111126
0.123753
0.184567
1163.2 ±  0.0 ms - Total time
954.6 ±  0.0 ms - Build f time
 47.5 ±  1.2 ms - Apply f time
831.9 ±  7.6 ms - Real f time 
188.8 ±  7.0 ms - Add time
  6.6 ±  0.3 ms - Find child
  8.9 ±  0.3 ms - Add child
168.0 ±  7.0 ms - Hash
174.5 ± 65.4 ms - Map
 61.2 ±  1.1 ms - getState
0.096547
0.106651
0.163153
1326.4 ±  0.0 ms - Total time
1051.2 ±  0.0 ms - Build f time
 59.6 ±  1.3 ms - Apply f time
924.4 ±  7.9 ms - Real f time 
217.3 ±  7.0 ms - Add time
  9.2 ±  0.4 ms - Find child
 12.9 ±  0.4 ms - Add child
193.8 ±  7.0 ms - Hash
192.0 ± 65.4 ms - Map
 80.0 ±  2.7 ms - getState
0.105173
0.113381
0.168197
1494.6 ±  0.0 ms - Total time
1156.4 ±  0.0 ms - Build f time
 70.2 ±  1.3 ms - Apply f time
1023.0 ±  8.3 ms - Real f time 
252.0 ±  8.0 ms - Add time
 11.5 ±  0.4 ms - Find child
 15.8 ±  0.5 ms - Add child
223.0 ±  7.1 ms - Hash
208.8 ± 65.5 ms - Map
 95.0 ±  2.7 ms - getState
0.0990635
0.107614
0.162929
1657.6 ±  0.0 ms - Total time
1255.4 ±  0.0 ms - Build f time
 80.3 ±  1.4 ms - Apply f time
1118.3 ±  8.6 ms - Real f time 
284.0 ±  8.0 ms - Add time
 13.7 ±  0.4 ms - Find child
 20.2 ±  1.6 ms - Add child
251.9 ±  7.1 ms - Hash
224.2 ± 65.5 ms - Map
109.6 ±  2.7 ms - getState
0.0897177
0.0965992
0.148454
1806.1 ±  0.0 ms - Total time
1345.1 ±  0.0 ms - Build f time
 90.5 ±  1.4 ms - Apply f time
1205.0 ±  8.9 ms - Real f time 
317.3 ±  9.9 ms - Add time
 16.0 ±  0.5 ms - Find child
 23.3 ±  1.6 ms - Add child
274.8 ±  7.1 ms - Hash
240.2 ± 65.5 ms - Map
123.8 ±  2.7 ms - getState
0.131328
0.140949
0.213915
2020.1 ±  0.0 ms - Total time
1476.5 ±  0.0 ms - Build f time
102.5 ±  1.5 ms - Apply f time
1324.4 ±  9.4 ms - Real f time 
358.5 ± 10.0 ms - Add time
 18.5 ±  0.5 ms - Find child
 26.5 ±  1.6 ms - Add child
309.7 ±  7.1 ms - Hash
255.2 ± 65.5 ms - Map
144.9 ±  2.8 ms - getState
Dag sizes: 68379 69445 70163 68276 68472 70163 66562 
brutePieces time: 1.22249
124.8 ±  0.0 ms - Piece loop time
 66.7 ± 39.1 ms - Set time
 94.3 ±  4.0 ms - Child looking time
Nodes:  481460
Pieces: 90878
makePieces time: 0.126029
Memory: 8.5 + 19.7 + 15.4 + 37.1 + 6.3 MB
 34.1 ±  1.6 ms - Greedy fill time
composePieces time: 2.50552
                                                                                