Running only task # 394
Using max depth 23
 |                                        | 0 / 419 (0.0%)Function count: 142
0.0738152
0.078977
0.0276523
0.0289539
0.0856364
0.091417
0.0739252
0.0777176
0.0250965
0.0263342
0.0824615
0.0889738
0.118559
0.126033
 58.6 ±  0.0 ms - Piece loop time
 52.1 ± 44.0 ms - Set time
 51.1 ±  1.8 ms - Child looking time
0.0695766
0.0733896
0.092061
610.7 ±  0.0 ms - Total time
556.7 ±  0.0 ms - Build f time
 15.3 ±  0.4 ms - Apply f time
469.6 ±  6.5 ms - Real f time 
 90.3 ±  1.9 ms - Add time
  2.4 ±  0.2 ms - Find child
  3.3 ±  0.2 ms - Add child
 97.5 ±  1.0 ms - Hash
 91.0 ± 36.4 ms - Map
 16.4 ±  0.4 ms - getState
0.0261791
0.0278711
0.0326091
643.3 ±  0.0 ms - Total time
582.9 ±  0.0 ms - Build f time
 17.2 ±  0.5 ms - Apply f time
495.4 ±  6.8 ms - Real f time 
 95.2 ±  2.0 ms - Add time
  2.9 ±  0.2 ms - Find child
  4.0 ±  0.2 ms - Add child
103.7 ±  1.0 ms - Hash
 95.2 ± 36.4 ms - Map
 18.0 ±  0.4 ms - getState
0.0825269
0.0873453
0.116055
759.4 ±  0.0 ms - Total time
665.4 ±  0.0 ms - Build f time
 24.0 ±  0.5 ms - Apply f time
568.0 ±  7.0 ms - Real f time 
115.0 ±  2.1 ms - Add time
  4.6 ±  0.2 ms - Find child
  6.0 ±  0.3 ms - Add child
128.4 ±  1.1 ms - Hash
108.2 ± 36.4 ms - Map
 25.5 ±  0.5 ms - getState
0.0760933
0.0909406
0.110401
869.9 ±  0.0 ms - Total time
741.5 ±  0.0 ms - Build f time
 29.0 ±  0.6 ms - Apply f time
637.4 ±  8.6 ms - Real f time 
130.0 ±  2.2 ms - Add time
  6.0 ±  0.3 ms - Find child
  7.8 ±  0.3 ms - Add child
150.1 ±  3.1 ms - Hash
119.6 ± 36.4 ms - Map
 30.8 ±  0.5 ms - getState
0.0259611
0.0272457
0.0322845
902.2 ±  0.0 ms - Total time
767.5 ±  0.0 ms - Build f time
 30.8 ±  0.6 ms - Apply f time
661.4 ±  8.6 ms - Real f time 
135.9 ±  2.4 ms - Add time
  6.4 ±  0.3 ms - Find child
  8.5 ±  0.3 ms - Add child
156.1 ±  3.1 ms - Hash
123.8 ± 36.5 ms - Map
 32.3 ±  0.5 ms - getState
0.0891147
0.0941976
0.124818
1027.1 ±  0.0 ms - Total time
856.6 ±  0.0 ms - Build f time
 37.3 ±  0.7 ms - Apply f time
735.9 ±  8.7 ms - Real f time 
157.3 ±  2.5 ms - Add time
  8.2 ±  0.3 ms - Find child
 10.6 ±  0.4 ms - Add child
180.4 ±  3.1 ms - Hash
137.3 ± 36.4 ms - Map
 40.1 ±  0.6 ms - getState
0.117276
0.125199
0.164672
1191.8 ±  0.0 ms - Total time
973.9 ±  0.0 ms - Build f time
 46.8 ±  0.8 ms - Apply f time
838.6 ±  9.2 ms - Real f time 
185.4 ±  2.6 ms - Add time
 10.6 ±  0.4 ms - Find child
 13.8 ±  0.4 ms - Add child
212.8 ±  3.4 ms - Hash
154.7 ± 36.5 ms - Map
 51.1 ±  0.6 ms - getState
Dag sizes: 38076 14303 48391 38053 14302 48347 64559 
brutePieces time: 0.678691
115.2 ±  0.0 ms - Piece loop time
 62.3 ± 46.1 ms - Set time
 92.4 ±  1.6 ms - Child looking time
Nodes:  266031
Pieces: 48219
makePieces time: 0.116388
Memory: 3.2 + 16.0 + 8.5 + 33.6 + 3.7 MB
 20.8 ±  1.5 ms - Greedy fill time
composePieces time: 1.00461
                                                                                