Running only task # 228
Using max depth 23
 |                                        | 0 / 419 (0.0%)Function count: 142
0.155231
0.169212
0.152402
0.1685
0.155026
0.172543
0.142099
0.155749
0.152082
0.167837
0.149389
0.165434
0.126039
0.137558
 67.4 ±  0.0 ms - Piece loop time
 53.2 ± 38.4 ms - Set time
 51.5 ±  2.7 ms - Child looking time
0.150428
0.163226
0.298492
1435.8 ±  0.0 ms - Total time
1182.7 ±  0.0 ms - Build f time
 63.9 ±  1.0 ms - Apply f time
922.4 ± 11.9 ms - Real f time 
319.3 ± 35.7 ms - Add time
 11.1 ±  0.4 ms - Find child
 15.3 ±  0.4 ms - Add child
225.8 ±  7.2 ms - Hash
191.2 ± 40.4 ms - Map
 67.7 ±  0.8 ms - getState
0.146999
0.161661
0.308105
1743.9 ±  0.0 ms - Total time
1329.7 ±  0.0 ms - Build f time
 96.2 ±  1.2 ms - Apply f time
1055.1 ± 12.2 ms - Real f time 
401.7 ± 38.2 ms - Add time
 20.5 ±  0.5 ms - Find child
 35.4 ±  4.7 ms - Add child
280.4 ±  7.3 ms - Hash
238.8 ± 40.4 ms - Map
106.1 ±  1.0 ms - getState
0.160081
0.175776
0.305735
2049.7 ±  0.0 ms - Total time
1489.8 ±  0.0 ms - Build f time
126.3 ±  1.3 ms - Apply f time
1199.8 ± 12.4 ms - Real f time 
470.4 ± 38.2 ms - Add time
 30.1 ±  0.8 ms - Find child
 48.4 ±  4.7 ms - Add child
331.7 ±  7.3 ms - Hash
282.2 ± 40.4 ms - Map
140.5 ±  1.2 ms - getState
0.164399
0.179604
0.316456
2366.2 ±  0.0 ms - Total time
1654.2 ±  0.0 ms - Build f time
158.0 ±  1.5 ms - Apply f time
1345.7 ± 12.7 ms - Real f time 
542.2 ± 38.1 ms - Add time
 39.5 ±  0.9 ms - Find child
 61.0 ±  4.8 ms - Add child
386.7 ±  7.4 ms - Hash
322.1 ± 40.3 ms - Map
175.9 ±  1.3 ms - getState
0.146896
0.161984
0.291146
2657.4 ±  0.0 ms - Total time
1801.1 ±  0.0 ms - Build f time
193.6 ±  5.8 ms - Apply f time
1484.1 ± 14.1 ms - Real f time 
610.2 ± 38.3 ms - Add time
 48.8 ±  0.9 ms - Find child
 73.8 ±  4.8 ms - Add child
442.6 ±  8.3 ms - Hash
362.2 ± 40.3 ms - Map
213.4 ±  2.6 ms - getState
0.162197
0.178982
0.319721
2977.2 ±  0.0 ms - Total time
1963.3 ±  0.0 ms - Build f time
228.3 ±  5.8 ms - Apply f time
1637.8 ± 14.3 ms - Real f time 
682.8 ± 38.3 ms - Add time
 59.3 ±  1.0 ms - Find child
 88.1 ±  4.8 ms - Add child
495.3 ±  8.4 ms - Hash
407.0 ± 40.4 ms - Map
250.9 ±  2.7 ms - getState
0.119312
0.130769
0.24351
3220.7 ±  0.0 ms - Total time
2082.6 ±  0.0 ms - Build f time
254.8 ±  5.9 ms - Apply f time
1748.4 ± 14.5 ms - Real f time 
737.6 ± 38.3 ms - Add time
 67.7 ±  1.1 ms - Find child
101.5 ±  4.9 ms - Add child
538.0 ±  8.4 ms - Hash
441.0 ± 40.4 ms - Map
280.1 ±  2.7 ms - getState
Dag sizes: 182637 188050 191446 182409 188448 191073 165819 
brutePieces time: 2.08848
248.6 ±  0.0 ms - Piece loop time
 93.5 ± 35.2 ms - Set time
168.4 ±  2.5 ms - Child looking time
Nodes:  1289882
Pieces: 48027
makePieces time: 0.249817
Memory: 15.9 + 65.1 + 41.3 + 50.0 + 12.4 MB
  7.1 ±  1.3 ms - Greedy fill time
composePieces time: 0.422667
                                                                                