Running only task # 196
Using max depth 3
 |                                        | 0 / 419 (0.0%)Function count: 142
0.0926688
0.103789
0.193971
0.219641
0.0930408
0.104353
0.135217
0.154171
 45.3 ±  0.0 ms - Piece loop time
 54.1 ± 42.4 ms - Set time
 35.0 ±  1.1 ms - Child looking time
0.0815266
0.0909521
0.14554
727.7 ±  0.0 ms - Total time
596.4 ±  0.0 ms - Build f time
 37.5 ±  0.7 ms - Apply f time
530.6 ±  4.5 ms - Real f time 
140.8 ±  6.7 ms - Add time
  5.0 ±  0.2 ms - Find child
  7.3 ±  0.3 ms - Add child
 89.9 ±  2.2 ms - Hash
110.9 ± 50.6 ms - Map
 37.8 ±  0.6 ms - getState
0.200067
0.226041
0.332545
1060.3 ±  0.0 ms - Total time
796.5 ±  0.0 ms - Build f time
 63.8 ±  1.0 ms - Apply f time
722.2 ±  5.4 ms - Real f time 
211.8 ±  6.9 ms - Add time
 10.1 ±  0.4 ms - Find child
 16.5 ±  2.3 ms - Add child
132.7 ±  2.3 ms - Hash
146.6 ± 50.8 ms - Map
 76.7 ±  0.9 ms - getState
0.0984496
0.110338
0.176255
1236.6 ±  0.0 ms - Total time
894.9 ±  0.0 ms - Build f time
 79.3 ±  1.1 ms - Apply f time
819.7 ±  6.3 ms - Real f time 
250.2 ±  7.0 ms - Add time
 14.0 ±  0.4 ms - Find child
 22.0 ±  2.3 ms - Add child
158.5 ±  2.4 ms - Hash
170.5 ± 50.9 ms - Map
 95.6 ±  1.0 ms - getState
0.157879
0.177273
0.29257
1529.2 ±  0.0 ms - Total time
1052.8 ±  0.0 ms - Build f time
104.7 ±  2.8 ms - Apply f time
967.3 ±  6.7 ms - Real f time 
315.5 ±  7.1 ms - Add time
 19.5 ±  0.5 ms - Find child
 29.0 ±  2.3 ms - Add child
202.3 ±  2.5 ms - Hash
204.6 ± 50.9 ms - Map
127.1 ±  1.1 ms - getState
Dag sizes: 118041 184507 141349 182365 
brutePieces time: 0.949295
150.3 ±  0.0 ms - Piece loop time
120.9 ± 51.8 ms - Set time
 99.6 ±  1.6 ms - Child looking time
Nodes:  626262
Pieces: 180944
makePieces time: 0.151548
Memory: 7.3 + 21.6 + 20.0 + 26.8 + 7.6 MB
  3.5 ±  0.0 ms - Greedy fill time
composePieces time: 0.637392
                                                                                