Running only task # 181
Using max depth 3
 |                                        | 0 / 419 (0.0%)Function count: 142
0.610842
0.69649
0.770124
0.887999
0.534456
0.608346
0.471539
0.543795
0.685536
0.793913
 42.0 ±  0.0 ms - Piece loop time
 46.9 ± 31.7 ms - Set time
 25.2 ±  1.2 ms - Child looking time
0.610323
0.704652
1.10494
4635.8 ±  0.0 ms - Total time
3682.8 ±  0.0 ms - Build f time
236.7 ±  6.4 ms - Apply f time
3005.2 ± 30.1 ms - Real f time 
905.8 ± 39.6 ms - Add time
 13.3 ±  0.4 ms - Find child
 20.7 ±  0.6 ms - Add child
653.9 ±  3.9 ms - Hash
202.2 ± 41.6 ms - Map
288.9 ±  4.0 ms - getState
0.779578
0.907209
1.35375
5989.6 ±  0.0 ms - Total time
4462.4 ±  0.0 ms - Build f time
325.3 ±  6.7 ms - Apply f time
3663.4 ± 32.0 ms - Real f time 
1194.3 ± 39.9 ms - Add time
 23.5 ±  0.5 ms - Find child
 35.3 ±  0.8 ms - Add child
888.3 ±  6.0 ms - Hash
262.9 ± 41.6 ms - Map
455.4 ±  4.8 ms - getState
0.535478
0.609167
0.977114
6966.8 ±  0.0 ms - Total time
4997.9 ±  0.0 ms - Build f time
388.9 ±  6.9 ms - Apply f time
4119.3 ± 35.8 ms - Real f time 
1410.9 ± 40.1 ms - Add time
 33.2 ±  0.7 ms - Find child
 48.5 ±  0.9 ms - Add child
1081.0 ±  6.4 ms - Hash
320.8 ± 41.7 ms - Map
575.5 ±  5.5 ms - getState
0.489191
0.558604
0.934133
7900.9 ±  0.0 ms - Total time
5487.1 ±  0.0 ms - Build f time
452.3 ±  7.0 ms - Apply f time
4539.4 ± 36.9 ms - Real f time 
1621.1 ± 40.2 ms - Add time
 43.0 ±  0.7 ms - Find child
 69.9 ±  7.8 ms - Add child
1255.4 ±  6.7 ms - Hash
380.0 ± 41.6 ms - Map
701.7 ±  6.5 ms - getState
0.702642
0.810191
1.22707
9128.1 ±  0.0 ms - Total time
6189.7 ±  0.0 ms - Build f time
538.0 ±  7.3 ms - Apply f time
5171.2 ± 40.1 ms - Real f time 
1882.1 ± 40.5 ms - Add time
 52.9 ±  0.8 ms - Find child
 84.5 ±  7.8 ms - Add child
1461.4 ±  6.9 ms - Hash
441.0 ± 41.6 ms - Map
848.4 ±  6.8 ms - getState
Dag sizes: 284492 284669 253053 297435 278022 
brutePieces time: 5.59909
166.9 ±  0.0 ms - Piece loop time
 78.4 ± 16.5 ms - Set time
 97.8 ±  1.8 ms - Child looking time
Nodes:  1397671
Pieces: 147042
makePieces time: 0.167896
Memory: 62.9 + 49.6 + 44.7 + 43.3 + 10.8 MB
 26.2 ±  0.0 ms - Greedy fill time
composePieces time: 0.844882
                                                                                