Running only task # 167
Using max depth 3
 |                                        | 0 / 419 (0.0%)Function count: 142
0.152436
0.164822
0.123639
0.133203
0.115574
0.124774
0.157016
0.16859
0.0888739
0.0970874
0.210947
0.227958
 24.5 ±  0.0 ms - Piece loop time
 47.2 ± 41.6 ms - Set time
 18.7 ±  1.0 ms - Child looking time
0.148327
0.159941
0.318899
1235.6 ±  0.0 ms - Total time
996.8 ±  0.0 ms - Build f time
 50.2 ±  3.9 ms - Apply f time
772.7 ± 10.9 ms - Real f time 
214.1 ±  3.4 ms - Add time
  5.7 ±  0.3 ms - Find child
  9.5 ±  0.9 ms - Add child
237.3 ±  5.9 ms - Hash
116.3 ± 39.4 ms - Map
 65.6 ±  2.3 ms - getState
0.117734
0.126436
0.217219
1452.9 ±  0.0 ms - Total time
1114.5 ±  0.0 ms - Build f time
 65.9 ±  3.9 ms - Apply f time
869.6 ± 11.1 ms - Real f time 
260.6 ±  3.6 ms - Add time
  9.4 ±  0.4 ms - Find child
 14.1 ±  0.9 ms - Add child
284.9 ±  5.9 ms - Hash
136.0 ± 39.4 ms - Map
 89.3 ±  2.3 ms - getState
0.122717
0.131385
0.221246
1674.2 ±  0.0 ms - Total time
1237.3 ±  0.0 ms - Build f time
 80.3 ±  4.0 ms - Apply f time
974.8 ± 11.3 ms - Real f time 
310.0 ±  3.8 ms - Add time
 12.5 ±  0.4 ms - Find child
 18.0 ±  1.0 ms - Add child
333.9 ±  6.0 ms - Hash
155.1 ± 39.4 ms - Map
113.2 ±  2.5 ms - getState
0.154279
0.166104
0.298579
1972.8 ±  0.0 ms - Total time
1391.5 ±  0.0 ms - Build f time
 99.1 ±  4.0 ms - Apply f time
1103.3 ± 11.6 ms - Real f time 
378.7 ±  4.0 ms - Add time
 16.0 ±  0.5 ms - Find child
 23.4 ±  1.0 ms - Add child
401.4 ±  6.0 ms - Hash
178.1 ± 39.4 ms - Map
145.9 ±  2.5 ms - getState
0.0927211
0.100132
0.170362
2143.2 ±  0.0 ms - Total time
1484.3 ±  0.0 ms - Build f time
111.4 ±  4.0 ms - Apply f time
1182.1 ± 11.7 ms - Real f time 
413.7 ±  4.1 ms - Add time
 19.0 ±  0.5 ms - Find child
 27.5 ±  1.0 ms - Add child
444.5 ±  8.7 ms - Hash
196.3 ± 39.4 ms - Map
165.8 ±  2.6 ms - getState
0.215206
0.229662
0.400555
2543.8 ±  0.0 ms - Total time
1699.5 ±  0.0 ms - Build f time
132.1 ±  4.0 ms - Apply f time
1355.9 ± 14.8 ms - Real f time 
503.9 ±  4.6 ms - Add time
 22.6 ±  0.6 ms - Find child
 31.7 ±  1.0 ms - Add child
539.9 ±  8.8 ms - Hash
217.8 ± 39.4 ms - Map
209.1 ±  2.7 ms - getState
Dag sizes: 117609 97260 93530 113747 84343 108948 
brutePieces time: 1.63219
 73.2 ±  0.0 ms - Piece loop time
 41.8 ± 22.2 ms - Set time
 51.0 ±  1.2 ms - Child looking time
Nodes:  615437
Pieces: 81739
makePieces time: 0.0739682
Memory: 17.0 + 23.9 + 19.7 + 35.0 + 4.8 MB
152.9 ± 17.4 ms - Greedy fill time
composePieces time: 2.64944
                                                                                