Running only task # 312
Using max depth 3
 |                                        | 0 / 419 (0.0%)Function count: 142
0.101427
0.106676
0.0500545
0.0544963
0.0633757
0.0684294
  8.9 ±  0.0 ms - Piece loop time
 70.7 ± 68.4 ms - Set time
  6.2 ±  0.7 ms - Child looking time
0.0872361
0.0913789
0.144578
374.4 ±  0.0 ms - Total time
302.1 ±  0.0 ms - Build f time
 12.4 ±  0.6 ms - Apply f time
245.8 ±  5.6 ms - Real f time 
 61.1 ±  2.6 ms - Add time
  1.4 ±  0.1 ms - Find child
  1.9 ±  0.2 ms - Add child
 70.7 ±  0.9 ms - Hash
 60.3 ± 41.8 ms - Map
 17.9 ±  0.5 ms - getState
0.0486251
0.0518784
0.0759043
450.4 ±  0.0 ms - Total time
350.7 ±  0.0 ms - Build f time
 17.2 ±  0.7 ms - Apply f time
293.2 ±  7.1 ms - Real f time 
 76.3 ±  3.0 ms - Add time
  2.5 ±  0.2 ms - Find child
  3.3 ±  0.2 ms - Add child
 86.3 ±  1.1 ms - Hash
 67.3 ± 41.6 ms - Map
 23.8 ±  0.6 ms - getState
0.0665475
0.0706195
0.107258
557.7 ±  0.0 ms - Total time
417.3 ±  0.0 ms - Build f time
 23.8 ±  0.7 ms - Apply f time
348.0 ±  7.3 ms - Real f time 
 96.8 ±  3.1 ms - Add time
  4.1 ±  0.2 ms - Find child
  5.4 ±  0.3 ms - Add child
105.6 ±  1.2 ms - Hash
 77.2 ± 41.7 ms - Map
 32.5 ±  0.7 ms - getState
Dag sizes: 34399 31183 39646 
brutePieces time: 0.330522
 16.0 ±  0.0 ms - Piece loop time
 54.1 ± 48.7 ms - Set time
 10.7 ±  0.5 ms - Child looking time
Nodes:  105228
Pieces: 25794
makePieces time: 0.0171073
Memory: 2.7 + 4.7 + 3.4 + 14.3 + 0.9 MB
  4.4 ±  0.0 ms - Greedy fill time
composePieces time: 0.0948623
                                                                                