Running only task # 324
Using max depth 23
 |                                        | 0 / 419 (0.0%)Function count: 142
0.0642664
0.0724767
0.0648796
0.0700483
0.0578814
0.0621606
0.0645872
0.0718074
0.0605032
0.0649906
0.0570111
0.0626451
0.067382
0.0721476
 26.4 ±  0.0 ms - Piece loop time
 48.4 ± 43.2 ms - Set time
 20.0 ±  1.1 ms - Child looking time
0.0617439
0.070179
0.170359
646.9 ±  0.0 ms - Total time
498.3 ±  0.0 ms - Build f time
 31.6 ±  0.6 ms - Apply f time
426.7 ±  4.2 ms - Real f time 
124.1 ±  7.7 ms - Add time
  6.2 ±  0.3 ms - Find child
  8.8 ±  0.4 ms - Add child
 96.5 ±  1.1 ms - Hash
 96.7 ± 39.0 ms - Map
 35.2 ±  0.7 ms - getState
0.0623283
0.0670358
0.146097
793.1 ±  0.0 ms - Total time
560.6 ±  0.0 ms - Build f time
 46.4 ±  0.9 ms - Apply f time
489.1 ±  4.5 ms - Real f time 
158.9 ±  7.8 ms - Add time
 10.3 ±  0.4 ms - Find child
 13.9 ±  0.4 ms - Add child
124.4 ±  1.2 ms - Hash
116.9 ± 39.0 ms - Map
 51.1 ±  0.7 ms - getState
0.0575281
0.0619103
0.144657
937.8 ±  0.0 ms - Total time
618.1 ±  0.0 ms - Build f time
 61.7 ±  1.0 ms - Apply f time
548.5 ±  4.7 ms - Real f time 
196.2 ±  7.8 ms - Add time
 14.6 ±  0.4 ms - Find child
 19.7 ±  0.5 ms - Add child
151.5 ±  1.3 ms - Hash
138.1 ± 39.0 ms - Map
 66.8 ±  0.8 ms - getState
0.065795
0.071891
0.159254
1097.1 ±  0.0 ms - Total time
683.9 ±  0.0 ms - Build f time
 76.5 ±  1.1 ms - Apply f time
614.5 ±  4.9 ms - Real f time 
236.7 ±  7.9 ms - Add time
 18.8 ±  0.5 ms - Find child
 25.1 ±  0.6 ms - Add child
180.7 ±  1.4 ms - Hash
163.8 ± 39.1 ms - Map
 84.7 ±  0.9 ms - getState
0.0557448
0.0600739
0.146657
1243.8 ±  0.0 ms - Total time
739.6 ±  0.0 ms - Build f time
 98.0 ±  4.7 ms - Apply f time
671.6 ±  5.0 ms - Real f time 
275.1 ±  8.0 ms - Add time
 23.1 ±  0.5 ms - Find child
 30.9 ±  0.6 ms - Add child
208.3 ±  1.7 ms - Hash
183.8 ± 39.1 ms - Map
101.6 ±  1.0 ms - getState
0.0632471
0.0675255
0.148726
1392.6 ±  0.0 ms - Total time
802.9 ±  0.0 ms - Build f time
112.7 ±  4.7 ms - Apply f time
733.8 ±  5.3 ms - Real f time 
311.5 ±  8.0 ms - Add time
 27.0 ±  0.6 ms - Find child
 36.1 ±  0.7 ms - Add child
235.9 ±  1.8 ms - Hash
205.3 ± 39.1 ms - Map
119.8 ±  1.1 ms - getState
0.0691254
0.0742702
0.173154
1565.8 ±  0.0 ms - Total time
872.0 ±  0.0 ms - Build f time
131.5 ±  4.7 ms - Apply f time
803.0 ±  5.6 ms - Real f time 
354.9 ±  8.1 ms - Add time
 32.0 ±  0.6 ms - Find child
 43.1 ±  0.8 ms - Add child
272.9 ±  5.0 ms - Hash
233.2 ± 39.1 ms - Map
138.0 ±  1.1 ms - getState
Dag sizes: 122620 103754 100309 122400 103212 100306 118570 
brutePieces time: 1.09473
143.0 ±  0.0 ms - Piece loop time
 76.8 ± 38.9 ms - Set time
104.3 ±  6.9 ms - Child looking time
Nodes:  771171
Pieces: 134996
makePieces time: 0.144802
Memory: 9.5 + 27.4 + 24.7 + 41.7 + 8.8 MB
109.3 ± 15.7 ms - Greedy fill time
composePieces time: 2.07168
                                                                                