Running only task # 290
Using max depth 3
 |                                        | 0 / 419 (0.0%)Function count: 142
0.31151
0.356787
0.35233
0.39441
0.180787
0.204109
0.444699
0.505859
 47.4 ±  0.0 ms - Piece loop time
 27.0 ± 15.6 ms - Set time
 33.5 ±  1.1 ms - Child looking time
0.298161
0.334778
0.806239
2267.6 ±  0.0 ms - Total time
1587.5 ±  0.0 ms - Build f time
119.4 ±  1.8 ms - Apply f time
1282.0 ± 12.8 ms - Real f time 
580.8 ± 51.0 ms - Add time
 12.9 ±  0.4 ms - Find child
 18.9 ±  0.7 ms - Add child
358.9 ±  5.9 ms - Hash
183.5 ± 41.9 ms - Map
172.9 ±  1.5 ms - getState
0.368401
0.414361
0.918741
3186.4 ±  0.0 ms - Total time
1955.9 ±  0.0 ms - Build f time
190.1 ±  2.1 ms - Apply f time
1622.4 ± 14.2 ms - Real f time 
830.7 ± 51.0 ms - Add time
 25.1 ±  0.6 ms - Find child
 35.6 ±  0.8 ms - Add child
530.1 ±  6.1 ms - Hash
257.4 ± 41.9 ms - Map
310.0 ±  2.0 ms - getState
0.189106
0.216972
0.475482
3661.9 ±  0.0 ms - Total time
2145.0 ±  0.0 ms - Build f time
236.6 ±  2.4 ms - Apply f time
1800.6 ± 14.7 ms - Real f time 
948.3 ± 51.0 ms - Add time
 35.3 ±  0.7 ms - Find child
 51.0 ±  0.9 ms - Add child
608.6 ±  6.3 ms - Hash
334.6 ± 44.6 ms - Map
378.7 ±  2.2 ms - getState
0.454245
0.533084
1.20647
4868.4 ±  0.0 ms - Total time
2599.2 ±  0.0 ms - Build f time
326.0 ±  2.8 ms - Apply f time
2208.5 ± 15.9 ms - Real f time 
1297.1 ± 51.2 ms - Add time
 48.4 ±  0.8 ms - Find child
 71.3 ±  1.1 ms - Add child
834.6 ±  6.4 ms - Hash
454.3 ± 56.5 ms - Map
571.7 ±  4.0 ms - getState
Dag sizes: 369154 373261 321930 444905 
brutePieces time: 3.4091
220.0 ±  0.0 ms - Piece loop time
119.6 ± 35.6 ms - Set time
133.8 ±  1.9 ms - Child looking time
Nodes:  1509250
Pieces: 341722
makePieces time: 0.221605
Memory: 43.4 + 47.5 + 48.3 + 40.9 + 13.8 MB
  9.7 ±  0.0 ms - Greedy fill time
composePieces time: 2.49304
                                                                                