Running only task # 1
Using max depth 23
 |                                        | 0 / 419 (0.0%)Function count: 142
0.0507517
0.0545661
0.0613249
0.0661375
0.0575622
0.0612501
0.0320462
0.0342742
0.0530549
0.0571836
0.0611125
0.0646961
0.0587424
0.0635458
0.0591657
0.062811
0.0279928
0.0301536
0.0537025
0.0578283
0.0685058
0.0755959
 82.8 ±  0.0 ms - Piece loop time
 56.6 ± 46.6 ms - Set time
 69.8 ±  3.9 ms - Child looking time
0.0544546
0.0605307
0.109834
738.4 ±  0.0 ms - Total time
638.4 ±  0.0 ms - Build f time
 26.3 ±  0.5 ms - Apply f time
529.9 ±  3.9 ms - Real f time 
143.0 ±  9.4 ms - Add time
  5.6 ±  0.3 ms - Find child
  8.9 ±  0.4 ms - Add child
109.9 ±  6.3 ms - Hash
156.1 ± 50.8 ms - Map
 27.5 ±  0.5 ms - getState
0.0602147
0.0648351
0.130639
869.1 ±  0.0 ms - Total time
698.6 ±  0.0 ms - Build f time
 40.9 ±  0.7 ms - Apply f time
588.5 ±  4.0 ms - Real f time 
171.1 ±  9.4 ms - Add time
 10.5 ±  0.4 ms - Find child
 15.6 ±  0.5 ms - Add child
129.7 ±  6.4 ms - Hash
184.0 ± 50.8 ms - Map
 42.9 ±  0.6 ms - getState
0.0517377
0.055015
0.0990016
968.2 ±  0.0 ms - Total time
750.4 ±  0.0 ms - Build f time
 50.3 ±  0.7 ms - Apply f time
638.2 ±  4.1 ms - Real f time 
190.4 ±  9.4 ms - Add time
 13.7 ±  0.4 ms - Find child
 19.7 ±  0.6 ms - Add child
147.6 ±  6.4 ms - Hash
203.1 ± 50.8 ms - Map
 51.7 ±  0.7 ms - getState
0.0335405
0.0366032
0.0545311
1022.7 ±  0.0 ms - Total time
783.9 ±  0.0 ms - Build f time
 55.5 ±  0.8 ms - Apply f time
669.1 ±  4.1 ms - Real f time 
204.2 ±  9.6 ms - Add time
 15.5 ±  0.4 ms - Find child
 22.1 ±  0.6 ms - Add child
155.5 ±  6.4 ms - Hash
218.2 ± 51.1 ms - Map
 56.2 ±  0.7 ms - getState
0.0539713
0.0581366
0.106912
1129.7 ±  0.0 ms - Total time
837.9 ±  0.0 ms - Build f time
 65.5 ±  0.9 ms - Apply f time
720.1 ±  4.2 ms - Real f time 
226.6 ±  9.6 ms - Add time
 18.6 ±  0.5 ms - Find child
 27.2 ±  0.6 ms - Add child
174.2 ±  6.5 ms - Hash
238.3 ± 51.1 ms - Map
 67.2 ±  0.8 ms - getState
0.0602816
0.0645517
0.10763
1237.4 ±  0.0 ms - Total time
898.2 ±  0.0 ms - Build f time
 75.3 ±  0.9 ms - Apply f time
775.3 ±  4.4 ms - Real f time 
251.2 ±  9.7 ms - Add time
 22.1 ±  0.5 ms - Find child
 31.3 ±  0.7 ms - Add child
190.4 ±  6.5 ms - Hash
258.1 ± 51.0 ms - Map
 76.7 ±  0.8 ms - getState
0.0668328
0.0732811
0.129412
1366.8 ±  0.0 ms - Total time
965.0 ±  0.0 ms - Build f time
 87.4 ±  1.0 ms - Apply f time
837.6 ±  4.5 ms - Real f time 
280.5 ±  9.8 ms - Add time
 26.2 ±  0.6 ms - Find child
 36.8 ±  0.7 ms - Add child
210.2 ±  6.5 ms - Hash
284.0 ± 51.0 ms - Map
 88.4 ±  0.9 ms - getState
0.0527097
0.0562936
0.10536
1472.3 ±  0.0 ms - Total time
1017.7 ±  0.0 ms - Build f time
 98.0 ±  1.1 ms - Apply f time
889.2 ±  4.6 ms - Real f time 
306.7 ± 10.1 ms - Add time
 29.7 ±  0.6 ms - Find child
 42.4 ±  1.2 ms - Add child
227.4 ±  6.5 ms - Hash
303.0 ± 51.0 ms - Map
 98.4 ±  0.9 ms - getState
0.0348776
0.0372357
0.0541123
1526.5 ±  0.0 ms - Total time
1052.6 ±  0.0 ms - Build f time
102.8 ±  1.1 ms - Apply f time
921.8 ±  4.8 ms - Real f time 
317.6 ± 10.1 ms - Add time
 31.7 ±  0.6 ms - Find child
 44.5 ±  1.2 ms - Add child
236.2 ±  6.5 ms - Hash
313.5 ± 51.0 ms - Map
102.1 ±  1.0 ms - getState
0.0633304
0.0675539
0.1162
1642.8 ±  0.0 ms - Total time
1115.9 ±  0.0 ms - Build f time
113.1 ±  1.1 ms - Apply f time
979.0 ±  4.9 ms - Real f time 
343.8 ± 10.1 ms - Add time
 35.2 ±  0.7 ms - Find child
 49.2 ±  1.3 ms - Add child
255.6 ±  6.5 ms - Hash
335.3 ± 51.0 ms - Map
113.5 ±  1.0 ms - getState
0.068662
0.0731618
0.13985
1782.7 ±  0.0 ms - Total time
1184.6 ±  0.0 ms - Build f time
126.5 ±  1.2 ms - Apply f time
1040.9 ±  5.0 ms - Real f time 
379.9 ± 11.2 ms - Add time
 38.7 ±  0.7 ms - Find child
 54.8 ±  1.4 ms - Add child
281.5 ±  7.1 ms - Hash
358.7 ± 51.0 ms - Map
130.7 ±  1.4 ms - getState
Dag sizes: 86417 101933 79070 36650 88729 86392 102018 78921 36673 88429 97001 
brutePieces time: 1.1637
278.9 ±  0.0 ms - Piece loop time
 79.5 ± 40.1 ms - Set time
215.1 ±  4.1 ms - Child looking time
Nodes:  882233
Pieces: 116403
makePieces time: 0.280691
Memory: 6.2 + 43.6 + 28.2 + 60.3 + 12.2 MB
 10.6 ±  0.7 ms - Greedy fill time
composePieces time: 1.90386
                                                                                