Running only task # 409
Using max depth 23
 |                                        | 0 / 419 (0.0%)Function count: 142
0.102224
0.111892
0.117224
0.128029
0.11982
0.133306
0.124082
0.135811
0.100999
0.110639
0.119018
0.132833
0.126509
0.139294
0.131844
0.143245
0.119747
0.131611
 70.1 ±  0.0 ms - Piece loop time
 51.3 ± 39.4 ms - Set time
 51.1 ±  1.9 ms - Child looking time
0.114669
0.124345
0.221464
1388.6 ±  0.0 ms - Total time
1176.1 ±  0.0 ms - Build f time
 53.0 ±  0.8 ms - Apply f time
991.1 ±  8.8 ms - Real f time 
285.2 ± 37.4 ms - Add time
  8.0 ±  0.3 ms - Find child
 11.9 ±  0.4 ms - Add child
193.8 ±  7.3 ms - Hash
175.8 ± 41.6 ms - Map
 61.9 ±  4.7 ms - getState
0.110168
0.120999
0.231515
1620.2 ±  0.0 ms - Total time
1286.3 ±  0.0 ms - Build f time
 75.4 ±  1.2 ms - Apply f time
1101.7 ± 10.4 ms - Real f time 
342.5 ± 37.5 ms - Add time
 13.2 ±  0.4 ms - Find child
 19.2 ±  0.5 ms - Add child
232.1 ±  7.3 ms - Hash
208.6 ± 41.5 ms - Map
 90.2 ±  4.8 ms - getState
0.124979
0.137441
0.236932
1857.2 ±  0.0 ms - Total time
1411.3 ±  0.0 ms - Build f time
 95.1 ±  1.3 ms - Apply f time
1226.2 ± 12.2 ms - Real f time 
405.5 ± 38.7 ms - Add time
 18.5 ±  0.5 ms - Find child
 25.7 ±  0.6 ms - Add child
269.8 ±  7.4 ms - Hash
237.0 ± 41.5 ms - Map
115.6 ±  4.8 ms - getState
0.116036
0.12709
0.220183
2077.4 ±  0.0 ms - Total time
1527.3 ±  0.0 ms - Build f time
113.2 ±  1.3 ms - Apply f time
1335.2 ± 12.4 ms - Real f time 
454.4 ± 38.7 ms - Add time
 22.9 ±  0.5 ms - Find child
 31.4 ±  0.6 ms - Add child
313.5 ±  8.9 ms - Hash
264.7 ± 41.5 ms - Map
138.1 ±  4.8 ms - getState
0.103674
0.112928
0.205684
2283.1 ±  0.0 ms - Total time
1631.0 ±  0.0 ms - Build f time
130.2 ±  1.4 ms - Apply f time
1434.4 ± 13.1 ms - Real f time 
499.2 ± 38.7 ms - Add time
 27.9 ±  0.6 ms - Find child
 37.6 ±  0.7 ms - Add child
351.0 ±  8.9 ms - Hash
292.6 ± 41.5 ms - Map
160.5 ±  4.8 ms - getState
0.117567
0.128868
0.235781
2519.0 ±  0.0 ms - Total time
1748.6 ±  0.0 ms - Build f time
150.2 ±  1.5 ms - Apply f time
1545.3 ± 13.3 ms - Real f time 
585.0 ± 49.7 ms - Add time
 32.9 ±  0.6 ms - Find child
 44.4 ±  0.8 ms - Add child
390.4 ±  9.0 ms - Hash
323.7 ± 41.5 ms - Map
185.5 ±  4.9 ms - getState
0.12188
0.134745
0.229082
2748.1 ±  0.0 ms - Total time
1870.4 ±  0.0 ms - Build f time
168.3 ±  1.6 ms - Apply f time
1664.9 ± 13.5 ms - Real f time 
637.6 ± 49.8 ms - Add time
 37.5 ±  0.7 ms - Find child
 50.1 ±  0.8 ms - Add child
428.0 ±  9.0 ms - Hash
353.5 ± 41.5 ms - Map
208.6 ±  4.9 ms - getState
0.118329
0.129433
0.231672
2979.8 ±  0.0 ms - Total time
1988.8 ±  0.0 ms - Build f time
186.4 ±  1.6 ms - Apply f time
1777.6 ± 13.6 ms - Real f time 
690.7 ± 49.8 ms - Add time
 42.4 ±  0.7 ms - Find child
 57.2 ±  0.9 ms - Add child
466.2 ±  9.0 ms - Hash
385.2 ± 41.5 ms - Map
232.5 ±  5.0 ms - getState
0.121132
0.132974
0.238936
3218.8 ±  0.0 ms - Total time
2109.9 ±  0.0 ms - Build f time
205.5 ±  1.7 ms - Apply f time
1889.4 ± 13.8 ms - Real f time 
744.0 ± 49.8 ms - Add time
 47.3 ±  0.8 ms - Find child
 63.8 ±  0.9 ms - Add child
507.3 ±  9.0 ms - Hash
418.2 ± 41.5 ms - Map
257.4 ±  5.0 ms - getState
Dag sizes: 143384 157551 147597 147360 143304 156721 148172 147080 157289 
brutePieces time: 2.05773
228.0 ±  0.0 ms - Piece loop time
 99.4 ± 49.3 ms - Set time
165.4 ±  8.5 ms - Child looking time
Nodes:  1348458
Pieces: 152787
makePieces time: 0.230308
Memory: 16.5 + 45.3 + 43.2 + 59.3 + 13.0 MB
 61.4 ± 43.0 ms - Greedy fill time
composePieces time: 3.1164
                                                                                