Running only task # 27
Using max depth 3
 |                                        | 0 / 419 (0.0%)Function count: 142
0.0989705
0.107096
0.0944411
0.103426
0.0943249
0.102613
0.0965807
0.106242
 19.5 ±  0.0 ms - Piece loop time
 42.6 ± 37.7 ms - Set time
 13.6 ±  0.9 ms - Child looking time
0.102076
0.112096
0.219049
638.6 ±  0.0 ms - Total time
486.4 ±  0.0 ms - Build f time
 31.9 ±  0.7 ms - Apply f time
399.8 ±  4.0 ms - Real f time 
127.1 ±  7.7 ms - Add time
  7.7 ±  0.7 ms - Find child
 11.0 ±  2.4 ms - Add child
110.1 ±  3.2 ms - Hash
 98.7 ± 36.9 ms - Map
 37.8 ±  0.9 ms - getState
0.097953
0.106316
0.208125
846.8 ±  0.0 ms - Total time
584.3 ±  0.0 ms - Build f time
 53.5 ±  2.3 ms - Apply f time
490.6 ±  4.3 ms - Real f time 
179.3 ±  7.9 ms - Add time
 13.3 ±  0.8 ms - Find child
 19.6 ±  2.7 ms - Add child
151.2 ±  3.3 ms - Hash
124.5 ± 36.9 ms - Map
 62.1 ±  1.2 ms - getState
0.0975413
0.10639
0.204414
1051.2 ±  0.0 ms - Total time
681.9 ±  0.0 ms - Build f time
 72.7 ±  2.3 ms - Apply f time
579.5 ±  4.6 ms - Real f time 
235.8 ± 10.4 ms - Add time
 18.6 ±  0.8 ms - Find child
 26.6 ±  2.7 ms - Add child
191.8 ±  3.3 ms - Hash
151.2 ± 36.9 ms - Map
 85.3 ±  1.2 ms - getState
0.0992917
0.109102
0.211195
1262.4 ±  0.0 ms - Total time
781.2 ±  0.0 ms - Build f time
103.6 ± 10.4 ms - Apply f time
675.2 ±  5.2 ms - Real f time 
287.1 ± 10.4 ms - Add time
 23.8 ±  0.9 ms - Find child
 34.9 ±  2.9 ms - Add child
233.7 ±  3.4 ms - Hash
186.4 ± 38.1 ms - Map
109.4 ±  1.3 ms - getState
Dag sizes: 145677 150495 146751 152197 
brutePieces time: 0.84508
 65.6 ±  0.0 ms - Piece loop time
 65.7 ± 41.8 ms - Set time
 40.1 ±  1.0 ms - Child looking time
Nodes:  595120
Pieces: 125638
makePieces time: 0.0667563
Memory: 7.5 + 24.3 + 19.0 + 26.3 + 5.1 MB
  3.3 ±  0.0 ms - Greedy fill time
composePieces time: 0.326175
                                                                                