Running only task # 129
Using max depth 3
 |                                        | 0 / 419 (0.0%)Function count: 142
0.101143
0.112432
0.088573
0.0993007
0.0951675
0.106951
0.114354
0.126575
0.100526
0.11674
 39.6 ±  0.0 ms - Piece loop time
 47.4 ± 38.2 ms - Set time
 28.7 ±  1.1 ms - Child looking time
0.102496
0.113468
0.165418
727.7 ±  0.0 ms - Total time
602.3 ±  0.0 ms - Build f time
 37.2 ±  0.6 ms - Apply f time
535.0 ±  4.8 ms - Real f time 
140.7 ± 15.9 ms - Add time
  5.9 ±  0.3 ms - Find child
  7.9 ±  0.3 ms - Add child
 88.8 ±  1.0 ms - Hash
118.3 ± 41.5 ms - Map
 32.8 ±  0.7 ms - getState
0.0905646
0.101648
0.149484
877.2 ±  0.0 ms - Total time
692.8 ±  0.0 ms - Build f time
 50.5 ±  0.8 ms - Apply f time
621.3 ±  5.3 ms - Real f time 
172.0 ± 16.0 ms - Add time
  9.3 ±  0.3 ms - Find child
 13.3 ±  1.3 ms - Add child
110.6 ±  1.3 ms - Hash
145.0 ± 41.7 ms - Map
 46.4 ±  0.7 ms - getState
0.115093
0.12713
0.178654
1055.9 ±  0.0 ms - Total time
807.9 ±  0.0 ms - Build f time
 64.5 ±  0.9 ms - Apply f time
726.3 ±  5.5 ms - Real f time 
206.2 ± 16.1 ms - Add time
 12.6 ±  0.4 ms - Find child
 18.4 ±  1.3 ms - Add child
133.7 ±  1.4 ms - Hash
224.1 ± 64.0 ms - Map
 61.7 ±  0.8 ms - getState
0.120575
0.133836
0.192328
1248.3 ±  0.0 ms - Total time
928.5 ±  0.0 ms - Build f time
 80.2 ±  1.0 ms - Apply f time
835.5 ±  5.7 ms - Real f time 
246.3 ± 16.2 ms - Add time
 16.7 ±  0.5 ms - Find child
 23.9 ±  1.3 ms - Add child
157.4 ±  1.5 ms - Hash
254.3 ± 63.9 ms - Map
 79.8 ±  0.9 ms - getState
0.109392
0.121353
0.174617
1422.9 ±  0.0 ms - Total time
1037.9 ±  0.0 ms - Build f time
 94.1 ±  1.0 ms - Apply f time
935.2 ±  5.9 ms - Real f time 
280.8 ± 16.2 ms - Add time
 20.8 ±  0.5 ms - Find child
 28.8 ±  1.4 ms - Add child
179.6 ±  1.6 ms - Hash
283.5 ± 63.9 ms - Map
 95.2 ±  1.0 ms - getState
Dag sizes: 131259 108231 123026 130699 118636 
brutePieces time: 0.864884
114.1 ±  0.0 ms - Piece loop time
 70.7 ± 36.5 ms - Set time
 72.9 ±  1.5 ms - Child looking time
Nodes:  611851
Pieces: 90860
makePieces time: 0.115337
Memory: 4.6 + 26.5 + 19.6 + 30.8 + 6.3 MB
  1.5 ±  0.0 ms - Greedy fill time
composePieces time: 0.35016
                                                                                