Running only task # 256
Using max depth 23
 |                                        | 0 / 419 (0.0%)Function count: 142
0.0264623
0.0275127
0.0284318
0.0295638
0.032796
0.0343136
0.0240425
0.02494
0.0287172
0.0298546
0.0409188
0.0424483
0.0395412
0.041038
  8.2 ±  0.0 ms - Piece loop time
 39.5 ± 38.2 ms - Set time
  6.4 ±  0.7 ms - Child looking time
0.0267715
0.02768
0.0305251
260.3 ±  0.0 ms - Total time
247.7 ±  0.0 ms - Build f time
  4.1 ±  0.3 ms - Apply f time
200.4 ±  3.8 ms - Real f time 
 30.6 ±  1.1 ms - Add time
  0.5 ±  0.1 ms - Find child
  0.7 ±  0.1 ms - Add child
 43.7 ±  0.6 ms - Hash
 56.3 ± 42.6 ms - Map
  4.5 ±  0.2 ms - getState
0.0300358
0.0311331
0.0348348
295.2 ±  0.0 ms - Total time
277.7 ±  0.0 ms - Build f time
  5.0 ±  0.3 ms - Apply f time
226.2 ±  4.0 ms - Real f time 
 34.6 ±  1.1 ms - Add time
  0.9 ±  0.1 ms - Find child
  1.0 ±  0.1 ms - Add child
 51.0 ±  0.7 ms - Hash
 58.6 ± 42.6 ms - Map
  5.8 ±  0.3 ms - getState
0.0335471
0.0351327
0.0397538
335.0 ±  0.0 ms - Total time
311.3 ±  0.0 ms - Build f time
  6.5 ±  0.4 ms - Apply f time
253.5 ±  4.2 ms - Real f time 
 39.5 ±  1.2 ms - Add time
  1.4 ±  0.1 ms - Find child
  1.5 ±  0.1 ms - Add child
 58.7 ±  0.7 ms - Hash
 61.3 ± 42.6 ms - Map
  7.6 ±  0.3 ms - getState
0.0299379
0.0313558
0.0357412
370.7 ±  0.0 ms - Total time
341.2 ±  0.0 ms - Build f time
  8.0 ±  0.4 ms - Apply f time
278.0 ±  4.3 ms - Real f time 
 42.5 ±  1.2 ms - Add time
  1.7 ±  0.1 ms - Find child
  2.0 ±  0.2 ms - Add child
 65.0 ±  0.8 ms - Hash
 63.7 ± 42.5 ms - Map
  9.6 ±  0.3 ms - getState
0.0294901
0.0305612
0.0353832
406.1 ±  0.0 ms - Total time
370.7 ±  0.0 ms - Build f time
  9.4 ±  0.4 ms - Apply f time
301.4 ±  4.4 ms - Real f time 
 47.4 ±  1.3 ms - Add time
  2.1 ±  0.2 ms - Find child
  2.5 ±  0.2 ms - Add child
 72.3 ±  0.8 ms - Hash
 65.9 ± 42.5 ms - Map
 11.5 ±  0.4 ms - getState
0.0372127
0.0387544
0.0434025
449.6 ±  0.0 ms - Total time
407.9 ±  0.0 ms - Build f time
 11.0 ±  0.4 ms - Apply f time
334.5 ±  4.6 ms - Real f time 
 53.7 ±  1.4 ms - Add time
  2.5 ±  0.2 ms - Find child
  3.0 ±  0.2 ms - Add child
 81.0 ±  0.9 ms - Hash
 68.9 ± 42.5 ms - Map
 13.2 ±  0.4 ms - getState
0.0320405
0.0332078
0.0377713
487.4 ±  0.0 ms - Total time
439.9 ±  0.0 ms - Build f time
 12.0 ±  0.5 ms - Apply f time
364.7 ±  6.2 ms - Real f time 
 61.1 ±  2.6 ms - Add time
  2.9 ±  0.2 ms - Find child
  3.4 ±  0.2 ms - Add child
 89.0 ±  0.9 ms - Hash
 71.4 ± 42.5 ms - Map
 14.6 ±  0.4 ms - getState
Dag sizes: 5491 7056 9009 5492 7057 9029 7815 
brutePieces time: 0.263352
 11.0 ±  0.0 ms - Piece loop time
 41.7 ± 40.4 ms - Set time
  8.9 ±  0.7 ms - Child looking time
Nodes:  50949
Pieces: 1032
makePieces time: 0.0118725
Memory: 1.0 + 5.2 + 1.6 + 30.2 + 0.5 MB
  0.9 ±  0.1 ms - Greedy fill time
composePieces time: 0.0115165
                                                                                