Running only task # 107
Using max depth 3
 |                                        | 0 / 419 (0.0%)Function count: 142
0.211993
0.248921
0.197158
0.223155
0.191986
0.219438
0.182066
0.203845
0.186858
0.214443
 34.2 ±  0.0 ms - Piece loop time
 44.8 ± 37.2 ms - Set time
 24.7 ±  1.0 ms - Child looking time
0.196419
0.225637
0.444839
1554.9 ±  0.0 ms - Total time
1166.5 ±  0.0 ms - Build f time
 91.0 ±  1.5 ms - Apply f time
1073.6 ±  7.7 ms - Real f time 
319.4 ± 34.4 ms - Add time
 11.1 ±  0.4 ms - Find child
 16.6 ±  0.5 ms - Add child
166.6 ±  1.7 ms - Hash
149.6 ± 40.8 ms - Map
114.3 ±  3.5 ms - getState
0.19669
0.225772
0.453748
2008.7 ±  0.0 ms - Total time
1363.2 ±  0.0 ms - Build f time
132.9 ±  1.7 ms - Apply f time
1283.8 ±  8.8 ms - Real f time 
430.9 ± 34.4 ms - Add time
 23.9 ±  3.1 ms - Find child
 31.0 ±  0.9 ms - Add child
236.7 ±  1.9 ms - Hash
207.8 ± 40.8 ms - Map
171.6 ±  4.3 ms - getState
0.189891
0.218024
0.424694
2433.4 ±  0.0 ms - Total time
1553.1 ±  0.0 ms - Build f time
171.6 ±  1.9 ms - Apply f time
1485.3 ±  9.6 ms - Real f time 
540.7 ± 34.5 ms - Add time
 33.2 ±  3.2 ms - Find child
 43.6 ±  1.0 ms - Add child
302.9 ±  2.0 ms - Hash
255.3 ± 40.8 ms - Map
225.4 ±  4.3 ms - getState
0.177004
0.199221
0.372209
2805.7 ±  0.0 ms - Total time
1730.1 ±  0.0 ms - Build f time
204.8 ±  2.0 ms - Apply f time
1663.1 ± 10.0 ms - Real f time 
651.3 ± 37.6 ms - Add time
 41.1 ±  3.2 ms - Find child
 54.6 ±  1.1 ms - Add child
361.0 ±  2.2 ms - Hash
330.9 ± 54.5 ms - Map
271.1 ±  4.4 ms - getState
0.191483
0.220309
0.42668
3232.4 ±  0.0 ms - Total time
1921.5 ±  0.0 ms - Build f time
244.8 ±  2.2 ms - Apply f time
1859.3 ± 10.5 ms - Real f time 
771.6 ± 41.0 ms - Add time
 49.5 ±  3.2 ms - Find child
 68.0 ±  1.2 ms - Add child
423.1 ±  2.3 ms - Hash
377.4 ± 54.4 ms - Map
326.9 ±  4.5 ms - getState
Dag sizes: 294889 318898 301582 254421 280795 
brutePieces time: 2.12556
174.0 ±  0.0 ms - Piece loop time
106.7 ± 47.1 ms - Set time
108.5 ±  2.2 ms - Child looking time
Nodes:  1450585
Pieces: 282936
makePieces time: 0.175804
Memory: 21.0 + 46.1 + 46.4 + 44.2 + 13.6 MB
117.6 ±  0.0 ms - Greedy fill time
composePieces time: 1.86602
                                                                                