Running only task # 252
Using max depth 23
 |                                        | 0 / 419 (0.0%)Function count: 142
0.156482
0.179304
0.198414
0.220133
0.16462
0.18698
0.1889
0.20965
0.260397
0.299082
 57.8 ±  0.0 ms - Piece loop time
 29.8 ± 14.8 ms - Set time
 39.7 ±  1.3 ms - Child looking time
0.161082
0.17927
0.374967
1470.4 ±  0.0 ms - Total time
1129.9 ±  0.0 ms - Build f time
 80.0 ±  1.2 ms - Apply f time
901.9 ±  7.1 ms - Real f time 
312.2 ± 18.7 ms - Add time
 12.9 ±  0.4 ms - Find child
 19.8 ±  1.6 ms - Add child
219.8 ±  1.5 ms - Hash
185.4 ± 59.7 ms - Map
 84.8 ±  1.7 ms - getState
0.202111
0.225973
0.480706
1951.1 ±  0.0 ms - Total time
1332.0 ±  0.0 ms - Build f time
128.0 ±  1.5 ms - Apply f time
1090.8 ±  8.0 ms - Real f time 
469.7 ± 47.2 ms - Add time
 24.7 ±  0.6 ms - Find child
 35.7 ±  1.7 ms - Add child
310.7 ±  1.7 ms - Hash
250.3 ± 59.9 ms - Map
146.3 ±  2.0 ms - getState
0.163391
0.180375
0.370284
2321.4 ±  0.0 ms - Total time
1495.4 ±  0.0 ms - Build f time
163.9 ±  1.6 ms - Apply f time
1243.3 ±  8.4 ms - Real f time 
566.5 ± 47.6 ms - Add time
 34.8 ±  0.7 ms - Find child
 50.9 ±  1.7 ms - Add child
380.1 ±  1.9 ms - Hash
301.9 ± 60.0 ms - Map
190.2 ±  2.1 ms - getState
0.1844
0.208436
0.461629
2783.1 ±  0.0 ms - Total time
1679.8 ±  0.0 ms - Build f time
210.2 ±  1.9 ms - Apply f time
1413.7 ±  9.0 ms - Real f time 
711.9 ± 56.2 ms - Add time
 46.5 ±  0.8 ms - Find child
 67.4 ±  1.8 ms - Add child
472.2 ±  4.3 ms - Hash
358.8 ± 59.8 ms - Map
256.7 ±  4.2 ms - getState
0.260491
0.290987
0.619726
3402.9 ±  0.0 ms - Total time
1940.3 ±  0.0 ms - Build f time
270.5 ±  2.1 ms - Apply f time
1655.5 ±  9.8 ms - Real f time 
864.0 ± 56.3 ms - Add time
 60.7 ±  0.9 ms - Find child
 89.2 ±  2.2 ms - Add child
599.1 ±  8.7 ms - Hash
427.9 ± 59.9 ms - Map
340.0 ±  4.3 ms - getState
Dag sizes: 258564 290562 256268 285477 350672 
brutePieces time: 2.31187
272.4 ±  0.0 ms - Piece loop time
110.1 ± 16.6 ms - Set time
179.7 ±  3.9 ms - Child looking time
Nodes:  1441543
Pieces: 206597
makePieces time: 0.273594
Memory: 22.4 + 56.5 + 46.1 + 44.0 + 15.4 MB
 51.1 ±  0.0 ms - Greedy fill time
composePieces time: 1.21213
                                                                                