Running only task # 403
Using max depth 3
 |                                        | 0 / 419 (0.0%)Function count: 142
1.8139
2.08786
2.59166
2.98382
2.05406
2.33315
2.9585
3.40147
 64.8 ±  0.0 ms - Piece loop time
 54.4 ± 38.2 ms - Set time
 46.8 ±  1.9 ms - Child looking time
1.79761
2.06836
2.96671
13773.3 ±  0.0 ms - Total time
11215.7 ±  0.0 ms - Build f time
716.5 ± 18.7 ms - Apply f time
10187.3 ± 167.6 ms - Real f time 
2371.8 ± 49.9 ms - Add time
 13.8 ±  0.4 ms - Find child
 21.1 ±  0.5 ms - Add child
1133.0 ±  9.2 ms - Hash
193.2 ± 42.5 ms - Map
949.7 ± 22.3 ms - getState
2.63172
3.03188
4.1813
17954.6 ±  0.0 ms - Total time
13847.5 ±  0.0 ms - Build f time
962.2 ± 21.9 ms - Apply f time
12701.1 ± 190.3 ms - Real f time 
3266.3 ± 59.3 ms - Add time
 26.8 ±  0.6 ms - Find child
 39.0 ±  0.7 ms - Add child
1639.0 ± 10.2 ms - Hash
282.1 ± 43.1 ms - Map
1447.3 ± 25.6 ms - getState
2.04658
2.32586
3.14353
21098.2 ±  0.0 ms - Total time
15894.0 ±  0.0 ms - Build f time
1133.8 ± 22.9 ms - Apply f time
14519.2 ± 196.0 ms - Real f time 
3913.7 ± 63.3 ms - Add time
 37.0 ±  0.7 ms - Find child
 53.0 ±  0.8 ms - Add child
2037.5 ± 11.8 ms - Hash
339.8 ± 43.1 ms - Map
1785.7 ± 26.9 ms - getState
2.96101
3.40641
4.77537
25873.6 ±  0.0 ms - Total time
18855.1 ±  0.0 ms - Build f time
1406.4 ± 25.6 ms - Apply f time
17367.4 ± 212.4 ms - Real f time 
4957.5 ± 71.5 ms - Add time
 53.1 ±  0.8 ms - Find child
 75.8 ±  1.0 ms - Add child
2663.8 ± 40.0 ms - Hash
432.8 ± 43.0 ms - Map
2355.0 ± 28.9 ms - getState
Dag sizes: 277915 344745 253660 404261 
brutePieces time: 15.0688
217.9 ±  0.0 ms - Piece loop time
200.6 ± 89.3 ms - Set time
141.6 ±  1.8 ms - Child looking time
Nodes:  1280581
Pieces: 335085
makePieces time: 0.219808
Memory: 162.5 + 43.0 + 41.0 + 37.3 + 12.5 MB
482.5 ±  0.0 ms - Greedy fill time
composePieces time: 5.86795
                                                                                