Running only task # 224
Using max depth 3
 |                                        | 0 / 419 (0.0%)Function count: 142
1.00219
1.18068
1.06428
1.25359
0.891473
1.06885
0.941529
1.11601
1.22262
1.46736
1.30675
1.56058
 52.5 ±  0.0 ms - Piece loop time
 32.1 ± 23.6 ms - Set time
 42.9 ±  1.3 ms - Child looking time
1.02573
1.20588
1.30448
8951.8 ±  0.0 ms - Total time
7454.6 ±  0.0 ms - Build f time
588.8 ± 11.5 ms - Apply f time
6600.1 ± 80.6 ms - Real f time 
1480.2 ± 31.5 ms - Add time
  6.2 ±  0.3 ms - Find child
 10.9 ±  0.4 ms - Add child
766.4 ±  6.6 ms - Hash
148.0 ± 40.5 ms - Map
610.4 ±  9.7 ms - getState
1.10931
1.31177
1.421
10372.9 ±  0.0 ms - Total time
8563.9 ±  0.0 ms - Build f time
669.0 ± 12.8 ms - Apply f time
7542.9 ± 84.5 ms - Real f time 
1708.3 ± 34.0 ms - Add time
  8.8 ±  0.3 ms - Find child
 14.9 ±  0.4 ms - Add child
899.4 ±  7.3 ms - Hash
173.0 ± 40.6 ms - Map
766.6 ± 11.2 ms - getState
0.959357
1.1395
1.26844
11641.4 ±  0.0 ms - Total time
9523.2 ±  0.0 ms - Build f time
746.4 ± 13.6 ms - Apply f time
8402.6 ± 89.5 ms - Real f time 
1906.8 ± 35.2 ms - Add time
 12.0 ±  0.4 ms - Find child
 19.3 ±  0.6 ms - Add child
1028.5 ±  7.7 ms - Hash
201.6 ± 40.8 ms - Map
912.2 ± 12.1 ms - getState
1.0757
1.39121
1.51836
13159.8 ±  0.0 ms - Total time
10598.9 ±  0.0 ms - Build f time
868.1 ± 15.3 ms - Apply f time
9497.5 ± 100.3 ms - Real f time 
2159.1 ± 38.4 ms - Add time
 15.5 ±  0.5 ms - Find child
 25.9 ±  0.9 ms - Add child
1160.7 ±  8.2 ms - Hash
226.4 ± 40.8 ms - Map
1118.9 ± 14.8 ms - getState
1.53893
1.79223
1.92871
15088.5 ±  0.0 ms - Total time
12137.9 ±  0.0 ms - Build f time
975.1 ± 16.3 ms - Apply f time
10814.1 ± 107.1 ms - Real f time 
2486.4 ± 40.7 ms - Add time
 18.5 ±  0.5 ms - Find child
 30.8 ±  1.0 ms - Add child
1340.9 ±  9.3 ms - Hash
256.9 ± 40.7 ms - Map
1322.9 ± 23.8 ms - getState
1.40122
1.64695
1.78896
16877.6 ±  0.0 ms - Total time
13539.1 ±  0.0 ms - Build f time
1090.9 ± 17.4 ms - Apply f time
12078.0 ± 117.0 ms - Real f time 
2798.3 ± 45.2 ms - Add time
 21.7 ±  0.5 ms - Find child
 36.5 ±  1.0 ms - Add child
1483.9 ±  9.7 ms - Hash
282.0 ± 40.8 ms - Map
1513.7 ± 24.3 ms - getState
Dag sizes: 77894 83062 96816 95907 101429 100015 
brutePieces time: 9.23269
103.1 ±  0.0 ms - Piece loop time
 38.0 ± 16.1 ms - Set time
 75.7 ±  1.5 ms - Child looking time
Nodes:  555123
Pieces: 45687
makePieces time: 0.103675
Memory: 71.7 + 26.9 + 17.8 + 34.0 + 4.7 MB
 19.6 ± 10.5 ms - Greedy fill time
composePieces time: 0.654279
                                                                                