Running only task # 153
Using max depth 3
 |                                        | 0 / 419 (0.0%)Function count: 142
0.0318755
0.0353912
0.0300737
0.0332994
0.0465923
0.0518272
0.0288941
0.0316435
0.0777143
0.0852402
 48.9 ±  0.0 ms - Piece loop time
 43.2 ± 36.6 ms - Set time
 42.6 ±  1.5 ms - Child looking time
0.057851
0.0632194
0.111792
349.4 ±  0.0 ms - Total time
273.0 ±  0.0 ms - Build f time
 17.5 ±  0.6 ms - Apply f time
247.4 ±  4.5 ms - Real f time 
 77.7 ± 10.1 ms - Add time
  3.7 ±  0.2 ms - Find child
  5.4 ±  0.3 ms - Add child
 50.1 ±  1.1 ms - Hash
 73.9 ± 38.7 ms - Map
 22.3 ±  0.8 ms - getState
0.047093
0.0514012
0.088424
437.9 ±  0.0 ms - Total time
320.1 ±  0.0 ms - Build f time
 25.3 ±  0.7 ms - Apply f time
293.6 ±  4.7 ms - Real f time 
 99.0 ± 10.1 ms - Add time
  5.9 ±  0.3 ms - Find child
  8.8 ±  0.4 ms - Add child
 66.6 ±  1.2 ms - Hash
 84.7 ± 38.6 ms - Map
 33.4 ±  0.9 ms - getState
0.105176
0.128036
0.27184
709.7 ±  0.0 ms - Total time
425.3 ±  0.0 ms - Build f time
 43.8 ±  0.9 ms - Apply f time
386.9 ±  5.1 ms - Real f time 
171.5 ± 10.4 ms - Add time
 10.2 ±  0.4 ms - Find child
 14.7 ±  0.5 ms - Add child
122.5 ±  1.9 ms - Hash
109.7 ± 38.7 ms - Map
 69.2 ±  1.7 ms - getState
0.0692503
0.0759184
0.146668
856.4 ±  0.0 ms - Total time
494.5 ±  0.0 ms - Build f time
 54.5 ±  1.0 ms - Apply f time
450.1 ±  5.8 ms - Real f time 
208.9 ± 10.4 ms - Add time
 12.4 ±  0.4 ms - Find child
 17.8 ±  0.5 ms - Add child
153.3 ±  2.0 ms - Hash
121.3 ± 38.7 ms - Map
 87.0 ±  1.8 ms - getState
0.161529
0.170444
0.461808
1318.3 ±  0.0 ms - Total time
656.0 ±  0.0 ms - Build f time
 80.3 ±  1.1 ms - Apply f time
584.3 ±  6.8 ms - Real f time 
353.4 ± 10.9 ms - Add time
 17.9 ±  0.5 ms - Find child
 25.1 ±  0.6 ms - Add child
266.5 ±  2.6 ms - Hash
150.9 ± 38.7 ms - Map
152.3 ±  2.1 ms - getState
Dag sizes: 78025 59326 136305 69358 151513 
brutePieces time: 1.0846
198.6 ±  0.0 ms - Piece loop time
127.0 ± 70.9 ms - Set time
150.8 ±  1.7 ms - Child looking time
Nodes:  494527
Pieces: 179061
makePieces time: 0.199799
Memory: 14.2 + 20.1 + 15.8 + 28.9 + 9.1 MB
 11.4 ±  0.0 ms - Greedy fill time
composePieces time: 1.91024
                                                                                