Running only task # 416
Using max depth 3
 |                                        | 0 / 419 (0.0%)Function count: 142
0.159316
0.184851
0.156376
0.174075
0.167079
0.18677
0.157315
0.178385
 36.7 ±  0.0 ms - Piece loop time
 53.3 ± 45.2 ms - Set time
 29.1 ±  2.6 ms - Child looking time
0.168497
0.194636
0.30539
1031.2 ±  0.0 ms - Total time
808.6 ±  0.0 ms - Build f time
 55.8 ±  1.3 ms - Apply f time
720.5 ±  5.8 ms - Real f time 
185.7 ±  6.0 ms - Add time
  6.6 ±  0.3 ms - Find child
  9.5 ±  0.3 ms - Add child
122.8 ±  1.0 ms - Hash
124.1 ± 45.8 ms - Map
 59.4 ±  0.7 ms - getState
0.144998
0.162583
0.269124
1300.4 ±  0.0 ms - Total time
953.6 ±  0.0 ms - Build f time
 76.9 ±  1.4 ms - Apply f time
857.4 ±  6.2 ms - Real f time 
245.7 ±  6.1 ms - Add time
 11.2 ±  0.4 ms - Find child
 16.3 ±  0.5 ms - Add child
170.9 ±  4.7 ms - Hash
155.5 ± 45.9 ms - Map
 88.4 ±  0.8 ms - getState
0.155792
0.175259
0.277275
1577.7 ±  0.0 ms - Total time
1109.4 ±  0.0 ms - Build f time
 98.1 ±  1.5 ms - Apply f time
1003.0 ±  6.6 ms - Real f time 
305.3 ±  6.2 ms - Add time
 16.4 ±  0.5 ms - Find child
 22.2 ±  0.5 ms - Add child
214.5 ±  4.7 ms - Hash
184.1 ± 45.9 ms - Map
116.9 ±  1.1 ms - getState
0.149367
0.168107
0.286596
1864.4 ±  0.0 ms - Total time
1258.7 ±  0.0 ms - Build f time
121.1 ±  1.6 ms - Apply f time
1151.0 ±  7.3 ms - Real f time 
377.2 ±  9.6 ms - Add time
 21.2 ±  0.5 ms - Find child
 29.3 ±  0.6 ms - Add child
256.7 ±  4.8 ms - Hash
215.3 ± 45.9 ms - Map
149.4 ±  1.2 ms - getState
Dag sizes: 170203 158394 152747 165579 
brutePieces time: 1.14168
114.3 ±  0.0 ms - Piece loop time
 52.4 ± 15.7 ms - Set time
 72.0 ±  1.4 ms - Child looking time
Nodes:  646923
Pieces: 157215
makePieces time: 0.115238
Memory: 9.3 + 21.7 + 20.7 + 27.1 + 6.6 MB
  4.3 ±  0.0 ms - Greedy fill time
composePieces time: 0.470468
                                                                                