Running only task # 189
Using max depth 23
 |                                        | 0 / 419 (0.0%)Function count: 142
0.233674
0.248106
0.229937
0.242851
0.238967
0.252563
0.22974
0.243981
0.267192
0.283955
 21.7 ±  0.0 ms - Piece loop time
 29.3 ± 24.2 ms - Set time
 15.9 ±  0.9 ms - Child looking time
0.244826
0.258405
0.799988
2071.7 ±  0.0 ms - Total time
1444.3 ±  0.0 ms - Build f time
 71.9 ±  1.3 ms - Apply f time
1106.9 ± 30.1 ms - Real f time 
439.1 ± 18.3 ms - Add time
  9.0 ±  0.3 ms - Find child
 13.2 ±  1.1 ms - Add child
423.1 ±  2.4 ms - Hash
135.1 ± 43.3 ms - Map
148.2 ±  1.7 ms - getState
0.237773
0.251419
0.772374
2844.2 ±  0.0 ms - Total time
1682.1 ±  0.0 ms - Build f time
122.8 ±  1.5 ms - Apply f time
1312.9 ± 30.5 ms - Real f time 
673.5 ± 18.7 ms - Add time
 16.8 ±  0.5 ms - Find child
 24.0 ±  1.2 ms - Add child
614.8 ±  3.8 ms - Hash
181.7 ± 43.3 ms - Map
258.5 ±  2.1 ms - getState
0.231315
0.245825
0.795852
3640.1 ±  0.0 ms - Total time
1913.4 ±  0.0 ms - Build f time
174.1 ±  1.7 ms - Apply f time
1509.4 ± 30.7 ms - Real f time 
924.4 ± 20.0 ms - Add time
 25.0 ±  0.6 ms - Find child
 34.8 ±  1.2 ms - Add child
805.9 ±  4.1 ms - Hash
233.9 ± 43.6 ms - Map
378.3 ±  2.4 ms - getState
0.233554
0.246858
0.799242
4439.4 ±  0.0 ms - Total time
2147.0 ±  0.0 ms - Build f time
235.8 ±  5.9 ms - Apply f time
1723.9 ± 31.8 ms - Real f time 
1289.0 ± 91.0 ms - Add time
 33.4 ±  0.6 ms - Find child
 45.7 ±  1.4 ms - Add child
995.6 ±  4.3 ms - Hash
281.4 ± 43.6 ms - Map
503.6 ±  2.8 ms - getState
0.273555
0.2911
0.959265
5398.7 ±  0.0 ms - Total time
2420.5 ±  0.0 ms - Build f time
298.9 ±  6.0 ms - Apply f time
1961.1 ± 32.1 ms - Real f time 
1592.5 ± 91.3 ms - Add time
 43.0 ±  0.7 ms - Find child
 58.5 ±  1.4 ms - Add child
1226.9 ±  4.8 ms - Hash
339.0 ± 43.6 ms - Map
651.5 ±  3.1 ms - getState
Dag sizes: 230464 222387 230258 222243 287756 
brutePieces time: 4.12917
138.5 ±  0.0 ms - Piece loop time
 84.6 ± 40.3 ms - Set time
 97.3 ±  5.3 ms - Child looking time
Nodes:  1193108
Pieces: 221148
makePieces time: 0.140009
Memory: 65.2 + 36.1 + 38.2 + 40.1 + 10.3 MB
264.0 ± 60.4 ms - Greedy fill time
composePieces time: 7.86603
                                                                                