Running only task # 309
Using max depth 3
 |                                        | 0 / 419 (0.0%)Function count: 142
0.0415436
0.0463612
0.0631015
0.0690165
0.0714707
0.078234
0.0918861
0.102843
0.109452
0.122849
0.13812
0.153692
 21.6 ±  0.0 ms - Piece loop time
 48.1 ± 44.3 ms - Set time
 17.2 ±  1.0 ms - Child looking time
0.0445006
0.0485815
0.0685939
641.9 ±  0.0 ms - Total time
560.1 ±  0.0 ms - Build f time
 25.1 ±  1.0 ms - Apply f time
452.1 ±  7.1 ms - Real f time 
111.4 ±  8.3 ms - Add time
  2.3 ±  0.2 ms - Find child
  3.1 ±  0.2 ms - Add child
 98.4 ±  1.0 ms - Hash
 82.5 ± 43.1 ms - Map
 25.4 ±  0.7 ms - getState
0.0640416
0.0725161
0.115105
757.0 ±  0.0 ms - Total time
624.1 ±  0.0 ms - Build f time
 36.3 ±  1.1 ms - Apply f time
516.8 ±  9.0 ms - Real f time 
133.9 ±  8.3 ms - Add time
  4.5 ±  0.2 ms - Find child
  6.0 ±  0.3 ms - Add child
117.9 ±  1.1 ms - Hash
 94.2 ± 43.1 ms - Map
 37.9 ±  0.8 ms - getState
0.0647163
0.0747368
0.118717
875.8 ±  0.0 ms - Total time
688.8 ±  0.0 ms - Build f time
 46.7 ±  1.2 ms - Apply f time
580.5 ± 11.4 ms - Real f time 
158.6 ±  8.4 ms - Add time
  7.1 ±  0.3 ms - Find child
  8.7 ±  0.3 ms - Add child
139.1 ±  1.2 ms - Hash
106.7 ± 43.0 ms - Map
 52.4 ±  0.9 ms - getState
0.0927232
0.101716
0.162677
1038.5 ±  0.0 ms - Total time
781.6 ±  0.0 ms - Build f time
 57.4 ±  1.3 ms - Apply f time
657.8 ± 11.6 ms - Real f time 
198.1 ±  9.2 ms - Add time
  9.3 ±  0.3 ms - Find child
 11.2 ±  0.4 ms - Add child
170.7 ±  1.3 ms - Hash
121.0 ± 43.1 ms - Map
 68.6 ±  1.0 ms - getState
0.107082
0.117812
0.20258
1241.1 ±  0.0 ms - Total time
888.6 ±  0.0 ms - Build f time
 70.3 ±  1.4 ms - Apply f time
750.9 ± 11.8 ms - Real f time 
244.9 ±  9.3 ms - Add time
 11.9 ±  0.4 ms - Find child
 14.7 ±  0.4 ms - Add child
216.2 ±  4.7 ms - Hash
136.0 ± 43.1 ms - Map
 93.2 ±  1.1 ms - getState
0.132588
0.145796
0.249825
1491.0 ±  0.0 ms - Total time
1021.2 ±  0.0 ms - Build f time
 85.7 ±  1.4 ms - Apply f time
867.3 ± 12.9 ms - Real f time 
303.9 ±  9.4 ms - Add time
 14.3 ±  0.4 ms - Find child
 18.0 ±  0.5 ms - Add child
268.0 ±  4.7 ms - Hash
152.8 ± 43.1 ms - Map
120.9 ±  1.2 ms - getState
Dag sizes: 33351 50367 56728 66989 68794 77434 
brutePieces time: 0.922891
 58.9 ±  0.0 ms - Piece loop time
 54.9 ± 39.3 ms - Set time
 49.4 ±  5.7 ms - Child looking time
Nodes:  353663
Pieces: 47869
makePieces time: 0.0599336
Memory: 8.2 + 14.0 + 11.3 + 30.8 + 3.0 MB
195.6 ± 33.0 ms - Greedy fill time
composePieces time: 1.86729
                                                                                