Running only task # 219
Using max depth 3
 |                                        | 0 / 419 (0.0%)Function count: 142
0.162607
0.178386
0.153595
0.171366
0.20109
0.226735
0.244269
0.27341
 56.3 ±  0.0 ms - Piece loop time
 46.4 ± 35.4 ms - Set time
 44.0 ±  1.0 ms - Child looking time
0.138352
0.152077
0.22974
1079.8 ±  0.0 ms - Total time
899.9 ±  0.0 ms - Build f time
 49.6 ±  1.1 ms - Apply f time
762.7 ±  7.3 ms - Real f time 
206.2 ± 12.6 ms - Add time
  6.9 ±  0.3 ms - Find child
  9.8 ±  0.6 ms - Add child
141.5 ±  1.2 ms - Hash
140.0 ± 52.9 ms - Map
 54.8 ±  1.0 ms - getState
0.156287
0.176136
0.300604
1380.5 ±  0.0 ms - Total time
1056.2 ±  0.0 ms - Build f time
 80.9 ±  1.4 ms - Apply f time
910.6 ±  7.6 ms - Real f time 
278.3 ± 13.7 ms - Add time
 15.8 ±  0.5 ms - Find child
 21.5 ±  0.7 ms - Add child
193.8 ±  1.4 ms - Hash
172.2 ± 52.9 ms - Map
 93.5 ±  1.3 ms - getState
0.205393
0.230395
0.374726
1755.2 ±  0.0 ms - Total time
1261.6 ±  0.0 ms - Build f time
115.6 ±  1.8 ms - Apply f time
1099.5 ±  8.3 ms - Real f time 
360.6 ± 13.8 ms - Add time
 24.7 ±  0.6 ms - Find child
 34.9 ±  0.8 ms - Add child
256.7 ±  2.6 ms - Hash
207.3 ± 52.9 ms - Map
139.1 ±  1.5 ms - getState
0.239959
0.270023
0.427864
2183.1 ±  0.0 ms - Total time
1501.5 ±  0.0 ms - Build f time
152.5 ±  2.0 ms - Apply f time
1317.6 ±  9.0 ms - Real f time 
453.9 ± 13.9 ms - Add time
 34.3 ±  0.9 ms - Find child
 48.4 ±  0.9 ms - Add child
321.3 ±  2.7 ms - Hash
248.5 ± 52.9 ms - Map
193.2 ±  1.8 ms - getState
Dag sizes: 128382 173171 191584 217475 
brutePieces time: 1.33516
200.1 ±  0.0 ms - Piece loop time
 93.4 ± 41.2 ms - Set time
153.8 ±  6.8 ms - Child looking time
Nodes:  710612
Pieces: 75486
makePieces time: 0.201354
Memory: 11.3 + 34.5 + 22.7 + 28.1 + 8.8 MB
  0.2 ±  0.0 ms - Greedy fill time
composePieces time: 0.0824544
                                                                                