Running only task # 19
Using max depth 3
 |                                        | 0 / 419 (0.0%)Function count: 142
0.0588792
0.0657673
0.0496067
0.0553353
0.0604546
0.0675175
0.0598268
0.0663279
0.0650533
0.0718862
 43.3 ±  0.0 ms - Piece loop time
 42.7 ± 35.0 ms - Set time
 40.2 ±  4.6 ms - Child looking time
0.0625089
0.0693854
0.09702
424.0 ±  0.0 ms - Total time
356.3 ±  0.0 ms - Build f time
 21.4 ±  0.5 ms - Apply f time
315.8 ±  2.6 ms - Real f time 
 85.0 ±  5.6 ms - Add time
  3.6 ±  0.2 ms - Find child
  5.6 ±  0.3 ms - Add child
 56.2 ±  0.9 ms - Hash
 91.6 ± 36.9 ms - Map
 19.0 ±  0.4 ms - getState
0.0547128
0.0604934
0.0830638
507.1 ±  0.0 ms - Total time
411.0 ±  0.0 ms - Build f time
 28.4 ±  0.5 ms - Apply f time
371.9 ±  4.4 ms - Real f time 
101.2 ±  5.6 ms - Add time
  5.9 ±  0.3 ms - Find child
  9.0 ±  0.3 ms - Add child
 68.4 ±  0.9 ms - Hash
106.9 ± 36.9 ms - Map
 26.4 ±  0.5 ms - getState
0.0654471
0.072928
0.10196
609.1 ±  0.0 ms - Total time
476.5 ±  0.0 ms - Build f time
 37.4 ±  0.6 ms - Apply f time
434.5 ±  4.5 ms - Real f time 
122.7 ±  5.7 ms - Add time
  8.8 ±  0.3 ms - Find child
 12.9 ±  0.4 ms - Add child
 82.5 ±  1.0 ms - Hash
124.9 ± 36.9 ms - Map
 35.8 ±  0.6 ms - getState
0.0649077
0.0717544
0.0980937
707.3 ±  0.0 ms - Total time
541.4 ±  0.0 ms - Build f time
 45.9 ±  0.7 ms - Apply f time
495.9 ±  5.2 ms - Real f time 
142.4 ±  5.7 ms - Add time
 11.6 ±  0.4 ms - Find child
 16.5 ±  0.5 ms - Add child
 96.8 ±  1.1 ms - Hash
141.6 ± 36.9 ms - Map
 43.7 ±  0.6 ms - getState
0.0704996
0.0778871
0.109091
816.4 ±  0.0 ms - Total time
611.9 ±  0.0 ms - Build f time
 55.4 ±  0.9 ms - Apply f time
561.4 ±  5.4 ms - Real f time 
163.9 ±  5.7 ms - Add time
 14.1 ±  0.4 ms - Find child
 20.3 ±  0.5 ms - Add child
111.5 ±  1.2 ms - Hash
160.5 ± 36.9 ms - Map
 53.0 ±  0.7 ms - getState
Dag sizes: 79016 64254 84874 74276 86980 
brutePieces time: 0.492553
 99.1 ±  0.0 ms - Piece loop time
 64.0 ± 38.2 ms - Set time
 70.2 ±  1.4 ms - Child looking time
Nodes:  389400
Pieces: 56148
makePieces time: 0.100264
Memory: 2.1 + 20.5 + 12.5 + 27.2 + 4.8 MB
  0.8 ±  0.0 ms - Greedy fill time
composePieces time: 0.174983
                                                                                