Running only task # 243
Using max depth 3
 |                                        | 0 / 419 (0.0%)Function count: 142
0.057561
0.0647876
0.0683127
0.0754227
0.0603405
0.069355
0.0789402
0.0838583
0.0560646
0.0604267
0.0578958
0.0628106
0.0674252
0.0746122
0.0640786
0.0712484
 76.4 ±  0.0 ms - Piece loop time
 44.4 ± 35.1 ms - Set time
 63.8 ±  1.7 ms - Child looking time
0.0609776
0.07047
0.102943
665.7 ±  0.0 ms - Total time
571.6 ±  0.0 ms - Build f time
 31.6 ±  0.5 ms - Apply f time
505.8 ±  3.1 ms - Real f time 
127.7 ±  6.1 ms - Add time
  4.9 ±  0.2 ms - Find child
  7.3 ±  0.3 ms - Add child
 90.2 ±  1.0 ms - Hash
144.3 ± 52.6 ms - Map
 28.8 ±  0.5 ms - getState
0.0986312
0.105778
0.131817
797.6 ±  0.0 ms - Total time
670.2 ±  0.0 ms - Build f time
 40.8 ±  0.6 ms - Apply f time
594.0 ±  3.4 ms - Real f time 
153.2 ±  6.2 ms - Add time
  7.5 ±  0.3 ms - Find child
 10.8 ±  0.4 ms - Add child
108.5 ±  1.1 ms - Hash
162.2 ± 52.6 ms - Map
 38.1 ±  0.5 ms - getState
0.0626452
0.0686611
0.0895073
887.1 ±  0.0 ms - Total time
732.9 ±  0.0 ms - Build f time
 48.4 ±  0.7 ms - Apply f time
651.0 ±  3.6 ms - Real f time 
171.4 ±  6.2 ms - Add time
 10.0 ±  0.4 ms - Find child
 13.9 ±  0.4 ms - Add child
122.7 ±  1.2 ms - Hash
174.7 ± 52.7 ms - Map
 45.9 ±  0.6 ms - getState
0.0626556
0.0677117
0.0854302
972.6 ±  0.0 ms - Total time
795.5 ±  0.0 ms - Build f time
 54.4 ±  0.8 ms - Apply f time
706.5 ±  3.7 ms - Real f time 
188.6 ±  6.2 ms - Add time
 12.0 ±  0.4 ms - Find child
 16.5 ±  0.5 ms - Add child
135.9 ±  1.2 ms - Hash
185.3 ± 52.6 ms - Map
 52.0 ±  0.6 ms - getState
0.0529016
0.0574407
0.074497
1047.2 ±  0.0 ms - Total time
848.4 ±  0.0 ms - Build f time
 60.1 ±  0.8 ms - Apply f time
755.3 ±  3.8 ms - Real f time 
203.3 ±  6.2 ms - Add time
 14.1 ±  0.4 ms - Find child
 19.0 ±  0.5 ms - Add child
147.9 ±  1.3 ms - Hash
195.0 ± 52.6 ms - Map
 58.3 ±  0.7 ms - getState
0.0598352
0.0652564
0.0840786
1131.3 ±  0.0 ms - Total time
908.3 ±  0.0 ms - Build f time
 66.6 ±  0.8 ms - Apply f time
811.0 ±  3.9 ms - Real f time 
246.0 ± 17.1 ms - Add time
 16.2 ±  0.4 ms - Find child
 21.6 ±  0.5 ms - Add child
161.5 ±  1.3 ms - Hash
205.7 ± 52.7 ms - Map
 65.4 ±  0.7 ms - getState
0.0721565
0.0793482
0.10472
1236.0 ±  0.0 ms - Total time
980.4 ±  0.0 ms - Build f time
 76.0 ±  0.9 ms - Apply f time
878.0 ±  4.1 ms - Real f time 
267.7 ± 17.1 ms - Add time
 18.9 ±  0.5 ms - Find child
 25.2 ±  0.6 ms - Add child
177.6 ±  1.4 ms - Hash
219.5 ± 52.6 ms - Map
 75.0 ±  0.8 ms - getState
0.0697027
0.0767501
0.100226
1336.3 ±  0.0 ms - Total time
1050.1 ±  0.0 ms - Build f time
 84.7 ±  1.2 ms - Apply f time
942.7 ±  4.2 ms - Real f time 
287.5 ± 17.1 ms - Add time
 21.1 ±  0.5 ms - Find child
 28.5 ±  0.6 ms - Add child
193.0 ±  1.5 ms - Hash
232.6 ± 52.5 ms - Map
 84.3 ±  0.9 ms - getState
Dag sizes: 64774 77810 64064 54770 52462 57938 76486 71595 
brutePieces time: 0.778645
160.4 ±  0.0 ms - Piece loop time
 58.7 ± 35.5 ms - Set time
125.0 ±  2.1 ms - Child looking time
Nodes:  519899
Pieces: 46536
makePieces time: 0.161476
Memory: 3.4 + 29.9 + 16.6 + 41.9 + 7.5 MB
  3.5 ±  0.0 ms - Greedy fill time
composePieces time: 0.347516
                                                                                