Running only task # 338
Using max depth 3
 |                                        | 0 / 419 (0.0%)Function count: 142
0.152809
0.164326
0.0333616
0.0354616
0.0466184
0.0511044
0.0537463
0.0574945
0.0623929
0.0680028
0.072347
0.0796978
0.0762526
0.0849852
0.0973014
0.104416
 60.1 ±  0.0 ms - Piece loop time
 44.5 ± 35.8 ms - Set time
 47.6 ±  1.6 ms - Child looking time
0.162199
0.173339
0.271946
917.7 ±  0.0 ms - Total time
757.0 ±  0.0 ms - Build f time
 34.3 ±  0.7 ms - Apply f time
622.1 ±  5.7 ms - Real f time 
162.9 ±  2.1 ms - Add time
  7.4 ±  0.3 ms - Find child
  9.4 ±  0.4 ms - Add child
141.8 ±  1.4 ms - Hash
129.3 ± 39.7 ms - Map
 41.2 ±  0.7 ms - getState
0.0380914
0.0405455
0.0610323
978.8 ±  0.0 ms - Total time
795.1 ±  0.0 ms - Build f time
 40.2 ±  0.8 ms - Apply f time
658.0 ±  5.8 ms - Real f time 
175.8 ±  2.1 ms - Add time
  9.7 ±  0.3 ms - Find child
 12.3 ±  0.4 ms - Add child
152.6 ±  1.6 ms - Hash
141.6 ± 39.7 ms - Map
 45.8 ±  0.7 ms - getState
0.0524872
0.05676
0.0886786
1067.5 ±  0.0 ms - Total time
847.6 ±  0.0 ms - Build f time
 49.2 ±  0.8 ms - Apply f time
709.5 ±  5.9 ms - Real f time 
196.0 ±  2.4 ms - Add time
 12.8 ±  0.4 ms - Find child
 16.8 ±  0.5 ms - Add child
167.2 ±  1.7 ms - Hash
158.4 ± 39.7 ms - Map
 53.0 ±  0.8 ms - getState
0.0591597
0.0633984
0.102544
1170.1 ±  0.0 ms - Total time
906.8 ±  0.0 ms - Build f time
 59.7 ±  0.9 ms - Apply f time
766.4 ±  6.0 ms - Real f time 
228.9 ±  8.9 ms - Add time
 15.9 ±  0.4 ms - Find child
 21.8 ±  0.6 ms - Add child
183.4 ±  1.8 ms - Hash
175.7 ± 39.6 ms - Map
 61.8 ±  0.8 ms - getState
0.0672376
0.0723293
0.119713
1296.1 ±  0.0 ms - Total time
974.0 ±  0.0 ms - Build f time
 76.2 ±  4.7 ms - Apply f time
832.1 ±  6.1 ms - Real f time 
254.4 ±  9.0 ms - Add time
 20.4 ±  0.5 ms - Find child
 27.8 ±  0.7 ms - Add child
202.9 ±  1.8 ms - Hash
194.7 ± 39.7 ms - Map
 72.9 ±  0.9 ms - getState
0.0761226
0.0837056
0.137243
1433.3 ±  0.0 ms - Total time
1050.1 ±  0.0 ms - Build f time
 90.6 ±  4.7 ms - Apply f time
903.7 ±  6.4 ms - Real f time 
283.3 ±  9.0 ms - Add time
 24.4 ±  0.6 ms - Find child
 34.5 ±  0.8 ms - Add child
223.6 ±  1.9 ms - Hash
217.5 ± 39.6 ms - Map
 86.0 ±  1.0 ms - getState
0.0714973
0.077448
0.125469
1558.9 ±  0.0 ms - Total time
1121.6 ±  0.0 ms - Build f time
102.5 ±  4.7 ms - Apply f time
970.3 ±  6.5 ms - Real f time 
326.0 ± 17.2 ms - Add time
 28.4 ±  0.6 ms - Find child
 40.1 ±  0.8 ms - Add child
242.8 ±  1.9 ms - Hash
245.5 ± 40.2 ms - Map
 97.4 ±  1.0 ms - getState
0.104863
0.112896
0.184192
1743.1 ±  0.0 ms - Total time
1226.5 ±  0.0 ms - Build f time
118.8 ±  4.8 ms - Apply f time
1066.2 ±  6.7 ms - Real f time 
364.1 ± 17.2 ms - Add time
 33.2 ±  0.6 ms - Find child
 46.2 ±  0.9 ms - Add child
278.8 ±  4.6 ms - Hash
272.8 ± 40.2 ms - Map
115.3 ±  1.1 ms - getState
Dag sizes: 133462 59101 87926 90209 101941 113515 104306 126503 
brutePieces time: 1.1046
237.6 ±  0.0 ms - Piece loop time
 78.3 ± 35.3 ms - Set time
172.3 ±  4.3 ms - Child looking time
Nodes:  816963
Pieces: 102803
makePieces time: 0.238984
Memory: 6.9 + 37.8 + 26.1 + 46.6 + 11.6 MB
  4.6 ±  0.3 ms - Greedy fill time
composePieces time: 1.06522
                                                                                