Running only task # 339
Using max depth 3
 |                                        | 0 / 419 (0.0%)Function count: 142
0.073374
0.0788474
0.0871436
0.090695
0.0714587
0.0746149
  7.1 ±  0.0 ms - Piece loop time
 43.6 ± 41.8 ms - Set time
  5.0 ±  0.5 ms - Child looking time
0.0780648
0.0825624
0.123854
368.1 ±  0.0 ms - Total time
310.0 ±  0.0 ms - Build f time
 11.4 ±  0.5 ms - Apply f time
259.4 ±  4.3 ms - Real f time 
 55.8 ±  3.0 ms - Add time
  1.9 ±  0.2 ms - Find child
  2.8 ±  0.2 ms - Add child
 63.4 ±  0.7 ms - Hash
 60.8 ± 39.1 ms - Map
 15.3 ±  0.4 ms - getState
0.0799218
0.0837795
0.126171
494.3 ±  0.0 ms - Total time
390.0 ±  0.0 ms - Build f time
 18.4 ±  0.6 ms - Apply f time
329.8 ±  4.9 ms - Real f time 
 80.4 ±  3.1 ms - Add time
  3.4 ±  0.2 ms - Find child
  4.6 ±  0.3 ms - Add child
 90.1 ±  0.8 ms - Hash
 70.8 ± 39.1 ms - Map
 24.7 ±  0.5 ms - getState
0.0722107
0.0758533
0.121702
616.1 ±  0.0 ms - Total time
462.2 ±  0.0 ms - Build f time
 25.5 ±  0.6 ms - Apply f time
391.6 ±  5.2 ms - Real f time 
103.7 ±  3.4 ms - Add time
  4.8 ±  0.2 ms - Find child
  6.4 ±  0.3 ms - Add child
115.5 ±  0.9 ms - Hash
 80.1 ± 39.0 ms - Map
 37.2 ±  0.6 ms - getState
Dag sizes: 38801 43238 39187 
brutePieces time: 0.374275
 21.6 ±  0.0 ms - Piece loop time
 50.4 ± 44.2 ms - Set time
 14.0 ±  0.8 ms - Child looking time
Nodes:  121226
Pieces: 29409
makePieces time: 0.022554
Memory: 2.8 + 5.8 + 3.9 + 14.5 + 1.0 MB
  2.4 ±  0.0 ms - Greedy fill time
composePieces time: 0.100682
                                                                                