Running only task # 72
Using max depth 23
 |                                        | 0 / 419 (0.0%)Function count: 142
0.0981912
0.112153
0.0768943
0.0862247
0.107494
0.124162
0.101784
0.113114
0.0797489
0.0894233
0.115796
0.130018
0.122898
0.136074
 37.4 ±  0.0 ms - Piece loop time
 45.2 ± 39.5 ms - Set time
 33.0 ±  3.8 ms - Child looking time
0.100453
0.117662
0.214656
1006.2 ±  0.0 ms - Total time
803.3 ±  0.0 ms - Build f time
 47.5 ±  2.0 ms - Apply f time
642.7 ± 10.9 ms - Real f time 
190.5 ±  8.1 ms - Add time
  5.4 ±  0.3 ms - Find child
  7.2 ±  0.3 ms - Add child
168.0 ±  1.5 ms - Hash
103.9 ± 38.2 ms - Map
 56.2 ±  0.8 ms - getState
0.0815477
0.0930758
0.175598
1181.8 ±  0.0 ms - Total time
884.8 ±  0.0 ms - Build f time
 62.9 ±  2.0 ms - Apply f time
714.4 ± 11.0 ms - Real f time 
240.1 ± 11.7 ms - Add time
  8.5 ±  0.3 ms - Find child
 11.7 ±  0.4 ms - Add child
201.6 ±  1.6 ms - Hash
121.9 ± 38.3 ms - Map
 78.3 ±  1.0 ms - getState
0.125063
0.140553
0.260096
1442.0 ±  0.0 ms - Total time
1009.9 ±  0.0 ms - Build f time
 89.1 ±  4.9 ms - Apply f time
821.2 ± 11.3 ms - Real f time 
300.6 ± 11.8 ms - Add time
 13.1 ±  0.4 ms - Find child
 17.8 ±  0.5 ms - Add child
249.5 ±  1.7 ms - Hash
147.4 ± 38.3 ms - Map
110.6 ±  1.1 ms - getState
0.10281
0.118345
0.233134
1675.2 ±  0.0 ms - Total time
1112.7 ±  0.0 ms - Build f time
108.3 ±  4.9 ms - Apply f time
915.3 ± 11.6 ms - Real f time 
365.3 ± 13.9 ms - Add time
 17.2 ±  0.5 ms - Find child
 22.5 ±  0.5 ms - Add child
293.0 ±  1.8 ms - Hash
171.7 ± 38.4 ms - Map
145.5 ±  1.5 ms - getState
0.0812322
0.094094
0.170329
1845.5 ±  0.0 ms - Total time
1193.9 ±  0.0 ms - Build f time
122.9 ±  4.9 ms - Apply f time
987.3 ± 11.7 ms - Real f time 
406.3 ± 13.9 ms - Add time
 20.6 ±  0.5 ms - Find child
 30.9 ±  3.8 ms - Add child
326.6 ±  2.0 ms - Hash
189.3 ± 38.5 ms - Map
166.4 ±  1.6 ms - getState
0.11733
0.132089
0.251978
2097.6 ±  0.0 ms - Total time
1311.2 ±  0.0 ms - Build f time
143.2 ±  5.0 ms - Apply f time
1094.0 ± 12.9 ms - Real f time 
470.5 ± 14.5 ms - Add time
 24.6 ±  0.6 ms - Find child
 36.3 ±  3.8 ms - Add child
374.3 ±  2.1 ms - Hash
214.7 ± 38.5 ms - Map
200.2 ±  1.7 ms - getState
0.116627
0.131931
0.257765
2355.4 ±  0.0 ms - Total time
1427.9 ±  0.0 ms - Build f time
164.3 ±  5.0 ms - Apply f time
1199.1 ± 13.7 ms - Real f time 
541.3 ± 14.8 ms - Add time
 28.5 ±  0.6 ms - Find child
 42.2 ±  3.8 ms - Add child
424.9 ±  2.4 ms - Hash
239.7 ± 38.4 ms - Map
233.1 ±  1.8 ms - getState
Dag sizes: 94593 86691 117712 94595 86768 117507 121753 
brutePieces time: 1.57003
146.5 ±  0.0 ms - Piece loop time
 85.8 ± 50.9 ms - Set time
103.1 ±  1.9 ms - Child looking time
Nodes:  719619
Pieces: 111846
makePieces time: 0.148266
Memory: 15.3 + 26.9 + 23.0 + 40.9 + 7.7 MB
314.6 ± 73.3 ms - Greedy fill time
composePieces time: 4.99307
                                                                                