Running only task # 326
Using max depth 3
 |                                        | 0 / 419 (0.0%)Function count: 142
0.0840253
0.0886189
0.0900702
0.0947957
0.080502
0.0848292
0.0934538
0.0982528
 13.8 ±  0.0 ms - Piece loop time
 39.7 ± 36.4 ms - Set time
 10.0 ±  0.7 ms - Child looking time
0.0839587
0.0884157
0.155872
522.5 ±  0.0 ms - Total time
432.0 ±  0.0 ms - Build f time
 17.4 ±  0.5 ms - Apply f time
352.2 ±  5.9 ms - Real f time 
 94.7 ±  4.8 ms - Add time
  3.5 ±  0.2 ms - Find child
  4.3 ±  0.2 ms - Add child
 92.5 ±  0.9 ms - Hash
 78.9 ± 39.0 ms - Map
 23.0 ±  0.4 ms - getState
0.0864691
0.0908645
0.157211
679.8 ±  0.0 ms - Total time
518.5 ±  0.0 ms - Build f time
 28.2 ±  0.6 ms - Apply f time
429.1 ±  6.5 ms - Real f time 
128.9 ±  4.8 ms - Add time
  5.8 ±  0.3 ms - Find child
  7.5 ±  0.3 ms - Add child
126.2 ±  1.1 ms - Hash
 95.1 ± 39.0 ms - Map
 38.5 ±  0.5 ms - getState
0.0919355
0.0984002
0.163196
843.0 ±  0.0 ms - Total time
610.4 ±  0.0 ms - Build f time
 45.1 ±  5.4 ms - Apply f time
509.4 ±  6.8 ms - Real f time 
164.9 ±  5.1 ms - Add time
  8.7 ±  0.3 ms - Find child
 10.8 ±  0.4 ms - Add child
157.0 ±  1.2 ms - Hash
109.6 ± 39.0 ms - Map
 56.4 ±  0.7 ms - getState
0.0956846
0.100486
0.17247
1015.5 ±  0.0 ms - Total time
706.1 ±  0.0 ms - Build f time
 57.0 ±  5.5 ms - Apply f time
595.5 ±  7.4 ms - Real f time 
202.9 ±  5.1 ms - Add time
 11.2 ±  0.4 ms - Find child
 14.3 ±  0.4 ms - Add child
194.1 ±  1.3 ms - Hash
169.1 ± 58.1 ms - Map
 72.6 ±  0.8 ms - getState
Dag sizes: 72912 74616 72712 79170 
brutePieces time: 0.652366
 43.7 ±  0.0 ms - Piece loop time
 48.8 ± 36.6 ms - Set time
 29.3 ±  1.0 ms - Child looking time
Nodes:  299410
Pieces: 57349
makePieces time: 0.0447018
Memory: 5.6 + 12.0 + 9.6 + 21.6 + 2.4 MB
  7.2 ±  0.0 ms - Greedy fill time
composePieces time: 0.349981
                                                                                