Running only task # 23
Using max depth 23
 |                                        | 0 / 419 (0.0%)Function count: 142
0.344782
0.362248
0.202321
0.213967
0.296202
0.316832
0.343228
0.361045
0.208154
0.217547
0.293224
0.307162
0.309956
0.326378
 37.8 ±  0.0 ms - Piece loop time
 45.2 ± 38.8 ms - Set time
 29.5 ±  1.5 ms - Child looking time
0.354419
0.371398
0.526277
2631.8 ±  0.0 ms - Total time
2352.3 ±  0.0 ms - Build f time
 50.0 ±  1.6 ms - Apply f time
1674.3 ± 26.6 ms - Real f time 
412.7 ± 20.4 ms - Add time
  4.1 ±  0.2 ms - Find child
  5.5 ±  0.2 ms - Add child
519.6 ±  3.5 ms - Hash
159.3 ± 59.0 ms - Map
 85.1 ±  1.8 ms - getState
0.207381
0.216116
0.277957
2909.8 ±  0.0 ms - Total time
2559.7 ±  0.0 ms - Build f time
 59.1 ±  1.7 ms - Apply f time
1832.5 ± 27.0 ms - Real f time 
454.5 ± 20.5 ms - Add time
  5.2 ±  0.3 ms - Find child
  7.1 ±  0.3 ms - Add child
587.3 ±  3.7 ms - Hash
169.6 ± 59.1 ms - Map
102.2 ±  1.9 ms - getState
0.300735
0.31392
0.440645
3350.5 ±  0.0 ms - Total time
2860.4 ±  0.0 ms - Build f time
 77.7 ±  4.2 ms - Apply f time
2044.7 ± 27.7 ms - Real f time 
532.8 ± 20.6 ms - Add time
  7.1 ±  0.3 ms - Find child
  9.7 ±  0.3 ms - Add child
699.9 ±  3.9 ms - Hash
184.3 ± 59.0 ms - Map
134.7 ±  2.0 ms - getState
0.352124
0.372596
0.535465
3886.0 ±  0.0 ms - Total time
3212.5 ±  0.0 ms - Build f time
 98.6 ±  4.3 ms - Apply f time
2308.7 ± 29.2 ms - Real f time 
647.7 ± 25.4 ms - Add time
  9.6 ±  0.3 ms - Find child
 12.9 ±  0.4 ms - Add child
830.0 ±  4.2 ms - Hash
201.8 ± 59.1 ms - Map
184.7 ±  2.2 ms - getState
0.210835
0.21939
0.282567
4168.6 ±  0.0 ms - Total time
3423.4 ±  0.0 ms - Build f time
107.3 ±  4.3 ms - Apply f time
2466.9 ± 29.6 ms - Real f time 
695.0 ± 25.9 ms - Add time
 10.8 ±  0.4 ms - Find child
 14.8 ±  0.4 ms - Add child
895.2 ±  4.3 ms - Hash
211.9 ± 59.1 ms - Map
203.2 ±  2.4 ms - getState
0.31407
0.334069
0.465256
4633.9 ±  0.0 ms - Total time
3737.4 ±  0.0 ms - Build f time
125.2 ±  4.4 ms - Apply f time
2701.0 ± 30.6 ms - Real f time 
798.6 ± 30.2 ms - Add time
 13.2 ±  0.4 ms - Find child
 17.6 ±  0.5 ms - Add child
1010.0 ±  4.6 ms - Hash
227.5 ± 59.1 ms - Map
240.4 ±  2.5 ms - getState
0.330972
0.344834
0.478649
5112.6 ±  0.0 ms - Total time
4068.4 ±  0.0 ms - Build f time
141.1 ±  4.4 ms - Apply f time
2950.8 ± 32.5 ms - Real f time 
886.6 ± 30.4 ms - Add time
 15.2 ±  0.4 ms - Find child
 20.3 ±  0.5 ms - Add child
1126.2 ±  4.8 ms - Hash
242.3 ± 59.1 ms - Map
274.4 ±  2.6 ms - getState
Dag sizes: 59587 33559 53833 59590 33553 53825 53510 
brutePieces time: 3.01162
 54.8 ±  0.0 ms - Piece loop time
 54.3 ± 44.3 ms - Set time
 42.2 ±  1.5 ms - Child looking time
Nodes:  347457
Pieces: 40558
makePieces time: 0.0558981
Memory: 24.2 + 17.7 + 11.1 + 34.9 + 2.8 MB
1162.3 ± 150.7 ms - Greedy fill time
composePieces time: 6.88095
                                                                                