Running only task # 365
Using max depth 3
 |                                        | 0 / 419 (0.0%)Function count: 142
0.660229
0.751278
0.629273
0.703326
0.670878
0.74814
 47.9 ±  0.0 ms - Piece loop time
 30.5 ± 16.5 ms - Set time
 32.4 ±  1.1 ms - Child looking time
0.655638
0.734319
1.62827
3831.2 ±  0.0 ms - Total time
2616.0 ±  0.0 ms - Build f time
190.0 ±  3.4 ms - Apply f time
2160.4 ± 28.0 ms - Real f time 
845.7 ±  9.9 ms - Add time
 14.2 ±  0.4 ms - Find child
 21.8 ±  0.5 ms - Add child
645.0 ±  3.4 ms - Hash
182.0 ± 38.3 ms - Map
328.8 ±  3.6 ms - getState
0.641102
0.715232
1.64046
5471.7 ±  0.0 ms - Total time
3257.1 ±  0.0 ms - Build f time
298.0 ±  4.2 ms - Apply f time
2739.3 ± 31.2 ms - Real f time 
1327.0 ± 13.7 ms - Add time
 28.0 ±  0.8 ms - Find child
 41.8 ±  0.7 ms - Add child
983.6 ±  3.9 ms - Hash
263.0 ± 38.4 ms - Map
568.0 ±  4.2 ms - getState
0.6568
0.733253
1.76559
7237.3 ±  0.0 ms - Total time
3913.9 ±  0.0 ms - Build f time
409.4 ±  4.5 ms - Apply f time
3293.8 ± 32.7 ms - Real f time 
1843.6 ± 15.1 ms - Add time
 42.9 ±  0.9 ms - Find child
 63.5 ±  1.0 ms - Add child
1368.8 ±  5.9 ms - Hash
356.1 ± 38.3 ms - Map
837.9 ±  4.8 ms - getState
Dag sizes: 394807 432579 454765 
brutePieces time: 5.03551
179.6 ±  0.0 ms - Piece loop time
 88.9 ± 16.8 ms - Set time
101.4 ±  1.4 ms - Child looking time
Nodes:  1282151
Pieces: 370532
makePieces time: 0.180685
Memory: 74.3 + 39.5 + 41.0 + 33.1 + 11.8 MB
 18.2 ±  0.0 ms - Greedy fill time
composePieces time: 2.92776
                                                                                