Running only task # 95
Using max depth 23
 |                                        | 0 / 419 (0.0%)Function count: 142
0.117869
0.130295
0.118518
0.126525
0.117373
0.126067
0.113333
0.125953
0.118445
0.129358
0.117832
0.126452
0.145473
0.155543
 31.7 ±  0.0 ms - Piece loop time
 43.8 ± 37.6 ms - Set time
 22.3 ±  1.3 ms - Child looking time
0.114778
0.124696
0.240628
1161.1 ±  0.0 ms - Total time
963.6 ±  0.0 ms - Build f time
 50.1 ±  2.8 ms - Apply f time
797.2 ± 11.5 ms - Real f time 
205.2 ±  2.6 ms - Add time
  7.4 ±  0.3 ms - Find child
 10.1 ±  0.4 ms - Add child
183.2 ±  1.6 ms - Hash
129.5 ± 36.0 ms - Map
 58.3 ±  1.2 ms - getState
0.127815
0.136073
0.258071
1419.3 ±  0.0 ms - Total time
1091.4 ±  0.0 ms - Build f time
 71.1 ±  2.8 ms - Apply f time
912.2 ± 11.7 ms - Real f time 
264.4 ±  2.9 ms - Add time
 13.0 ±  0.4 ms - Find child
 17.5 ±  0.5 ms - Add child
231.9 ±  1.7 ms - Hash
162.0 ± 36.2 ms - Map
 88.0 ±  1.3 ms - getState
0.136788
0.145789
0.274329
1693.6 ±  0.0 ms - Total time
1228.2 ±  0.0 ms - Build f time
 91.7 ±  2.8 ms - Apply f time
1032.8 ± 11.9 ms - Real f time 
327.3 ±  3.1 ms - Add time
 17.8 ±  0.5 ms - Find child
 25.3 ±  0.8 ms - Add child
286.2 ±  1.9 ms - Hash
196.2 ± 36.6 ms - Map
119.2 ±  1.4 ms - getState
0.13044
0.13849
0.254999
1948.7 ±  0.0 ms - Total time
1358.7 ±  0.0 ms - Build f time
110.9 ±  2.9 ms - Apply f time
1150.3 ± 12.6 ms - Real f time 
389.9 ±  5.9 ms - Add time
 22.7 ±  0.5 ms - Find child
 32.3 ±  0.8 ms - Add child
334.5 ±  2.1 ms - Hash
225.4 ± 36.6 ms - Map
147.1 ±  1.5 ms - getState
0.12615
0.137088
0.26144
2210.2 ±  0.0 ms - Total time
1484.8 ±  0.0 ms - Build f time
132.5 ±  2.9 ms - Apply f time
1265.5 ± 12.8 ms - Real f time 
449.6 ±  6.1 ms - Add time
 28.0 ±  0.6 ms - Find child
 40.1 ±  0.9 ms - Add child
383.2 ±  2.2 ms - Hash
257.5 ± 36.6 ms - Map
179.1 ±  1.6 ms - getState
0.137383
0.146234
0.288737
2499.0 ±  0.0 ms - Total time
1622.2 ±  0.0 ms - Build f time
161.0 ±  4.9 ms - Apply f time
1394.1 ± 14.0 ms - Real f time 
516.1 ±  6.2 ms - Add time
 33.6 ±  0.7 ms - Find child
 48.1 ±  0.9 ms - Add child
438.5 ±  2.7 ms - Hash
290.6 ± 36.5 ms - Map
213.1 ±  1.7 ms - getState
0.149622
0.159098
0.321418
2820.4 ±  0.0 ms - Total time
1771.8 ±  0.0 ms - Build f time
184.6 ±  4.9 ms - Apply f time
1528.3 ± 15.4 ms - Real f time 
592.5 ±  6.3 ms - Add time
 39.6 ±  0.7 ms - Find child
 56.0 ±  1.0 ms - Add child
501.2 ±  2.8 ms - Hash
325.2 ± 36.5 ms - Map
255.7 ±  1.8 ms - getState
Dag sizes: 138527 140272 147367 139001 140700 147588 155814 
brutePieces time: 1.90573
118.0 ±  0.0 ms - Piece loop time
 90.6 ± 59.0 ms - Set time
 78.9 ±  1.7 ms - Child looking time
Nodes:  1009269
Pieces: 120243
makePieces time: 0.119741
Memory: 16.5 + 41.4 + 32.3 + 45.5 + 7.7 MB
 68.3 ±  5.8 ms - Greedy fill time
composePieces time: 4.73111
                                                                                