Running only task # 132
Using max depth 23
 |                                        | 0 / 419 (0.0%)Function count: 142
0.0968256
0.108847
0.130051
0.144498
0.107277
0.12123
0.0936257
0.104412
0.118336
0.134688
0.121072
0.136538
0.108878
0.123216
 39.0 ±  0.0 ms - Piece loop time
 49.3 ± 40.6 ms - Set time
 29.2 ±  1.2 ms - Child looking time
0.0913366
0.103156
0.180796
1054.7 ±  0.0 ms - Total time
867.4 ±  0.0 ms - Build f time
 49.8 ±  1.0 ms - Apply f time
705.2 ±  6.7 ms - Real f time 
184.9 ±  3.1 ms - Add time
  5.1 ±  0.3 ms - Find child
  7.4 ±  0.3 ms - Add child
156.2 ±  1.2 ms - Hash
140.9 ± 66.4 ms - Map
 49.5 ±  0.7 ms - getState
0.121215
0.135619
0.228287
1283.0 ±  0.0 ms - Total time
988.6 ±  0.0 ms - Build f time
 68.3 ±  1.2 ms - Apply f time
813.0 ±  7.1 ms - Real f time 
234.9 ±  3.4 ms - Add time
  9.2 ±  0.3 ms - Find child
 12.9 ±  0.4 ms - Add child
197.0 ±  1.3 ms - Hash
164.3 ± 66.4 ms - Map
 74.3 ±  0.8 ms - getState
0.110053
0.124613
0.226655
1509.7 ±  0.0 ms - Total time
1098.7 ±  0.0 ms - Build f time
 86.9 ±  1.3 ms - Apply f time
916.7 ±  7.5 ms - Real f time 
285.6 ±  3.6 ms - Add time
 13.5 ±  0.4 ms - Find child
 19.0 ±  0.5 ms - Add child
238.6 ±  1.4 ms - Hash
188.3 ± 66.5 ms - Map
102.2 ±  1.0 ms - getState
0.0941959
0.105756
0.186124
1695.9 ±  0.0 ms - Total time
1192.9 ±  0.0 ms - Build f time
102.1 ±  1.4 ms - Apply f time
1003.4 ±  8.2 ms - Real f time 
329.1 ±  3.7 ms - Add time
 16.9 ±  0.5 ms - Find child
 24.5 ±  0.6 ms - Add child
274.5 ±  1.5 ms - Hash
206.0 ± 66.4 ms - Map
122.0 ±  1.0 ms - getState
0.11807
0.135073
0.229074
1925.0 ±  0.0 ms - Total time
1310.9 ±  0.0 ms - Build f time
121.4 ±  1.5 ms - Apply f time
1110.8 ±  8.5 ms - Real f time 
383.0 ±  3.9 ms - Add time
 20.7 ±  0.5 ms - Find child
 30.9 ±  0.7 ms - Add child
315.5 ±  1.6 ms - Hash
226.9 ± 66.5 ms - Map
148.9 ±  1.2 ms - getState
0.113332
0.126454
0.222597
2147.7 ±  0.0 ms - Total time
1424.3 ±  0.0 ms - Build f time
140.8 ±  1.5 ms - Apply f time
1215.5 ±  8.8 ms - Real f time 
435.3 ±  4.1 ms - Add time
 24.6 ±  0.6 ms - Find child
 36.9 ±  0.7 ms - Add child
356.9 ±  1.7 ms - Hash
247.1 ± 66.4 ms - Map
175.0 ±  1.3 ms - getState
0.104911
0.118314
0.197959
2345.7 ±  0.0 ms - Total time
1529.2 ±  0.0 ms - Build f time
157.8 ±  1.6 ms - Apply f time
1311.1 ±  9.0 ms - Real f time 
479.2 ±  4.2 ms - Add time
 28.0 ±  0.6 ms - Find child
 41.5 ±  0.8 ms - Add child
395.6 ±  1.8 ms - Hash
265.1 ± 66.4 ms - Map
195.1 ±  1.3 ms - getState
Dag sizes: 89917 107486 108995 90395 108265 109066 99138 
brutePieces time: 1.47697
135.7 ±  0.0 ms - Piece loop time
 66.2 ± 36.1 ms - Set time
 99.4 ±  1.8 ms - Child looking time
Nodes:  713262
Pieces: 118049
makePieces time: 0.137404
Memory: 12.8 + 28.5 + 22.8 + 40.8 + 7.8 MB
329.2 ± 33.1 ms - Greedy fill time
composePieces time: 2.96778
                                                                                