Running only task # 226
Using max depth 3
 |                                        | 0 / 419 (0.0%)Function count: 142
0.180441
0.203186
0.0823549
0.0959102
0.0913785
0.102567
0.196691
0.224703
 57.4 ±  0.0 ms - Piece loop time
 53.6 ± 37.4 ms - Set time
 41.2 ±  1.1 ms - Child looking time
0.203209
0.221858
0.584043
1210.7 ±  0.0 ms - Total time
754.1 ±  0.0 ms - Build f time
 81.3 ±  1.1 ms - Apply f time
632.2 ±  5.3 ms - Real f time 
337.6 ± 40.8 ms - Add time
 15.6 ±  0.4 ms - Find child
 21.8 ±  0.5 ms - Add child
184.5 ±  1.8 ms - Hash
173.6 ± 41.1 ms - Map
117.7 ±  1.2 ms - getState
0.0810512
0.0899875
0.189418
1400.1 ±  0.0 ms - Total time
835.1 ±  0.0 ms - Build f time
102.8 ±  1.3 ms - Apply f time
713.5 ±  5.5 ms - Real f time 
385.3 ± 40.8 ms - Add time
 23.3 ±  0.5 ms - Find child
 32.1 ±  0.6 ms - Add child
215.1 ±  1.9 ms - Hash
210.4 ± 41.1 ms - Map
141.2 ±  1.5 ms - getState
0.0914666
0.102309
0.215302
1615.5 ±  0.0 ms - Total time
926.6 ±  0.0 ms - Build f time
129.0 ±  1.4 ms - Apply f time
803.6 ±  5.6 ms - Real f time 
445.6 ± 41.3 ms - Add time
 31.8 ±  0.6 ms - Find child
 44.0 ±  0.7 ms - Add child
248.5 ±  2.0 ms - Hash
250.8 ± 41.1 ms - Map
167.1 ±  1.6 ms - getState
0.197807
0.225149
0.541851
2157.4 ±  0.0 ms - Total time
1124.4 ±  0.0 ms - Build f time
183.9 ±  1.6 ms - Apply f time
997.3 ±  6.2 ms - Real f time 
600.5 ± 41.9 ms - Add time
 46.1 ±  0.8 ms - Find child
 64.7 ±  0.9 ms - Add child
347.1 ±  6.5 ms - Hash
324.3 ± 41.0 ms - Map
248.3 ±  1.9 ms - getState
Dag sizes: 396697 194496 227450 417233 
brutePieces time: 1.53343
283.9 ±  0.0 ms - Piece loop time
141.6 ± 41.5 ms - Set time
184.0 ±  3.3 ms - Child looking time
Nodes:  1235876
Pieces: 394362
makePieces time: 0.285736
Memory: 15.3 + 42.9 + 39.5 + 36.6 + 16.3 MB
  3.1 ±  0.0 ms - Greedy fill time
composePieces time: 0.80109
                                                                                