Running only task # 130
Using max depth 3
 |                                        | 0 / 419 (0.0%)Function count: 142
0.176163
0.210579
0.174585
0.19729
0.187274
0.207474
0.168983
0.187085
0.10305
0.112901
0.193207
0.215464
 70.1 ±  0.0 ms - Piece loop time
 50.8 ± 38.3 ms - Set time
 54.9 ±  1.4 ms - Child looking time
0.174898
0.197066
0.2592
1390.3 ±  0.0 ms - Total time
1178.2 ±  0.0 ms - Build f time
 57.9 ±  1.1 ms - Apply f time
971.7 ±  8.7 ms - Real f time 
281.2 ± 15.7 ms - Add time
  5.5 ±  0.3 ms - Find child
  7.9 ±  0.3 ms - Add child
171.2 ±  2.1 ms - Hash
163.1 ± 51.4 ms - Map
 76.8 ±  0.9 ms - getState
0.18652
0.21988
0.286077
1676.4 ±  0.0 ms - Total time
1364.7 ±  0.0 ms - Build f time
 77.4 ±  1.3 ms - Apply f time
1136.1 ±  9.0 ms - Real f time 
335.6 ± 15.8 ms - Add time
  8.0 ±  0.3 ms - Find child
 12.3 ±  0.4 ms - Add child
207.9 ±  2.2 ms - Hash
188.3 ± 51.4 ms - Map
116.7 ±  1.7 ms - getState
0.172531
0.196233
0.264061
1940.6 ±  0.0 ms - Total time
1537.2 ±  0.0 ms - Build f time
 91.4 ±  1.4 ms - Apply f time
1285.6 ±  9.4 ms - Real f time 
387.6 ± 15.8 ms - Add time
 10.5 ±  0.4 ms - Find child
 16.1 ±  0.4 ms - Add child
244.1 ±  2.2 ms - Hash
213.7 ± 51.4 ms - Map
152.2 ±  1.8 ms - getState
0.166344
0.184044
0.245475
2186.1 ±  0.0 ms - Total time
1703.5 ±  0.0 ms - Build f time
104.0 ±  1.5 ms - Apply f time
1422.4 ±  9.7 ms - Real f time 
436.5 ± 15.8 ms - Add time
 12.8 ±  0.4 ms - Find child
 19.7 ±  0.5 ms - Add child
285.9 ±  7.2 ms - Hash
238.1 ± 51.4 ms - Map
183.2 ±  1.9 ms - getState
0.104391
0.112756
0.151765
2337.9 ±  0.0 ms - Total time
1807.9 ±  0.0 ms - Build f time
111.9 ±  1.6 ms - Apply f time
1506.3 ±  9.8 ms - Real f time 
468.0 ± 16.0 ms - Add time
 14.4 ±  0.4 ms - Find child
 22.6 ±  0.5 ms - Add child
311.6 ±  7.2 ms - Hash
257.5 ± 51.5 ms - Map
199.3 ±  1.9 ms - getState
0.193423
0.218882
0.284976
2622.9 ±  0.0 ms - Total time
2001.4 ±  0.0 ms - Build f time
126.9 ±  1.7 ms - Apply f time
1671.9 ± 10.5 ms - Real f time 
523.2 ± 16.0 ms - Add time
 17.4 ±  0.5 ms - Find child
 26.8 ±  0.6 ms - Add child
349.5 ±  7.2 ms - Hash
283.6 ± 51.4 ms - Map
234.0 ±  2.0 ms - getState
Dag sizes: 110646 106051 110287 103434 71247 115024 
brutePieces time: 1.4961
126.6 ±  0.0 ms - Piece loop time
 75.4 ± 46.1 ms - Set time
 90.9 ±  1.9 ms - Child looking time
Nodes:  616689
Pieces: 98043
makePieces time: 0.128029
Memory: 11.1 + 28.7 + 19.7 + 35.0 + 6.0 MB
 18.6 ±  0.0 ms - Greedy fill time
composePieces time: 1.41107
                                                                                