Running only task # 322
Using max depth 3
 |                                        | 0 / 419 (0.0%)Function count: 142
0.36955
0.418343
0.367485
0.424499
0.313759
0.353137
0.358626
0.411944
 28.4 ±  0.0 ms - Piece loop time
 49.0 ± 41.5 ms - Set time
 19.4 ±  0.9 ms - Child looking time
0.388951
0.442908
0.843697
2451.8 ±  0.0 ms - Total time
1798.4 ±  0.0 ms - Build f time
125.9 ±  2.8 ms - Apply f time
1492.7 ± 18.3 ms - Real f time 
481.6 ±  9.2 ms - Add time
 10.1 ±  0.4 ms - Find child
 14.1 ±  0.4 ms - Add child
370.0 ±  4.4 ms - Hash
177.5 ± 59.4 ms - Map
190.6 ±  2.2 ms - getState
0.385628
0.439318
0.823186
3275.1 ±  0.0 ms - Total time
2184.0 ±  0.0 ms - Build f time
182.7 ±  3.1 ms - Apply f time
1847.4 ± 19.8 ms - Real f time 
687.4 ±  9.9 ms - Add time
 17.2 ±  0.5 ms - Find child
 24.2 ±  0.5 ms - Add child
522.4 ±  4.6 ms - Hash
221.9 ± 59.5 ms - Map
304.6 ±  2.5 ms - getState
0.311588
0.349044
0.676465
3951.6 ±  0.0 ms - Total time
2495.6 ±  0.0 ms - Build f time
227.3 ±  3.3 ms - Apply f time
2122.0 ± 20.4 ms - Real f time 
863.0 ± 11.6 ms - Add time
 23.3 ±  0.5 ms - Find child
 33.0 ±  0.6 ms - Add child
652.2 ±  4.7 ms - Hash
261.1 ± 59.5 ms - Map
406.4 ±  6.6 ms - getState
0.358527
0.410157
0.785955
4737.6 ±  0.0 ms - Total time
2854.1 ±  0.0 ms - Build f time
283.0 ±  3.5 ms - Apply f time
2440.2 ± 21.3 ms - Real f time 
1060.5 ± 11.9 ms - Add time
 30.0 ±  0.6 ms - Find child
 43.6 ±  0.7 ms - Add child
807.4 ±  6.9 ms - Hash
304.6 ± 59.4 ms - Map
520.0 ±  6.7 ms - getState
Dag sizes: 234407 223675 199991 230549 
brutePieces time: 3.13104
103.8 ±  0.0 ms - Piece loop time
 48.3 ± 15.6 ms - Set time
 67.6 ±  1.2 ms - Child looking time
Nodes:  888622
Pieces: 166769
makePieces time: 0.104633
Memory: 38.4 + 26.2 + 28.4 + 31.0 + 7.0 MB
 65.7 ±  0.0 ms - Greedy fill time
composePieces time: 1.97762
                                                                                