Running only task # 180
Using max depth 3
 |                                        | 0 / 419 (0.0%)Function count: 142
0.543409
0.608513
0.417049
0.477952
0.391571
0.437123
0.750115
0.838506
 61.3 ±  0.0 ms - Piece loop time
 65.3 ± 38.4 ms - Set time
 37.0 ±  1.4 ms - Child looking time
0.548145
0.617431
1.47982
3842.2 ±  0.0 ms - Total time
2650.3 ±  0.0 ms - Build f time
197.3 ±  2.6 ms - Apply f time
2076.3 ± 50.6 ms - Real f time 
925.7 ± 45.5 ms - Add time
 24.4 ±  0.7 ms - Find child
 36.4 ±  0.7 ms - Add child
657.1 ±  4.1 ms - Hash
257.9 ± 43.4 ms - Map
320.9 ±  2.8 ms - getState
0.40853
0.458831
0.998784
4841.0 ±  0.0 ms - Total time
3058.8 ±  0.0 ms - Build f time
286.7 ±  3.0 ms - Apply f time
2441.3 ± 51.0 ms - Real f time 
1190.8 ± 45.6 ms - Add time
 44.2 ±  0.9 ms - Find child
 62.0 ±  0.9 ms - Add child
865.3 ±  4.4 ms - Hash
354.2 ± 43.4 ms - Map
457.7 ±  3.1 ms - getState
0.407467
0.452445
0.991646
5832.7 ±  0.0 ms - Total time
3466.3 ±  0.0 ms - Build f time
372.5 ±  3.2 ms - Apply f time
2799.4 ± 51.5 ms - Real f time 
1470.6 ± 47.5 ms - Add time
 64.0 ±  1.0 ms - Find child
 90.1 ±  1.3 ms - Add child
1068.4 ±  4.9 ms - Hash
453.0 ± 43.4 ms - Map
597.6 ±  4.2 ms - getState
0.768808
0.866377
2.07693
7909.6 ±  0.0 ms - Total time
4235.1 ±  0.0 ms - Build f time
523.8 ±  4.1 ms - Apply f time
3479.3 ± 54.0 ms - Real f time 
2100.0 ± 61.4 ms - Add time
 88.6 ±  1.1 ms - Find child
124.8 ±  1.4 ms - Add child
1514.2 ±  5.9 ms - Hash
590.6 ± 43.4 ms - Map
933.6 ±  9.8 ms - getState
Dag sizes: 595969 459289 466358 643008 
brutePieces time: 5.54981
322.4 ±  0.0 ms - Piece loop time
136.7 ± 16.6 ms - Set time
201.7 ±  3.8 ms - Child looking time
Nodes:  2164624
Pieces: 369688
makePieces time: 0.323873
Memory: 75.6 + 78.3 + 69.3 + 51.4 + 19.8 MB
 26.4 ±  0.0 ms - Greedy fill time
composePieces time: 1.77659
                                                                                