Running only task # 29
Using max depth 23
 |                                        | 0 / 419 (0.0%)Function count: 142
0.0767792
0.0814875
0.0690085
0.0754104
0.0727614
0.0775743
0.0740475
0.0786965
0.147359
0.152887
 23.4 ±  0.0 ms - Piece loop time
 43.3 ± 38.9 ms - Set time
 16.8 ±  1.1 ms - Child looking time
0.0792364
0.085713
0.178654
644.9 ±  0.0 ms - Total time
519.2 ±  0.0 ms - Build f time
 23.7 ±  0.6 ms - Apply f time
417.2 ±  5.5 ms - Real f time 
128.1 ±  8.0 ms - Add time
  4.7 ±  0.2 ms - Find child
  6.6 ±  0.3 ms - Add child
107.5 ±  1.2 ms - Hash
 96.4 ± 44.8 ms - Map
 32.5 ±  0.6 ms - getState
0.0601177
0.064702
0.142436
787.4 ±  0.0 ms - Total time
579.3 ±  0.0 ms - Build f time
 36.9 ±  0.7 ms - Apply f time
479.0 ±  6.3 ms - Real f time 
162.3 ±  8.0 ms - Add time
  8.4 ±  0.3 ms - Find child
 11.6 ±  0.4 ms - Add child
136.5 ±  1.3 ms - Hash
113.5 ± 44.8 ms - Map
 48.7 ±  0.7 ms - getState
0.0843106
0.0891021
0.189082
976.5 ±  0.0 ms - Total time
663.6 ±  0.0 ms - Build f time
 53.0 ±  0.8 ms - Apply f time
558.6 ±  6.5 ms - Real f time 
212.5 ±  8.5 ms - Add time
 12.6 ±  0.4 ms - Find child
 17.6 ±  0.5 ms - Add child
172.1 ±  1.4 ms - Hash
136.5 ± 44.8 ms - Map
 70.0 ±  0.9 ms - getState
0.0615787
0.0660561
0.146179
1122.7 ±  0.0 ms - Total time
725.2 ±  0.0 ms - Build f time
 65.8 ±  0.9 ms - Apply f time
618.5 ±  6.6 ms - Real f time 
279.7 ± 31.1 ms - Add time
 16.6 ±  0.5 ms - Find child
 22.9 ±  0.6 ms - Add child
201.5 ±  1.5 ms - Hash
195.2 ± 59.6 ms - Map
 86.4 ±  0.9 ms - getState
0.154476
0.159953
0.384328
1507.1 ±  0.0 ms - Total time
879.7 ±  0.0 ms - Build f time
 87.4 ±  1.0 ms - Apply f time
752.1 ±  7.9 ms - Real f time 
414.0 ± 39.2 ms - Add time
 20.3 ±  0.5 ms - Find child
 28.7 ±  0.6 ms - Add child
292.3 ±  2.1 ms - Hash
217.3 ± 59.6 ms - Map
134.7 ±  1.3 ms - getState
Dag sizes: 119860 101363 119843 101290 114194 
brutePieces time: 1.04482
 83.0 ±  0.0 ms - Piece loop time
 37.4 ± 15.1 ms - Set time
 62.5 ±  4.0 ms - Child looking time
Nodes:  556550
Pieces: 99518
makePieces time: 0.0838267
Memory: 11.1 + 21.3 + 17.8 + 29.9 + 4.9 MB
 19.2 ±  0.6 ms - Greedy fill time
composePieces time: 1.52787
                                                                                