Running only task # 162
Using max depth 3
 |                                        | 0 / 419 (0.0%)Function count: 142
0.0612388
0.0676832
0.128337
0.142079
0.123904
0.137394
0.107839
0.119005
0.0807308
0.0872984
0.123907
0.136132
 64.2 ±  0.0 ms - Piece loop time
 60.1 ± 48.7 ms - Set time
 50.5 ±  1.5 ms - Child looking time
0.065659
0.07219
0.121426
811.3 ±  0.0 ms - Total time
691.6 ±  0.0 ms - Build f time
 37.8 ±  1.2 ms - Apply f time
569.3 ±  6.2 ms - Real f time 
169.0 ±  2.1 ms - Add time
  6.8 ±  0.3 ms - Find child
  8.9 ±  0.3 ms - Add child
108.9 ±  3.0 ms - Hash
127.0 ± 37.5 ms - Map
 34.8 ±  0.6 ms - getState
0.119231
0.132892
0.273631
1085.0 ±  0.0 ms - Total time
810.8 ±  0.0 ms - Build f time
 66.8 ±  1.3 ms - Apply f time
682.6 ±  6.4 ms - Real f time 
247.0 ± 10.0 ms - Add time
 15.3 ±  0.4 ms - Find child
 20.8 ±  0.5 ms - Add child
152.1 ±  3.1 ms - Hash
169.4 ± 37.5 ms - Map
 75.6 ±  0.8 ms - getState
0.141466
0.154839
0.304442
1389.4 ±  0.0 ms - Total time
952.3 ±  0.0 ms - Build f time
 99.4 ±  2.1 ms - Apply f time
814.8 ±  6.7 ms - Real f time 
342.5 ± 18.3 ms - Add time
 24.1 ±  0.6 ms - Find child
 33.8 ±  0.7 ms - Add child
199.9 ±  3.2 ms - Hash
214.9 ± 37.5 ms - Map
113.9 ±  1.0 ms - getState
0.112621
0.124378
0.25284
1642.3 ±  0.0 ms - Total time
1064.9 ±  0.0 ms - Build f time
126.2 ±  2.3 ms - Apply f time
920.7 ±  6.9 ms - Real f time 
423.3 ± 23.0 ms - Add time
 31.6 ±  0.6 ms - Find child
 44.5 ±  0.8 ms - Add child
241.9 ±  3.2 ms - Hash
254.5 ± 37.5 ms - Map
146.0 ±  1.1 ms - getState
0.0833137
0.092817
0.173939
1816.3 ±  0.0 ms - Total time
1148.2 ±  0.0 ms - Build f time
145.8 ±  2.3 ms - Apply f time
1003.6 ±  7.0 ms - Real f time 
465.1 ± 23.0 ms - Add time
 37.2 ±  0.7 ms - Find child
 53.8 ±  1.3 ms - Add child
267.4 ±  3.3 ms - Hash
282.0 ± 37.4 ms - Map
168.6 ±  1.8 ms - getState
0.124593
0.14066
0.272939
2089.3 ±  0.0 ms - Total time
1272.8 ±  0.0 ms - Build f time
174.9 ±  2.4 ms - Apply f time
1119.8 ±  7.3 ms - Real f time 
534.5 ± 23.2 ms - Add time
 45.0 ±  0.8 ms - Find child
 64.1 ±  1.4 ms - Add child
312.8 ±  3.4 ms - Hash
322.9 ± 37.4 ms - Map
204.0 ±  1.9 ms - getState
Dag sizes: 116974 232572 240918 190721 136963 216070 
brutePieces time: 1.40324
244.0 ±  0.0 ms - Piece loop time
100.9 ± 41.0 ms - Set time
169.3 ±  2.3 ms - Child looking time
Nodes:  1134218
Pieces: 215551
makePieces time: 0.246351
Memory: 10.3 + 45.7 + 36.3 + 43.3 + 12.7 MB
 18.1 ±  1.0 ms - Greedy fill time
composePieces time: 4.0277
                                                                                