Running only task # 176
Using max depth 3
 |                                        | 0 / 419 (0.0%)Function count: 142
0.0596268
0.0653632
0.0681906
0.0738869
0.0519193
0.0574061
0.0525561
0.0583752
  9.1 ±  0.0 ms - Piece loop time
 49.6 ± 46.1 ms - Set time
  5.4 ±  0.7 ms - Child looking time
0.0623087
0.0676912
0.105725
361.1 ±  0.0 ms - Total time
294.6 ±  0.0 ms - Build f time
 20.1 ±  0.5 ms - Apply f time
268.5 ±  3.7 ms - Real f time 
 68.7 ±  1.3 ms - Add time
  5.8 ±  0.3 ms - Find child
  7.5 ±  0.3 ms - Add child
 42.1 ±  0.7 ms - Hash
 89.8 ± 42.6 ms - Map
 16.9 ±  0.4 ms - getState
0.0573018
0.0626263
0.101061
462.2 ±  0.0 ms - Total time
351.9 ±  0.0 ms - Build f time
 32.5 ±  0.6 ms - Apply f time
325.4 ±  3.8 ms - Real f time 
 90.7 ±  1.5 ms - Add time
 10.3 ±  0.4 ms - Find child
 13.7 ±  0.4 ms - Add child
 57.0 ±  0.8 ms - Hash
111.3 ± 42.7 ms - Map
 26.1 ±  0.5 ms - getState
0.0548181
0.0598948
0.0956259
557.8 ±  0.0 ms - Total time
406.7 ±  0.0 ms - Build f time
 44.1 ±  0.7 ms - Apply f time
381.5 ±  4.0 ms - Real f time 
121.5 ±  7.1 ms - Add time
 15.0 ±  0.4 ms - Find child
 19.4 ±  0.5 ms - Add child
 71.3 ±  0.9 ms - Hash
127.0 ± 42.7 ms - Map
 35.3 ±  0.6 ms - getState
0.0545908
0.0595164
0.095547
653.4 ±  0.0 ms - Total time
461.3 ±  0.0 ms - Build f time
 56.1 ±  0.8 ms - Apply f time
440.6 ±  4.6 ms - Real f time 
143.4 ±  7.2 ms - Add time
 19.8 ±  0.5 ms - Find child
 27.4 ±  1.7 ms - Add child
 86.7 ±  1.0 ms - Hash
142.5 ± 42.7 ms - Map
 43.6 ±  0.6 ms - getState
Dag sizes: 80477 80477 80477 80477 
brutePieces time: 0.400878
 23.0 ±  0.0 ms - Piece loop time
 45.6 ± 36.5 ms - Set time
 12.4 ±  0.7 ms - Child looking time
Nodes:  321908
Pieces: 8369
makePieces time: 0.0238321
Memory: 1.8 + 18.3 + 10.3 + 21.9 + 1.4 MB
  0.1 ±  0.0 ms - Greedy fill time
composePieces time: 0.0137183
                                                                                