Running only task # 230
Using max depth 3
 |                                        | 0 / 419 (0.0%)Function count: 142
0.250693
0.281529
0.222528
0.252844
0.219361
0.250623
0.230704
0.263897
0.196397
0.226114
0.226138
0.257854
0.235584
0.267459
 70.6 ±  0.0 ms - Piece loop time
 32.7 ± 16.9 ms - Set time
 51.3 ±  1.8 ms - Child looking time
0.257124
0.288558
0.548071
2348.7 ±  0.0 ms - Total time
1838.5 ±  0.0 ms - Build f time
151.5 ±  2.6 ms - Apply f time
1527.9 ±  9.0 ms - Real f time 
561.4 ± 74.6 ms - Add time
 22.3 ±  1.3 ms - Find child
 34.4 ±  1.3 ms - Add child
287.8 ±  2.4 ms - Hash
274.0 ± 50.7 ms - Map
137.3 ±  2.1 ms - getState
0.273627
0.310988
0.557607
2906.4 ±  0.0 ms - Total time
2112.1 ±  0.0 ms - Build f time
220.2 ±  3.4 ms - Apply f time
1792.6 ± 10.1 ms - Real f time 
700.9 ± 74.6 ms - Add time
 40.9 ±  2.3 ms - Find child
 58.8 ±  1.6 ms - Add child
374.7 ±  3.1 ms - Hash
354.0 ± 51.0 ms - Map
206.3 ±  2.6 ms - getState
0.294952
0.336609
0.674433
3580.9 ±  0.0 ms - Total time
2407.1 ±  0.0 ms - Build f time
297.5 ±  4.0 ms - Apply f time
2083.7 ± 11.5 ms - Real f time 
862.4 ± 74.7 ms - Add time
 62.5 ±  3.1 ms - Find child
 95.3 ±  2.8 ms - Add child
471.5 ±  4.0 ms - Hash
438.4 ± 51.0 ms - Map
289.4 ±  3.4 ms - getState
0.223491
0.25494
0.477648
4058.6 ±  0.0 ms - Total time
2630.6 ±  0.0 ms - Build f time
351.5 ±  6.1 ms - Apply f time
2307.3 ± 12.5 ms - Real f time 
985.6 ± 74.9 ms - Add time
 76.0 ±  3.1 ms - Find child
115.3 ±  2.9 ms - Add child
555.0 ±  7.9 ms - Hash
502.9 ± 51.0 ms - Map
346.5 ±  3.7 ms - getState
0.235148
0.264162
0.456427
4515.1 ±  0.0 ms - Total time
2865.7 ±  0.0 ms - Build f time
397.8 ±  6.1 ms - Apply f time
2520.2 ± 13.0 ms - Real f time 
1093.1 ± 75.0 ms - Add time
 88.8 ±  3.2 ms - Find child
134.4 ±  3.0 ms - Add child
624.8 ±  8.0 ms - Hash
563.6 ± 51.1 ms - Map
397.8 ±  3.8 ms - getState
0.229925
0.264038
0.490091
5005.2 ±  0.0 ms - Total time
3095.7 ±  0.0 ms - Build f time
449.5 ±  6.2 ms - Apply f time
2743.5 ± 13.8 ms - Real f time 
1213.1 ± 75.1 ms - Add time
103.1 ±  3.2 ms - Find child
154.8 ±  3.0 ms - Add child
698.3 ±  8.0 ms - Hash
628.1 ± 51.1 ms - Map
461.1 ±  4.3 ms - getState
0.218251
0.250649
0.445047
5450.3 ±  0.0 ms - Total time
3313.9 ±  0.0 ms - Build f time
496.4 ±  6.3 ms - Apply f time
2947.2 ± 14.2 ms - Real f time 
1346.3 ± 80.3 ms - Add time
115.4 ±  3.2 ms - Find child
172.8 ±  3.0 ms - Add child
770.4 ±  8.1 ms - Hash
696.4 ± 52.9 ms - Map
515.2 ±  4.4 ms - getState
Dag sizes: 322639 324574 329458 318302 290640 317850 318804 
brutePieces time: 3.65371
293.9 ±  0.0 ms - Piece loop time
135.7 ± 43.4 ms - Set time
198.1 ±  5.4 ms - Child looking time
Nodes:  2222267
Pieces: 146282
makePieces time: 0.295567
Memory: 28.4 + 95.4 + 71.1 + 64.9 + 19.0 MB
 11.6 ±  2.5 ms - Greedy fill time
composePieces time: 1.23917
                                                                                