Running only task # 85
Using max depth 23
 |                                        | 0 / 419 (0.0%)Function count: 142
0.0179466
0.0190319
0.0154545
0.0164337
0.0147615
0.0159395
0.0195896
0.0205779
0.0156665
0.0165666
0.0152668
0.0161699
0.0266153
0.0280369
 24.6 ±  0.0 ms - Piece loop time
 39.0 ± 36.7 ms - Set time
 22.5 ±  0.9 ms - Child looking time
0.0340325
0.0357252
0.0447989
177.7 ±  0.0 ms - Total time
159.3 ±  0.0 ms - Build f time
  5.3 ±  0.2 ms - Apply f time
149.2 ±  2.3 ms - Real f time 
 26.3 ±  0.8 ms - Add time
  1.3 ±  0.1 ms - Find child
  1.4 ±  0.1 ms - Add child
 28.3 ±  0.8 ms - Hash
 55.0 ± 37.3 ms - Map
  5.4 ±  0.2 ms - getState
0.0307957
0.0324068
0.0414822
219.2 ±  0.0 ms - Total time
190.1 ±  0.0 ms - Build f time
  7.7 ±  0.3 ms - Apply f time
176.5 ±  2.4 ms - Real f time 
 32.9 ±  0.8 ms - Add time
  2.2 ±  0.2 ms - Find child
  2.3 ±  0.2 ms - Add child
 36.3 ±  0.9 ms - Hash
 60.6 ± 37.3 ms - Map
  7.7 ±  0.3 ms - getState
0.0355421
0.0372513
0.0457821
265.0 ±  0.0 ms - Total time
225.7 ±  0.0 ms - Build f time
  9.7 ±  0.3 ms - Apply f time
206.9 ±  2.6 ms - Real f time 
 39.6 ±  0.9 ms - Add time
  2.9 ±  0.2 ms - Find child
  2.9 ±  0.2 ms - Add child
 43.7 ±  0.9 ms - Hash
 65.9 ± 37.2 ms - Map
  9.8 ±  0.3 ms - getState
0.0341532
0.0359122
0.0455927
310.7 ±  0.0 ms - Total time
259.8 ±  0.0 ms - Build f time
 12.2 ±  0.4 ms - Apply f time
239.2 ±  2.8 ms - Real f time 
 47.2 ±  1.0 ms - Add time
  3.7 ±  0.2 ms - Find child
  4.1 ±  0.2 ms - Add child
 52.2 ±  1.0 ms - Hash
 72.1 ± 37.2 ms - Map
 12.4 ±  0.3 ms - getState
0.0309506
0.0325845
0.041472
352.2 ±  0.0 ms - Total time
290.8 ±  0.0 ms - Build f time
 14.8 ±  0.4 ms - Apply f time
266.5 ±  2.9 ms - Real f time 
 53.7 ±  1.0 ms - Add time
  4.5 ±  0.2 ms - Find child
  5.3 ±  0.3 ms - Add child
 60.8 ±  1.2 ms - Hash
 76.6 ± 37.2 ms - Map
 14.6 ±  0.4 ms - getState
0.032056
0.0339745
0.0417514
394.0 ±  0.0 ms - Total time
322.8 ±  0.0 ms - Build f time
 17.0 ±  0.4 ms - Apply f time
294.9 ±  3.0 ms - Real f time 
 60.1 ±  1.1 ms - Add time
  5.4 ±  0.3 ms - Find child
  6.3 ±  0.3 ms - Add child
 67.8 ±  1.2 ms - Hash
 81.2 ± 37.2 ms - Map
 16.8 ±  0.4 ms - getState
0.0419839
0.0445005
0.0543376
448.3 ±  0.0 ms - Total time
364.8 ±  0.0 ms - Build f time
 20.0 ±  0.5 ms - Apply f time
332.3 ±  3.3 ms - Real f time 
 68.6 ±  1.1 ms - Add time
  6.2 ±  0.3 ms - Find child
  7.4 ±  0.3 ms - Add child
 77.1 ±  1.2 ms - Hash
 87.5 ± 37.2 ms - Map
 19.6 ±  0.4 ms - getState
Dag sizes: 21691 20139 18156 21714 20130 18146 24724 
brutePieces time: 0.320432
 45.5 ±  0.0 ms - Piece loop time
 42.6 ± 36.2 ms - Set time
 35.6 ±  1.1 ms - Child looking time
Nodes:  144700
Pieces: 22490
makePieces time: 0.0464192
Memory: 1.5 + 9.8 + 4.6 + 31.7 + 1.8 MB
  8.7 ±  0.7 ms - Greedy fill time
composePieces time: 0.289303
                                                                                