Running only task # 92
Using max depth 3
 |                                        | 0 / 419 (0.0%)Function count: 142
0.0429456
0.0464038
0.0501583
0.0541435
0.13178
0.141757
0.11
0.119165
0.19851
0.213481
 30.5 ±  0.0 ms - Piece loop time
 45.0 ± 37.6 ms - Set time
 27.5 ±  4.7 ms - Child looking time
0.0425136
0.0457971
0.0604356
635.6 ±  0.0 ms - Total time
575.9 ±  0.0 ms - Build f time
 16.5 ±  0.5 ms - Apply f time
461.0 ±  7.4 ms - Real f time 
102.7 ±  8.2 ms - Add time
  1.9 ±  0.2 ms - Find child
  2.7 ±  0.2 ms - Add child
106.7 ±  1.1 ms - Hash
 82.8 ± 39.3 ms - Map
 18.8 ±  0.5 ms - getState
0.0496368
0.0534374
0.0744723
710.1 ±  0.0 ms - Total time
625.5 ±  0.0 ms - Build f time
 21.6 ±  0.6 ms - Apply f time
504.2 ±  7.5 ms - Real f time 
117.5 ±  8.3 ms - Add time
  3.1 ±  0.2 ms - Find child
  4.5 ±  0.2 ms - Add child
121.1 ±  1.4 ms - Hash
 91.4 ± 39.2 ms - Map
 25.9 ±  0.8 ms - getState
0.125768
0.13569
0.195262
905.4 ±  0.0 ms - Total time
751.3 ±  0.0 ms - Build f time
 31.5 ±  0.7 ms - Apply f time
613.8 ± 11.4 ms - Real f time 
154.9 ±  8.4 ms - Add time
  5.1 ±  0.3 ms - Find child
  7.5 ±  0.3 ms - Add child
162.8 ±  1.5 ms - Hash
105.6 ± 39.3 ms - Map
 43.5 ±  0.9 ms - getState
0.110503
0.119391
0.170343
1075.8 ±  0.0 ms - Total time
861.8 ±  0.0 ms - Build f time
 41.4 ±  0.8 ms - Apply f time
708.3 ± 11.6 ms - Real f time 
194.0 ±  9.5 ms - Add time
  7.1 ±  0.3 ms - Find child
 10.4 ±  0.4 ms - Add child
199.1 ±  1.7 ms - Hash
118.0 ± 39.3 ms - Map
 58.9 ±  1.0 ms - getState
0.203789
0.218347
0.331409
1407.2 ±  0.0 ms - Total time
1065.6 ±  0.0 ms - Build f time
 56.7 ±  0.9 ms - Apply f time
866.5 ± 12.1 ms - Real f time 
259.6 ±  9.6 ms - Add time
  9.7 ±  0.4 ms - Find child
 13.7 ±  0.4 ms - Add child
275.1 ±  2.3 ms - Hash
138.2 ± 39.3 ms - Map
 90.2 ±  1.1 ms - getState
Dag sizes: 33607 40172 68339 70645 87744 
brutePieces time: 0.836263
 61.3 ±  0.0 ms - Piece loop time
 54.0 ± 41.8 ms - Set time
 47.7 ±  1.4 ms - Child looking time
Nodes:  300507
Pieces: 59543
makePieces time: 0.0624911
Memory: 7.4 + 13.9 + 9.6 + 25.8 + 3.2 MB
 13.5 ±  0.0 ms - Greedy fill time
composePieces time: 0.542598
                                                                                