Running only task # 227
Using max depth 3
 |                                        | 0 / 419 (0.0%)Function count: 142
0.174858
0.193355
0.237835
0.268941
0.170877
0.190531
0.224208
0.257407
 28.3 ±  0.0 ms - Piece loop time
 48.8 ± 39.9 ms - Set time
 21.0 ±  1.7 ms - Child looking time
0.181149
0.204899
0.317298
1227.7 ±  0.0 ms - Total time
988.9 ±  0.0 ms - Build f time
 57.3 ±  1.1 ms - Apply f time
763.3 ±  8.1 ms - Real f time 
238.8 ±  8.8 ms - Add time
  6.8 ±  0.3 ms - Find child
  9.2 ±  0.3 ms - Add child
211.5 ±  1.7 ms - Hash
107.2 ± 38.2 ms - Map
 68.3 ±  1.1 ms - getState
0.2209
0.249298
0.377327
1605.1 ±  0.0 ms - Total time
1209.8 ±  0.0 ms - Build f time
 84.3 ±  1.5 ms - Apply f time
943.1 ±  9.0 ms - Real f time 
339.2 ± 15.7 ms - Add time
 12.7 ±  0.4 ms - Find child
 17.1 ±  0.5 ms - Add child
283.1 ±  1.9 ms - Hash
140.2 ± 38.3 ms - Map
109.1 ±  1.3 ms - getState
0.160953
0.180301
0.271534
1876.7 ±  0.0 ms - Total time
1370.8 ±  0.0 ms - Build f time
103.9 ±  1.6 ms - Apply f time
1084.7 ± 15.9 ms - Real f time 
399.4 ± 15.8 ms - Add time
 16.8 ±  0.5 ms - Find child
 22.9 ±  0.5 ms - Add child
338.1 ±  2.1 ms - Hash
162.3 ± 38.3 ms - Map
137.3 ±  1.7 ms - getState
0.230658
0.26231
0.404191
2280.9 ±  0.0 ms - Total time
1601.4 ±  0.0 ms - Build f time
132.6 ±  1.8 ms - Apply f time
1269.7 ± 16.3 ms - Real f time 
490.6 ± 15.9 ms - Add time
 23.4 ±  0.5 ms - Find child
 31.6 ±  0.9 ms - Add child
421.0 ±  8.8 ms - Hash
198.5 ± 38.4 ms - Map
183.0 ±  1.9 ms - getState
Dag sizes: 110306 144117 113607 161297 
brutePieces time: 1.37341
 78.7 ±  0.0 ms - Piece loop time
 39.0 ± 16.0 ms - Set time
 52.8 ±  1.2 ms - Child looking time
Nodes:  529327
Pieces: 35593
makePieces time: 0.0792263
Memory: 12.9 + 23.9 + 16.9 + 25.2 + 4.4 MB
  0.2 ±  0.0 ms - Greedy fill time
composePieces time: 0.0367568
                                                                                