Running only task # 22
Using max depth 23
 |                                        | 0 / 419 (0.0%)Function count: 142
0.0491658
0.0530265
0.0492986
0.0535259
0.0418761
0.0452434
0.0411586
0.0441279
0.052356
0.0557244
0.0430537
0.0463936
0.043468
0.0471178
0.0488311
0.0528098
0.0399034
0.0430019
0.0449174
0.0478089
0.053102
0.0568046
0.0516956
0.0551257
0.0559073
0.0602969
141.3 ±  0.0 ms - Piece loop time
 48.4 ± 35.6 ms - Set time
123.3 ±  3.0 ms - Child looking time
0.0584188
0.0624194
0.0854765
746.9 ±  0.0 ms - Total time
673.1 ±  0.0 ms - Build f time
 24.2 ±  0.5 ms - Apply f time
572.0 ±  3.4 ms - Real f time 
123.1 ±  1.5 ms - Add time
  4.8 ±  0.2 ms - Find child
  6.4 ±  0.3 ms - Add child
111.4 ±  2.9 ms - Hash
135.8 ± 40.7 ms - Map
 22.4 ±  0.4 ms - getState
0.0520401
0.056218
0.0793289
826.3 ±  0.0 ms - Total time
725.2 ±  0.0 ms - Build f time
 31.7 ±  0.6 ms - Apply f time
620.2 ±  3.5 ms - Real f time 
138.2 ±  1.6 ms - Add time
  7.2 ±  0.3 ms - Find child
  9.3 ±  0.3 ms - Add child
123.8 ±  3.0 ms - Hash
151.1 ± 40.7 ms - Map
 28.7 ±  0.5 ms - getState
0.0492469
0.0525199
0.0689042
895.2 ±  0.0 ms - Total time
774.4 ±  0.0 ms - Build f time
 37.1 ±  0.6 ms - Apply f time
663.8 ±  3.5 ms - Real f time 
151.4 ±  1.8 ms - Add time
  9.0 ±  0.3 ms - Find child
 11.4 ±  0.4 ms - Add child
135.1 ±  3.0 ms - Hash
163.6 ± 40.6 ms - Map
 33.0 ±  0.5 ms - getState
0.0497042
0.0527782
0.070671
965.9 ±  0.0 ms - Total time
824.1 ±  0.0 ms - Build f time
 42.6 ±  0.7 ms - Apply f time
708.0 ±  3.6 ms - Real f time 
164.3 ±  1.9 ms - Add time
 11.1 ±  0.4 ms - Find child
 13.9 ±  0.4 ms - Add child
146.2 ±  3.0 ms - Hash
175.5 ± 40.7 ms - Map
 37.7 ±  0.6 ms - getState
0.0527723
0.056436
0.0768268
1042.8 ±  0.0 ms - Total time
876.9 ±  0.0 ms - Build f time
 49.3 ±  0.7 ms - Apply f time
755.4 ±  3.8 ms - Real f time 
179.1 ±  1.9 ms - Add time
 14.0 ±  0.4 ms - Find child
 16.6 ±  0.5 ms - Add child
158.5 ±  3.0 ms - Hash
189.6 ± 40.7 ms - Map
 43.6 ±  0.6 ms - getState
0.0518248
0.0552834
0.0756258
1118.4 ±  0.0 ms - Total time
928.7 ±  0.0 ms - Build f time
 55.5 ±  0.8 ms - Apply f time
802.9 ±  3.9 ms - Real f time 
193.1 ±  2.0 ms - Add time
 16.1 ±  0.5 ms - Find child
 19.4 ±  0.5 ms - Add child
169.5 ±  3.1 ms - Hash
202.0 ± 40.6 ms - Map
 49.1 ±  0.6 ms - getState
0.0474046
0.0510641
0.0746863
1193.2 ±  0.0 ms - Total time
976.1 ±  0.0 ms - Build f time
 63.2 ±  0.8 ms - Apply f time
847.1 ±  4.0 ms - Real f time 
215.5 ±  6.8 ms - Add time
 18.7 ±  0.5 ms - Find child
 23.1 ±  0.6 ms - Add child
181.3 ±  3.1 ms - Hash
214.1 ± 40.6 ms - Map
 55.3 ±  0.7 ms - getState
0.0546741
0.0591036
0.0803459
1273.6 ±  0.0 ms - Total time
1030.8 ±  0.0 ms - Build f time
 70.1 ±  0.9 ms - Apply f time
897.3 ±  4.1 ms - Real f time 
232.7 ±  7.1 ms - Add time
 20.9 ±  0.5 ms - Find child
 26.5 ±  0.7 ms - Add child
194.5 ±  3.1 ms - Hash
227.9 ± 40.6 ms - Map
 61.6 ±  0.7 ms - getState
0.043957
0.0472263
0.0667684
1340.4 ±  0.0 ms - Total time
1074.8 ±  0.0 ms - Build f time
 76.7 ±  0.9 ms - Apply f time
939.1 ±  4.2 ms - Real f time 
245.9 ±  7.1 ms - Add time
 23.1 ±  0.5 ms - Find child
 29.4 ±  0.7 ms - Add child
205.2 ±  3.1 ms - Hash
238.4 ± 40.6 ms - Map
 66.8 ±  0.8 ms - getState
0.0482097
0.0510283
0.0666783
1407.1 ±  0.0 ms - Total time
1123.0 ±  0.0 ms - Build f time
 81.7 ±  0.9 ms - Apply f time
981.8 ±  4.3 ms - Real f time 
258.8 ±  7.1 ms - Add time
 25.2 ±  0.6 ms - Find child
 31.7 ±  0.7 ms - Add child
215.9 ±  3.1 ms - Hash
248.5 ± 40.6 ms - Map
 71.0 ±  0.8 ms - getState
0.0568791
0.0604728
0.0826423
1489.8 ±  0.0 ms - Total time
1179.9 ±  0.0 ms - Build f time
 89.0 ±  1.0 ms - Apply f time
1033.7 ±  4.4 ms - Real f time 
280.6 ±  9.7 ms - Add time
 27.8 ±  0.6 ms - Find child
 35.1 ±  0.8 ms - Add child
228.7 ±  3.2 ms - Hash
260.9 ± 40.6 ms - Map
 77.6 ±  0.8 ms - getState
0.046918
0.0502821
0.0703972
1560.2 ±  0.0 ms - Total time
1226.8 ±  0.0 ms - Build f time
 95.7 ±  1.0 ms - Apply f time
1077.5 ±  4.4 ms - Real f time 
293.5 ±  9.7 ms - Add time
 30.1 ±  0.6 ms - Find child
 37.7 ±  0.8 ms - Add child
240.3 ±  3.2 ms - Hash
272.1 ± 40.6 ms - Map
 83.1 ±  0.8 ms - getState
0.0591733
0.0637703
0.0875869
1647.8 ±  0.0 ms - Total time
1285.9 ±  0.0 ms - Build f time
103.6 ±  1.1 ms - Apply f time
1132.0 ±  4.5 ms - Real f time 
310.3 ±  9.7 ms - Add time
 32.7 ±  0.6 ms - Find child
 41.1 ±  0.8 ms - Add child
255.5 ±  3.2 ms - Hash
286.3 ± 40.6 ms - Map
 89.6 ±  0.9 ms - getState
Dag sizes: 51283 53035 40590 40823 50254 47099 51128 52791 40692 40927 50253 46976 57151 
brutePieces time: 0.995468
309.5 ±  0.0 ms - Piece loop time
 69.5 ± 37.6 ms - Set time
258.9 ±  4.9 ms - Child looking time
Nodes:  623002
Pieces: 17836
makePieces time: 0.310644
Memory: 3.8 + 40.7 + 19.9 + 64.5 + 11.5 MB
  2.3 ±  0.2 ms - Greedy fill time
composePieces time: 0.248361
                                                                                