Running only task # 356
Using max depth 3
 |                                        | 0 / 419 (0.0%)Function count: 142
0.018056
0.0198564
0.023925
0.026429
0.0360995
0.0386517
0.00988287
0.0107828
0.00921199
0.0101318
0.013829
0.0151001
0.0215747
0.0237913
0.0263017
0.0290616
 45.2 ±  0.0 ms - Piece loop time
 44.0 ± 39.5 ms - Set time
 40.2 ±  1.3 ms - Child looking time
0.024302
0.0264793
0.0349561
209.0 ±  0.0 ms - Total time
183.2 ±  0.0 ms - Build f time
  8.4 ±  0.3 ms - Apply f time
164.3 ±  2.5 ms - Real f time 
 42.4 ±  3.8 ms - Add time
  1.5 ±  0.1 ms - Find child
  2.1 ±  0.2 ms - Add child
 31.5 ±  0.6 ms - Hash
 75.3 ± 51.1 ms - Map
  8.8 ±  0.3 ms - getState
0.0392406
0.0428225
0.0622813
271.3 ±  0.0 ms - Total time
222.4 ±  0.0 ms - Build f time
 13.2 ±  0.4 ms - Apply f time
205.3 ±  5.1 ms - Real f time 
 56.1 ±  3.8 ms - Add time
  2.6 ±  0.2 ms - Find child
  3.8 ±  0.2 ms - Add child
 41.9 ±  0.7 ms - Hash
 82.9 ± 51.1 ms - Map
 15.7 ±  0.4 ms - getState
0.0620814
0.0679406
0.0988115
370.1 ±  0.0 ms - Total time
284.5 ±  0.0 ms - Build f time
 19.3 ±  0.5 ms - Apply f time
260.7 ±  5.5 ms - Real f time 
 76.5 ±  3.9 ms - Add time
  3.9 ±  0.2 ms - Find child
  5.7 ±  0.3 ms - Add child
 57.8 ±  0.8 ms - Hash
 91.9 ± 51.0 ms - Map
 26.9 ±  0.6 ms - getState
0.00932146
0.0102081
0.0123002
382.5 ±  0.0 ms - Total time
293.8 ±  0.0 ms - Build f time
 20.1 ±  0.5 ms - Apply f time
268.3 ±  5.5 ms - Real f time 
 78.6 ±  3.9 ms - Add time
  4.1 ±  0.2 ms - Find child
  6.1 ±  0.3 ms - Add child
 60.1 ±  0.9 ms - Hash
 93.0 ± 51.0 ms - Map
 27.8 ±  0.6 ms - getState
0.00951834
0.0104638
0.0126867
395.2 ±  0.0 ms - Total time
303.3 ±  0.0 ms - Build f time
 21.0 ±  0.5 ms - Apply f time
276.6 ±  5.6 ms - Real f time 
 80.6 ±  3.9 ms - Add time
  4.4 ±  0.2 ms - Find child
  6.5 ±  0.3 ms - Add child
 62.4 ±  0.9 ms - Hash
 94.3 ± 51.0 ms - Map
 28.7 ±  0.6 ms - getState
0.026752
0.0288939
0.0379852
433.2 ±  0.0 ms - Total time
330.1 ±  0.0 ms - Build f time
 23.4 ±  0.6 ms - Apply f time
301.1 ±  5.6 ms - Real f time 
 88.1 ±  3.9 ms - Add time
  5.2 ±  0.3 ms - Find child
  7.4 ±  0.3 ms - Add child
 68.5 ±  1.0 ms - Hash
 99.6 ± 51.0 ms - Map
 31.6 ±  0.6 ms - getState
0.0378583
0.0424225
0.0549882
488.2 ±  0.0 ms - Total time
367.9 ±  0.0 ms - Build f time
 27.8 ±  0.6 ms - Apply f time
336.9 ±  5.6 ms - Real f time 
 99.5 ±  4.0 ms - Add time
  6.4 ±  0.3 ms - Find child
  9.3 ±  0.3 ms - Add child
 76.7 ±  1.0 ms - Hash
106.6 ± 51.1 ms - Map
 36.1 ±  0.6 ms - getState
0.0733881
0.0795488
0.117064
605.3 ±  0.0 ms - Total time
441.3 ±  0.0 ms - Build f time
 34.9 ±  0.8 ms - Apply f time
399.1 ±  6.0 ms - Real f time 
123.7 ±  4.1 ms - Add time
  8.1 ±  0.3 ms - Find child
 11.0 ±  0.4 ms - Add child
 96.7 ±  1.1 ms - Hash
116.4 ± 51.1 ms - Map
 50.2 ±  0.8 ms - getState
Dag sizes: 24018 36982 46512 6067 6067 22648 33137 40843 
brutePieces time: 0.437369
129.0 ±  0.0 ms - Piece loop time
 58.0 ± 43.5 ms - Set time
110.3 ±  2.2 ms - Child looking time
Nodes:  216274
Pieces: 48160
makePieces time: 0.130182
Memory: 3.0 + 11.9 + 6.9 + 37.0 + 4.1 MB
 28.5 ±  0.0 ms - Greedy fill time
composePieces time: 0.534135
                                                                                