Running only task # 124
Using max depth 23
 |                                        | 0 / 419 (0.0%)Function count: 142
0.239023
0.263121
0.263947
0.286806
0.253137
0.278384
0.250628
0.276647
0.250094
0.280647
 40.2 ±  0.0 ms - Piece loop time
 71.2 ± 59.4 ms - Set time
 28.2 ±  1.5 ms - Child looking time
0.251843
0.278185
0.647113
2033.0 ±  0.0 ms - Total time
1508.7 ±  0.0 ms - Build f time
 95.6 ±  1.6 ms - Apply f time
1153.4 ± 12.7 ms - Real f time 
430.2 ± 28.2 ms - Add time
 15.4 ±  3.5 ms - Find child
 17.0 ±  0.8 ms - Add child
363.0 ±  3.9 ms - Hash
179.4 ± 44.1 ms - Map
128.3 ±  2.4 ms - getState
0.25432
0.282126
0.680336
2713.4 ±  0.0 ms - Total time
1763.0 ±  0.0 ms - Build f time
158.9 ±  8.0 ms - Apply f time
1376.1 ± 13.4 ms - Real f time 
610.3 ± 28.3 ms - Add time
 26.7 ±  3.5 ms - Find child
 31.9 ±  0.9 ms - Add child
513.9 ±  4.4 ms - Hash
244.9 ± 44.1 ms - Map
214.6 ±  2.7 ms - getState
0.264033
0.286703
0.671641
3385.1 ±  0.0 ms - Total time
2027.0 ±  0.0 ms - Build f time
213.1 ±  8.1 ms - Apply f time
1606.6 ± 14.6 ms - Real f time 
791.9 ± 28.6 ms - Add time
 37.6 ±  3.5 ms - Find child
 45.8 ±  1.0 ms - Add child
661.7 ±  4.5 ms - Hash
307.8 ± 44.1 ms - Map
297.1 ±  2.9 ms - getState
0.27025
0.294372
0.689284
4074.4 ±  0.0 ms - Total time
2297.3 ±  0.0 ms - Build f time
267.6 ±  8.1 ms - Apply f time
1838.4 ± 15.5 ms - Real f time 
971.0 ± 28.7 ms - Add time
 48.2 ±  3.5 ms - Find child
 69.4 ±  9.2 ms - Add child
818.5 ±  7.6 ms - Hash
371.2 ± 44.0 ms - Map
393.2 ±  7.7 ms - getState
0.250683
0.274162
0.678262
4752.7 ±  0.0 ms - Total time
2548.0 ±  0.0 ms - Build f time
328.6 ±  8.8 ms - Apply f time
2064.7 ± 16.5 ms - Real f time 
1172.1 ± 30.3 ms - Add time
 60.3 ±  3.6 ms - Find child
 84.1 ±  9.2 ms - Add child
973.2 ±  7.7 ms - Hash
443.7 ± 44.8 ms - Map
484.4 ±  8.2 ms - getState
Dag sizes: 255671 273794 259672 277497 282930 
brutePieces time: 3.37016
183.8 ±  0.0 ms - Piece loop time
102.5 ± 39.8 ms - Set time
111.4 ±  2.0 ms - Child looking time
Nodes:  1349564
Pieces: 255209
makePieces time: 0.186582
Memory: 38.8 + 47.5 + 43.2 + 42.6 + 12.1 MB
 39.4 ±  2.5 ms - Greedy fill time
composePieces time: 5.24549
                                                                                