Running only task # 145
Using max depth 23
 |                                        | 0 / 419 (0.0%)Function count: 142
0.0224793
0.0244012
0.0452813
0.0488913
0.021759
0.0236952
0.0492674
0.054713
0.0505929
0.0555074
 36.2 ±  0.0 ms - Piece loop time
 53.7 ± 46.8 ms - Set time
 28.7 ±  1.0 ms - Child looking time
0.0430761
0.0455286
0.0687234
276.2 ±  0.0 ms - Total time
232.5 ±  0.0 ms - Build f time
 12.7 ±  0.4 ms - Apply f time
200.4 ±  1.7 ms - Real f time 
 61.2 ±  6.5 ms - Add time
  2.6 ±  0.2 ms - Find child
  4.1 ±  0.2 ms - Add child
 41.3 ±  0.7 ms - Hash
 89.7 ± 45.4 ms - Map
 11.4 ±  0.3 ms - getState
0.0627085
0.0673297
0.125274
401.5 ±  0.0 ms - Total time
295.2 ±  0.0 ms - Build f time
 24.3 ±  0.5 ms - Apply f time
259.2 ±  1.9 ms - Real f time 
 89.7 ±  6.5 ms - Add time
  6.2 ±  0.3 ms - Find child
  8.8 ±  0.3 ms - Add child
 63.2 ±  0.8 ms - Hash
114.2 ± 45.4 ms - Map
 25.6 ±  0.5 ms - getState
0.0360477
0.0388046
0.0620655
463.6 ±  0.0 ms - Total time
331.2 ±  0.0 ms - Build f time
 29.5 ±  0.6 ms - Apply f time
293.6 ±  2.1 ms - Real f time 
104.1 ±  6.6 ms - Add time
 11.2 ±  3.2 ms - Find child
 11.5 ±  0.4 ms - Add child
 74.1 ±  0.9 ms - Hash
126.5 ± 45.4 ms - Map
 31.5 ±  0.5 ms - getState
0.0725843
0.077247
0.134677
598.3 ±  0.0 ms - Total time
403.8 ±  0.0 ms - Build f time
 42.6 ±  1.1 ms - Apply f time
361.2 ±  2.8 ms - Real f time 
135.9 ±  6.6 ms - Add time
 15.0 ±  3.2 ms - Find child
 17.3 ±  1.2 ms - Add child
 95.5 ±  1.0 ms - Hash
151.1 ± 45.5 ms - Map
 45.3 ±  0.8 ms - getState
0.0859261
0.0934921
0.190831
789.2 ±  0.0 ms - Total time
489.7 ±  0.0 ms - Build f time
 61.9 ±  2.1 ms - Apply f time
445.1 ±  3.7 ms - Real f time 
184.6 ±  6.7 ms - Add time
 19.7 ±  3.2 ms - Find child
 23.6 ±  1.2 ms - Add child
128.3 ±  1.2 ms - Hash
181.9 ± 45.5 ms - Map
 70.6 ±  1.4 ms - getState
Dag sizes: 52552 107974 52311 108322 144778 
brutePieces time: 0.585659
135.9 ±  0.0 ms - Piece loop time
 51.5 ± 18.3 ms - Set time
 93.5 ±  1.5 ms - Child looking time
Nodes:  465937
Pieces: 123592
makePieces time: 0.136798
Memory: 3.7 + 19.5 + 14.9 + 28.4 + 6.3 MB
  1.4 ±  0.0 ms - Greedy fill time
composePieces time: 0.454215
                                                                                