Running only task # 66
Using max depth 3
 |                                        | 0 / 419 (0.0%)Function count: 142
0.15785
0.180644
0.158989
0.181889
0.155146
0.178217
 26.7 ±  0.0 ms - Piece loop time
 39.0 ± 21.5 ms - Set time
 17.5 ±  0.8 ms - Child looking time
0.155805
0.177526
0.362087
903.0 ±  0.0 ms - Total time
627.8 ±  0.0 ms - Build f time
 59.7 ±  0.9 ms - Apply f time
542.9 ±  4.5 ms - Real f time 
329.0 ± 120.8 ms - Add time
 11.1 ±  0.4 ms - Find child
 15.5 ±  0.4 ms - Add child
128.1 ±  1.1 ms - Hash
127.1 ± 36.0 ms - Map
 67.2 ±  0.8 ms - getState
0.157966
0.180633
0.367497
1270.6 ±  0.0 ms - Total time
785.8 ±  0.0 ms - Build f time
100.9 ±  4.2 ms - Apply f time
694.1 ±  5.0 ms - Real f time 
419.9 ± 121.0 ms - Add time
 21.0 ±  0.5 ms - Find child
 29.6 ±  0.6 ms - Add child
189.5 ±  1.4 ms - Hash
174.8 ± 36.1 ms - Map
115.5 ±  1.0 ms - getState
0.150131
0.17206
0.357572
1628.2 ±  0.0 ms - Total time
935.9 ±  0.0 ms - Build f time
136.7 ±  4.2 ms - Apply f time
842.4 ±  5.4 ms - Real f time 
508.8 ± 120.8 ms - Add time
 30.3 ±  0.6 ms - Find child
 43.6 ±  0.7 ms - Add child
251.2 ±  1.8 ms - Hash
224.1 ± 36.0 ms - Map
161.3 ±  1.2 ms - getState
Dag sizes: 302205 306777 295606 
brutePieces time: 1.08866
120.0 ±  0.0 ms - Piece loop time
 85.9 ± 42.4 ms - Set time
 72.4 ±  1.2 ms - Child looking time
Nodes:  904588
Pieces: 280872
makePieces time: 0.121424
Memory: 10.4 + 31.7 + 28.9 + 27.1 + 8.8 MB
  0.7 ±  0.0 ms - Greedy fill time
composePieces time: 0.35173
                                                                                