Running only task # 134
Using max depth 23
 |                                        | 0 / 419 (0.0%)Function count: 142
0.086836
0.0914541
0.0718266
0.0759482
0.0800906
0.0849102
0.0866106
0.0909006
0.0843016
0.0891977
 11.5 ±  0.0 ms - Piece loop time
 40.9 ± 38.2 ms - Set time
  8.8 ±  0.8 ms - Child looking time
0.0839151
0.0884104
0.152459
585.1 ±  0.0 ms - Total time
493.6 ±  0.0 ms - Build f time
 17.6 ±  0.5 ms - Apply f time
393.2 ±  5.5 ms - Real f time 
101.0 ±  5.5 ms - Add time
  2.9 ±  0.2 ms - Find child
  4.6 ±  0.2 ms - Add child
100.7 ±  0.9 ms - Hash
 85.1 ± 41.3 ms - Map
 24.0 ±  0.4 ms - getState
0.0866948
0.0910109
0.148696
733.8 ±  0.0 ms - Total time
580.3 ±  0.0 ms - Build f time
 27.0 ±  0.6 ms - Apply f time
473.1 ±  6.0 ms - Real f time 
132.5 ±  5.6 ms - Add time
  5.2 ±  0.3 ms - Find child
  7.4 ±  0.3 ms - Add child
129.9 ±  1.0 ms - Hash
 98.8 ± 41.2 ms - Map
 38.7 ±  0.6 ms - getState
0.0835441
0.0901217
0.148122
882.0 ±  0.0 ms - Total time
663.8 ±  0.0 ms - Build f time
 37.9 ±  0.7 ms - Apply f time
543.6 ±  6.2 ms - Real f time 
162.7 ±  5.6 ms - Add time
  7.5 ±  0.3 ms - Find child
 10.6 ±  0.4 ms - Add child
161.2 ±  1.1 ms - Hash
112.4 ± 41.2 ms - Map
 52.3 ±  0.6 ms - getState
0.0807914
0.0850632
0.144467
1026.5 ±  0.0 ms - Total time
744.6 ±  0.0 ms - Build f time
 48.4 ±  0.8 ms - Apply f time
616.4 ±  7.2 ms - Real f time 
192.3 ±  5.7 ms - Add time
 10.0 ±  0.4 ms - Find child
 14.0 ±  0.5 ms - Add child
190.4 ±  1.2 ms - Hash
126.3 ± 41.3 ms - Map
 66.5 ±  0.7 ms - getState
0.102197
0.109307
0.184035
1210.6 ±  0.0 ms - Total time
846.8 ±  0.0 ms - Build f time
 62.6 ±  0.9 ms - Apply f time
708.1 ±  7.5 ms - Real f time 
255.5 ± 18.9 ms - Add time
 13.2 ±  0.4 ms - Find child
 18.3 ±  0.5 ms - Add child
225.9 ±  1.5 ms - Hash
142.5 ± 41.3 ms - Map
 84.8 ±  0.8 ms - getState
Dag sizes: 65643 61424 65629 61428 69493 
brutePieces time: 0.782051
 35.4 ±  0.0 ms - Piece loop time
 48.9 ± 38.9 ms - Set time
 21.6 ±  0.9 ms - Child looking time
Nodes:  323617
Pieces: 42779
makePieces time: 0.0363569
Memory: 6.0 + 13.7 + 10.4 + 26.1 + 2.1 MB
 10.4 ±  0.0 ms - Greedy fill time
composePieces time: 0.387243
                                                                                