Running only task # 247
Using max depth 23
 |                                        | 0 / 419 (0.0%)Function count: 142
0.271676
0.31191
0.242511
0.279458
0.262348
0.299365
0.265898
0.303749
0.246083
0.28256
0.279623
0.318743
0.24172
0.274864
 77.6 ±  0.0 ms - Piece loop time
 32.6 ± 16.1 ms - Set time
 56.2 ±  1.8 ms - Child looking time
0.28072
0.321817
0.453175
2524.2 ±  0.0 ms - Total time
2090.6 ±  0.0 ms - Build f time
126.9 ±  2.0 ms - Apply f time
1690.2 ± 13.1 ms - Real f time 
579.0 ± 24.6 ms - Add time
 12.2 ±  0.4 ms - Find child
 18.2 ±  0.5 ms - Add child
256.3 ±  1.7 ms - Hash
257.5 ± 42.5 ms - Map
141.4 ±  1.4 ms - getState
0.253648
0.285119
0.411235
2935.5 ±  0.0 ms - Total time
2344.2 ±  0.0 ms - Build f time
158.8 ±  2.2 ms - Apply f time
1906.3 ± 13.7 ms - Real f time 
671.6 ± 24.7 ms - Add time
 19.9 ±  0.5 ms - Find child
 28.9 ±  0.6 ms - Add child
306.3 ±  1.9 ms - Hash
306.4 ± 42.4 ms - Map
194.5 ±  1.8 ms - getState
0.282757
0.321458
0.453574
3389.1 ±  0.0 ms - Total time
2627.0 ±  0.0 ms - Build f time
191.4 ±  2.3 ms - Apply f time
2145.4 ± 14.1 ms - Real f time 
776.0 ± 24.8 ms - Add time
 27.2 ±  0.6 ms - Find child
 39.4 ±  0.7 ms - Add child
358.5 ±  2.0 ms - Hash
359.6 ± 42.4 ms - Map
249.9 ±  2.0 ms - getState
0.275633
0.315556
0.45694
3846.1 ±  0.0 ms - Total time
2902.6 ±  0.0 ms - Build f time
227.5 ±  2.6 ms - Apply f time
2379.7 ± 14.5 ms - Real f time 
882.2 ± 24.9 ms - Add time
 35.8 ±  0.7 ms - Find child
 51.4 ±  0.8 ms - Add child
410.2 ±  2.2 ms - Hash
415.5 ± 42.5 ms - Map
307.3 ±  2.1 ms - getState
0.253112
0.286376
0.41174
4257.9 ±  0.0 ms - Total time
3155.7 ±  0.0 ms - Build f time
259.4 ±  2.8 ms - Apply f time
2593.7 ± 14.8 ms - Real f time 
974.8 ± 24.9 ms - Add time
 42.9 ±  0.7 ms - Find child
 62.3 ±  0.9 ms - Add child
461.1 ±  2.3 ms - Hash
464.2 ± 42.5 ms - Map
357.5 ±  2.3 ms - getState
0.291209
0.330128
0.462163
4720.1 ±  0.0 ms - Total time
3446.9 ±  0.0 ms - Build f time
293.2 ±  2.9 ms - Apply f time
2841.5 ± 15.6 ms - Real f time 
1096.5 ± 30.1 ms - Add time
 50.4 ±  0.8 ms - Find child
 72.9 ±  1.0 ms - Add child
514.1 ±  2.5 ms - Hash
525.1 ± 43.0 ms - Map
412.7 ±  2.4 ms - getState
0.263909
0.297977
0.419223
5139.4 ±  0.0 ms - Total time
3710.8 ±  0.0 ms - Build f time
324.3 ±  3.0 ms - Apply f time
3069.6 ± 16.6 ms - Real f time 
1187.9 ± 30.1 ms - Add time
 57.9 ±  0.9 ms - Find child
 83.1 ±  1.0 ms - Add child
566.5 ±  3.5 ms - Hash
574.4 ± 43.0 ms - Map
464.0 ±  2.8 ms - getState
Dag sizes: 213914 199877 220269 214934 199687 223399 207291 
brutePieces time: 3.0727
232.1 ±  0.0 ms - Piece loop time
 99.1 ± 36.3 ms - Set time
150.1 ±  2.5 ms - Child looking time
Nodes:  1479371
Pieces: 108776
makePieces time: 0.234046
Memory: 21.7 + 63.8 + 47.3 + 53.0 + 12.5 MB
  3.2 ±  0.3 ms - Greedy fill time
composePieces time: 1.07711
                                                                                