Running only task # 342
Using max depth 3
 |                                        | 0 / 419 (0.0%)Function count: 142
0.0852234
0.0925065
0.136869
0.147257
0.221084
0.244329
0.330275
0.365737
 44.9 ±  0.0 ms - Piece loop time
 48.4 ± 39.6 ms - Set time
 34.0 ±  0.9 ms - Child looking time
0.0874904
0.0916538
0.124204
974.3 ±  0.0 ms - Total time
860.9 ±  0.0 ms - Build f time
 30.2 ±  1.1 ms - Apply f time
633.8 ± 10.2 ms - Real f time 
160.5 ±  3.3 ms - Add time
  2.3 ±  0.2 ms - Find child
  3.2 ±  0.2 ms - Add child
169.4 ±  1.3 ms - Hash
 98.5 ± 44.2 ms - Map
 39.3 ±  1.0 ms - getState
0.138674
0.148704
0.23934
1213.7 ±  0.0 ms - Total time
999.6 ±  0.0 ms - Build f time
 44.0 ±  1.2 ms - Apply f time
747.0 ± 11.3 ms - Real f time 
208.3 ±  3.4 ms - Add time
  5.1 ±  0.3 ms - Find child
  7.5 ±  0.3 ms - Add child
217.2 ±  1.5 ms - Hash
118.2 ± 44.1 ms - Map
 66.8 ±  1.1 ms - getState
0.218538
0.235203
0.382798
1596.5 ±  0.0 ms - Total time
1218.2 ±  0.0 ms - Build f time
 64.8 ±  1.3 ms - Apply f time
920.4 ± 12.1 ms - Real f time 
294.1 ±  5.7 ms - Add time
  8.7 ±  0.3 ms - Find child
 12.3 ±  0.4 ms - Add child
297.9 ±  1.7 ms - Hash
144.1 ± 44.2 ms - Map
115.0 ±  1.3 ms - getState
0.33804
0.366037
0.608317
2204.9 ±  0.0 ms - Total time
1556.2 ±  0.0 ms - Build f time
 97.1 ±  1.7 ms - Apply f time
1178.5 ± 13.4 ms - Real f time 
433.0 ±  6.3 ms - Add time
 13.6 ±  0.4 ms - Find child
 19.2 ±  0.5 ms - Add child
426.2 ±  2.1 ms - Hash
185.0 ± 44.6 ms - Map
196.8 ±  1.7 ms - getState
Dag sizes: 32672 87064 119146 154017 
brutePieces time: 1.35764
105.5 ±  0.0 ms - Piece loop time
 63.8 ± 38.7 ms - Set time
 78.2 ±  1.2 ms - Child looking time
Nodes:  392899
Pieces: 113563
makePieces time: 0.106887
Memory: 15.6 + 15.7 + 12.6 + 23.1 + 4.8 MB
 10.8 ±  0.0 ms - Greedy fill time
composePieces time: 1.04747
                                                                                