Running only task # 67
Using max depth 3
 |                                        | 0 / 419 (0.0%)Function count: 142
0.0102041
0.0109562
0.00730712
0.00768604
0.0119006
0.0126236
0.0133233
0.0141275
  2.5 ±  0.0 ms - Piece loop time
 35.5 ± 35.1 ms - Set time
  2.2 ±  0.4 ms - Child looking time
0.0181674
0.0191048
0.0234162
 68.9 ±  0.0 ms - Total time
 60.9 ±  0.0 ms - Build f time
  1.9 ±  0.3 ms - Apply f time
 52.5 ±  1.7 ms - Real f time 
  9.3 ±  0.7 ms - Add time
  0.3 ±  0.1 ms - Find child
  0.4 ±  0.1 ms - Add child
 14.5 ±  2.0 ms - Hash
 41.8 ± 38.4 ms - Map
  2.0 ±  0.1 ms - getState
0.0156471
0.0162699
0.0201754
 89.1 ±  0.0 ms - Total time
 76.5 ±  0.0 ms - Build f time
  2.9 ±  0.3 ms - Apply f time
 64.6 ±  1.9 ms - Real f time 
 12.0 ±  0.7 ms - Add time
  0.6 ±  0.1 ms - Find child
  0.6 ±  0.1 ms - Add child
 19.4 ±  2.1 ms - Hash
 43.3 ± 38.7 ms - Map
  3.0 ±  0.1 ms - getState
0.0206707
0.0217118
0.0271294
116.2 ±  0.0 ms - Total time
 97.2 ±  0.0 ms - Build f time
  4.1 ±  0.3 ms - Apply f time
 82.8 ±  2.1 ms - Real f time 
 16.3 ±  0.8 ms - Add time
  0.8 ±  0.1 ms - Find child
  1.0 ±  0.1 ms - Add child
 25.1 ±  2.1 ms - Hash
 44.8 ± 39.0 ms - Map
  4.4 ±  0.2 ms - getState
0.0224456
0.0235822
0.0299346
146.2 ±  0.0 ms - Total time
119.7 ±  0.0 ms - Build f time
  5.3 ±  0.3 ms - Apply f time
101.9 ±  2.3 ms - Real f time 
 20.9 ±  0.9 ms - Add time
  1.1 ±  0.1 ms - Find child
  1.4 ±  0.1 ms - Add child
 31.4 ±  2.1 ms - Hash
 46.3 ± 38.9 ms - Map
  6.1 ±  0.2 ms - getState
Dag sizes: 5936 5178 7401 8538 
brutePieces time: 0.10367
  5.2 ±  0.0 ms - Piece loop time
 49.1 ± 48.4 ms - Set time
  4.8 ±  0.4 ms - Child looking time
Nodes:  27053
Pieces: 5375
makePieces time: 0.00618263
Memory: 0.6 + 2.0 + 0.9 + 17.2 + 0.2 MB
  1.0 ±  0.0 ms - Greedy fill time
composePieces time: 0.0207859
                                                                                