Running only task # 215
Using max depth 23
 |                                        | 0 / 419 (0.0%)Function count: 142
0.172824
0.184732
0.173052
0.189233
0.176186
0.191418
0.152032
0.163758
0.172089
0.188187
0.183861
0.199157
0.197764
0.218021
 88.9 ±  0.0 ms - Piece loop time
 74.5 ± 51.1 ms - Set time
 67.1 ±  1.7 ms - Child looking time
0.161925
0.173531
0.242262
1577.2 ±  0.0 ms - Total time
1389.7 ±  0.0 ms - Build f time
 47.7 ±  1.0 ms - Apply f time
1099.8 ± 12.6 ms - Real f time 
277.0 ± 10.0 ms - Add time
  5.7 ±  0.3 ms - Find child
  8.1 ±  0.6 ms - Add child
238.5 ±  5.6 ms - Hash
149.3 ± 39.4 ms - Map
 60.6 ±  0.9 ms - getState
0.162008
0.177137
0.281548
1858.8 ±  0.0 ms - Total time
1551.7 ±  0.0 ms - Build f time
 66.4 ±  1.1 ms - Apply f time
1238.6 ± 12.8 ms - Real f time 
341.4 ± 11.6 ms - Add time
  9.7 ±  0.3 ms - Find child
 13.3 ±  0.6 ms - Add child
289.5 ±  5.6 ms - Hash
175.3 ± 39.4 ms - Map
 94.1 ±  1.1 ms - getState
0.179268
0.194819
0.313653
2172.5 ±  0.0 ms - Total time
1731.0 ±  0.0 ms - Build f time
 86.7 ±  1.2 ms - Apply f time
1396.1 ± 14.4 ms - Real f time 
410.2 ± 12.1 ms - Add time
 14.0 ±  0.4 ms - Find child
 19.7 ±  0.7 ms - Add child
348.4 ±  5.6 ms - Hash
202.7 ± 39.4 ms - Map
136.8 ±  1.4 ms - getState
0.169431
0.18089
0.250696
2423.2 ±  0.0 ms - Total time
1900.4 ±  0.0 ms - Build f time
100.3 ±  1.3 ms - Apply f time
1548.5 ± 16.6 ms - Real f time 
457.6 ± 12.2 ms - Add time
 16.8 ±  0.5 ms - Find child
 23.4 ±  0.7 ms - Add child
391.0 ±  5.7 ms - Hash
222.4 ± 39.4 ms - Map
164.1 ±  4.5 ms - getState
0.178539
0.194256
0.295571
2718.9 ±  0.0 ms - Total time
2079.0 ±  0.0 ms - Build f time
118.3 ±  1.5 ms - Apply f time
1701.2 ± 17.5 ms - Real f time 
521.9 ± 12.3 ms - Add time
 20.5 ±  0.5 ms - Find child
 28.7 ±  0.8 ms - Add child
445.5 ±  5.8 ms - Hash
248.9 ± 39.4 ms - Map
196.8 ±  4.5 ms - getState
0.188719
0.20556
0.312913
3031.8 ±  0.0 ms - Total time
2267.7 ±  0.0 ms - Build f time
137.5 ±  1.6 ms - Apply f time
1853.3 ± 17.7 ms - Real f time 
586.1 ± 12.3 ms - Add time
 24.6 ±  0.6 ms - Find child
 34.1 ±  0.8 ms - Add child
502.4 ±  5.9 ms - Hash
277.2 ± 39.3 ms - Map
231.6 ±  4.5 ms - getState
0.194411
0.214742
0.342605
3374.5 ±  0.0 ms - Total time
2462.1 ±  0.0 ms - Build f time
158.4 ±  1.7 ms - Apply f time
2021.4 ± 18.8 ms - Real f time 
677.5 ± 20.1 ms - Add time
 29.4 ±  0.6 ms - Find child
 40.5 ±  0.8 ms - Add child
563.0 ±  5.9 ms - Hash
312.6 ± 39.4 ms - Map
273.6 ±  4.6 ms - getState
Dag sizes: 79720 122816 128445 79773 123597 128266 153694 
brutePieces time: 2.04479
204.9 ±  0.0 ms - Piece loop time
 62.8 ± 18.0 ms - Set time
153.6 ±  2.2 ms - Child looking time
Nodes:  816311
Pieces: 145415
makePieces time: 0.205903
Memory: 16.5 + 34.1 + 26.1 + 42.4 + 9.9 MB
 55.7 ±  1.7 ms - Greedy fill time
composePieces time: 6.16308
                                                                                