Running only task # 145
Using max depth 3
 |                                        | 0 / 419 (0.0%)Function count: 142
0.018696
0.0202247
0.0335358
0.0366349
0.0443226
0.0488545
 19.2 ±  0.0 ms - Piece loop time
 42.6 ± 38.9 ms - Set time
 14.8 ±  0.9 ms - Child looking time
0.0321747
0.0342027
0.0542992
160.2 ±  0.0 ms - Total time
128.7 ±  0.0 ms - Build f time
  7.8 ±  0.3 ms - Apply f time
121.0 ±  2.9 ms - Real f time 
 31.3 ±  0.8 ms - Add time
  2.3 ±  0.2 ms - Find child
  3.2 ±  0.2 ms - Add child
 27.3 ±  3.4 ms - Hash
 61.9 ± 38.0 ms - Map
  8.8 ±  0.3 ms - getState
0.0580419
0.0620989
0.115916
276.1 ±  0.0 ms - Total time
186.8 ±  0.0 ms - Build f time
 19.7 ±  0.5 ms - Apply f time
175.3 ±  3.0 ms - Real f time 
 59.1 ±  1.0 ms - Add time
  6.1 ±  0.3 ms - Find child
  8.2 ±  0.3 ms - Add child
 47.3 ±  3.4 ms - Hash
 81.7 ± 38.0 ms - Map
 22.1 ±  0.4 ms - getState
0.0767215
0.0824352
0.158285
434.5 ±  0.0 ms - Total time
263.5 ±  0.0 ms - Build f time
 33.7 ±  0.6 ms - Apply f time
243.0 ±  3.2 ms - Real f time 
 99.4 ±  1.3 ms - Add time
 10.8 ±  0.4 ms - Find child
 13.4 ±  0.4 ms - Add child
 76.2 ±  3.5 ms - Hash
104.8 ± 38.0 ms - Map
 41.3 ±  0.6 ms - getState
Dag sizes: 48196 102708 137397 
brutePieces time: 0.330641
 59.1 ±  0.0 ms - Piece loop time
 29.1 ± 13.4 ms - Set time
 40.5 ±  0.8 ms - Child looking time
Nodes:  288301
Pieces: 99300
makePieces time: 0.0596544
Memory: 2.4 + 11.7 + 9.2 + 17.2 + 3.3 MB
  0.1 ±  0.0 ms - Greedy fill time
composePieces time: 0.098445
                                                                                