Running only task # 186
Using max depth 3
 |                                        | 0 / 419 (0.0%)Function count: 142
0.712151
0.794068
0.995141
1.11763
0.83118
0.939542
0.949564
1.0547
 51.0 ±  0.0 ms - Piece loop time
 34.6 ± 18.3 ms - Set time
 35.5 ±  1.4 ms - Child looking time
0.725111
0.807726
2.55693
6463.1 ±  0.0 ms - Total time
4213.1 ±  0.0 ms - Build f time
325.0 ±  7.4 ms - Apply f time
3123.9 ± 42.5 ms - Real f time 
1614.1 ± 18.3 ms - Add time
 30.5 ±  0.9 ms - Find child
 41.6 ±  0.8 ms - Add child
1139.9 ± 11.5 ms - Hash
303.5 ± 37.5 ms - Map
586.1 ±  8.6 ms - getState
0.924263
1.0351
3.13992
9603.0 ±  0.0 ms - Total time
5137.4 ±  0.0 ms - Build f time
548.8 ±  8.3 ms - Apply f time
3922.5 ± 44.7 ms - Real f time 
2601.4 ± 20.3 ms - Add time
 60.0 ±  1.1 ms - Find child
 82.4 ±  1.1 ms - Add child
1827.4 ± 12.1 ms - Hash
487.3 ± 37.4 ms - Map
1128.5 ± 10.4 ms - getState
0.879385
0.983008
2.98383
12586.9 ±  0.0 ms - Total time
6016.8 ±  0.0 ms - Build f time
754.3 ±  8.7 ms - Apply f time
4721.0 ± 49.9 ms - Real f time 
3564.6 ± 27.8 ms - Add time
 90.3 ±  1.6 ms - Find child
120.9 ±  1.3 ms - Add child
2503.0 ± 13.5 ms - Hash
659.0 ± 37.5 ms - Map
1622.2 ± 11.2 ms - getState
0.981362
1.09201
3.54797
16134.9 ±  0.0 ms - Total time
6998.2 ±  0.0 ms - Build f time
984.9 ±  9.3 ms - Apply f time
5597.3 ± 53.1 ms - Real f time 
4916.0 ± 189.5 ms - Add time
119.5 ±  1.7 ms - Find child
160.3 ±  1.5 ms - Add child
3324.6 ± 15.1 ms - Hash
842.0 ± 37.5 ms - Map
2245.4 ± 15.5 ms - getState
Dag sizes: 789350 834494 822104 844252 
brutePieces time: 12.2303
399.2 ±  0.0 ms - Piece loop time
211.2 ± 35.9 ms - Set time
219.1 ±  3.4 ms - Child looking time
Nodes:  3290200
Pieces: 733575
makePieces time: 0.401664
Memory: 216.0 + 92.4 + 105.3 + 86.2 + 28.1 MB
 69.7 ±  0.0 ms - Greedy fill time
composePieces time: 11.7716
                                                                                