Running only task # 277
Using max depth 23
 |                                        | 0 / 419 (0.0%)Function count: 142
0.0743067
0.0802591
0.0698675
0.0760183
0.0660118
0.0707354
0.0705878
0.0782133
0.0773495
0.0824652
0.0666464
0.0729421
0.0736427
0.0792081
 32.7 ±  0.0 ms - Piece loop time
 45.8 ± 39.2 ms - Set time
 22.7 ±  1.4 ms - Child looking time
0.0695413
0.0746009
0.130359
670.5 ±  0.0 ms - Total time
567.9 ±  0.0 ms - Build f time
 24.3 ±  0.6 ms - Apply f time
482.1 ±  5.2 ms - Real f time 
113.8 ±  3.0 ms - Add time
  4.2 ±  0.2 ms - Find child
  5.5 ±  0.3 ms - Add child
102.7 ±  1.0 ms - Hash
 95.3 ± 40.3 ms - Map
 27.9 ±  0.5 ms - getState
0.0809552
0.0884393
0.161142
831.7 ±  0.0 ms - Total time
648.9 ±  0.0 ms - Build f time
 39.4 ±  0.7 ms - Apply f time
560.5 ±  5.4 ms - Real f time 
147.2 ±  3.1 ms - Add time
  7.9 ±  0.3 ms - Find child
 10.9 ±  0.4 ms - Add child
131.1 ±  1.4 ms - Hash
113.2 ± 40.3 ms - Map
 48.0 ±  0.6 ms - getState
0.0682139
0.0736852
0.141015
972.8 ±  0.0 ms - Total time
717.1 ±  0.0 ms - Build f time
 51.9 ±  0.8 ms - Apply f time
628.6 ±  5.8 ms - Real f time 
177.8 ±  3.2 ms - Add time
 10.9 ±  0.4 ms - Find child
 15.7 ±  0.5 ms - Add child
155.2 ±  1.5 ms - Hash
129.2 ± 40.3 ms - Map
 71.8 ±  6.3 ms - getState
0.0821417
0.0883615
0.158538
1131.3 ±  0.0 ms - Total time
799.3 ±  0.0 ms - Build f time
 64.9 ±  0.9 ms - Apply f time
705.6 ±  6.0 ms - Real f time 
213.0 ±  3.8 ms - Add time
 14.1 ±  0.4 ms - Find child
 21.7 ±  0.9 ms - Add child
182.6 ±  1.6 ms - Hash
148.4 ± 40.4 ms - Map
 91.1 ±  6.5 ms - getState
0.0721078
0.0769246
0.139821
1271.2 ±  0.0 ms - Total time
871.4 ±  0.0 ms - Build f time
 76.9 ±  1.0 ms - Apply f time
771.8 ±  6.1 ms - Real f time 
243.7 ±  3.9 ms - Add time
 17.5 ±  0.5 ms - Find child
 26.0 ±  0.9 ms - Add child
208.6 ±  1.7 ms - Hash
166.3 ± 40.4 ms - Map
104.9 ±  6.5 ms - getState
0.0688814
0.0733955
0.12662
1397.9 ±  0.0 ms - Total time
940.2 ±  0.0 ms - Build f time
 86.4 ±  1.0 ms - Apply f time
833.3 ±  6.2 ms - Real f time 
271.6 ±  4.0 ms - Add time
 20.5 ±  0.5 ms - Find child
 29.9 ±  0.9 ms - Add child
232.6 ±  2.0 ms - Hash
217.8 ± 54.4 ms - Map
116.6 ±  6.5 ms - getState
0.0789557
0.0869041
0.155978
1553.9 ±  0.0 ms - Total time
1019.2 ±  0.0 ms - Build f time
100.5 ±  1.1 ms - Apply f time
909.7 ±  6.5 ms - Real f time 
309.1 ±  4.9 ms - Add time
 24.1 ±  0.6 ms - Find child
 34.8 ±  0.9 ms - Add child
261.5 ±  2.1 ms - Hash
236.8 ± 54.3 ms - Map
132.7 ±  6.5 ms - getState
Dag sizes: 82749 85642 74239 82752 85591 74352 90244 
brutePieces time: 1.01864
 82.3 ±  0.0 ms - Piece loop time
 64.1 ± 45.0 ms - Set time
 54.4 ±  1.4 ms - Child looking time
Nodes:  575569
Pieces: 83967
makePieces time: 0.0837937
Memory: 7.5 + 24.9 + 18.4 + 38.6 + 5.5 MB
 45.9 ±  4.4 ms - Greedy fill time
composePieces time: 1.70426
                                                                                