Running only task # 258
Using max depth 3
 |                                        | 0 / 419 (0.0%)Function count: 142
0.0235444
0.0260938
0.024813
0.0270397
0.030238
0.0330082
0.0214065
0.0229447
0.0236194
0.0253974
 23.4 ±  0.0 ms - Piece loop time
 42.3 ± 40.0 ms - Set time
 19.1 ±  0.8 ms - Child looking time
0.0420563
0.0448507
0.0729052
207.6 ±  0.0 ms - Total time
165.7 ±  0.0 ms - Build f time
 10.9 ±  0.4 ms - Apply f time
145.1 ±  2.5 ms - Real f time 
 41.7 ±  2.7 ms - Add time
  2.9 ±  0.2 ms - Find child
  3.3 ±  0.2 ms - Add child
 31.8 ±  0.6 ms - Hash
 65.1 ± 40.8 ms - Map
 15.0 ±  3.3 ms - getState
0.037782
0.0405771
0.0699408
277.6 ±  0.0 ms - Total time
203.5 ±  0.0 ms - Build f time
 17.4 ±  0.5 ms - Apply f time
180.0 ±  2.7 ms - Real f time 
 57.5 ±  2.8 ms - Add time
  4.8 ±  0.2 ms - Find child
  6.2 ±  0.3 ms - Add child
 44.4 ±  0.7 ms - Hash
 73.4 ± 40.7 ms - Map
 22.7 ±  3.3 ms - getState
0.0452744
0.0490893
0.0859926
363.6 ±  0.0 ms - Total time
248.7 ±  0.0 ms - Build f time
 25.9 ±  0.6 ms - Apply f time
221.4 ±  2.8 ms - Real f time 
 78.2 ±  2.8 ms - Add time
  7.2 ±  0.3 ms - Find child
  9.4 ±  0.3 ms - Add child
 59.8 ±  0.9 ms - Hash
 84.8 ± 40.6 ms - Map
 32.7 ±  3.4 ms - getState
0.0401251
0.0429046
0.0688762
432.5 ±  0.0 ms - Total time
288.9 ±  0.0 ms - Build f time
 31.9 ±  0.6 ms - Apply f time
258.1 ±  3.0 ms - Real f time 
 93.0 ±  2.9 ms - Add time
  8.9 ±  0.3 ms - Find child
 11.9 ±  0.4 ms - Add child
 71.6 ±  1.0 ms - Hash
 93.0 ± 40.6 ms - Map
 39.4 ±  3.4 ms - getState
0.0412396
0.0442314
0.0784491
511.0 ±  0.0 ms - Total time
330.1 ±  0.0 ms - Build f time
 39.3 ±  0.7 ms - Apply f time
296.8 ±  3.1 ms - Real f time 
111.1 ±  3.0 ms - Add time
 11.3 ±  0.4 ms - Find child
 15.3 ±  0.4 ms - Add child
 86.5 ±  1.0 ms - Hash
104.1 ± 40.7 ms - Map
 49.3 ±  3.5 ms - getState
Dag sizes: 45273 49181 61281 43117 50492 
brutePieces time: 0.380152
 52.1 ±  0.0 ms - Piece loop time
 51.8 ± 40.0 ms - Set time
 37.2 ±  1.0 ms - Child looking time
Nodes:  249344
Pieces: 53659
makePieces time: 0.0530972
Memory: 2.7 + 12.5 + 8.0 + 25.0 + 2.8 MB
  6.8 ±  0.0 ms - Greedy fill time
composePieces time: 0.309134
                                                                                