Running only task # 101
Using max depth 23
 |                                        | 0 / 419 (0.0%)Function count: 142
0.177461
0.18891
0.107335
0.114338
0.134735
0.145147
0.175433
0.188435
0.101804
0.108886
0.125445
0.134698
0.2431
0.257421
 22.4 ±  0.0 ms - Piece loop time
 48.3 ± 43.4 ms - Set time
 16.2 ±  1.2 ms - Child looking time
0.184277
0.193757
0.260588
1398.8 ±  0.0 ms - Total time
1249.6 ±  0.0 ms - Build f time
 36.5 ±  2.4 ms - Apply f time
954.0 ± 13.2 ms - Real f time 
194.8 ±  4.5 ms - Add time
  2.8 ±  0.2 ms - Find child
  4.2 ±  0.3 ms - Add child
259.5 ±  2.1 ms - Hash
109.9 ± 44.2 ms - Map
 47.2 ±  1.1 ms - getState
0.101491
0.109296
0.130862
1529.7 ±  0.0 ms - Total time
1351.1 ±  0.0 ms - Build f time
 43.1 ±  2.4 ms - Apply f time
1040.4 ± 13.4 ms - Real f time 
213.8 ±  4.6 ms - Add time
  4.0 ±  0.2 ms - Find child
  5.9 ±  0.3 ms - Add child
285.5 ±  2.1 ms - Hash
119.9 ± 44.3 ms - Map
 54.3 ±  1.2 ms - getState
0.131757
0.141059
0.182686
1712.4 ±  0.0 ms - Total time
1482.8 ±  0.0 ms - Build f time
 51.7 ±  2.5 ms - Apply f time
1145.3 ± 13.7 ms - Real f time 
240.9 ±  4.7 ms - Add time
  5.3 ±  0.3 ms - Find child
  8.1 ±  0.3 ms - Add child
324.3 ±  2.2 ms - Hash
132.5 ± 44.2 ms - Map
 67.1 ±  1.3 ms - getState
0.174609
0.184312
0.249093
1961.5 ±  0.0 ms - Total time
1657.4 ±  0.0 ms - Build f time
 62.6 ±  2.5 ms - Apply f time
1277.3 ± 14.2 ms - Real f time 
283.9 ±  5.0 ms - Add time
  7.3 ±  0.3 ms - Find child
 10.2 ±  0.4 ms - Add child
384.3 ±  2.4 ms - Hash
144.4 ± 44.3 ms - Map
 84.5 ±  1.4 ms - getState
0.104931
0.111846
0.134436
2096.0 ±  0.0 ms - Total time
1762.4 ±  0.0 ms - Build f time
 72.0 ±  4.3 ms - Apply f time
1362.0 ± 14.4 ms - Real f time 
303.1 ±  5.0 ms - Add time
  8.3 ±  0.3 ms - Find child
 11.6 ±  0.4 ms - Add child
410.4 ±  2.4 ms - Hash
154.3 ± 44.3 ms - Map
 91.4 ±  1.4 ms - getState
0.137085
0.145555
0.188189
2284.2 ±  0.0 ms - Total time
1899.5 ±  0.0 ms - Build f time
 81.2 ±  4.3 ms - Apply f time
1478.9 ± 14.9 ms - Real f time 
332.6 ±  5.2 ms - Add time
 10.1 ±  0.4 ms - Find child
 13.6 ±  0.4 ms - Add child
449.4 ±  2.5 ms - Hash
166.6 ± 44.3 ms - Map
103.5 ±  1.5 ms - getState
0.261713
0.278812
0.375603
2659.9 ±  0.0 ms - Total time
2161.2 ±  0.0 ms - Build f time
 95.6 ±  4.3 ms - Apply f time
1681.7 ± 17.3 ms - Real f time 
430.2 ± 31.7 ms - Add time
 11.9 ±  0.4 ms - Find child
 16.0 ±  0.5 ms - Add child
539.2 ±  2.8 ms - Hash
183.3 ± 44.3 ms - Map
137.6 ±  4.5 ms - getState
Dag sizes: 42356 33889 41972 42354 33959 42028 48568 
brutePieces time: 1.52766
 35.3 ±  0.0 ms - Piece loop time
 61.2 ± 53.8 ms - Set time
 24.6 ±  1.2 ms - Child looking time
Nodes:  285126
Pieces: 27777
makePieces time: 0.0365397
Memory: 10.0 + 16.8 + 9.1 + 33.9 + 2.0 MB
103.1 ±  7.1 ms - Greedy fill time
composePieces time: 1.44421
                                                                                