Running only task # 69
Using max depth 3
 |                                        | 0 / 419 (0.0%)Function count: 142
0.076047
0.0847141
0.0978943
0.109186
0.0999182
0.112492
0.101482
0.11377
 25.2 ±  0.0 ms - Piece loop time
 43.7 ± 37.8 ms - Set time
 19.1 ±  0.9 ms - Child looking time
0.0788844
0.0874492
0.112583
532.9 ±  0.0 ms - Total time
454.2 ±  0.0 ms - Build f time
 23.8 ±  0.5 ms - Apply f time
393.6 ±  3.1 ms - Real f time 
124.8 ± 17.4 ms - Add time
  4.1 ±  0.2 ms - Find child
  5.3 ±  0.3 ms - Add child
 71.3 ±  0.9 ms - Hash
134.9 ± 55.4 ms - Map
 23.5 ±  0.4 ms - getState
0.099783
0.110769
0.145687
678.6 ±  0.0 ms - Total time
554.0 ±  0.0 ms - Build f time
 35.4 ±  0.7 ms - Apply f time
483.8 ±  3.4 ms - Real f time 
153.6 ± 17.5 ms - Add time
  7.4 ±  0.3 ms - Find child
  9.4 ±  0.3 ms - Add child
 95.2 ±  1.0 ms - Hash
151.6 ± 55.4 ms - Map
 37.2 ±  0.5 ms - getState
0.102442
0.11464
0.147411
826.1 ±  0.0 ms - Total time
656.4 ±  0.0 ms - Build f time
 45.9 ±  0.8 ms - Apply f time
574.0 ±  3.7 ms - Real f time 
181.3 ± 17.5 ms - Add time
 10.1 ±  0.4 ms - Find child
 14.0 ±  0.4 ms - Add child
118.3 ±  1.1 ms - Hash
166.4 ± 55.5 ms - Map
 50.4 ±  0.6 ms - getState
0.102169
0.114372
0.146723
972.8 ±  0.0 ms - Total time
758.6 ±  0.0 ms - Build f time
 56.1 ±  0.8 ms - Apply f time
666.8 ±  4.1 ms - Real f time 
222.0 ± 21.2 ms - Add time
 13.1 ±  0.4 ms - Find child
 18.3 ±  0.6 ms - Add child
141.8 ±  1.4 ms - Hash
188.0 ± 55.8 ms - Map
 63.3 ±  0.7 ms - getState
Dag sizes: 73256 86113 83312 80468 
brutePieces time: 0.555248
 51.9 ±  0.0 ms - Piece loop time
 46.6 ± 34.6 ms - Set time
 37.1 ±  1.2 ms - Child looking time
Nodes:  323149
Pieces: 13863
makePieces time: 0.0526827
Memory: 3.3 + 18.4 + 10.3 + 21.9 + 2.7 MB
  0.1 ±  0.0 ms - Greedy fill time
composePieces time: 0.0174319
                                                                                