Running only task # 204
Using max depth 3
 |                                        | 0 / 419 (0.0%)Function count: 142
0.0608573
0.0652061
0.057956
0.0617739
0.0578473
0.06182
0.059355
0.0634302
0.0606288
0.0647832
  6.0 ±  0.0 ms - Piece loop time
 40.2 ± 38.5 ms - Set time
  4.2 ±  0.6 ms - Child looking time
0.0628714
0.067264
0.0834475
400.6 ±  0.0 ms - Total time
359.5 ±  0.0 ms - Build f time
 11.7 ±  0.5 ms - Apply f time
308.5 ±  4.7 ms - Real f time 
 56.3 ±  3.6 ms - Add time
  1.4 ±  0.1 ms - Find child
  1.8 ±  0.2 ms - Add child
 65.0 ±  0.8 ms - Hash
 59.8 ± 37.7 ms - Map
 12.2 ±  0.4 ms - getState
0.0623434
0.0667199
0.0830548
483.7 ±  0.0 ms - Total time
421.9 ±  0.0 ms - Build f time
 15.7 ±  0.7 ms - Apply f time
361.2 ±  5.0 ms - Real f time 
 68.1 ±  3.7 ms - Add time
  2.2 ±  0.2 ms - Find child
  2.8 ±  0.2 ms - Add child
 80.5 ±  0.9 ms - Hash
 65.7 ± 37.7 ms - Map
 17.9 ±  0.8 ms - getState
0.0613009
0.0654265
0.0813795
565.1 ±  0.0 ms - Total time
483.2 ±  0.0 ms - Build f time
 19.9 ±  0.7 ms - Apply f time
417.8 ±  5.4 ms - Real f time 
 79.4 ±  3.7 ms - Add time
  3.0 ±  0.2 ms - Find child
  3.7 ±  0.2 ms - Add child
 96.0 ±  0.9 ms - Hash
 71.4 ± 37.6 ms - Map
 23.0 ±  0.8 ms - getState
0.0672138
0.0713781
0.0888094
654.0 ±  0.0 ms - Total time
550.4 ±  0.0 ms - Build f time
 24.1 ±  0.8 ms - Apply f time
479.8 ±  6.4 ms - Real f time 
 96.4 ±  4.4 ms - Add time
  3.9 ±  0.2 ms - Find child
  4.7 ±  0.2 ms - Add child
111.8 ±  1.0 ms - Hash
 77.9 ± 37.6 ms - Map
 27.9 ±  0.8 ms - getState
0.0696554
0.0738321
0.0913808
745.4 ±  0.0 ms - Total time
620.0 ±  0.0 ms - Build f time
 28.5 ±  0.8 ms - Apply f time
539.0 ±  6.6 ms - Real f time 
111.2 ±  4.5 ms - Add time
  4.7 ±  0.2 ms - Find child
  5.8 ±  0.3 ms - Add child
129.3 ±  1.1 ms - Hash
 84.3 ± 37.6 ms - Map
 33.1 ±  0.8 ms - getState
Dag sizes: 24097 23665 22671 24359 24848 
brutePieces time: 0.432116
 10.1 ±  0.0 ms - Piece loop time
 43.6 ± 40.4 ms - Set time
  6.5 ±  0.6 ms - Child looking time
Nodes:  119640
Pieces: 12438
makePieces time: 0.0109759
Memory: 2.4 + 6.9 + 3.8 + 22.9 + 0.7 MB
 19.0 ±  0.4 ms - Greedy fill time
composePieces time: 0.214864
                                                                                