Running only task # 259
Using max depth 3
 |                                        | 0 / 419 (0.0%)Function count: 142
0.0932906
0.103732
0.0619093
0.0685637
0.07968
0.0882134
0.0838869
0.0960851
0.149391
0.161826
 63.1 ±  0.0 ms - Piece loop time
 42.3 ± 35.3 ms - Set time
 52.7 ±  1.2 ms - Child looking time
0.0901709
0.0994704
0.138186
656.8 ±  0.0 ms - Total time
558.3 ±  0.0 ms - Build f time
 26.3 ±  0.7 ms - Apply f time
453.5 ±  4.9 ms - Real f time 
110.9 ±  2.8 ms - Add time
  3.5 ±  0.2 ms - Find child
  4.8 ±  0.2 ms - Add child
106.1 ±  1.1 ms - Hash
 82.7 ± 39.0 ms - Map
 29.5 ±  0.6 ms - getState
0.0652407
0.0745337
0.10011
757.0 ±  0.0 ms - Total time
623.6 ±  0.0 ms - Build f time
 34.3 ±  0.8 ms - Apply f time
515.8 ±  6.3 ms - Real f time 
130.8 ±  2.9 ms - Add time
  5.5 ±  0.3 ms - Find child
  7.3 ±  0.3 ms - Add child
123.7 ±  1.2 ms - Hash
 92.4 ± 39.0 ms - Map
 38.7 ±  0.7 ms - getState
0.0801791
0.0881497
0.121639
878.7 ±  0.0 ms - Total time
703.7 ±  0.0 ms - Build f time
 43.3 ±  0.9 ms - Apply f time
586.6 ±  6.6 ms - Real f time 
155.2 ±  3.0 ms - Add time
  7.8 ±  0.3 ms - Find child
 10.2 ±  0.4 ms - Add child
145.4 ±  1.3 ms - Hash
103.9 ± 39.0 ms - Map
 50.0 ±  0.8 ms - getState
0.0861598
0.0948396
0.134458
1013.2 ±  0.0 ms - Total time
789.9 ±  0.0 ms - Build f time
 52.5 ±  0.9 ms - Apply f time
659.5 ±  6.8 ms - Real f time 
180.2 ±  3.1 ms - Add time
  9.9 ±  0.4 ms - Find child
 13.4 ±  0.4 ms - Add child
169.9 ±  1.5 ms - Hash
116.5 ± 39.1 ms - Map
 64.1 ±  1.0 ms - getState
0.153788
0.16942
0.260145
1273.4 ±  0.0 ms - Total time
943.7 ±  0.0 ms - Build f time
 73.1 ±  1.1 ms - Apply f time
794.3 ±  8.2 ms - Real f time 
234.7 ±  3.4 ms - Add time
 15.0 ±  0.4 ms - Find child
 21.2 ±  0.5 ms - Add child
213.8 ±  1.6 ms - Hash
143.3 ± 39.1 ms - Map
 93.1 ±  1.2 ms - getState
Dag sizes: 48755 47415 52124 44791 124359 
brutePieces time: 0.759472
140.5 ±  0.0 ms - Piece loop time
 61.7 ± 40.6 ms - Set time
113.3 ±  2.2 ms - Child looking time
Nodes:  317444
Pieces: 3740
makePieces time: 0.141638
Memory: 5.5 + 16.6 + 10.2 + 26.1 + 4.4 MB
  0.3 ±  0.0 ms - Greedy fill time
composePieces time: 0.0150309
                                                                                