Running only task # 366
Using max depth 3
 |                                        | 0 / 419 (0.0%)Function count: 142
0.0953138
0.104678
0.0920133
0.103262
0.0893191
0.0979615
0.110444
0.123233
 15.5 ±  0.0 ms - Piece loop time
 41.1 ± 37.0 ms - Set time
 10.6 ±  0.7 ms - Child looking time
0.100302
0.109015
0.205498
634.8 ±  0.0 ms - Total time
487.4 ±  0.0 ms - Build f time
 32.6 ±  0.7 ms - Apply f time
405.1 ±  4.2 ms - Real f time 
127.8 ±  2.7 ms - Add time
  5.6 ±  0.3 ms - Find child
  8.0 ±  0.3 ms - Add child
 93.5 ±  1.1 ms - Hash
 95.2 ± 37.6 ms - Map
 38.4 ±  0.6 ms - getState
0.0925181
0.103032
0.220659
855.5 ±  0.0 ms - Total time
579.9 ±  0.0 ms - Build f time
 54.3 ±  0.9 ms - Apply f time
496.8 ±  4.5 ms - Real f time 
186.4 ±  6.1 ms - Add time
 12.7 ±  1.2 ms - Find child
 15.7 ±  0.4 ms - Add child
131.3 ±  1.3 ms - Hash
120.7 ± 37.6 ms - Map
 68.7 ±  0.8 ms - getState
0.0906709
0.100223
0.196708
1052.3 ±  0.0 ms - Total time
670.6 ±  0.0 ms - Build f time
 72.9 ±  1.0 ms - Apply f time
580.8 ±  4.8 ms - Real f time 
233.0 ±  6.2 ms - Add time
 17.6 ±  1.2 ms - Find child
 22.7 ±  0.5 ms - Add child
166.4 ±  1.5 ms - Hash
143.2 ± 37.6 ms - Map
 93.0 ±  0.9 ms - getState
0.107716
0.119794
0.2429
1295.2 ±  0.0 ms - Total time
778.3 ±  0.0 ms - Build f time
 95.9 ±  1.1 ms - Apply f time
681.7 ±  5.2 ms - Real f time 
293.8 ±  6.2 ms - Add time
 23.1 ±  1.3 ms - Find child
 31.5 ±  0.6 ms - Add child
211.6 ±  1.6 ms - Hash
174.8 ± 37.6 ms - Map
122.6 ±  1.1 ms - getState
Dag sizes: 124443 132918 122149 162326 
brutePieces time: 0.868094
 71.5 ±  0.0 ms - Piece loop time
 66.3 ± 43.3 ms - Set time
 44.0 ±  1.0 ms - Child looking time
Nodes:  541836
Pieces: 103710
makePieces time: 0.0727351
Memory: 7.7 + 21.1 + 17.3 + 25.4 + 4.3 MB
  4.5 ±  0.0 ms - Greedy fill time
composePieces time: 0.418281
                                                                                