Running only task # 295
Using max depth 23
 |                                        | 0 / 419 (0.0%)Function count: 142
0.0592529
0.0668713
0.0691066
0.0776721
0.0599794
0.067173
0.0602589
0.0680268
0.0724891
0.0794725
0.0565093
0.0637213
0.0796215
0.0876358
0.0611961
0.0678136
0.0607369
0.0700302
0.0717131
0.0783508
0.0763487
0.0836761
115.6 ±  0.0 ms - Piece loop time
 63.2 ± 48.1 ms - Set time
 95.5 ±  2.4 ms - Child looking time
0.0715676
0.0780705
0.102503
913.5 ±  0.0 ms - Total time
798.8 ±  0.0 ms - Build f time
 37.6 ±  0.6 ms - Apply f time
708.5 ±  6.8 ms - Real f time 
165.3 ±  5.1 ms - Add time
  5.9 ±  0.3 ms - Find child
  7.7 ±  0.3 ms - Add child
116.1 ±  1.4 ms - Hash
283.2 ± 106.7 ms - Map
 37.4 ±  5.4 ms - getState
0.0758404
0.0841041
0.118469
1039.9 ±  0.0 ms - Total time
874.6 ±  0.0 ms - Build f time
 48.1 ±  0.7 ms - Apply f time
780.4 ±  6.9 ms - Real f time 
187.6 ±  5.2 ms - Add time
  9.2 ±  0.3 ms - Find child
 11.5 ±  0.4 ms - Add child
132.9 ±  1.5 ms - Hash
305.3 ± 106.5 ms - Map
 48.9 ±  5.5 ms - getState
0.0705665
0.0783229
0.113286
1153.2 ±  0.0 ms - Total time
945.2 ±  0.0 ms - Build f time
 58.6 ±  0.8 ms - Apply f time
847.2 ±  7.1 ms - Real f time 
209.4 ±  5.2 ms - Add time
 12.1 ±  0.4 ms - Find child
 17.3 ±  1.3 ms - Add child
148.7 ±  1.5 ms - Hash
328.0 ± 106.6 ms - Map
 59.1 ±  5.5 ms - getState
0.0682047
0.0748312
0.106122
1259.4 ±  0.0 ms - Total time
1013.4 ±  0.0 ms - Build f time
 68.5 ±  0.8 ms - Apply f time
910.1 ±  7.1 ms - Real f time 
234.3 ±  6.8 ms - Add time
 15.0 ±  0.4 ms - Find child
 21.4 ±  1.3 ms - Add child
163.9 ±  1.6 ms - Hash
347.2 ± 106.5 ms - Map
 68.5 ±  5.5 ms - getState
0.0766777
0.0844768
0.117207
1376.7 ±  0.0 ms - Total time
1090.1 ±  0.0 ms - Build f time
 78.4 ±  0.9 ms - Apply f time
980.1 ±  7.2 ms - Real f time 
258.0 ±  6.8 ms - Add time
 18.1 ±  0.5 ms - Find child
 25.7 ±  1.3 ms - Add child
179.3 ±  1.7 ms - Hash
368.5 ± 106.4 ms - Map
 78.6 ±  5.5 ms - getState
0.0660815
0.073292
0.0981247
1474.9 ±  0.0 ms - Total time
1156.1 ±  0.0 ms - Build f time
 86.7 ±  1.0 ms - Apply f time
1050.2 ± 11.2 ms - Real f time 
296.3 ± 19.8 ms - Add time
 20.6 ±  0.5 ms - Find child
 28.9 ±  1.4 ms - Add child
193.0 ±  1.7 ms - Hash
394.7 ± 106.7 ms - Map
 86.2 ±  5.5 ms - getState
0.0899075
0.101353
0.139848
1614.7 ±  0.0 ms - Total time
1246.1 ±  0.0 ms - Build f time
 98.8 ±  1.0 ms - Apply f time
1130.3 ± 11.3 ms - Real f time 
338.1 ± 24.2 ms - Add time
 24.6 ±  0.6 ms - Find child
 33.0 ±  1.4 ms - Add child
210.4 ±  1.8 ms - Hash
420.9 ± 106.7 ms - Map
 98.1 ±  5.5 ms - getState
0.0759243
0.0870656
0.120823
1735.6 ±  0.0 ms - Total time
1322.0 ±  0.0 ms - Build f time
110.6 ±  1.1 ms - Apply f time
1201.3 ± 11.3 ms - Real f time 
362.0 ± 24.2 ms - Add time
 27.8 ±  0.6 ms - Find child
 37.5 ±  1.4 ms - Add child
226.6 ±  1.8 ms - Hash
441.6 ± 106.7 ms - Map
108.4 ±  5.5 ms - getState
0.071029
0.0781842
0.115127
1850.8 ±  0.0 ms - Total time
1393.0 ±  0.0 ms - Build f time
121.5 ±  1.1 ms - Apply f time
1265.3 ± 11.4 ms - Real f time 
384.7 ± 24.2 ms - Add time
 31.4 ±  0.6 ms - Find child
 42.0 ±  1.4 ms - Add child
241.3 ±  1.9 ms - Hash
461.7 ± 106.7 ms - Map
119.4 ±  5.5 ms - getState
0.07487
0.0818312
0.118924
1969.8 ±  0.0 ms - Total time
1467.9 ±  0.0 ms - Build f time
133.7 ±  1.9 ms - Apply f time
1341.4 ± 13.2 ms - Real f time 
409.4 ± 24.2 ms - Add time
 34.7 ±  0.7 ms - Find child
 46.1 ±  1.4 ms - Add child
257.2 ±  1.9 ms - Hash
482.7 ± 106.7 ms - Map
129.3 ±  5.5 ms - getState
0.0787299
0.0856309
0.114508
2084.4 ±  0.0 ms - Total time
1546.6 ±  0.0 ms - Build f time
142.1 ±  1.9 ms - Apply f time
1413.1 ± 13.2 ms - Real f time 
432.3 ± 24.3 ms - Add time
 37.6 ±  0.7 ms - Find child
 49.9 ±  1.5 ms - Add child
277.8 ±  5.9 ms - Hash
503.5 ± 106.8 ms - Map
137.8 ±  5.6 ms - getState
Dag sizes: 74371 93477 82823 76242 81553 72477 94185 82097 76233 80073 81787 
brutePieces time: 1.28344
329.7 ±  0.0 ms - Piece loop time
 86.9 ± 38.0 ms - Set time
248.0 ±  4.2 ms - Child looking time
Nodes:  895318
Pieces: 88079
makePieces time: 0.331267
Memory: 4.3 + 47.4 + 28.7 + 60.5 + 13.8 MB
  6.9 ±  2.6 ms - Greedy fill time
composePieces time: 1.07893
                                                                                