Running only task # 282
Using max depth 3
 |                                        | 0 / 419 (0.0%)Function count: 142
0.0138352
0.0146707
0.00845247
0.00920075
0.0223634
0.0237949
0.0298778
0.031512
 23.2 ±  0.0 ms - Piece loop time
 39.4 ± 36.0 ms - Set time
 19.2 ±  0.7 ms - Child looking time
0.0257831
0.0270424
0.0310482
110.3 ±  0.0 ms - Total time
100.3 ±  0.0 ms - Build f time
  3.2 ±  0.2 ms - Apply f time
 93.8 ±  1.5 ms - Real f time 
 17.0 ±  0.7 ms - Add time
  0.9 ±  0.1 ms - Find child
  1.0 ±  0.1 ms - Add child
 16.8 ±  0.4 ms - Hash
 88.7 ± 54.2 ms - Map
  2.8 ±  0.2 ms - getState
0.0111435
0.0119797
0.013481
123.8 ±  0.0 ms - Total time
111.5 ±  0.0 ms - Build f time
  4.1 ±  0.2 ms - Apply f time
105.1 ±  1.5 ms - Real f time 
 19.0 ±  0.7 ms - Add time
  1.2 ±  0.1 ms - Find child
  1.5 ±  0.2 ms - Add child
 19.2 ±  0.5 ms - Hash
 89.9 ± 54.1 ms - Map
  3.6 ±  0.2 ms - getState
0.0410998
0.0432627
0.0537744
177.6 ±  0.0 ms - Total time
152.6 ±  0.0 ms - Build f time
  7.7 ±  0.3 ms - Apply f time
144.1 ±  1.8 ms - Real f time 
 28.7 ±  0.8 ms - Add time
  2.2 ±  0.2 ms - Find child
  3.0 ±  0.2 ms - Add child
 28.4 ±  0.6 ms - Hash
 96.5 ± 54.1 ms - Map
  6.5 ±  0.2 ms - getState
0.0476433
0.0502058
0.0651484
242.8 ±  0.0 ms - Total time
200.2 ±  0.0 ms - Build f time
 11.8 ±  0.4 ms - Apply f time
186.4 ±  2.0 ms - Real f time 
 39.9 ±  1.3 ms - Add time
  3.5 ±  0.2 ms - Find child
  4.6 ±  0.3 ms - Add child
 39.6 ±  0.7 ms - Hash
105.6 ± 54.0 ms - Map
 11.3 ±  0.3 ms - getState
Dag sizes: 13654 6414 30154 33542 
brutePieces time: 0.166644
 43.7 ±  0.0 ms - Piece loop time
 48.3 ± 41.4 ms - Set time
 38.1 ±  3.2 ms - Child looking time
Nodes:  83764
Pieces: 27124
makePieces time: 0.0446748
Memory: 0.5 + 5.9 + 2.7 + 18.1 + 1.3 MB
  0.3 ±  0.0 ms - Greedy fill time
composePieces time: 0.0402604
                                                                                