Running only task # 398
Using max depth 23
 |                                        | 0 / 419 (0.0%)Function count: 142
0.0727399
0.0781178
0.0794557
0.0857097
0.0857329
0.0924691
0.103066
0.110102
0.0653057
0.0707349
0.0807919
0.0870476
0.0980677
0.105144
0.0918291
0.0997914
0.087155
0.0937998
 70.8 ±  0.0 ms - Piece loop time
 45.8 ± 36.0 ms - Set time
 55.0 ±  1.8 ms - Child looking time
0.0662208
0.0714681
0.131195
954.4 ±  0.0 ms - Total time
830.4 ±  0.0 ms - Build f time
 35.9 ±  0.6 ms - Apply f time
679.0 ±  7.1 ms - Real f time 
176.4 ±  4.9 ms - Add time
  6.7 ±  0.3 ms - Find child
  8.6 ±  0.3 ms - Add child
137.2 ±  1.4 ms - Hash
153.1 ± 38.6 ms - Map
 34.4 ±  0.5 ms - getState
0.0853568
0.0920784
0.174854
1129.3 ±  0.0 ms - Total time
915.7 ±  0.0 ms - Build f time
 53.6 ±  0.8 ms - Apply f time
762.0 ±  8.2 ms - Real f time 
217.0 ±  5.1 ms - Add time
 11.9 ±  0.4 ms - Find child
 15.7 ±  0.4 ms - Add child
167.0 ±  1.5 ms - Hash
181.7 ± 38.6 ms - Map
 53.1 ±  0.7 ms - getState
0.0860996
0.0930339
0.188455
1317.8 ±  0.0 ms - Total time
1001.8 ±  0.0 ms - Build f time
 74.1 ±  1.0 ms - Apply f time
845.0 ±  8.3 ms - Real f time 
260.0 ±  5.1 ms - Add time
 17.4 ±  0.5 ms - Find child
 23.5 ±  0.5 ms - Add child
200.7 ±  1.6 ms - Hash
210.4 ± 38.5 ms - Map
 75.9 ±  0.8 ms - getState
0.0993629
0.106633
0.202465
1520.4 ±  0.0 ms - Total time
1101.2 ±  0.0 ms - Build f time
 93.0 ±  1.1 ms - Apply f time
942.6 ± 10.3 ms - Real f time 
306.9 ±  5.2 ms - Add time
 22.3 ±  0.5 ms - Find child
 31.3 ±  0.6 ms - Add child
237.3 ±  1.8 ms - Hash
257.8 ± 41.3 ms - Map
 97.9 ±  0.9 ms - getState
0.0727394
0.0783399
0.137788
1658.2 ±  0.0 ms - Total time
1173.9 ±  0.0 ms - Build f time
107.3 ±  1.1 ms - Apply f time
1010.8 ± 10.4 ms - Real f time 
353.2 ± 14.7 ms - Add time
 27.2 ±  0.6 ms - Find child
 37.7 ±  0.7 ms - Add child
263.4 ±  3.3 ms - Hash
281.2 ± 41.2 ms - Map
111.9 ±  1.0 ms - getState
0.0799458
0.0893262
0.180848
1839.1 ±  0.0 ms - Total time
1253.9 ±  0.0 ms - Build f time
129.9 ±  2.7 ms - Apply f time
1089.3 ± 10.5 ms - Real f time 
395.3 ± 14.7 ms - Add time
 32.7 ±  0.6 ms - Find child
 46.2 ±  0.8 ms - Add child
295.0 ±  3.7 ms - Hash
309.4 ± 41.2 ms - Map
132.5 ±  1.1 ms - getState
0.0861856
0.093371
0.184164
2023.3 ±  0.0 ms - Total time
1340.0 ±  0.0 ms - Build f time
148.2 ±  2.8 ms - Apply f time
1171.3 ± 10.6 ms - Real f time 
438.2 ± 14.8 ms - Add time
 38.1 ±  0.7 ms - Find child
 53.7 ±  0.8 ms - Add child
326.8 ±  3.7 ms - Hash
339.4 ± 41.2 ms - Map
153.9 ±  1.2 ms - getState
0.0958273
0.106728
0.204269
2227.6 ±  0.0 ms - Total time
1435.9 ±  0.0 ms - Build f time
167.0 ±  2.8 ms - Apply f time
1261.0 ± 10.7 ms - Real f time 
516.5 ± 35.2 ms - Add time
 44.0 ±  0.7 ms - Find child
 60.9 ±  0.9 ms - Add child
364.3 ±  3.7 ms - Hash
370.5 ± 41.2 ms - Map
176.5 ±  1.3 ms - getState
0.0869127
0.0930223
0.171439
2399.1 ±  0.0 ms - Total time
1522.8 ±  0.0 ms - Build f time
184.6 ±  2.9 ms - Apply f time
1343.8 ± 10.8 ms - Real f time 
562.9 ± 35.6 ms - Add time
 49.0 ±  0.8 ms - Find child
 67.8 ±  0.9 ms - Add child
393.4 ±  3.8 ms - Hash
400.1 ± 41.2 ms - Map
193.4 ±  1.4 ms - getState
Dag sizes: 115681 130952 142676 146894 116256 131537 143064 147834 131176 
brutePieces time: 1.58207
255.6 ±  0.0 ms - Piece loop time
 96.7 ± 47.4 ms - Set time
180.2 ±  2.7 ms - Child looking time
Nodes:  1206070
Pieces: 155406
makePieces time: 0.257491
Memory: 11.0 + 52.0 + 38.6 + 57.0 + 13.1 MB
 16.9 ±  1.5 ms - Greedy fill time
composePieces time: 2.75561
                                                                                