Running only task # 5
Using max depth 23
 |                                        | 0 / 419 (0.0%)Function count: 142
0.0202313
0.0219142
0.0209291
0.0223784
0.0193637
0.0208923
0.019196
0.0206324
0.0170463
0.0184362
0.0218662
0.0243281
0.0193398
0.0207743
0.0185179
0.0199135
0.0240041
0.0259172
0.0173763
0.0188745
0.0181903
0.0196841
 27.0 ±  0.0 ms - Piece loop time
 41.4 ± 37.8 ms - Set time
 24.3 ±  1.5 ms - Child looking time
0.0301528
0.0321449
0.040431
274.4 ±  0.0 ms - Total time
246.2 ±  0.0 ms - Build f time
  8.8 ±  0.3 ms - Apply f time
221.3 ±  3.4 ms - Real f time 
 40.4 ±  1.1 ms - Add time
  1.6 ±  0.1 ms - Find child
  1.6 ±  0.1 ms - Add child
 43.2 ±  0.7 ms - Hash
153.7 ± 73.4 ms - Map
  8.2 ±  0.3 ms - getState
0.0310604
0.0327323
0.041708
316.2 ±  0.0 ms - Total time
277.3 ±  0.0 ms - Build f time
 11.3 ±  0.4 ms - Apply f time
248.9 ±  3.5 ms - Real f time 
 46.8 ±  1.1 ms - Add time
  2.2 ±  0.2 ms - Find child
  2.7 ±  0.2 ms - Add child
 51.2 ±  0.8 ms - Hash
157.8 ± 73.3 ms - Map
 10.7 ±  0.3 ms - getState
0.0334561
0.0352122
0.0436457
359.8 ±  0.0 ms - Total time
310.7 ±  0.0 ms - Build f time
 13.7 ±  0.4 ms - Apply f time
277.0 ±  3.6 ms - Real f time 
 53.6 ±  1.2 ms - Add time
  2.9 ±  0.2 ms - Find child
  3.6 ±  0.2 ms - Add child
 59.2 ±  0.8 ms - Hash
162.8 ± 73.3 ms - Map
 13.0 ±  0.3 ms - getState
0.0369365
0.0391879
0.0480979
408.0 ±  0.0 ms - Total time
347.7 ±  0.0 ms - Build f time
 16.4 ±  0.4 ms - Apply f time
309.5 ±  3.7 ms - Real f time 
 61.6 ±  1.2 ms - Add time
  3.7 ±  0.2 ms - Find child
  4.6 ±  0.2 ms - Add child
 67.4 ±  0.9 ms - Hash
167.9 ± 73.3 ms - Map
 15.8 ±  0.4 ms - getState
0.0347078
0.0370883
0.0462551
454.3 ±  0.0 ms - Total time
382.4 ±  0.0 ms - Build f time
 18.9 ±  0.5 ms - Apply f time
339.3 ±  3.8 ms - Real f time 
 68.8 ±  1.3 ms - Add time
  4.4 ±  0.2 ms - Find child
  5.5 ±  0.3 ms - Add child
 75.7 ±  1.1 ms - Hash
173.3 ± 73.3 ms - Map
 18.6 ±  0.4 ms - getState
0.0310935
0.0328782
0.040643
494.9 ±  0.0 ms - Total time
413.5 ±  0.0 ms - Build f time
 21.2 ±  0.5 ms - Apply f time
366.3 ±  3.9 ms - Real f time 
 75.4 ±  1.3 ms - Add time
  5.1 ±  0.3 ms - Find child
  6.6 ±  0.3 ms - Add child
 83.4 ±  1.2 ms - Hash
178.4 ± 73.4 ms - Map
 21.1 ±  0.4 ms - getState
0.0332186
0.0350268
0.0434701
538.5 ±  0.0 ms - Total time
446.7 ±  0.0 ms - Build f time
 23.4 ±  0.5 ms - Apply f time
394.9 ±  4.0 ms - Real f time 
 84.4 ±  2.1 ms - Add time
  5.9 ±  0.3 ms - Find child
  7.5 ±  0.3 ms - Add child
 91.5 ±  1.2 ms - Hash
183.5 ± 73.4 ms - Map
 23.2 ±  0.4 ms - getState
0.0375662
0.0402706
0.0487749
587.3 ±  0.0 ms - Total time
484.2 ±  0.0 ms - Build f time
 25.9 ±  0.6 ms - Apply f time
426.7 ±  4.1 ms - Real f time 
 91.7 ±  2.2 ms - Add time
  6.6 ±  0.3 ms - Find child
  8.7 ±  0.3 ms - Add child
100.1 ±  1.2 ms - Hash
188.6 ± 73.3 ms - Map
 25.9 ±  0.5 ms - getState
0.0384934
0.0402297
0.0487536
636.1 ±  0.0 ms - Total time
522.7 ±  0.0 ms - Build f time
 28.4 ±  0.6 ms - Apply f time
458.4 ±  4.1 ms - Real f time 
 99.3 ±  2.2 ms - Add time
  7.4 ±  0.3 ms - Find child
  9.7 ±  0.4 ms - Add child
109.0 ±  1.3 ms - Hash
194.3 ± 73.4 ms - Map
 28.1 ±  0.5 ms - getState
0.0291118
0.0308561
0.038714
674.8 ±  0.0 ms - Total time
551.8 ±  0.0 ms - Build f time
 30.6 ±  0.6 ms - Apply f time
483.8 ±  4.2 ms - Real f time 
106.6 ±  2.2 ms - Add time
  8.2 ±  0.3 ms - Find child
 10.6 ±  0.4 ms - Add child
117.1 ±  1.4 ms - Hash
198.6 ± 73.4 ms - Map
 30.4 ±  0.5 ms - getState
0.035673
0.0374683
0.0453611
720.2 ±  0.0 ms - Total time
587.5 ±  0.0 ms - Build f time
 32.9 ±  0.6 ms - Apply f time
515.1 ±  4.3 ms - Real f time 
113.6 ±  2.3 ms - Add time
  8.9 ±  0.3 ms - Find child
 11.7 ±  0.4 ms - Add child
124.4 ±  1.4 ms - Hash
203.4 ± 73.4 ms - Map
 33.0 ±  0.5 ms - getState
Dag sizes: 17727 19129 19211 19382 17937 17728 19129 19197 19384 17937 18469 
brutePieces time: 0.494429
 58.6 ±  0.0 ms - Piece loop time
 49.7 ± 43.2 ms - Set time
 50.1 ±  2.5 ms - Child looking time
Nodes:  205230
Pieces: 22280
makePieces time: 0.0596866
Memory: 2.1 + 14.7 + 6.6 + 49.4 + 2.4 MB
 24.9 ±  0.7 ms - Greedy fill time
composePieces time: 0.658121
                                                                                