Running only task # 47
Using max depth 3
 |                                        | 0 / 419 (0.0%)Function count: 142
0.570798
0.642742
0.832824
0.954998
0.485417
0.544858
0.736586
0.835666
 54.2 ±  0.0 ms - Piece loop time
 36.3 ± 22.1 ms - Set time
 41.3 ±  1.2 ms - Child looking time
0.566088
0.634439
0.913474
3891.9 ±  0.0 ms - Total time
3191.7 ±  0.0 ms - Build f time
170.2 ±  3.6 ms - Apply f time
2370.7 ± 26.8 ms - Real f time 
798.5 ± 35.7 ms - Add time
 10.1 ±  0.4 ms - Find child
 15.0 ±  0.4 ms - Add child
620.7 ±  4.3 ms - Hash
158.3 ± 37.1 ms - Map
253.4 ±  3.5 ms - getState
0.850805
0.972333
1.41047
5302.4 ±  0.0 ms - Total time
4042.5 ±  0.0 ms - Build f time
250.3 ±  4.4 ms - Apply f time
3060.2 ± 31.3 ms - Real f time 
1106.9 ± 36.1 ms - Add time
 19.6 ±  0.5 ms - Find child
 28.2 ±  0.6 ms - Add child
854.7 ±  5.1 ms - Hash
214.8 ± 37.1 ms - Map
468.3 ±  4.7 ms - getState
0.481515
0.542269
0.783521
6086.0 ±  0.0 ms - Total time
4524.0 ±  0.0 ms - Build f time
293.6 ±  4.6 ms - Apply f time
3427.7 ± 32.4 ms - Real f time 
1273.9 ± 36.2 ms - Add time
 26.7 ±  0.6 ms - Find child
 38.3 ±  1.0 ms - Add child
999.7 ±  5.4 ms - Hash
254.8 ± 37.1 ms - Map
574.7 ±  5.0 ms - getState
0.752868
0.853545
1.22258
7308.6 ±  0.0 ms - Total time
5276.9 ±  0.0 ms - Build f time
361.1 ±  5.0 ms - Apply f time
4020.8 ± 38.1 ms - Real f time 
1537.9 ± 36.4 ms - Add time
 35.2 ±  0.7 ms - Find child
 50.3 ±  1.1 ms - Add child
1210.7 ±  6.0 ms - Hash
307.3 ± 37.0 ms - Map
747.2 ±  5.6 ms - getState
Dag sizes: 199614 274569 193112 255674 
brutePieces time: 4.33157
143.4 ±  0.0 ms - Piece loop time
 78.7 ± 40.5 ms - Set time
 99.3 ±  1.4 ms - Child looking time
Nodes:  922969
Pieces: 69087
makePieces time: 0.144553
Memory: 55.2 + 40.1 + 29.5 + 31.5 + 7.6 MB
  0.5 ±  0.0 ms - Greedy fill time
composePieces time: 0.121041
                                                                                