Running only task # 378
Using max depth 3
 |                                        | 0 / 419 (0.0%)Function count: 142
0.205653
0.223191
0.285773
0.310256
0.301223
0.324659
0.390686
0.428022
 33.7 ±  0.0 ms - Piece loop time
 57.6 ± 46.8 ms - Set time
 22.0 ±  1.3 ms - Child looking time
0.202147
0.219659
0.369829
1656.2 ±  0.0 ms - Total time
1385.5 ±  0.0 ms - Build f time
 50.0 ±  1.2 ms - Apply f time
1023.7 ± 16.9 ms - Real f time 
293.1 ±  6.0 ms - Add time
  4.6 ±  0.2 ms - Find child
  7.2 ±  0.3 ms - Add child
301.9 ±  2.4 ms - Hash
115.5 ± 42.6 ms - Map
 87.1 ±  3.6 ms - getState
0.299197
0.326747
0.54735
2203.6 ±  0.0 ms - Total time
1684.7 ±  0.0 ms - Build f time
 79.0 ±  1.5 ms - Apply f time
1253.4 ± 18.2 ms - Real f time 
420.2 ±  6.6 ms - Add time
  8.3 ±  0.3 ms - Find child
 12.9 ±  0.4 ms - Add child
419.5 ±  2.8 ms - Hash
144.2 ± 42.7 ms - Map
156.4 ±  3.8 ms - getState
0.33441
0.358479
0.581028
2784.7 ±  0.0 ms - Total time
2019.1 ±  0.0 ms - Build f time
106.5 ±  1.6 ms - Apply f time
1512.6 ± 19.8 ms - Real f time 
550.0 ±  7.3 ms - Add time
 12.2 ±  0.4 ms - Find child
 18.6 ±  0.5 ms - Add child
547.4 ±  3.4 ms - Hash
170.5 ± 42.7 ms - Map
225.8 ±  3.9 ms - getState
0.423414
0.455931
0.768458
3553.2 ±  0.0 ms - Total time
2442.5 ±  0.0 ms - Build f time
142.7 ±  1.8 ms - Apply f time
1830.5 ± 21.2 ms - Real f time 
724.6 ±  8.0 ms - Add time
 16.8 ±  0.5 ms - Find child
 24.9 ±  0.5 ms - Add child
715.5 ±  3.7 ms - Hash
202.2 ± 42.7 ms - Map
316.1 ±  4.1 ms - getState
Dag sizes: 110366 137006 121042 146644 
brutePieces time: 2.26977
 74.0 ±  0.0 ms - Piece loop time
 46.9 ± 23.4 ms - Set time
 47.2 ±  1.2 ms - Child looking time
Nodes:  515058
Pieces: 108937
makePieces time: 0.0748297
Memory: 25.9 + 19.2 + 16.5 + 25.0 + 4.5 MB
 21.6 ±  0.0 ms - Greedy fill time
composePieces time: 1.47101
                                                                                