Running only task # 412
Using max depth 3
 |                                        | 0 / 419 (0.0%)Function count: 142
0.198601
0.230793
0.20756
0.243899
0.25742
0.3022
0.257058
0.301032
 12.9 ±  0.0 ms - Piece loop time
 41.1 ± 37.5 ms - Set time
  8.9 ±  0.7 ms - Child looking time
0.202897
0.236455
0.318366
1396.6 ±  0.0 ms - Total time
1123.5 ±  0.0 ms - Build f time
 81.5 ±  2.8 ms - Apply f time
996.5 ± 12.7 ms - Real f time 
240.4 ±  6.4 ms - Add time
  5.1 ±  0.3 ms - Find child
  7.3 ±  0.3 ms - Add child
171.1 ±  3.0 ms - Hash
 94.0 ± 40.8 ms - Map
 80.2 ±  1.3 ms - getState
0.214197
0.252927
0.337637
1734.2 ±  0.0 ms - Total time
1337.7 ±  0.0 ms - Build f time
107.2 ±  3.0 ms - Apply f time
1185.2 ± 13.2 ms - Real f time 
308.0 ±  6.7 ms - Add time
  8.9 ±  0.3 ms - Find child
 12.6 ±  0.4 ms - Add child
222.6 ±  4.4 ms - Hash
113.8 ± 40.7 ms - Map
116.7 ±  1.5 ms - getState
0.263716
0.312227
0.429515
2163.8 ±  0.0 ms - Total time
1601.4 ±  0.0 ms - Build f time
141.1 ±  3.5 ms - Apply f time
1434.9 ± 15.0 ms - Real f time 
454.3 ± 57.0 ms - Add time
 13.0 ±  0.4 ms - Find child
 18.1 ±  0.5 ms - Add child
285.0 ±  4.5 ms - Hash
189.1 ± 64.4 ms - Map
163.7 ±  1.9 ms - getState
0.265819
0.31254
0.430677
2594.5 ±  0.0 ms - Total time
1867.3 ±  0.0 ms - Build f time
174.2 ±  3.7 ms - Apply f time
1662.1 ± 15.9 ms - Real f time 
540.3 ± 57.1 ms - Add time
 17.4 ±  0.5 ms - Find child
 23.6 ±  0.5 ms - Add child
346.9 ±  4.6 ms - Hash
212.6 ± 64.4 ms - Map
212.7 ±  2.2 ms - getState
Dag sizes: 88065 89730 104953 110776 
brutePieces time: 1.51925
 50.7 ±  0.0 ms - Piece loop time
 53.3 ± 38.2 ms - Set time
 33.0 ±  0.9 ms - Child looking time
Nodes:  393524
Pieces: 38356
makePieces time: 0.0517349
Memory: 13.1 + 16.2 + 12.6 + 23.1 + 3.0 MB
  1.4 ±  0.0 ms - Greedy fill time
composePieces time: 0.0583948
                                                                                