Running only task # 160
Using max depth 3
 |                                        | 0 / 419 (0.0%)Function count: 142
0.24131
0.27649
0.245475
0.279929
0.219672
0.252512
0.218453
0.251055
 30.2 ±  0.0 ms - Piece loop time
 24.2 ± 15.1 ms - Set time
 19.4 ±  0.9 ms - Child looking time
0.238671
0.272512
0.468937
1529.1 ±  0.0 ms - Total time
1163.6 ±  0.0 ms - Build f time
 88.6 ±  1.3 ms - Apply f time
1051.1 ±  7.8 ms - Real f time 
332.3 ± 32.2 ms - Add time
 10.7 ±  0.4 ms - Find child
 17.3 ±  0.8 ms - Add child
173.9 ±  1.4 ms - Hash
148.4 ± 40.1 ms - Map
107.0 ±  1.2 ms - getState
0.238991
0.271679
0.448816
1977.9 ±  0.0 ms - Total time
1402.6 ±  0.0 ms - Build f time
126.5 ±  1.5 ms - Apply f time
1283.2 ±  8.5 ms - Real f time 
430.6 ± 32.3 ms - Add time
 19.3 ±  0.5 ms - Find child
 28.9 ±  0.9 ms - Add child
239.3 ±  1.6 ms - Hash
192.3 ± 40.2 ms - Map
160.3 ±  1.4 ms - getState
0.221373
0.253982
0.428573
2406.5 ±  0.0 ms - Total time
1623.9 ±  0.0 ms - Build f time
162.6 ±  1.7 ms - Apply f time
1498.0 ±  9.1 ms - Real f time 
528.4 ± 32.3 ms - Add time
 28.1 ±  0.6 ms - Find child
 41.5 ±  1.1 ms - Add child
305.6 ±  1.8 ms - Hash
236.8 ± 40.1 ms - Map
213.2 ±  1.6 ms - getState
0.220902
0.255668
0.449392
2856.0 ±  0.0 ms - Total time
1844.8 ±  0.0 ms - Build f time
202.6 ±  1.9 ms - Apply f time
1709.5 ±  9.6 ms - Real f time 
629.2 ± 32.3 ms - Add time
 37.1 ±  0.7 ms - Find child
 54.3 ±  1.2 ms - Add child
371.8 ±  2.0 ms - Hash
283.0 ± 40.1 ms - Map
271.5 ±  1.8 ms - getState
Dag sizes: 288425 248541 254870 262827 
brutePieces time: 1.79744
115.0 ±  0.0 ms - Piece loop time
 57.3 ± 17.0 ms - Set time
 69.1 ±  1.2 ms - Child looking time
Nodes:  1054663
Pieces: 225004
makePieces time: 0.115882
Memory: 16.9 + 37.2 + 33.7 + 33.7 + 8.8 MB
  7.4 ±  0.0 ms - Greedy fill time
composePieces time: 0.857846
                                                                                