Running only task # 372
Using max depth 3
 |                                        | 0 / 419 (0.0%)Function count: 142
0.0369124
0.0393914
0.0111328
0.011912
0.0364905
0.038885
0.01943
0.0206757
 19.1 ±  0.0 ms - Piece loop time
 44.4 ± 41.3 ms - Set time
 15.8 ±  0.6 ms - Child looking time
0.063679
0.0665615
0.121309
232.3 ±  0.0 ms - Total time
167.6 ±  0.0 ms - Build f time
 12.7 ±  0.4 ms - Apply f time
155.0 ±  5.2 ms - Real f time 
 45.4 ±  0.9 ms - Add time
  3.2 ±  0.2 ms - Find child
  4.8 ±  0.2 ms - Add child
 38.7 ±  0.7 ms - Hash
 76.1 ± 43.7 ms - Map
 14.7 ±  0.3 ms - getState
0.0159294
0.0168751
0.0233958
255.7 ±  0.0 ms - Total time
183.6 ±  0.0 ms - Build f time
 14.5 ±  0.4 ms - Apply f time
168.9 ±  5.2 ms - Real f time 
 50.0 ±  0.9 ms - Add time
  3.8 ±  0.2 ms - Find child
  5.6 ±  0.3 ms - Add child
 42.5 ±  0.7 ms - Hash
 79.3 ± 43.6 ms - Map
 16.4 ±  0.4 ms - getState
0.0773174
0.0816435
0.154186
409.9 ±  0.0 ms - Total time
260.9 ±  0.0 ms - Build f time
 27.1 ±  0.7 ms - Apply f time
235.4 ±  5.4 ms - Real f time 
111.5 ± 19.0 ms - Add time
  7.3 ±  0.3 ms - Find child
  9.8 ±  0.4 ms - Add child
 71.2 ±  0.9 ms - Hash
 99.8 ± 43.6 ms - Map
 31.9 ±  0.5 ms - getState
0.0321824
0.0337547
0.0536478
463.6 ±  0.0 ms - Total time
293.1 ±  0.0 ms - Build f time
 31.8 ±  0.7 ms - Apply f time
267.2 ±  5.5 ms - Real f time 
123.6 ± 19.1 ms - Add time
  9.2 ±  0.3 ms - Find child
 11.9 ±  0.4 ms - Add child
 81.1 ±  0.9 ms - Hash
108.1 ± 43.6 ms - Map
 36.3 ±  0.6 ms - getState
Dag sizes: 84011 13993 91737 43891 
brutePieces time: 0.355938
 65.2 ±  0.0 ms - Piece loop time
 37.9 ± 23.8 ms - Set time
 49.1 ±  1.8 ms - Child looking time
Nodes:  233632
Pieces: 72281
makePieces time: 0.0659562
Memory: 2.6 + 10.3 + 7.5 + 20.5 + 3.0 MB
  2.3 ±  0.0 ms - Greedy fill time
composePieces time: 0.19993
                                                                                