Running only task # 226
Using max depth 23
 |                                        | 0 / 419 (0.0%)Function count: 142
0.192796
0.216594
0.0994299
0.110529
0.113345
0.130741
0.205642
0.229488
0.0927933
0.102973
0.101859
0.114114
0.24483
0.279997
126.6 ±  0.0 ms - Piece loop time
 72.9 ± 48.6 ms - Set time
 98.3 ±  2.8 ms - Child looking time
0.214398
0.241801
0.652691
1837.5 ±  0.0 ms - Total time
1265.1 ±  0.0 ms - Build f time
109.3 ±  1.5 ms - Apply f time
1030.5 ±  9.0 ms - Real f time 
453.2 ± 19.5 ms - Add time
 17.6 ±  0.5 ms - Find child
 28.3 ±  1.1 ms - Add child
255.6 ±  2.2 ms - Hash
254.1 ± 40.4 ms - Map
148.2 ±  3.4 ms - getState
0.0968157
0.106835
0.238755
2076.3 ±  0.0 ms - Total time
1361.9 ±  0.0 ms - Build f time
137.1 ±  1.6 ms - Apply f time
1129.9 ±  9.8 ms - Real f time 
510.2 ± 19.5 ms - Add time
 26.3 ±  0.6 ms - Find child
 40.8 ±  1.2 ms - Add child
290.3 ±  2.3 ms - Hash
304.8 ± 40.5 ms - Map
177.2 ±  3.6 ms - getState
0.109968
0.122635
0.276174
2352.6 ±  0.0 ms - Total time
1471.9 ±  0.0 ms - Build f time
168.3 ±  1.7 ms - Apply f time
1238.2 ±  9.9 ms - Real f time 
580.5 ± 19.6 ms - Add time
 36.8 ±  0.7 ms - Find child
 55.1 ±  1.3 ms - Add child
330.9 ±  2.9 ms - Hash
362.0 ± 40.4 ms - Map
211.2 ±  3.6 ms - getState
0.216739
0.246189
0.660699
3013.3 ±  0.0 ms - Total time
1688.6 ±  0.0 ms - Build f time
232.2 ±  2.3 ms - Apply f time
1449.5 ± 10.8 ms - Real f time 
755.2 ± 19.7 ms - Add time
 52.3 ±  0.8 ms - Find child
 77.5 ±  1.4 ms - Add child
447.5 ±  4.3 ms - Hash
462.1 ± 40.4 ms - Map
311.4 ±  4.0 ms - getState
0.0997511
0.11259
0.25476
3268.2 ±  0.0 ms - Total time
1788.4 ±  0.0 ms - Build f time
263.4 ±  2.5 ms - Apply f time
1549.6 ± 10.9 ms - Real f time 
816.3 ± 19.8 ms - Add time
 61.9 ±  0.9 ms - Find child
 91.0 ±  1.5 ms - Add child
484.7 ±  4.3 ms - Hash
515.6 ± 40.4 ms - Map
342.7 ±  4.1 ms - getState
0.11835
0.131977
0.284319
3552.5 ±  0.0 ms - Total time
1906.7 ±  0.0 ms - Build f time
294.0 ±  2.6 ms - Apply f time
1660.8 ± 11.0 ms - Real f time 
956.4 ± 75.0 ms - Add time
 71.5 ±  0.9 ms - Find child
104.6 ±  1.5 ms - Add child
524.7 ±  4.4 ms - Hash
577.5 ± 40.4 ms - Map
376.2 ±  4.2 ms - getState
0.230446
0.260407
0.660747
4213.4 ±  0.0 ms - Total time
2137.2 ±  0.0 ms - Build f time
356.9 ±  2.7 ms - Apply f time
1884.7 ± 11.7 ms - Real f time 
1132.4 ± 75.1 ms - Add time
 94.7 ±  7.5 ms - Find child
128.0 ±  1.6 ms - Add child
673.4 ± 47.6 ms - Hash
685.1 ± 40.5 ms - Map
481.8 ±  8.2 ms - getState
Dag sizes: 421734 211686 244174 422689 212196 240224 441073 
brutePieces time: 3.0322
623.7 ±  0.0 ms - Piece loop time
218.7 ± 51.2 ms - Set time
421.1 ±  6.2 ms - Child looking time
Nodes:  2193776
Pieces: 452312
makePieces time: 0.627189
