Running only task # 30
Using max depth 3
 |                                        | 0 / 419 (0.0%)Function count: 142
0.118748
0.131562
0.13485
0.1496
0.147059
0.161389
0.208542
0.230428
 39.2 ±  0.0 ms - Piece loop time
 51.7 ± 41.7 ms - Set time
 30.2 ±  0.9 ms - Child looking time
0.118584
0.13114
0.260146
933.3 ±  0.0 ms - Total time
727.8 ±  0.0 ms - Build f time
 43.7 ±  0.8 ms - Apply f time
582.1 ±  5.8 ms - Real f time 
185.0 ±  4.3 ms - Add time
  8.1 ±  0.4 ms - Find child
 10.5 ±  0.4 ms - Add child
154.8 ±  2.2 ms - Hash
167.5 ± 63.4 ms - Map
 52.4 ±  0.7 ms - getState
0.13756
0.151625
0.314242
1247.6 ±  0.0 ms - Total time
865.3 ±  0.0 ms - Build f time
 72.2 ±  1.0 ms - Apply f time
706.3 ±  6.3 ms - Real f time 
263.3 ±  4.5 ms - Add time
 15.0 ±  0.5 ms - Find child
 20.4 ±  0.5 ms - Add child
217.6 ±  2.4 ms - Hash
199.7 ± 63.4 ms - Map
 93.8 ±  1.0 ms - getState
0.15704
0.171197
0.345528
1593.2 ±  0.0 ms - Total time
1022.4 ±  0.0 ms - Build f time
100.3 ±  1.2 ms - Apply f time
842.2 ±  7.1 ms - Real f time 
350.3 ±  4.7 ms - Add time
 22.1 ±  0.6 ms - Find child
 29.1 ±  0.6 ms - Add child
287.2 ±  2.5 ms - Hash
237.1 ± 63.4 ms - Map
136.3 ±  1.1 ms - getState
0.199397
0.218901
0.482024
2075.2 ±  0.0 ms - Total time
1221.8 ±  0.0 ms - Build f time
139.1 ±  1.5 ms - Apply f time
1019.6 ±  7.9 ms - Real f time 
478.5 ±  5.2 ms - Add time
 30.4 ±  0.7 ms - Find child
 39.6 ±  0.7 ms - Add child
390.6 ±  2.6 ms - Hash
282.2 ± 63.4 ms - Map
201.4 ±  1.4 ms - getState
Dag sizes: 191222 210709 212814 240016 
brutePieces time: 1.40473
160.0 ±  0.0 ms - Piece loop time
 89.0 ± 28.9 ms - Set time
113.0 ±  2.3 ms - Child looking time
Nodes:  854761
Pieces: 238959
makePieces time: 0.161858
Memory: 15.9 + 31.3 + 27.4 + 30.5 + 10.0 MB
  6.6 ±  0.0 ms - Greedy fill time
composePieces time: 1.26858
                                                                                