Running only task # 40
Using max depth 3
 |                                        | 0 / 419 (0.0%)Function count: 142
0.0137348
0.0147673
0.0117102
0.0126145
0.0141864
0.015193
0.0137192
0.01466
0.0133875
0.0143101
0.0134599
0.0145103
 23.7 ±  0.0 ms - Piece loop time
 41.6 ± 38.2 ms - Set time
 20.5 ±  0.9 ms - Child looking time
0.031652
0.0337064
0.0394717
125.7 ±  0.0 ms - Total time
111.8 ±  0.0 ms - Build f time
  4.5 ±  0.2 ms - Apply f time
104.4 ±  1.5 ms - Real f time 
 21.4 ±  1.8 ms - Add time
  1.1 ±  0.1 ms - Find child
  1.2 ±  0.1 ms - Add child
 20.6 ±  0.5 ms - Hash
 56.3 ± 38.0 ms - Map
  3.9 ±  0.2 ms - getState
0.0189571
0.0203371
0.0247762
150.5 ±  0.0 ms - Total time
130.8 ±  0.0 ms - Build f time
  6.0 ±  0.3 ms - Apply f time
123.5 ±  1.6 ms - Real f time 
 26.1 ±  1.8 ms - Add time
  1.7 ±  0.1 ms - Find child
  2.0 ±  0.2 ms - Add child
 25.1 ±  0.5 ms - Hash
 59.9 ± 37.9 ms - Map
  5.3 ±  0.2 ms - getState
0.0243696
0.0260272
0.0323029
182.8 ±  0.0 ms - Total time
155.2 ±  0.0 ms - Build f time
  8.6 ±  0.3 ms - Apply f time
147.9 ±  2.9 ms - Real f time 
 32.2 ±  1.9 ms - Add time
  2.5 ±  0.2 ms - Find child
  2.8 ±  0.2 ms - Add child
 30.5 ±  0.6 ms - Hash
 65.2 ± 37.9 ms - Map
  7.1 ±  0.3 ms - getState
0.0236446
0.0250617
0.0310296
213.9 ±  0.0 ms - Total time
178.8 ±  0.0 ms - Build f time
 10.6 ±  0.3 ms - Apply f time
170.8 ±  2.9 ms - Real f time 
 37.1 ±  1.9 ms - Add time
  3.3 ±  0.2 ms - Find child
  3.7 ±  0.2 ms - Add child
 36.3 ±  0.7 ms - Hash
 71.3 ± 37.9 ms - Map
  9.2 ±  0.3 ms - getState
0.0243156
0.0261182
0.0340601
248.0 ±  0.0 ms - Total time
203.1 ±  0.0 ms - Build f time
 13.1 ±  0.4 ms - Apply f time
193.5 ±  3.1 ms - Real f time 
 42.6 ±  1.9 ms - Add time
  4.2 ±  0.2 ms - Find child
  4.5 ±  0.2 ms - Add child
 42.6 ±  1.5 ms - Hash
 78.0 ± 37.8 ms - Map
 11.3 ±  0.3 ms - getState
0.0234081
0.0248816
0.0309437
279.0 ±  0.0 ms - Total time
226.5 ±  0.0 ms - Build f time
 15.0 ±  0.4 ms - Apply f time
215.3 ±  3.1 ms - Real f time 
 47.7 ±  2.0 ms - Add time
  4.9 ±  0.2 ms - Find child
  5.2 ±  0.3 ms - Add child
 48.2 ±  1.5 ms - Hash
 83.8 ± 37.8 ms - Map
 13.1 ±  0.3 ms - getState
Dag sizes: 17738 16253 19716 18215 18593 18190 
brutePieces time: 0.197036
 53.4 ±  0.0 ms - Piece loop time
 46.3 ± 37.7 ms - Set time
 43.4 ±  1.7 ms - Child looking time
Nodes:  108705
Pieces: 23910
makePieces time: 0.0543647
Memory: 0.6 + 8.3 + 3.5 + 26.9 + 1.7 MB
  7.8 ±  0.4 ms - Greedy fill time
composePieces time: 0.409403
                                                                                