Running only task # 10
Using max depth 23
 |                                        | 0 / 419 (0.0%)Function count: 142
0.147709
0.160993
0.14619
0.158594
0.143468
0.156289
0.148226
0.163832
0.147325
0.159985
0.139978
0.152807
0.26308
0.277783
 92.3 ±  0.0 ms - Piece loop time
 33.5 ± 17.2 ms - Set time
 71.4 ±  1.9 ms - Child looking time
0.153794
0.170187
0.351175
1581.8 ±  0.0 ms - Total time
1289.8 ±  0.0 ms - Build f time
 65.2 ±  1.0 ms - Apply f time
1007.2 ± 10.6 ms - Real f time 
331.5 ± 16.5 ms - Add time
 11.4 ±  0.4 ms - Find child
 16.1 ±  0.4 ms - Add child
235.9 ±  2.5 ms - Hash
185.2 ± 37.7 ms - Map
 87.2 ±  1.1 ms - getState
0.146595
0.160495
0.338184
1920.0 ±  0.0 ms - Total time
1436.4 ±  0.0 ms - Build f time
 98.8 ±  1.2 ms - Apply f time
1145.9 ± 11.1 ms - Real f time 
412.8 ± 16.5 ms - Add time
 20.9 ±  0.5 ms - Find child
 28.9 ±  0.6 ms - Add child
300.5 ±  2.7 ms - Hash
230.9 ± 37.6 ms - Map
130.8 ±  1.2 ms - getState
0.144987
0.159415
0.319142
2239.2 ±  0.0 ms - Total time
1581.3 ±  0.0 ms - Build f time
129.6 ±  1.4 ms - Apply f time
1285.3 ± 12.1 ms - Real f time 
489.5 ± 16.6 ms - Add time
 28.6 ±  0.6 ms - Find child
 39.6 ±  0.7 ms - Add child
360.7 ±  2.8 ms - Hash
274.1 ± 37.6 ms - Map
167.4 ±  1.4 ms - getState
0.152043
0.167144
0.347662
2586.9 ±  0.0 ms - Total time
1733.4 ±  0.0 ms - Build f time
164.0 ±  1.5 ms - Apply f time
1428.2 ± 12.4 ms - Real f time 
573.8 ± 16.6 ms - Add time
 37.7 ±  0.7 ms - Find child
 52.8 ±  0.8 ms - Add child
424.8 ±  2.9 ms - Hash
321.8 ± 37.6 ms - Map
211.3 ±  1.5 ms - getState
0.14602
0.160092
0.352578
2939.6 ±  0.0 ms - Total time
1879.4 ±  0.0 ms - Build f time
198.6 ±  1.6 ms - Apply f time
1568.3 ± 12.6 ms - Real f time 
667.0 ± 17.9 ms - Add time
 47.0 ±  0.8 ms - Find child
 65.6 ±  0.9 ms - Add child
491.7 ±  5.4 ms - Hash
370.0 ± 37.6 ms - Map
260.6 ±  1.7 ms - getState
0.152207
0.16939
0.336932
3276.5 ±  0.0 ms - Total time
2031.6 ±  0.0 ms - Build f time
233.0 ±  1.8 ms - Apply f time
1708.7 ± 12.8 ms - Real f time 
747.3 ± 18.0 ms - Add time
 55.4 ±  0.8 ms - Find child
 78.2 ±  1.0 ms - Add child
554.1 ±  5.5 ms - Hash
413.6 ± 37.6 ms - Map
299.7 ±  1.8 ms - getState
0.284701
0.303541
0.731147
4007.7 ±  0.0 ms - Total time
2316.3 ±  0.0 ms - Build f time
290.3 ±  3.3 ms - Apply f time
1953.9 ± 13.3 ms - Real f time 
943.8 ± 18.1 ms - Add time
 67.4 ±  0.9 ms - Find child
 96.4 ±  1.3 ms - Add child
697.5 ±  6.0 ms - Hash
487.4 ± 37.6 ms - Map
406.9 ±  2.3 ms - getState
Dag sizes: 227587 229736 212651 227668 229721 212663 336258 
brutePieces time: 2.78247
389.5 ±  0.0 ms - Piece loop time
140.2 ± 44.4 ms - Set time
287.3 ±  3.3 ms - Child looking time
Nodes:  1676284
Pieces: 327608
makePieces time: 0.392655
Memory: 26.6 + 64.0 + 53.6 + 56.2 + 20.9 MB
 58.7 ± 12.1 ms - Greedy fill time
composePieces time: 6.52904
                                                                                