Running only task # 2
Using max depth 23
 |                                        | 0 / 419 (0.0%)Function count: 142
0.0511018
0.0553488
0.0655076
0.07265
0.0541397
0.0576549
0.0299811
0.033443
0.0615541
0.0656322
0.0492771
0.0529771
0.0626943
0.0698097
0.0570579
0.0608687
0.0295858
0.0319722
0.0602594
0.0642836
0.0631965
0.0686514
 88.9 ±  0.0 ms - Piece loop time
 48.1 ± 37.6 ms - Set time
 73.2 ±  2.6 ms - Child looking time
0.0559406
0.0595746
0.097783
731.6 ±  0.0 ms - Total time
640.3 ±  0.0 ms - Build f time
 25.7 ±  0.6 ms - Apply f time
530.5 ±  3.3 ms - Real f time 
142.1 ±  7.9 ms - Add time
  9.1 ±  3.6 ms - Find child
  8.4 ±  0.5 ms - Add child
104.9 ±  1.1 ms - Hash
137.0 ± 39.0 ms - Map
 27.1 ±  0.5 ms - getState
0.0603094
0.0669352
0.120066
851.7 ±  0.0 ms - Total time
700.6 ±  0.0 ms - Build f time
 39.9 ±  0.7 ms - Apply f time
590.3 ±  3.4 ms - Real f time 
173.2 ±  8.7 ms - Add time
 13.2 ±  3.6 ms - Find child
 14.7 ±  0.5 ms - Add child
124.1 ±  1.2 ms - Hash
156.7 ± 39.0 ms - Map
 41.2 ±  0.8 ms - getState
0.0557259
0.0590673
0.101365
953.1 ±  0.0 ms - Total time
756.3 ±  0.0 ms - Build f time
 49.5 ±  0.8 ms - Apply f time
644.7 ±  3.6 ms - Real f time 
218.4 ± 25.1 ms - Add time
 16.0 ±  3.6 ms - Find child
 18.9 ±  0.6 ms - Add child
140.4 ±  1.2 ms - Hash
172.4 ± 39.0 ms - Map
 51.5 ±  0.8 ms - getState
0.029637
0.031744
0.0473164
1000.4 ±  0.0 ms - Total time
786.0 ±  0.0 ms - Build f time
 54.2 ±  0.8 ms - Apply f time
672.6 ±  3.6 ms - Real f time 
229.1 ± 25.1 ms - Add time
 17.6 ±  3.6 ms - Find child
 21.2 ±  0.6 ms - Add child
148.4 ±  1.3 ms - Hash
181.1 ± 39.0 ms - Map
 55.0 ±  0.9 ms - getState
0.0555244
0.0615936
0.110993
1111.5 ±  0.0 ms - Total time
841.5 ±  0.0 ms - Build f time
 66.8 ±  0.9 ms - Apply f time
727.7 ±  3.8 ms - Real f time 
254.2 ± 25.1 ms - Add time
 21.2 ±  3.6 ms - Find child
 25.9 ±  0.7 ms - Add child
168.4 ±  1.7 ms - Hash
199.6 ± 39.0 ms - Map
 66.3 ±  0.9 ms - getState
0.0515724
0.0571897
0.0977971
1209.3 ±  0.0 ms - Total time
893.1 ±  0.0 ms - Build f time
 77.9 ±  1.0 ms - Apply f time
779.0 ±  3.9 ms - Real f time 
277.3 ± 25.1 ms - Add time
 24.9 ±  3.6 ms - Find child
 30.6 ±  0.7 ms - Add child
184.8 ±  2.0 ms - Hash
217.3 ± 39.0 ms - Map
 76.1 ±  1.0 ms - getState
0.0579257
0.0623364
0.116887
1326.3 ±  0.0 ms - Total time
951.0 ±  0.0 ms - Build f time
 89.8 ±  1.0 ms - Apply f time
836.7 ±  4.2 ms - Real f time 
304.2 ± 25.1 ms - Add time
 29.1 ±  3.6 ms - Find child
 36.1 ±  0.8 ms - Add child
205.5 ±  3.1 ms - Hash
239.6 ± 38.9 ms - Map
 88.1 ±  1.0 ms - getState
0.0623243
0.0665902
0.112496
1438.8 ±  0.0 ms - Total time
1013.3 ±  0.0 ms - Build f time
100.7 ±  1.1 ms - Apply f time
896.1 ±  4.3 ms - Real f time 
329.3 ± 25.1 ms - Add time
 32.6 ±  3.7 ms - Find child
 40.2 ±  0.8 ms - Add child
223.1 ±  3.2 ms - Hash
256.2 ± 38.9 ms - Map
 99.8 ±  1.1 ms - getState
0.0297395
0.0318799
0.0473012
1486.1 ±  0.0 ms - Total time
1043.0 ±  0.0 ms - Build f time
106.0 ±  1.1 ms - Apply f time
923.8 ±  4.4 ms - Real f time 
339.6 ± 25.1 ms - Add time
 34.7 ±  3.7 ms - Find child
 42.8 ±  0.8 ms - Add child
231.1 ±  3.2 ms - Hash
301.6 ± 53.7 ms - Map
103.5 ±  1.1 ms - getState
0.0606218
0.0648047
0.119414
1605.6 ±  0.0 ms - Total time
1103.7 ±  0.0 ms - Build f time
119.0 ±  1.2 ms - Apply f time
982.9 ±  4.6 ms - Real f time 
367.6 ± 25.1 ms - Add time
 41.8 ±  4.8 ms - Find child
 48.4 ±  0.9 ms - Add child
250.2 ±  3.2 ms - Hash
320.5 ± 53.7 ms - Map
114.9 ±  1.1 ms - getState
0.0661719
0.0695566
0.133127
1738.8 ±  0.0 ms - Total time
1169.8 ±  0.0 ms - Build f time
130.5 ±  1.2 ms - Apply f time
1046.3 ±  4.8 ms - Real f time 
399.4 ± 25.1 ms - Add time
 45.4 ±  4.8 ms - Find child
 53.7 ±  0.9 ms - Add child
274.1 ±  3.3 ms - Hash
338.4 ± 53.7 ms - Map
129.3 ±  1.2 ms - getState
Dag sizes: 86417 101933 79070 36650 88729 86392 102018 78921 36673 88429 94707 
brutePieces time: 1.11261
280.9 ±  0.0 ms - Piece loop time
 83.3 ± 45.6 ms - Set time
217.5 ±  3.1 ms - Child looking time
Nodes:  879939
Pieces: 117766
makePieces time: 0.282834
Memory: 6.3 + 43.3 + 28.2 + 60.2 + 12.5 MB
 10.5 ±  0.6 ms - Greedy fill time
composePieces time: 1.91915
                                                                                