Running only task # 15
Using max depth 3
 |                                        | 0 / 419 (0.0%)Function count: 142
0.00757052
0.00802804
0.0115772
0.0121421
0.0164667
0.0172889
0.0131626
0.0137953
0.0206809
0.0216121
  6.4 ±  0.0 ms - Piece loop time
 49.2 ± 48.3 ms - Set time
  5.4 ±  0.6 ms - Child looking time
0.00750651
0.00784073
0.00835328
 81.3 ±  0.0 ms - Total time
 77.0 ±  0.0 ms - Build f time
  1.8 ±  0.1 ms - Apply f time
 72.4 ±  1.0 ms - Real f time 
 13.6 ±  0.9 ms - Add time
  0.3 ±  0.1 ms - Find child
  0.5 ±  0.1 ms - Add child
 13.6 ±  0.4 ms - Hash
126.2 ± 68.7 ms - Map
  1.6 ±  0.1 ms - getState
0.0115922
0.0121119
0.0131986
 94.5 ±  0.0 ms - Total time
 88.6 ±  0.0 ms - Build f time
  2.4 ±  0.2 ms - Apply f time
 84.0 ±  1.1 ms - Real f time 
 16.1 ±  0.9 ms - Add time
  0.6 ±  0.1 ms - Find child
  1.0 ±  0.1 ms - Add child
 16.1 ±  0.4 ms - Hash
127.6 ± 68.4 ms - Map
  2.0 ±  0.1 ms - getState
0.0167046
0.017526
0.020034
114.6 ±  0.0 ms - Total time
105.3 ±  0.0 ms - Build f time
  3.6 ±  0.2 ms - Apply f time
100.7 ±  1.2 ms - Real f time 
 19.4 ±  0.9 ms - Add time
  1.0 ±  0.1 ms - Find child
  1.3 ±  0.1 ms - Add child
 20.0 ±  0.5 ms - Hash
166.3 ± 77.6 ms - Map
  2.8 ±  0.2 ms - getState
0.0132589
0.0139024
0.0154345
130.0 ±  0.0 ms - Total time
118.5 ±  0.0 ms - Build f time
  4.6 ±  0.2 ms - Apply f time
114.8 ±  1.5 ms - Real f time 
 21.6 ±  1.0 ms - Add time
  1.2 ±  0.1 ms - Find child
  1.7 ±  0.1 ms - Add child
 23.1 ±  0.5 ms - Hash
167.7 ± 77.3 ms - Map
  3.4 ±  0.2 ms - getState
0.021213
0.0221997
0.0259319
156.0 ±  0.0 ms - Total time
139.7 ±  0.0 ms - Build f time
  5.8 ±  0.2 ms - Apply f time
134.3 ±  1.7 ms - Real f time 
 25.1 ±  1.0 ms - Add time
  1.7 ±  0.1 ms - Find child
  9.1 ±  6.8 ms - Add child
 27.7 ±  0.6 ms - Hash
169.9 ± 77.4 ms - Map
  4.7 ±  0.2 ms - getState
Dag sizes: 3420 6285 10542 7542 10632 
brutePieces time: 0.086773
  9.7 ±  0.0 ms - Piece loop time
 42.3 ± 40.9 ms - Set time
  7.7 ±  0.5 ms - Child looking time
Nodes:  38421
Pieces: 6088
makePieces time: 0.0105744
Memory: 0.2 + 4.1 + 1.2 + 21.6 + 0.4 MB
  0.3 ±  0.0 ms - Greedy fill time
composePieces time: 0.0148066
                                                                                