Running only task # 95
Using max depth 3
 |                                        | 0 / 419 (0.0%)Function count: 142
0.0965047
0.103872
0.0935495
0.100817
0.105701
0.113648
0.118707
0.126948
 15.3 ±  0.0 ms - Piece loop time
 45.1 ± 41.2 ms - Set time
 11.1 ±  0.7 ms - Child looking time
0.0957792
0.102791
0.187712
633.1 ±  0.0 ms - Total time
510.2 ±  0.0 ms - Build f time
 26.7 ±  0.6 ms - Apply f time
420.0 ±  5.6 ms - Real f time 
122.2 ±  5.2 ms - Add time
  4.7 ±  0.2 ms - Find child
  7.3 ±  0.5 ms - Add child
113.5 ±  3.9 ms - Hash
 86.1 ± 36.1 ms - Map
 32.6 ±  0.6 ms - getState
0.099088
0.106418
0.195941
829.1 ±  0.0 ms - Total time
609.3 ±  0.0 ms - Build f time
 43.2 ±  0.8 ms - Apply f time
510.6 ±  5.9 ms - Real f time 
166.1 ±  5.3 ms - Add time
  9.7 ±  1.1 ms - Find child
 13.6 ±  0.6 ms - Add child
154.8 ±  3.9 ms - Hash
109.3 ± 36.2 ms - Map
 54.2 ±  0.7 ms - getState
0.108433
0.116292
0.221923
1051.1 ±  0.0 ms - Total time
717.8 ±  0.0 ms - Build f time
 61.9 ±  1.1 ms - Apply f time
611.1 ±  6.3 ms - Real f time 
218.3 ±  5.5 ms - Add time
 14.0 ±  1.1 ms - Find child
 20.2 ±  0.7 ms - Add child
201.3 ±  4.0 ms - Hash
132.6 ± 36.2 ms - Map
 78.7 ±  0.8 ms - getState
0.136162
0.144457
0.26435
1315.5 ±  0.0 ms - Total time
853.9 ±  0.0 ms - Build f time
 80.6 ±  1.2 ms - Apply f time
731.4 ±  7.0 ms - Real f time 
278.8 ±  5.7 ms - Add time
 18.7 ±  1.2 ms - Find child
 26.0 ±  0.7 ms - Add child
262.4 ±  7.1 ms - Hash
162.7 ± 36.6 ms - Map
109.4 ±  2.2 ms - getState
Dag sizes: 117273 119074 123525 131181 
brutePieces time: 0.873336
 52.3 ±  0.0 ms - Piece loop time
 58.2 ± 41.6 ms - Set time
 34.5 ±  0.9 ms - Child looking time
Nodes:  491053
Pieces: 92482
makePieces time: 0.0534675
Memory: 8.2 + 20.9 + 15.7 + 24.6 + 3.7 MB
  7.7 ±  0.0 ms - Greedy fill time
composePieces time: 0.534908
                                                                                