Running only task # 214
Using max depth 3
 |                                        | 0 / 419 (0.0%)Function count: 142
0.0673507
0.0726534
0.020855
0.0221922
0.1204
0.12703
 23.3 ±  0.0 ms - Piece loop time
 48.0 ± 42.1 ms - Set time
 18.1 ±  0.8 ms - Child looking time
0.0679706
0.0734209
0.0952605
317.2 ±  0.0 ms - Total time
276.6 ±  0.0 ms - Build f time
 10.2 ±  0.4 ms - Apply f time
229.6 ±  3.5 ms - Real f time 
 53.2 ±  5.9 ms - Add time
  2.1 ±  0.2 ms - Find child
  2.7 ±  0.2 ms - Add child
 52.9 ±  0.8 ms - Hash
 57.9 ± 36.0 ms - Map
 11.1 ±  0.4 ms - getState
0.0207009
0.0220001
0.0247681
342.0 ±  0.0 ms - Total time
297.3 ±  0.0 ms - Build f time
 11.5 ±  0.4 ms - Apply f time
250.4 ±  3.5 ms - Real f time 
 57.1 ±  5.9 ms - Add time
  2.6 ±  0.2 ms - Find child
  3.2 ±  0.2 ms - Add child
 56.9 ±  0.8 ms - Hash
 60.7 ± 35.9 ms - Map
 12.4 ±  0.4 ms - getState
0.125651
0.131203
0.174776
516.8 ±  0.0 ms - Total time
422.9 ±  0.0 ms - Build f time
 17.8 ±  0.5 ms - Apply f time
347.5 ±  4.3 ms - Real f time 
 88.1 ±  6.1 ms - Add time
  3.6 ±  0.2 ms - Find child
  5.1 ±  0.3 ms - Add child
 95.1 ±  1.3 ms - Hash
 70.4 ± 35.9 ms - Map
 24.9 ±  0.6 ms - getState
Dag sizes: 41653 11942 38122 
brutePieces time: 0.297341
 33.7 ±  0.0 ms - Piece loop time
 45.0 ± 37.1 ms - Set time
 26.2 ±  0.7 ms - Child looking time
Nodes:  91717
Pieces: 35549
makePieces time: 0.0345985
Memory: 1.8 + 5.4 + 2.9 + 14.1 + 1.4 MB
  0.5 ±  0.0 ms - Greedy fill time
composePieces time: 0.0660593
                                                                                