Running only task # 241
Using max depth 23
 |                                        | 0 / 419 (0.0%)Function count: 142
0.244145
0.277885
0.209916
0.238953
0.2361
0.273835
0.219277
0.247451
0.302345
0.345473
 39.8 ±  0.0 ms - Piece loop time
 54.0 ± 42.6 ms - Set time
 25.8 ±  1.1 ms - Child looking time
0.239879
0.272206
0.4819
1865.8 ±  0.0 ms - Total time
1451.7 ±  0.0 ms - Build f time
 91.8 ±  1.3 ms - Apply f time
1198.9 ± 12.1 ms - Real f time 
342.6 ±  3.4 ms - Add time
  9.4 ±  0.3 ms - Find child
 13.1 ±  0.4 ms - Add child
268.4 ±  2.1 ms - Hash
161.6 ± 44.9 ms - Map
109.4 ±  1.3 ms - getState
0.213219
0.243638
0.428658
2294.5 ±  0.0 ms - Total time
1664.9 ±  0.0 ms - Build f time
124.2 ±  1.5 ms - Apply f time
1402.1 ± 12.7 ms - Real f time 
450.8 ±  6.6 ms - Add time
 15.1 ±  0.4 ms - Find child
 20.9 ±  0.5 ms - Add child
343.2 ±  2.9 ms - Hash
201.8 ± 45.0 ms - Map
161.6 ±  1.5 ms - getState
0.24079
0.281614
0.501415
2796.0 ±  0.0 ms - Total time
1905.7 ±  0.0 ms - Build f time
163.5 ±  1.7 ms - Apply f time
1620.8 ± 13.6 ms - Real f time 
573.3 ±  7.1 ms - Add time
 21.4 ±  0.5 ms - Find child
 29.9 ±  0.6 ms - Add child
434.0 ±  3.3 ms - Hash
244.0 ± 45.0 ms - Map
224.8 ±  1.7 ms - getState
0.209204
0.239115
0.422185
3218.3 ±  0.0 ms - Total time
2114.9 ±  0.0 ms - Build f time
195.4 ±  2.3 ms - Apply f time
1809.4 ± 13.9 ms - Real f time 
670.2 ±  7.3 ms - Add time
 27.0 ±  0.6 ms - Find child
 37.7 ±  0.7 ms - Add child
506.7 ±  3.4 ms - Hash
281.8 ± 44.9 ms - Map
279.7 ±  2.4 ms - getState
0.301408
0.34609
0.617353
3835.7 ±  0.0 ms - Total time
2416.3 ±  0.0 ms - Build f time
238.4 ±  2.4 ms - Apply f time
2076.4 ± 14.8 ms - Real f time 
819.3 ±  7.6 ms - Add time
 33.8 ±  0.6 ms - Find child
 50.1 ±  3.5 ms - Add child
623.7 ±  3.7 ms - Hash
326.3 ± 44.9 ms - Map
360.7 ±  2.6 ms - getState
Dag sizes: 196184 191052 196542 190268 216784 
brutePieces time: 2.45515
132.1 ±  0.0 ms - Piece loop time
102.4 ± 46.2 ms - Set time
 81.9 ±  2.8 ms - Child looking time
Nodes:  990830
Pieces: 162970
makePieces time: 0.133528
Memory: 25.5 + 31.2 + 31.7 + 36.8 + 8.2 MB
 14.5 ±  0.0 ms - Greedy fill time
composePieces time: 1.61053
                                                                                