Running only task # 207
Using max depth 23
 |                                        | 0 / 419 (0.0%)Function count: 142
0.0527689
0.0577978
0.0724233
0.0790913
0.0695655
0.0760819
0.0536525
0.0591862
0.058178
0.0643529
0.0739555
0.0828384
0.069723
0.0761791
0.0553553
0.0610209
0.0778236
0.0856884
127.4 ±  0.0 ms - Piece loop time
 53.1 ± 37.0 ms - Set time
105.1 ±  2.5 ms - Child looking time
0.0580287
0.0630569
0.101641
744.2 ±  0.0 ms - Total time
641.5 ±  0.0 ms - Build f time
 31.9 ±  0.6 ms - Apply f time
540.8 ±  3.0 ms - Real f time 
144.2 ±  4.3 ms - Add time
  5.6 ±  0.3 ms - Find child
  7.7 ±  0.3 ms - Add child
 99.4 ±  1.9 ms - Hash
182.1 ± 53.8 ms - Map
 28.8 ±  0.5 ms - getState
0.0817289
0.0887358
0.143578
887.8 ±  0.0 ms - Total time
723.2 ±  0.0 ms - Build f time
 46.2 ±  0.7 ms - Apply f time
617.4 ±  3.4 ms - Real f time 
175.8 ±  4.4 ms - Add time
 10.4 ±  0.4 ms - Find child
 13.7 ±  0.4 ms - Add child
120.8 ±  2.0 ms - Hash
212.8 ± 53.8 ms - Map
 42.9 ±  0.6 ms - getState
0.0778122
0.0863312
0.153088
1041.0 ±  0.0 ms - Total time
801.0 ±  0.0 ms - Build f time
 62.8 ±  0.8 ms - Apply f time
689.5 ±  3.5 ms - Real f time 
209.1 ±  4.4 ms - Add time
 15.7 ±  0.4 ms - Find child
 20.6 ±  0.5 ms - Add child
142.3 ±  2.0 ms - Hash
243.4 ± 53.7 ms - Map
 59.0 ±  0.7 ms - getState
0.0708374
0.0767418
0.13422
1175.3 ±  0.0 ms - Total time
871.8 ±  0.0 ms - Build f time
 77.6 ±  1.2 ms - Apply f time
756.5 ±  3.6 ms - Real f time 
238.1 ±  4.5 ms - Add time
 19.8 ±  0.5 ms - Find child
 27.2 ±  0.6 ms - Add child
162.0 ±  2.1 ms - Hash
270.5 ± 53.7 ms - Map
 73.0 ±  0.8 ms - getState
0.0613115
0.066783
0.10427
1279.6 ±  0.0 ms - Total time
933.2 ±  0.0 ms - Build f time
 87.9 ±  1.3 ms - Apply f time
815.5 ±  3.8 ms - Real f time 
259.0 ±  4.5 ms - Add time
 23.6 ±  0.5 ms - Find child
 31.5 ±  0.6 ms - Add child
177.7 ±  2.1 ms - Hash
290.5 ± 53.7 ms - Map
 82.0 ±  0.8 ms - getState
0.0757192
0.0833042
0.13921
1418.8 ±  0.0 ms - Total time
1008.9 ±  0.0 ms - Build f time
102.7 ±  1.3 ms - Apply f time
887.6 ±  4.5 ms - Real f time 
290.5 ±  4.6 ms - Add time
 27.9 ±  0.6 ms - Find child
 38.1 ±  0.7 ms - Add child
198.5 ±  2.2 ms - Hash
315.1 ± 53.6 ms - Map
 97.1 ±  0.9 ms - getState
0.0897473
0.0964837
0.16347
1582.4 ±  0.0 ms - Total time
1098.6 ±  0.0 ms - Build f time
119.4 ±  1.4 ms - Apply f time
970.8 ±  4.7 ms - Real f time 
329.1 ±  5.7 ms - Add time
 33.0 ±  0.6 ms - Find child
 45.1 ±  0.8 ms - Add child
220.9 ±  2.3 ms - Hash
396.3 ± 73.4 ms - Map
112.5 ±  1.0 ms - getState
0.0635903
0.0691226
0.110887
1693.3 ±  0.0 ms - Total time
1162.2 ±  0.0 ms - Build f time
131.3 ±  1.4 ms - Apply f time
1033.1 ±  5.1 ms - Real f time 
354.1 ±  5.8 ms - Add time
 36.7 ±  0.7 ms - Find child
 50.5 ±  0.8 ms - Add child
238.3 ±  2.3 ms - Hash
417.8 ± 73.4 ms - Map
122.8 ±  1.0 ms - getState
0.0888724
0.0979079
0.158021
1851.3 ±  0.0 ms - Total time
1251.1 ±  0.0 ms - Build f time
148.9 ±  1.5 ms - Apply f time
1119.2 ±  6.6 ms - Real f time 
390.1 ±  5.8 ms - Add time
 42.0 ±  0.7 ms - Find child
 57.5 ±  0.9 ms - Add child
261.2 ±  2.4 ms - Hash
444.8 ± 73.4 ms - Map
138.6 ±  1.1 ms - getState
Dag sizes: 87131 127864 133447 101426 86488 127680 132467 101306 128980 
brutePieces time: 1.21498
409.1 ±  0.0 ms - Piece loop time
114.2 ± 42.3 ms - Set time
318.7 ±  6.5 ms - Child looking time
Nodes:  1026789
Pieces: 174366
makePieces time: 0.411288
Memory: 5.6 + 45.1 + 32.9 + 54.2 + 18.4 MB
  7.5 ±  1.1 ms - Greedy fill time
composePieces time: 2.0593
                                                                                