Running only task # 25
Using max depth 3
 |                                        | 0 / 419 (0.0%)Function count: 142
0.0448013
0.0480693
0.0703695
0.0759383
0.0874718
0.0948396
0.0436526
0.0467707
0.0878553
0.0951997
0.12267
0.133163
 45.1 ±  0.0 ms - Piece loop time
 42.6 ± 35.0 ms - Set time
 34.6 ±  1.2 ms - Child looking time
0.0437808
0.0468247
0.0714921
565.6 ±  0.0 ms - Total time
500.6 ±  0.0 ms - Build f time
 20.2 ±  0.5 ms - Apply f time
407.9 ±  4.3 ms - Real f time 
112.8 ±  6.9 ms - Add time
  3.3 ±  0.2 ms - Find child
  4.4 ±  0.2 ms - Add child
 81.4 ±  1.2 ms - Hash
 97.4 ± 38.0 ms - Map
 22.0 ±  1.8 ms - getState
0.0691648
0.0746527
0.150404
716.1 ±  0.0 ms - Total time
569.8 ±  0.0 ms - Build f time
 37.7 ±  1.3 ms - Apply f time
476.1 ±  4.5 ms - Real f time 
148.0 ±  7.1 ms - Add time
  8.2 ±  0.3 ms - Find child
 11.0 ±  0.4 ms - Add child
105.7 ±  1.4 ms - Hash
124.7 ± 38.0 ms - Map
 44.1 ±  4.1 ms - getState
0.0894389
0.0967424
0.176989
893.1 ±  0.0 ms - Total time
659.2 ±  0.0 ms - Build f time
 54.2 ±  1.3 ms - Apply f time
558.1 ±  4.7 ms - Real f time 
188.8 ±  7.2 ms - Add time
 13.5 ±  0.4 ms - Find child
 17.5 ±  0.5 ms - Add child
136.0 ±  1.5 ms - Hash
149.7 ± 38.0 ms - Map
 67.0 ±  4.4 ms - getState
0.0438533
0.047067
0.0792213
972.4 ±  0.0 ms - Total time
703.1 ±  0.0 ms - Build f time
 62.3 ±  1.4 ms - Apply f time
599.3 ±  4.8 ms - Real f time 
207.6 ±  7.3 ms - Add time
 16.4 ±  0.7 ms - Find child
 20.8 ±  0.5 ms - Add child
149.2 ±  1.5 ms - Hash
161.4 ± 38.0 ms - Map
 74.9 ±  4.4 ms - getState
0.0888846
0.096172
0.176227
1148.6 ±  0.0 ms - Total time
791.9 ±  0.0 ms - Build f time
 76.9 ±  1.4 ms - Apply f time
679.8 ±  5.0 ms - Real f time 
252.1 ±  7.8 ms - Add time
 20.7 ±  0.8 ms - Find child
 27.1 ±  0.6 ms - Add child
180.8 ±  1.9 ms - Hash
185.8 ± 38.0 ms - Map
 96.0 ±  4.5 ms - getState
0.132793
0.142884
0.259331
1408.0 ±  0.0 ms - Total time
924.7 ±  0.0 ms - Build f time
 97.6 ±  1.5 ms - Apply f time
795.3 ±  5.6 ms - Real f time 
315.1 ±  8.1 ms - Add time
 25.6 ±  0.8 ms - Find child
 33.9 ±  0.7 ms - Add child
226.9 ±  2.1 ms - Hash
214.9 ± 38.0 ms - Map
128.6 ±  4.5 ms - getState
Dag sizes: 63371 126196 155466 67509 140944 168821 
brutePieces time: 0.917734
162.1 ±  0.0 ms - Piece loop time
137.8 ± 69.3 ms - Set time
121.7 ±  3.7 ms - Child looking time
Nodes:  722307
Pieces: 140693
makePieces time: 0.163548
Memory: 7.1 + 27.8 + 23.1 + 36.7 + 8.1 MB
 17.6 ±  0.7 ms - Greedy fill time
composePieces time: 2.68446
                                                                                