Running only task # 409
Using max depth 3
 |                                        | 0 / 419 (0.0%)Function count: 142
0.093637
0.103545
0.0984412
0.110713
0.112293
0.125243
0.111465
0.125749
0.113792
0.127173
 46.1 ±  0.0 ms - Piece loop time
 53.7 ± 42.7 ms - Set time
 33.1 ±  1.1 ms - Child looking time
0.095586
0.103863
0.192013
784.7 ±  0.0 ms - Total time
625.2 ±  0.0 ms - Build f time
 37.9 ±  1.6 ms - Apply f time
529.4 ±  4.7 ms - Real f time 
138.5 ±  1.8 ms - Add time
  6.1 ±  0.3 ms - Find child
  8.4 ±  0.3 ms - Add child
107.5 ±  1.2 ms - Hash
120.3 ± 42.8 ms - Map
 47.4 ±  3.8 ms - getState
0.0973224
0.107224
0.202574
987.4 ±  0.0 ms - Total time
722.5 ±  0.0 ms - Build f time
 55.9 ±  1.7 ms - Apply f time
618.3 ±  5.0 ms - Real f time 
184.7 ±  2.0 ms - Add time
 10.8 ±  0.4 ms - Find child
 14.6 ±  0.4 ms - Add child
142.8 ±  1.3 ms - Hash
149.2 ± 42.8 ms - Map
 69.4 ±  3.9 ms - getState
0.108961
0.120989
0.209916
1197.3 ±  0.0 ms - Total time
831.5 ±  0.0 ms - Build f time
 73.5 ±  1.7 ms - Apply f time
725.1 ±  5.4 ms - Real f time 
231.9 ±  2.4 ms - Add time
 14.9 ±  0.4 ms - Find child
 20.5 ±  0.5 ms - Add child
176.7 ±  1.4 ms - Hash
178.9 ± 42.9 ms - Map
 90.3 ±  3.9 ms - getState
0.119854
0.129884
0.218212
1415.6 ±  0.0 ms - Total time
951.3 ±  0.0 ms - Build f time
 90.5 ±  1.8 ms - Apply f time
835.5 ±  5.8 ms - Real f time 
277.8 ±  2.6 ms - Add time
 19.0 ±  0.5 ms - Find child
 26.4 ±  0.6 ms - Add child
212.2 ±  1.5 ms - Hash
205.8 ± 42.9 ms - Map
111.7 ±  3.9 ms - getState
0.109166
0.119402
0.213889
1629.6 ±  0.0 ms - Total time
1060.5 ±  0.0 ms - Build f time
107.4 ±  1.8 ms - Apply f time
937.8 ±  6.5 ms - Real f time 
325.9 ±  2.8 ms - Add time
 23.3 ±  0.5 ms - Find child
 32.8 ±  0.7 ms - Add child
247.5 ±  1.6 ms - Hash
235.0 ± 42.8 ms - Map
136.4 ±  4.4 ms - getState
Dag sizes: 126035 140186 129832 130295 138632 
brutePieces time: 1.04116
117.4 ±  0.0 ms - Piece loop time
 83.1 ± 42.3 ms - Set time
 76.1 ±  2.2 ms - Child looking time
Nodes:  664980
Pieces: 127235
makePieces time: 0.11876
Memory: 8.1 + 22.6 + 21.3 + 31.6 + 6.6 MB
  6.7 ±  0.0 ms - Greedy fill time
composePieces time: 0.951559
                                                                                