Running only task # 190
Using max depth 23
 |                                        | 0 / 419 (0.0%)Function count: 142
0.0349394
0.0387375
0.0335427
0.0366925
0.0361575
0.0403734
0.0280904
0.0310798
0.037255
0.0412513
0.0332419
0.0377791
0.0339694
0.0370502
0.0416656
0.0460967
0.0274931
0.0306945
0.0369319
0.0415777
0.0412903
0.0451198
 65.0 ±  0.0 ms - Piece loop time
 44.0 ± 38.6 ms - Set time
 60.5 ±  4.1 ms - Child looking time
0.0568619
0.0651828
0.101339
528.3 ±  0.0 ms - Total time
441.4 ±  0.0 ms - Build f time
 25.5 ±  0.8 ms - Apply f time
386.1 ±  5.3 ms - Real f time 
107.9 ±  9.4 ms - Add time
  3.6 ±  0.2 ms - Find child
  5.8 ±  0.3 ms - Add child
 66.1 ±  1.2 ms - Hash
 97.2 ± 44.9 ms - Map
 28.6 ±  0.9 ms - getState
0.0451626
0.0489628
0.0652778
593.6 ±  0.0 ms - Total time
486.6 ±  0.0 ms - Build f time
 30.3 ±  0.8 ms - Apply f time
426.4 ±  5.7 ms - Real f time 
119.7 ±  9.4 ms - Add time
  5.2 ±  0.3 ms - Find child
  7.6 ±  0.3 ms - Add child
 75.5 ±  1.3 ms - Hash
105.5 ± 44.9 ms - Map
 34.1 ±  0.9 ms - getState
0.0714727
0.0776863
0.127851
721.5 ±  0.0 ms - Total time
558.1 ±  0.0 ms - Build f time
 40.2 ±  0.9 ms - Apply f time
491.5 ±  6.2 ms - Real f time 
150.6 ±  9.6 ms - Add time
  7.8 ±  0.3 ms - Find child
 11.0 ±  0.4 ms - Add child
 97.1 ±  1.4 ms - Hash
120.0 ± 44.9 ms - Map
 49.6 ±  1.1 ms - getState
0.0369724
0.0407267
0.0584137
780.0 ±  0.0 ms - Total time
595.0 ±  0.0 ms - Build f time
 45.0 ±  1.0 ms - Apply f time
526.9 ±  7.1 ms - Real f time 
170.1 ± 11.8 ms - Add time
  9.0 ±  0.3 ms - Find child
 13.2 ±  0.4 ms - Add child
106.2 ±  1.4 ms - Hash
128.1 ± 44.9 ms - Map
 54.9 ±  1.1 ms - getState
0.0565541
0.063022
0.101669
881.7 ±  0.0 ms - Total time
651.6 ±  0.0 ms - Build f time
 54.1 ±  1.0 ms - Apply f time
585.6 ±  9.3 ms - Real f time 
210.6 ± 21.8 ms - Add time
 12.1 ±  0.8 ms - Find child
 16.6 ±  0.5 ms - Add child
121.6 ±  1.4 ms - Hash
142.1 ± 44.9 ms - Map
 67.3 ±  1.2 ms - getState
0.0561156
0.0614437
0.0926964
974.4 ±  0.0 ms - Total time
707.7 ±  0.0 ms - Build f time
 61.7 ±  1.1 ms - Apply f time
633.8 ±  9.4 ms - Real f time 
230.7 ± 21.8 ms - Add time
 14.1 ±  0.8 ms - Find child
 19.3 ±  0.5 ms - Add child
135.4 ±  1.5 ms - Hash
154.0 ± 44.9 ms - Map
 77.5 ±  1.2 ms - getState
0.0362562
0.0401728
0.0568289
1031.3 ±  0.0 ms - Total time
744.0 ±  0.0 ms - Build f time
 67.1 ±  1.1 ms - Apply f time
667.4 ±  9.4 ms - Real f time 
242.4 ± 21.8 ms - Add time
 15.2 ±  0.8 ms - Find child
 21.2 ±  0.5 ms - Add child
144.3 ±  1.5 ms - Hash
161.5 ± 44.9 ms - Map
 82.2 ±  1.3 ms - getState
0.0724506
0.0785833
0.123538
1154.9 ±  0.0 ms - Total time
816.4 ±  0.0 ms - Build f time
 75.1 ±  1.2 ms - Apply f time
730.2 ±  9.6 ms - Real f time 
269.9 ± 21.8 ms - Add time
 17.5 ±  0.8 ms - Find child
 24.2 ±  0.6 ms - Add child
166.6 ±  1.6 ms - Hash
174.4 ± 44.9 ms - Map
 96.0 ±  1.3 ms - getState
0.0367736
0.0406711
0.0577197
1212.7 ±  0.0 ms - Total time
853.2 ±  0.0 ms - Build f time
 80.2 ±  1.2 ms - Apply f time
764.4 ±  9.7 ms - Real f time 
294.7 ± 25.4 ms - Add time
 18.7 ±  0.8 ms - Find child
 26.0 ±  0.6 ms - Add child
176.0 ±  1.6 ms - Hash
182.3 ± 44.9 ms - Map
101.0 ±  1.3 ms - getState
0.0525765
0.0579105
0.0943425
1307.0 ±  0.0 ms - Total time
905.8 ±  0.0 ms - Build f time
 89.3 ±  1.3 ms - Apply f time
814.8 ±  9.8 ms - Real f time 
318.6 ± 25.6 ms - Add time
 21.2 ±  0.9 ms - Find child
 28.9 ±  0.6 ms - Add child
190.9 ±  1.7 ms - Hash
192.8 ± 44.9 ms - Map
112.1 ±  1.4 ms - getState
0.0816971
0.0879535
0.134905
1442.0 ±  0.0 ms - Total time
987.5 ±  0.0 ms - Build f time
 99.6 ±  1.3 ms - Apply f time
889.4 ± 10.4 ms - Real f time 
355.8 ± 26.6 ms - Add time
 23.3 ±  0.9 ms - Find child
 32.1 ±  0.6 ms - Add child
212.6 ±  1.7 ms - Hash
206.1 ± 44.9 ms - Map
126.5 ±  1.5 ms - getState
Dag sizes: 52800 37482 60566 38947 54220 52665 37484 60579 39104 54220 58967 
brutePieces time: 1.02331
174.7 ±  0.0 ms - Piece loop time
 68.7 ± 48.5 ms - Set time
142.1 ±  3.0 ms - Child looking time
Nodes:  547034
Pieces: 68433
makePieces time: 0.176137
Memory: 7.1 + 25.1 + 17.5 + 54.9 + 7.5 MB
 33.9 ±  0.0 ms - Greedy fill time
composePieces time: 1.03369
                                                                                