Running only task # 8
Using max depth 3
 |                                        | 0 / 419 (0.0%)Function count: 142
0.0510803
0.0546239
0.0414483
0.0443686
0.0440938
0.0470577
0.0601355
0.0644048
0.0779053
0.0846101
 30.9 ±  0.0 ms - Piece loop time
 52.0 ± 45.4 ms - Set time
 24.0 ±  0.9 ms - Child looking time
0.0934043
0.0988736
0.149024
444.3 ±  0.0 ms - Total time
368.1 ±  0.0 ms - Build f time
 15.4 ±  0.4 ms - Apply f time
311.5 ±  6.9 ms - Real f time 
 86.7 ± 13.8 ms - Add time
  3.0 ±  0.2 ms - Find child
  4.3 ±  0.2 ms - Add child
 78.0 ±  1.1 ms - Hash
 87.3 ± 41.3 ms - Map
 18.8 ±  0.3 ms - getState
0.0652411
0.0694459
0.0977992
542.1 ±  0.0 ms - Total time
433.3 ±  0.0 ms - Build f time
 21.3 ±  0.5 ms - Apply f time
369.8 ±  7.0 ms - Real f time 
105.3 ± 13.9 ms - Add time
  4.7 ±  0.2 ms - Find child
  6.7 ±  0.3 ms - Add child
 97.8 ±  1.2 ms - Hash
 99.8 ± 41.3 ms - Map
 25.5 ±  0.4 ms - getState
0.0676232
0.0711535
0.0988483
641.0 ±  0.0 ms - Total time
500.9 ±  0.0 ms - Build f time
 27.4 ±  0.6 ms - Apply f time
427.0 ±  7.2 ms - Real f time 
125.2 ± 14.0 ms - Add time
  6.8 ±  0.3 ms - Find child
  9.0 ±  0.3 ms - Add child
119.6 ±  1.5 ms - Hash
112.4 ± 41.4 ms - Map
 32.0 ±  0.5 ms - getState
0.105116
0.112876
0.168912
810.1 ±  0.0 ms - Total time
606.0 ±  0.0 ms - Build f time
 37.5 ±  0.7 ms - Apply f time
512.6 ±  7.4 ms - Real f time 
158.0 ± 14.1 ms - Add time
  9.2 ±  0.3 ms - Find child
 11.7 ±  0.4 ms - Add child
159.3 ±  3.2 ms - Hash
127.6 ± 41.4 ms - Map
 48.9 ±  0.9 ms - getState
0.12498
0.133553
0.216562
1026.7 ±  0.0 ms - Total time
731.0 ±  0.0 ms - Build f time
 52.6 ±  0.8 ms - Apply f time
617.9 ±  7.7 ms - Real f time 
204.3 ± 14.1 ms - Add time
 12.4 ±  0.4 ms - Find child
 16.0 ±  0.5 ms - Add child
202.4 ±  3.2 ms - Hash
148.9 ± 41.4 ms - Map
 67.7 ±  1.0 ms - getState
Dag sizes: 64698 52035 50388 72615 90383 
brutePieces time: 0.735973
 66.8 ±  0.0 ms - Piece loop time
 30.4 ± 16.9 ms - Set time
 49.6 ±  1.1 ms - Child looking time
Nodes:  330119
Pieces: 67167
makePieces time: 0.0673662
Memory: 5.6 + 16.4 + 10.6 + 26.3 + 3.6 MB
 19.5 ±  1.5 ms - Greedy fill time
composePieces time: 0.848519
                                                                                