Running only task # 114
Using max depth 23
 |                                        | 0 / 419 (0.0%)Function count: 142
0.0206475
0.022666
0.0202358
0.0221906
0.0217144
0.023984
0.0258503
0.0277394
0.0247102
0.0263697
0.0230411
0.0262006
0.0251333
0.0276404
0.0198189
0.0218095
0.0219612
0.0241804
 39.1 ±  0.0 ms - Piece loop time
 53.7 ± 49.2 ms - Set time
 35.5 ±  2.6 ms - Child looking time
0.0269962
0.0293765
0.0418997
264.9 ±  0.0 ms - Total time
230.1 ±  0.0 ms - Build f time
 11.6 ±  0.4 ms - Apply f time
209.2 ±  1.9 ms - Real f time 
 52.3 ±  3.2 ms - Add time
  2.4 ±  0.2 ms - Find child
  2.8 ±  0.2 ms - Add child
 35.3 ±  0.6 ms - Hash
 79.9 ± 38.4 ms - Map
 10.5 ±  0.3 ms - getState
0.030951
0.0335463
0.0488904
313.9 ±  0.0 ms - Total time
261.1 ±  0.0 ms - Build f time
 16.0 ±  0.4 ms - Apply f time
239.3 ±  2.1 ms - Real f time 
 62.8 ±  3.3 ms - Add time
  4.0 ±  0.2 ms - Find child
  4.6 ±  0.2 ms - Add child
 43.8 ±  0.7 ms - Hash
 88.1 ± 38.3 ms - Map
 14.9 ±  0.3 ms - getState
0.0319798
0.0349095
0.0550264
368.9 ±  0.0 ms - Total time
293.0 ±  0.0 ms - Build f time
 22.1 ±  0.5 ms - Apply f time
271.6 ±  2.2 ms - Real f time 
 75.0 ±  3.3 ms - Add time
  5.9 ±  0.3 ms - Find child
  6.8 ±  0.3 ms - Add child
 52.0 ±  0.8 ms - Hash
 97.5 ± 38.3 ms - Map
 20.2 ±  0.4 ms - getState
0.0308748
0.0349636
0.0528216
421.8 ±  0.0 ms - Total time
323.9 ±  0.0 ms - Build f time
 28.1 ±  0.6 ms - Apply f time
302.8 ±  2.3 ms - Real f time 
 86.2 ±  3.3 ms - Add time
  7.6 ±  0.3 ms - Find child
  9.4 ±  0.4 ms - Add child
 59.5 ±  0.8 ms - Hash
105.7 ± 38.4 ms - Map
 25.4 ±  0.5 ms - getState
0.0299382
0.0337898
0.047469
469.3 ±  0.0 ms - Total time
353.8 ±  0.0 ms - Build f time
 32.5 ±  0.6 ms - Apply f time
331.7 ±  2.4 ms - Real f time 
 95.5 ±  3.3 ms - Add time
  8.5 ±  0.3 ms - Find child
 11.3 ±  0.4 ms - Add child
 66.2 ±  0.9 ms - Hash
112.4 ± 38.4 ms - Map
 29.6 ±  0.5 ms - getState
0.0323945
0.0352786
0.0509778
520.3 ±  0.0 ms - Total time
386.2 ±  0.0 ms - Build f time
 37.1 ±  0.7 ms - Apply f time
361.3 ±  2.5 ms - Real f time 
105.9 ±  3.4 ms - Add time
 10.0 ±  0.4 ms - Find child
 13.4 ±  0.4 ms - Add child
 74.2 ±  0.9 ms - Hash
121.1 ± 38.4 ms - Map
 34.0 ±  0.5 ms - getState
0.0322838
0.035324
0.0525581
572.9 ±  0.0 ms - Total time
418.5 ±  0.0 ms - Build f time
 42.1 ±  0.7 ms - Apply f time
393.9 ±  3.6 ms - Real f time 
124.3 ±  7.8 ms - Add time
 11.4 ±  0.4 ms - Find child
 15.6 ±  0.5 ms - Add child
 82.5 ±  1.0 ms - Hash
129.9 ± 38.4 ms - Map
 38.7 ±  0.6 ms - getState
0.0336839
0.0363956
0.0504363
623.4 ±  0.0 ms - Total time
452.2 ±  0.0 ms - Build f time
 46.3 ±  0.7 ms - Apply f time
425.3 ±  3.7 ms - Real f time 
135.3 ±  7.8 ms - Add time
 12.8 ±  0.4 ms - Find child
 17.3 ±  0.5 ms - Add child
 90.9 ±  1.0 ms - Hash
137.3 ± 38.4 ms - Map
 42.9 ±  0.6 ms - getState
0.0406482
0.0435004
0.0601113
683.5 ±  0.0 ms - Total time
492.9 ±  0.0 ms - Build f time
 51.3 ±  0.9 ms - Apply f time
460.8 ±  3.8 ms - Real f time 
148.1 ±  7.8 ms - Add time
 14.7 ±  0.4 ms - Find child
 19.7 ±  0.5 ms - Add child
100.0 ±  1.1 ms - Hash
146.6 ± 38.4 ms - Map
 47.5 ±  0.6 ms - getState
Dag sizes: 31341 37541 41450 36145 31034 37596 41196 36067 41715 
brutePieces time: 0.466842
105.1 ±  0.0 ms - Piece loop time
 52.6 ± 36.5 ms - Set time
 82.0 ±  1.7 ms - Child looking time
Nodes:  334085
Pieces: 51042
makePieces time: 0.106234
Memory: 2.2 + 18.0 + 10.7 + 43.1 + 5.0 MB
 14.1 ±  0.0 ms - Greedy fill time
composePieces time: 0.511764
                                                                                