Running only task # 268
Using max depth 3
 |                                        | 0 / 419 (0.0%)Function count: 142
0.199345
0.222863
0.228287
0.255194
0.0787781
0.0872971
0.102849
0.115647
 45.5 ±  0.0 ms - Piece loop time
 62.5 ± 51.1 ms - Set time
 32.9 ±  1.0 ms - Child looking time
0.206292
0.22928
0.486047
1167.3 ±  0.0 ms - Total time
815.5 ±  0.0 ms - Build f time
 63.6 ±  1.0 ms - Apply f time
653.3 ±  8.2 ms - Real f time 
250.4 ±  4.8 ms - Add time
 10.3 ±  0.4 ms - Find child
 14.7 ±  0.4 ms - Add child
185.5 ±  2.0 ms - Hash
145.5 ± 44.9 ms - Map
 97.5 ±  3.7 ms - getState
0.23475
0.261187
0.576531
1743.9 ±  0.0 ms - Total time
1050.3 ±  0.0 ms - Build f time
111.5 ±  1.2 ms - Apply f time
859.1 ±  8.9 ms - Real f time 
407.1 ±  9.0 ms - Add time
 20.9 ±  0.5 ms - Find child
 29.0 ±  0.6 ms - Add child
294.8 ±  2.3 ms - Hash
208.6 ± 45.0 ms - Map
184.7 ±  4.5 ms - getState
0.0803744
0.0878212
0.172529
1916.4 ±  0.0 ms - Total time
1130.7 ±  0.0 ms - Build f time
128.1 ±  1.3 ms - Apply f time
936.7 ±  9.0 ms - Real f time 
448.7 ±  9.0 ms - Add time
 26.0 ±  0.6 ms - Find child
 35.9 ±  0.7 ms - Add child
323.7 ±  2.5 ms - Hash
239.0 ± 45.0 ms - Map
204.7 ±  4.5 ms - getState
0.0982683
0.110457
0.21536
2131.9 ±  0.0 ms - Total time
1228.9 ±  0.0 ms - Build f time
151.4 ±  1.4 ms - Apply f time
1033.7 ±  9.1 ms - Real f time 
506.8 ± 11.8 ms - Add time
 32.0 ±  0.6 ms - Find child
 45.1 ±  0.7 ms - Add child
357.0 ±  2.6 ms - Hash
274.6 ± 45.0 ms - Map
230.4 ±  4.6 ms - getState
Dag sizes: 246166 300740 141164 164340 
brutePieces time: 1.45273
205.7 ±  0.0 ms - Piece loop time
120.5 ± 50.1 ms - Set time
128.9 ±  1.8 ms - Child looking time
Nodes:  852410
Pieces: 247187
makePieces time: 0.207555
Memory: 14.9 + 31.7 + 27.3 + 30.4 + 10.4 MB
  8.3 ±  0.0 ms - Greedy fill time
composePieces time: 1.1664
                                                                                