Running only task # 285
Using max depth 3
 |                                        | 0 / 419 (0.0%)Function count: 142
1.72823
2.03008
1.81206
2.13166
1.66629
1.97017
 13.6 ±  0.0 ms - Piece loop time
 30.0 ± 25.7 ms - Set time
  8.9 ±  0.7 ms - Child looking time
1.76432
2.06165
3.17074
9302.8 ±  0.0 ms - Total time
6970.9 ±  0.0 ms - Build f time
624.8 ± 18.0 ms - Apply f time
6379.4 ± 151.8 ms - Real f time 
1729.9 ± 47.3 ms - Add time
 12.0 ±  0.4 ms - Find child
 17.3 ±  0.5 ms - Add child
821.2 ± 10.2 ms - Hash
129.7 ± 40.9 ms - Map
757.5 ± 13.4 ms - getState
1.77644
2.10772
3.24148
12544.3 ±  0.0 ms - Total time
8747.3 ±  0.0 ms - Build f time
860.6 ± 20.5 ms - Apply f time
8080.6 ± 166.9 ms - Real f time 
2617.1 ± 148.8 ms - Add time
 23.1 ±  0.5 ms - Find child
 31.4 ±  0.6 ms - Add child
1255.0 ± 10.7 ms - Hash
185.0 ± 41.0 ms - Map
1176.6 ± 15.7 ms - getState
1.65608
1.94376
3.11802
15662.4 ±  0.0 ms - Total time
10403.4 ±  0.0 ms - Build f time
1092.1 ± 22.4 ms - Apply f time
9661.6 ± 180.6 ms - Real f time 
3405.8 ± 152.2 ms - Add time
 33.9 ±  0.6 ms - Find child
 47.6 ±  1.1 ms - Add child
1695.9 ± 11.0 ms - Hash
239.0 ± 41.0 ms - Map
1605.4 ± 18.4 ms - getState
Dag sizes: 263513 270976 270623 
brutePieces time: 9.53151
 78.2 ±  0.0 ms - Piece loop time
 51.8 ± 18.0 ms - Set time
 42.8 ±  1.0 ms - Child looking time
Nodes:  805112
Pieces: 187225
makePieces time: 0.0790201
Memory: 111.4 + 24.4 + 25.8 + 25.5 + 5.6 MB
4055.4 ±  0.0 ms - Greedy fill time
composePieces time: 6.37662
                                                                                