Running only task # 206
Using max depth 3
 |                                        | 0 / 419 (0.0%)Function count: 142
0.346131
0.393599
0.467048
0.512532
0.476676
0.531058
0.570029
0.633379
 44.0 ±  0.0 ms - Piece loop time
 26.4 ± 15.4 ms - Set time
 40.4 ±  8.6 ms - Child looking time
0.34757
0.399092
0.844108
2914.9 ±  0.0 ms - Total time
2207.5 ±  0.0 ms - Build f time
129.3 ±  2.6 ms - Apply f time
1585.1 ± 16.4 ms - Real f time 
596.1 ±  6.8 ms - Add time
 11.3 ±  0.8 ms - Find child
 14.9 ±  0.4 ms - Add child
529.1 ±  3.2 ms - Hash
160.4 ± 38.0 ms - Map
203.4 ±  2.2 ms - getState
0.428018
0.472472
0.996885
3911.8 ±  0.0 ms - Total time
2635.5 ±  0.0 ms - Build f time
190.8 ±  2.8 ms - Apply f time
1934.9 ± 18.4 ms - Real f time 
859.5 ±  9.1 ms - Add time
 19.9 ±  0.8 ms - Find child
 26.7 ±  0.6 ms - Add child
752.1 ±  3.5 ms - Hash
218.3 ± 38.0 ms - Map
362.3 ±  3.3 ms - getState
0.483508
0.538004
1.15661
5068.5 ±  0.0 ms - Total time
3119.0 ±  0.0 ms - Build f time
260.6 ±  3.1 ms - Apply f time
2324.6 ± 20.2 ms - Real f time 
1177.0 ± 11.8 ms - Add time
 28.9 ±  0.9 ms - Find child
 39.5 ±  0.7 ms - Add child
1019.3 ±  4.7 ms - Hash
277.2 ± 38.0 ms - Map
539.5 ±  3.7 ms - getState
0.561891
0.623763
1.4077
6476.2 ±  0.0 ms - Total time
3680.9 ±  0.0 ms - Build f time
346.4 ±  3.4 ms - Apply f time
2757.3 ± 21.6 ms - Real f time 
1557.9 ± 13.0 ms - Add time
 39.1 ±  1.0 ms - Find child
 54.8 ±  0.8 ms - Add child
1326.4 ±  5.3 ms - Hash
344.9 ± 38.0 ms - Map
783.2 ±  4.5 ms - getState
Dag sizes: 277402 274968 303430 339864 
brutePieces time: 4.40679
150.2 ±  0.0 ms - Piece loop time
 73.0 ± 15.4 ms - Set time
 95.7 ±  1.9 ms - Child looking time
Nodes:  1195664
Pieces: 268404
makePieces time: 0.151235
Memory: 71.2 + 36.0 + 38.3 + 35.9 + 11.0 MB
 28.8 ±  0.0 ms - Greedy fill time
composePieces time: 3.99086
                                                                                