Running only task # 279
Using max depth 23
 |                                        | 0 / 419 (0.0%)Function count: 142
0.125448
0.138574
0.109842
0.126428
0.110276
0.123836
0.120697
0.13752
0.121767
0.134943
0.128844
0.142908
0.111342
0.124936
0.121077
0.135975
0.12644
0.143594
 96.1 ±  0.0 ms - Piece loop time
 81.6 ± 53.6 ms - Set time
 73.8 ±  3.0 ms - Child looking time
0.122466
0.136075
0.19893
1408.2 ±  0.0 ms - Total time
1198.2 ±  0.0 ms - Build f time
 61.2 ±  0.8 ms - Apply f time
1030.2 ±  8.9 ms - Real f time 
239.5 ±  5.2 ms - Add time
  7.3 ±  0.3 ms - Find child
 11.0 ±  0.4 ms - Add child
173.7 ±  4.8 ms - Hash
234.4 ± 61.7 ms - Map
 58.7 ±  0.7 ms - getState
0.115343
0.128213
0.185045
1593.3 ±  0.0 ms - Total time
1313.5 ±  0.0 ms - Build f time
 76.6 ±  0.9 ms - Apply f time
1137.1 ±  9.0 ms - Real f time 
276.9 ±  5.4 ms - Add time
 11.3 ±  0.4 ms - Find child
 16.2 ±  0.4 ms - Add child
199.0 ±  4.9 ms - Hash
260.3 ± 61.7 ms - Map
 77.4 ±  0.8 ms - getState
0.115984
0.128541
0.175514
1768.8 ±  0.0 ms - Total time
1429.5 ±  0.0 ms - Build f time
 89.5 ±  1.0 ms - Apply f time
1242.9 ±  9.2 ms - Real f time 
310.1 ±  5.4 ms - Add time
 14.7 ±  0.4 ms - Find child
 21.0 ±  0.5 ms - Add child
225.6 ±  5.0 ms - Hash
284.8 ± 61.7 ms - Map
 92.2 ±  0.9 ms - getState
0.123777
0.13739
0.199289
1968.2 ±  0.0 ms - Total time
1553.3 ±  0.0 ms - Build f time
106.9 ±  1.1 ms - Apply f time
1355.5 ±  9.3 ms - Real f time 
348.3 ±  5.5 ms - Add time
 18.9 ±  0.5 ms - Find child
 27.2 ±  0.6 ms - Add child
252.9 ±  5.0 ms - Hash
314.6 ± 61.6 ms - Map
110.5 ±  1.0 ms - getState
0.126427
0.138637
0.193694
2161.9 ±  0.0 ms - Total time
1679.7 ±  0.0 ms - Build f time
122.3 ±  1.2 ms - Apply f time
1470.2 ±  9.4 ms - Real f time 
386.7 ±  5.8 ms - Add time
 22.4 ±  0.5 ms - Find child
 32.6 ±  0.6 ms - Add child
278.8 ±  5.0 ms - Hash
341.6 ± 61.6 ms - Map
127.5 ±  1.0 ms - getState
0.117171
0.131835
0.18318
2345.1 ±  0.0 ms - Total time
1796.9 ±  0.0 ms - Build f time
138.1 ±  1.6 ms - Apply f time
1577.2 ±  9.6 ms - Real f time 
422.9 ±  5.8 ms - Add time
 25.8 ±  0.6 ms - Find child
 38.0 ±  0.7 ms - Add child
306.2 ±  5.1 ms - Hash
367.9 ± 61.6 ms - Map
144.5 ±  1.1 ms - getState
0.112302
0.126583
0.188421
2533.6 ±  0.0 ms - Total time
1909.2 ±  0.0 ms - Build f time
155.2 ±  1.6 ms - Apply f time
1677.9 ±  9.7 ms - Real f time 
467.4 ±  8.1 ms - Add time
 29.9 ±  0.6 ms - Find child
 44.0 ±  0.8 ms - Add child
333.7 ±  5.4 ms - Hash
394.2 ± 61.6 ms - Map
163.1 ±  1.2 ms - getState
0.128949
0.14293
0.202852
2736.5 ±  0.0 ms - Total time
2038.1 ±  0.0 ms - Build f time
171.9 ±  1.7 ms - Apply f time
1794.7 ± 10.2 ms - Real f time 
549.4 ± 43.5 ms - Add time
 34.0 ±  0.7 ms - Find child
 49.9 ±  0.8 ms - Add child
361.9 ±  5.5 ms - Hash
424.2 ± 61.6 ms - Map
181.5 ±  1.3 ms - getState
0.121947
0.134851
0.17457
2911.1 ±  0.0 ms - Total time
2160.1 ±  0.0 ms - Build f time
184.9 ±  1.7 ms - Apply f time
1905.3 ± 10.3 ms - Real f time 
582.5 ± 43.5 ms - Add time
 37.3 ±  0.7 ms - Find child
 54.5 ±  0.8 ms - Add child
386.8 ±  5.5 ms - Hash
445.6 ± 61.6 ms - Map
196.3 ±  1.3 ms - getState
Dag sizes: 115690 117958 114643 126868 115649 119768 114299 126889 97804 
brutePieces time: 1.70797
245.2 ±  0.0 ms - Piece loop time
 77.3 ± 37.6 ms - Set time
200.0 ±  8.6 ms - Child looking time
Nodes:  1049568
Pieces: 102298
makePieces time: 0.246647
Memory: 9.1 + 47.4 + 33.6 + 54.5 + 12.1 MB
  5.1 ±  0.6 ms - Greedy fill time
composePieces time: 1.00053
                                                                                