Running only task # 372
Using max depth 23
 |                                        | 0 / 419 (0.0%)Function count: 142
0.0423245
0.0452833
0.0176766
0.0189692
0.0433969
0.0461776
0.0496565
0.0522875
0.0174901
0.0188016
0.0462548
0.0489984
0.0297452
0.0326751
 49.8 ±  0.0 ms - Piece loop time
 51.2 ± 45.1 ms - Set time
 42.1 ±  2.1 ms - Child looking time
0.0750061
0.0784931
0.139375
402.8 ±  0.0 ms - Total time
321.5 ±  0.0 ms - Build f time
 16.9 ±  0.4 ms - Apply f time
270.6 ±  2.8 ms - Real f time 
 73.2 ±  1.5 ms - Add time
  4.1 ±  0.2 ms - Find child
  4.8 ±  0.2 ms - Add child
 65.1 ±  1.2 ms - Hash
 92.3 ± 38.9 ms - Map
 19.4 ±  0.4 ms - getState
0.0208692
0.0258856
0.0426586
445.5 ±  0.0 ms - Total time
342.4 ±  0.0 ms - Build f time
 21.1 ±  0.5 ms - Apply f time
292.4 ±  3.1 ms - Real f time 
 81.0 ±  1.6 ms - Add time
  5.4 ±  0.3 ms - Find child
  6.5 ±  0.3 ms - Add child
 70.8 ±  1.2 ms - Hash
 97.6 ± 38.9 ms - Map
 23.9 ±  0.5 ms - getState
0.0859122
0.0892382
0.169626
615.2 ±  0.0 ms - Total time
428.3 ±  0.0 ms - Build f time
 34.2 ±  0.6 ms - Apply f time
366.8 ±  3.5 ms - Real f time 
121.8 ±  1.9 ms - Add time
  8.9 ±  0.3 ms - Find child
 11.7 ±  0.4 ms - Add child
105.2 ±  1.4 ms - Hash
120.4 ± 39.0 ms - Map
 41.3 ±  0.6 ms - getState
0.0692872
0.0748041
0.145761
761.0 ±  0.0 ms - Total time
497.6 ±  0.0 ms - Build f time
 48.3 ±  0.7 ms - Apply f time
435.7 ±  5.5 ms - Real f time 
156.5 ±  2.9 ms - Add time
 12.7 ±  0.4 ms - Find child
 17.1 ±  0.6 ms - Add child
131.3 ±  1.6 ms - Hash
142.9 ± 39.0 ms - Map
 59.1 ±  0.7 ms - getState
0.0292313
0.0315954
0.0438212
804.9 ±  0.0 ms - Total time
526.8 ±  0.0 ms - Build f time
 51.3 ±  0.8 ms - Apply f time
461.1 ±  5.6 ms - Real f time 
165.2 ±  2.9 ms - Add time
 13.6 ±  0.4 ms - Find child
 18.6 ±  0.6 ms - Add child
137.6 ±  1.6 ms - Hash
148.9 ± 39.0 ms - Map
 62.7 ±  0.7 ms - getState
0.0888335
0.0921471
0.172295
977.2 ±  0.0 ms - Total time
615.7 ±  0.0 ms - Build f time
 65.2 ±  0.8 ms - Apply f time
535.5 ±  5.8 ms - Real f time 
207.2 ±  3.0 ms - Add time
 17.2 ±  0.5 ms - Find child
 23.6 ±  0.7 ms - Add child
171.0 ±  1.8 ms - Hash
171.8 ± 39.0 ms - Map
 80.4 ±  1.0 ms - getState
0.0416411
0.0441599
0.0732774
1050.6 ±  0.0 ms - Total time
657.3 ±  0.0 ms - Build f time
 72.2 ±  0.9 ms - Apply f time
575.7 ±  6.0 ms - Real f time 
221.5 ±  3.1 ms - Add time
 19.5 ±  0.5 ms - Find child
 26.1 ±  0.7 ms - Add child
182.7 ±  1.8 ms - Hash
184.7 ± 39.0 ms - Map
 87.5 ±  1.1 ms - getState
Dag sizes: 92484 20024 101528 92457 20024 101630 50137 
brutePieces time: 0.793888
172.9 ±  0.0 ms - Piece loop time
 75.6 ± 47.0 ms - Set time
133.3 ±  2.1 ms - Child looking time
Nodes:  478284
Pieces: 95683
makePieces time: 0.174451
Memory: 5.6 + 20.3 + 15.3 + 37.0 + 6.4 MB
 14.6 ±  1.3 ms - Greedy fill time
composePieces time: 1.55706
                                                                                