Running only task # 238
Using max depth 3
 |                                        | 0 / 419 (0.0%)Function count: 142
0.0885684
0.0955433
0.0867107
0.0948763
0.138889
0.154213
0.189549
0.209865
0.210185
0.234607
 37.2 ±  0.0 ms - Piece loop time
 40.1 ± 34.5 ms - Set time
 30.7 ±  1.1 ms - Child looking time
0.0845965
0.0913676
0.144345
933.6 ±  0.0 ms - Total time
798.5 ±  0.0 ms - Build f time
 39.5 ±  1.3 ms - Apply f time
604.8 ±  7.2 ms - Real f time 
166.1 ±  3.7 ms - Add time
  4.2 ±  0.2 ms - Find child
  5.9 ±  0.3 ms - Add child
152.2 ±  1.8 ms - Hash
 85.7 ± 43.7 ms - Map
 44.1 ±  1.1 ms - getState
0.0927677
0.100921
0.159621
1093.3 ±  0.0 ms - Total time
891.3 ±  0.0 ms - Build f time
 53.3 ±  1.4 ms - Apply f time
684.9 ±  7.6 ms - Real f time 
201.2 ±  3.9 ms - Add time
  7.8 ±  0.3 ms - Find child
 10.9 ±  0.4 ms - Add child
185.9 ±  1.9 ms - Hash
 98.1 ± 43.7 ms - Map
 61.3 ±  1.2 ms - getState
0.119557
0.137833
0.225274
1318.6 ±  0.0 ms - Total time
1010.8 ±  0.0 ms - Build f time
 74.5 ±  1.6 ms - Apply f time
789.3 ±  8.2 ms - Real f time 
248.0 ±  4.2 ms - Add time
 12.3 ±  0.4 ms - Find child
 16.8 ±  0.5 ms - Add child
228.9 ±  2.1 ms - Hash
115.8 ± 43.7 ms - Map
 92.2 ±  1.6 ms - getState
0.214085
0.241736
0.36654
1685.2 ±  0.0 ms - Total time
1224.9 ±  0.0 ms - Build f time
101.7 ±  1.9 ms - Apply f time
961.6 ±  9.5 ms - Real f time 
329.4 ±  5.9 ms - Add time
 18.3 ±  0.5 ms - Find child
 24.2 ±  0.5 ms - Add child
293.3 ±  2.3 ms - Hash
140.5 ± 43.7 ms - Map
133.2 ±  2.0 ms - getState
0.240498
0.265164
0.427201
2112.4 ±  0.0 ms - Total time
1465.4 ±  0.0 ms - Build f time
134.4 ±  2.1 ms - Apply f time
1163.2 ± 11.2 ms - Real f time 
427.6 ±  6.4 ms - Add time
 26.0 ±  0.6 ms - Find child
 34.9 ±  0.7 ms - Add child
368.3 ±  2.6 ms - Hash
170.4 ± 43.7 ms - Map
186.5 ±  2.2 ms - getState
Dag sizes: 51191 65035 70642 109740 145959 
brutePieces time: 1.32832
128.8 ±  0.0 ms - Piece loop time
 37.8 ± 17.7 ms - Set time
102.5 ±  2.0 ms - Child looking time
Nodes:  442567
Pieces: 25275
makePieces time: 0.129588
Memory: 12.8 + 23.9 + 14.2 + 28.1 + 4.5 MB
  0.6 ±  0.0 ms - Greedy fill time
composePieces time: 0.0601722
                                                                                