Running only task # 171
Using max depth 3
 |                                        | 0 / 419 (0.0%)Function count: 142
0.190671
0.207367
0.130358
0.142136
0.110851
0.120714
0.116952
0.127109
0.16964
0.185403
 54.3 ±  0.0 ms - Piece loop time
 73.1 ± 50.9 ms - Set time
 42.0 ±  1.3 ms - Child looking time
0.182663
0.199298
0.323096
1106.0 ±  0.0 ms - Total time
901.1 ±  0.0 ms - Build f time
 49.3 ±  1.0 ms - Apply f time
717.8 ±  7.4 ms - Real f time 
247.0 ± 25.5 ms - Add time
  8.4 ±  0.3 ms - Find child
 12.9 ±  1.6 ms - Add child
165.5 ±  1.9 ms - Hash
138.8 ± 37.9 ms - Map
 62.8 ±  1.6 ms - getState
0.136365
0.148487
0.256856
1362.9 ±  0.0 ms - Total time
1037.5 ±  0.0 ms - Build f time
 73.9 ±  1.2 ms - Apply f time
845.3 ±  8.1 ms - Real f time 
303.5 ± 25.5 ms - Add time
 15.1 ±  0.4 ms - Find child
 22.0 ±  1.6 ms - Add child
206.3 ±  2.0 ms - Hash
177.4 ± 37.9 ms - Map
 93.7 ±  1.7 ms - getState
0.117266
0.127228
0.203496
1566.5 ±  0.0 ms - Total time
1154.8 ±  0.0 ms - Build f time
 91.8 ±  1.3 ms - Apply f time
948.4 ±  8.2 ms - Real f time 
347.1 ± 25.5 ms - Add time
 20.3 ±  0.5 ms - Find child
 29.2 ±  1.6 ms - Add child
242.3 ±  2.1 ms - Hash
203.0 ± 37.9 ms - Map
115.9 ±  1.8 ms - getState
0.122666
0.133492
0.211748
1778.3 ±  0.0 ms - Total time
1277.4 ±  0.0 ms - Build f time
111.0 ±  1.4 ms - Apply f time
1057.2 ±  8.6 ms - Real f time 
397.5 ± 25.8 ms - Add time
 25.6 ±  0.6 ms - Find child
 36.9 ±  1.7 ms - Add child
279.0 ±  2.2 ms - Hash
232.1 ± 37.9 ms - Map
138.6 ±  1.9 ms - getState
0.170602
0.187322
0.318622
2096.9 ±  0.0 ms - Total time
1448.0 ±  0.0 ms - Build f time
141.5 ±  1.7 ms - Apply f time
1211.0 ±  9.7 ms - Real f time 
472.2 ± 25.7 ms - Add time
 33.1 ±  0.7 ms - Find child
 47.4 ±  1.7 ms - Add child
331.6 ±  2.4 ms - Hash
274.5 ± 37.8 ms - Map
177.1 ±  2.0 ms - getState
Dag sizes: 189798 174342 136509 142758 207256 
brutePieces time: 1.3172
183.9 ±  0.0 ms - Piece loop time
 84.3 ± 34.3 ms - Set time
128.7 ±  1.8 ms - Child looking time
Nodes:  850663
Pieces: 125964
makePieces time: 0.185179
Memory: 10.5 + 36.0 + 27.2 + 34.6 + 9.7 MB
  0.9 ±  0.0 ms - Greedy fill time
composePieces time: 0.364855
                                                                                