Running only task # 292
Using max depth 23
 |                                        | 0 / 419 (0.0%)Function count: 142
0.0497166
0.0542982
0.0479289
0.0521494
0.0448643
0.048466
0.0483988
0.0529831
0.0437583
0.0477634
0.0422732
0.0471653
0.0576838
0.0622133
0.0451378
0.049094
0.0435515
0.0473257
0.0476783
0.0524143
0.0404449
0.0443876
0.0410653
0.0446187
0.0446905
0.0505811
 95.1 ±  0.0 ms - Piece loop time
 60.9 ± 50.1 ms - Set time
 74.6 ±  3.0 ms - Child looking time
0.0781309
0.0843204
0.140842
795.0 ±  0.0 ms - Total time
675.3 ±  0.0 ms - Build f time
 30.8 ±  0.9 ms - Apply f time
570.6 ± 12.4 ms - Real f time 
164.0 ±  6.7 ms - Add time
  5.4 ±  0.3 ms - Find child
  8.5 ±  0.7 ms - Add child
110.1 ±  1.6 ms - Hash
151.2 ± 56.3 ms - Map
 36.8 ±  0.6 ms - getState
0.0785996
0.0847177
0.138641
933.7 ±  0.0 ms - Total time
753.9 ±  0.0 ms - Build f time
 43.0 ±  0.9 ms - Apply f time
649.1 ± 14.4 ms - Real f time 
193.7 ±  6.7 ms - Add time
  8.5 ±  0.3 ms - Find child
 12.5 ±  0.7 ms - Add child
132.2 ±  1.7 ms - Hash
172.5 ± 56.3 ms - Map
 51.4 ±  0.7 ms - getState
0.0612844
0.0665076
0.120849
1054.6 ±  0.0 ms - Total time
815.2 ±  0.0 ms - Build f time
 52.0 ±  1.0 ms - Apply f time
704.6 ± 14.4 ms - Real f time 
219.7 ±  6.8 ms - Add time
 11.4 ±  0.4 ms - Find child
 16.0 ±  0.8 ms - Add child
149.9 ±  1.7 ms - Hash
188.7 ± 56.3 ms - Map
 63.8 ±  0.8 ms - getState
0.0742538
0.0815605
0.13853
1193.2 ±  0.0 ms - Total time
889.5 ±  0.0 ms - Build f time
 63.6 ±  1.1 ms - Apply f time
770.8 ± 14.5 ms - Real f time 
257.1 ±  9.6 ms - Add time
 14.6 ±  0.4 ms - Find child
 20.5 ±  0.8 ms - Add child
171.8 ±  1.8 ms - Hash
209.9 ± 56.3 ms - Map
 80.2 ±  0.8 ms - getState
0.0601062
0.066749
0.118099
1311.3 ±  0.0 ms - Total time
949.6 ±  0.0 ms - Build f time
 74.5 ±  1.1 ms - Apply f time
827.7 ± 14.6 ms - Real f time 
283.6 ±  9.6 ms - Add time
 17.7 ±  0.5 ms - Find child
 24.6 ±  0.8 ms - Add child
192.1 ±  1.9 ms - Hash
227.5 ± 56.3 ms - Map
 95.8 ±  1.2 ms - getState
0.0576262
0.0631879
0.10647
1417.8 ±  0.0 ms - Total time
1007.2 ±  0.0 ms - Build f time
 83.2 ±  1.2 ms - Apply f time
877.8 ± 14.6 ms - Real f time 
307.8 ±  9.7 ms - Add time
 20.0 ±  0.5 ms - Find child
 27.5 ±  0.9 ms - Add child
210.4 ±  1.9 ms - Hash
244.3 ± 56.3 ms - Map
106.7 ±  1.2 ms - getState
0.0722656
0.0784349
0.130104
1548.0 ±  0.0 ms - Total time
1079.5 ±  0.0 ms - Build f time
 93.7 ±  1.2 ms - Apply f time
943.2 ± 15.3 ms - Real f time 
335.4 ±  9.7 ms - Add time
 22.8 ±  0.5 ms - Find child
 31.4 ±  0.9 ms - Add child
230.8 ±  2.0 ms - Hash
263.8 ± 56.3 ms - Map
121.6 ±  1.3 ms - getState
0.0653961
0.0720874
0.122204
1670.2 ±  0.0 ms - Total time
1144.8 ±  0.0 ms - Build f time
104.0 ±  1.3 ms - Apply f time
1002.8 ± 15.3 ms - Real f time 
363.2 ±  9.7 ms - Add time
 25.8 ±  0.6 ms - Find child
 35.7 ±  0.9 ms - Add child
252.4 ±  2.0 ms - Hash
282.1 ± 56.2 ms - Map
135.6 ±  1.3 ms - getState
0.0593158
0.0645291
0.106129
1776.4 ±  0.0 ms - Total time
1204.2 ±  0.0 ms - Build f time
113.2 ±  1.3 ms - Apply f time
1055.8 ± 15.4 ms - Real f time 
385.7 ±  9.7 ms - Add time
 28.3 ±  0.6 ms - Find child
 39.1 ±  0.9 ms - Add child
270.5 ±  2.1 ms - Hash
297.3 ± 56.2 ms - Map
146.9 ±  1.4 ms - getState
0.0703583
0.0791128
0.13397
1910.4 ±  0.0 ms - Total time
1274.5 ±  0.0 ms - Build f time
126.2 ±  1.4 ms - Apply f time
1118.3 ± 15.4 ms - Real f time 
420.3 ± 10.6 ms - Add time
 31.6 ±  0.6 ms - Find child
 43.4 ±  1.0 ms - Add child
292.6 ±  2.1 ms - Hash
317.2 ± 56.2 ms - Map
163.2 ±  1.4 ms - getState
0.0624975
0.0683349
0.121269
2031.7 ±  0.0 ms - Total time
1337.0 ±  0.0 ms - Build f time
138.2 ±  1.4 ms - Apply f time
1176.7 ± 15.5 ms - Real f time 
449.3 ± 10.6 ms - Add time
 34.8 ±  0.7 ms - Find child
 47.5 ±  1.0 ms - Add child
312.6 ±  2.2 ms - Hash
334.8 ± 56.2 ms - Map
177.7 ±  1.5 ms - getState
0.0648053
0.0708475
0.116053
2147.9 ±  0.0 ms - Total time
1401.8 ±  0.0 ms - Build f time
148.1 ±  1.5 ms - Apply f time
1238.9 ± 15.8 ms - Real f time 
475.2 ± 10.6 ms - Add time
 37.4 ±  0.7 ms - Find child
 51.3 ±  1.0 ms - Add child
331.5 ±  2.2 ms - Hash
351.6 ± 56.2 ms - Map
189.5 ±  1.5 ms - getState
0.0650358
0.0726099
0.125336
2273.2 ±  0.0 ms - Total time
1466.9 ±  0.0 ms - Build f time
159.8 ±  1.5 ms - Apply f time
1299.4 ± 15.9 ms - Real f time 
501.5 ± 10.6 ms - Add time
 40.3 ±  0.7 ms - Find child
 55.3 ±  1.0 ms - Add child
350.8 ±  2.2 ms - Hash
369.6 ± 56.2 ms - Map
205.1 ±  1.6 ms - getState
Dag sizes: 82480 81928 67669 88344 79772 71429 82556 81940 67785 88327 79640 71381 73933 
brutePieces time: 1.62989
258.7 ±  0.0 ms - Piece loop time
 74.2 ± 40.6 ms - Set time
204.8 ±  4.3 ms - Child looking time
Nodes:  1017184
Pieces: 89353
makePieces time: 0.260314
Memory: 11.3 + 42.4 + 32.5 + 70.8 + 11.2 MB
 12.7 ±  0.0 ms - Greedy fill time
composePieces time: 1.82122
                                                                                