Running only task # 98
Using max depth 3
 |                                        | 0 / 419 (0.0%)Function count: 142
0.0454265
0.0498966
0.0487405
0.05433
0.0518428
0.0572741
0.0481853
0.0528761
0.0495366
0.0541443
0.0482407
0.0537055
 53.3 ±  0.0 ms - Piece loop time
 47.5 ± 39.0 ms - Set time
 46.6 ±  4.0 ms - Child looking time
0.0474647
0.0518926
0.0638968
386.3 ±  0.0 ms - Total time
339.4 ±  0.0 ms - Build f time
 15.3 ±  0.4 ms - Apply f time
313.0 ±  2.3 ms - Real f time 
 68.9 ±  1.1 ms - Add time
  3.2 ±  0.2 ms - Find child
  4.0 ±  0.2 ms - Add child
 50.5 ±  0.8 ms - Hash
 88.5 ± 39.8 ms - Map
 14.7 ±  0.3 ms - getState
0.0508229
0.0566281
0.0698894
456.2 ±  0.0 ms - Total time
390.3 ±  0.0 ms - Build f time
 21.0 ±  0.5 ms - Apply f time
362.1 ±  2.5 ms - Real f time 
 81.8 ±  1.2 ms - Add time
  4.8 ±  0.2 ms - Find child
  6.2 ±  0.3 ms - Add child
 60.4 ±  0.8 ms - Hash
 99.5 ± 39.8 ms - Map
 19.7 ±  0.4 ms - getState
0.0549999
0.0602838
0.0723779
528.7 ±  0.0 ms - Total time
445.3 ±  0.0 ms - Build f time
 26.1 ±  0.5 ms - Apply f time
415.2 ±  2.6 ms - Real f time 
 95.6 ±  1.4 ms - Add time
  6.4 ±  0.3 ms - Find child
  8.7 ±  0.4 ms - Add child
 70.4 ±  0.9 ms - Hash
110.7 ± 39.9 ms - Map
 24.2 ±  0.5 ms - getState
0.0495211
0.0547537
0.0653425
594.0 ±  0.0 ms - Total time
494.8 ±  0.0 ms - Build f time
 30.6 ±  0.6 ms - Apply f time
463.6 ±  2.7 ms - Real f time 
127.2 ± 15.6 ms - Add time
  7.9 ±  0.3 ms - Find child
 10.7 ±  0.4 ms - Add child
 79.2 ±  1.0 ms - Hash
119.7 ± 39.8 ms - Map
 28.4 ±  0.5 ms - getState
0.0694647
0.0744006
0.0877158
681.8 ±  0.0 ms - Total time
564.2 ±  0.0 ms - Build f time
 35.9 ±  0.6 ms - Apply f time
524.8 ±  2.9 ms - Real f time 
143.5 ± 15.7 ms - Add time
  9.6 ±  0.3 ms - Find child
 13.1 ±  0.4 ms - Add child
 90.9 ±  1.0 ms - Hash
132.8 ± 39.9 ms - Map
 33.4 ±  0.5 ms - getState
0.0510623
0.05666
0.0684379
750.2 ±  0.0 ms - Total time
615.3 ±  0.0 ms - Build f time
 41.1 ±  0.7 ms - Apply f time
572.1 ±  3.0 ms - Real f time 
155.9 ± 15.7 ms - Add time
 11.2 ±  0.4 ms - Find child
 15.3 ±  0.5 ms - Add child
100.5 ±  1.1 ms - Hash
143.0 ± 39.9 ms - Map
 38.9 ±  0.8 ms - getState
Dag sizes: 42488 49470 44217 40731 46237 44865 
brutePieces time: 0.431857
 94.7 ±  0.0 ms - Piece loop time
 51.9 ± 36.2 ms - Set time
 72.6 ±  1.5 ms - Child looking time
Nodes:  268008
Pieces: 22335
makePieces time: 0.0957056
Memory: 1.4 + 18.7 + 8.6 + 29.5 + 3.8 MB
  0.8 ±  0.0 ms - Greedy fill time
composePieces time: 0.0970755
                                                                                