Running only task # 316
Using max depth 3
 |                                        | 0 / 419 (0.0%)Function count: 142
0.0680649
0.0735007
0.0880626
0.09826
0.1578
0.172297
0.279326
0.305558
0.391072
0.428002
 43.3 ±  0.0 ms - Piece loop time
 66.8 ± 57.9 ms - Set time
 32.8 ±  1.3 ms - Child looking time
0.0721922
0.0773762
0.108315
1186.1 ±  0.0 ms - Total time
1056.5 ±  0.0 ms - Build f time
 30.8 ±  0.9 ms - Apply f time
799.5 ± 11.7 ms - Real f time 
214.7 ± 11.8 ms - Add time
  3.1 ±  0.2 ms - Find child
  4.8 ±  0.3 ms - Add child
199.8 ±  3.7 ms - Hash
101.3 ± 41.6 ms - Map
 38.5 ±  1.0 ms - getState
0.0837171
0.0897623
0.126821
1313.0 ±  0.0 ms - Total time
1140.2 ±  0.0 ms - Build f time
 38.9 ±  1.0 ms - Apply f time
869.0 ± 11.9 ms - Real f time 
241.6 ± 12.1 ms - Add time
  5.0 ±  0.3 ms - Find child
  7.3 ±  0.3 ms - Add child
223.9 ±  3.7 ms - Hash
114.4 ± 41.6 ms - Map
 51.6 ±  1.1 ms - getState
0.172919
0.187004
0.289426
1602.5 ±  0.0 ms - Total time
1313.2 ±  0.0 ms - Build f time
 55.0 ±  1.1 ms - Apply f time
1009.3 ± 12.4 ms - Real f time 
307.1 ± 12.9 ms - Add time
  8.3 ±  0.3 ms - Find child
 11.6 ±  0.4 ms - Add child
282.0 ±  3.8 ms - Hash
136.3 ± 41.7 ms - Map
 81.6 ±  1.3 ms - getState
0.28502
0.312853
0.50966
2112.2 ±  0.0 ms - Total time
1598.2 ±  0.0 ms - Build f time
 82.7 ±  1.3 ms - Apply f time
1234.9 ± 13.8 ms - Real f time 
421.8 ± 13.1 ms - Add time
 12.4 ±  0.4 ms - Find child
 17.0 ±  0.5 ms - Add child
389.4 ±  4.0 ms - Hash
164.6 ± 41.7 ms - Map
139.5 ±  1.6 ms - getState
0.392427
0.430605
0.744967
2857.2 ±  0.0 ms - Total time
1990.6 ±  0.0 ms - Build f time
113.9 ±  1.5 ms - Apply f time
1525.9 ± 15.2 ms - Real f time 
602.4 ± 13.7 ms - Add time
 15.5 ±  0.4 ms - Find child
 21.8 ±  0.5 ms - Add child
561.2 ±  6.4 ms - Hash
189.8 ± 41.7 ms - Map
230.3 ±  2.4 ms - getState
Dag sizes: 49242 59726 102692 131007 110456 
brutePieces time: 1.7833
 88.9 ±  0.0 ms - Piece loop time
 52.9 ± 33.7 ms - Set time
 70.6 ±  2.7 ms - Child looking time
Nodes:  453123
Pieces: 83353
makePieces time: 0.0900038
Memory: 19.0 + 18.1 + 14.5 + 28.2 + 4.5 MB
 37.0 ±  4.4 ms - Greedy fill time
composePieces time: 1.82208
                                                                                