Running only task # 168
Using max depth 23
 |                                        | 0 / 419 (0.0%)Function count: 142
0.257394
0.293657
0.240168
0.274909
0.216607
0.254127
0.25002
0.293097
0.243847
0.276306
0.221637
0.252471
0.240969
0.275702
 47.7 ±  0.0 ms - Piece loop time
 63.3 ± 51.4 ms - Set time
 31.6 ±  1.5 ms - Child looking time
0.240735
0.274797
0.422763
2343.5 ±  0.0 ms - Total time
1911.4 ±  0.0 ms - Build f time
119.4 ±  1.9 ms - Apply f time
1735.0 ± 11.4 ms - Real f time 
402.2 ±  6.5 ms - Add time
 10.1 ±  0.4 ms - Find child
 16.0 ±  0.5 ms - Add child
234.5 ±  7.7 ms - Hash
187.2 ± 43.0 ms - Map
137.3 ±  1.9 ms - getState
0.237929
0.270601
0.406311
2749.8 ±  0.0 ms - Total time
2149.3 ±  0.0 ms - Build f time
149.3 ±  2.1 ms - Apply f time
1962.2 ± 11.8 ms - Real f time 
515.1 ± 23.1 ms - Add time
 15.3 ±  0.5 ms - Find child
 23.6 ±  0.6 ms - Add child
287.8 ±  7.8 ms - Hash
229.2 ± 43.5 ms - Map
181.2 ±  2.0 ms - getState
0.208199
0.241416
0.379011
3128.9 ±  0.0 ms - Total time
2357.5 ±  0.0 ms - Build f time
179.4 ±  2.2 ms - Apply f time
2166.6 ± 12.3 ms - Real f time 
624.7 ± 35.3 ms - Add time
 21.0 ±  0.6 ms - Find child
 31.3 ±  0.7 ms - Add child
340.1 ±  7.8 ms - Hash
261.1 ± 43.5 ms - Map
229.5 ±  2.3 ms - getState
0.235249
0.269541
0.409916
3538.8 ±  0.0 ms - Total time
2592.8 ±  0.0 ms - Build f time
210.3 ±  2.3 ms - Apply f time
2401.1 ± 13.9 ms - Real f time 
736.3 ± 42.8 ms - Add time
 27.0 ±  0.6 ms - Find child
 39.5 ±  0.8 ms - Add child
396.0 ±  7.8 ms - Hash
296.1 ± 43.5 ms - Map
282.5 ±  5.6 ms - getState
0.235704
0.268825
0.401596
3940.4 ±  0.0 ms - Total time
2828.5 ±  0.0 ms - Build f time
239.3 ±  2.5 ms - Apply f time
2631.3 ± 14.3 ms - Real f time 
820.8 ± 42.8 ms - Add time
 32.4 ±  0.7 ms - Find child
 46.6 ±  0.8 ms - Add child
449.6 ±  7.8 ms - Hash
335.6 ± 43.7 ms - Map
328.1 ±  5.7 ms - getState
0.239085
0.269396
0.406163
4346.7 ±  0.0 ms - Total time
3067.5 ±  0.0 ms - Build f time
267.6 ±  2.5 ms - Apply f time
2853.9 ± 14.9 ms - Real f time 
910.4 ± 42.8 ms - Add time
 38.1 ±  0.7 ms - Find child
 54.4 ±  0.9 ms - Add child
504.3 ±  7.9 ms - Hash
369.4 ± 43.7 ms - Map
373.8 ±  5.8 ms - getState
0.22964
0.269597
0.411782
4758.5 ±  0.0 ms - Total time
3297.2 ±  0.0 ms - Build f time
301.6 ±  2.7 ms - Apply f time
3081.6 ± 15.4 ms - Real f time 
994.1 ± 42.8 ms - Add time
 44.0 ±  0.8 ms - Find child
 62.6 ±  0.9 ms - Add child
558.9 ±  7.9 ms - Hash
404.0 ± 43.7 ms - Map
422.4 ±  5.8 ms - getState
Dag sizes: 178404 173238 180391 176355 174756 179252 174061 
brutePieces time: 2.84147
111.4 ±  0.0 ms - Piece loop time
 46.3 ± 15.5 ms - Set time
 71.1 ±  1.6 ms - Child looking time
Nodes:  1236457
Pieces: 131773
makePieces time: 0.112527
Memory: 23.2 + 40.7 + 39.6 + 49.1 + 9.0 MB
 87.9 ± 13.0 ms - Greedy fill time
composePieces time: 4.45135
                                                                                