Running only task # 5
Using max depth 3
 |                                        | 0 / 419 (0.0%)Function count: 142
0.0127818
0.0137573
0.0119949
0.0127435
0.0120363
0.0127601
0.0118951
0.0126132
0.0110003
0.0117906
0.0119547
0.0127972
 12.1 ±  0.0 ms - Piece loop time
 36.7 ± 35.4 ms - Set time
 10.8 ±  0.7 ms - Child looking time
0.0218008
0.0228819
0.0283832
104.9 ±  0.0 ms - Total time
 93.5 ±  0.0 ms - Build f time
  3.6 ±  0.2 ms - Apply f time
 85.1 ±  1.3 ms - Real f time 
 17.2 ±  1.3 ms - Add time
  0.6 ±  0.1 ms - Find child
  0.9 ±  0.1 ms - Add child
 18.4 ±  0.5 ms - Hash
 45.0 ± 35.3 ms - Map
  3.3 ±  0.2 ms - getState
0.0241001
0.0251753
0.0314073
136.4 ±  0.0 ms - Total time
117.6 ±  0.0 ms - Build f time
  5.8 ±  0.3 ms - Apply f time
107.0 ±  1.5 ms - Real f time 
 23.7 ±  1.6 ms - Add time
  1.1 ±  0.1 ms - Find child
  1.7 ±  0.1 ms - Add child
 25.2 ±  0.6 ms - Hash
 48.4 ± 35.4 ms - Map
  5.1 ±  0.2 ms - getState
0.0240947
0.02515
0.032117
168.5 ±  0.0 ms - Total time
141.7 ±  0.0 ms - Build f time
  8.0 ±  0.3 ms - Apply f time
128.6 ±  1.6 ms - Real f time 
 29.0 ±  1.6 ms - Add time
  1.7 ±  0.1 ms - Find child
  2.6 ±  0.2 ms - Add child
 31.9 ±  0.7 ms - Hash
 51.6 ± 35.3 ms - Map
  7.0 ±  0.2 ms - getState
0.024932
0.0261033
0.0335471
202.1 ±  0.0 ms - Total time
166.6 ±  0.0 ms - Build f time
 10.3 ±  0.3 ms - Apply f time
157.1 ±  6.0 ms - Real f time 
 34.5 ±  1.6 ms - Add time
  2.4 ±  0.2 ms - Find child
  3.4 ±  0.2 ms - Add child
 38.8 ±  0.7 ms - Hash
 55.8 ± 35.3 ms - Map
  9.0 ±  0.3 ms - getState
0.0223157
0.0234366
0.0290892
231.2 ±  0.0 ms - Total time
188.9 ±  0.0 ms - Build f time
 12.0 ±  0.4 ms - Apply f time
176.3 ±  6.0 ms - Real f time 
 39.1 ±  1.6 ms - Add time
  2.9 ±  0.2 ms - Find child
  4.2 ±  0.2 ms - Add child
 45.0 ±  0.8 ms - Hash
 58.6 ± 35.3 ms - Map
 10.6 ±  0.3 ms - getState
0.0232528
0.0244588
0.0302781
261.5 ±  0.0 ms - Total time
212.2 ±  0.0 ms - Build f time
 13.6 ±  0.4 ms - Apply f time
196.2 ±  6.0 ms - Real f time 
 44.7 ±  1.7 ms - Add time
  3.2 ±  0.2 ms - Find child
  4.9 ±  0.3 ms - Add child
 51.1 ±  0.8 ms - Hash
 61.5 ± 35.2 ms - Map
 12.2 ±  0.3 ms - getState
Dag sizes: 14177 15431 15608 15927 14560 15215 
brutePieces time: 0.189452
 25.7 ±  0.0 ms - Piece loop time
 40.3 ± 34.1 ms - Set time
 21.5 ±  0.9 ms - Child looking time
Nodes:  90918
Pieces: 18877
makePieces time: 0.0265365
Memory: 0.9 + 6.9 + 2.9 + 26.6 + 1.1 MB
 21.6 ±  0.3 ms - Greedy fill time
composePieces time: 0.458163
                                                                                