Running only task # 199
Using max depth 3
 |                                        | 0 / 419 (0.0%)Function count: 142
0.273525
0.309572
0.260842
0.295036
0.216211
0.243234
0.231519
0.260807
 21.6 ±  0.0 ms - Piece loop time
 20.5 ± 14.3 ms - Set time
 14.2 ±  0.8 ms - Child looking time
0.278246
0.311524
0.504161
1613.0 ±  0.0 ms - Total time
1260.3 ±  0.0 ms - Build f time
 69.6 ±  1.5 ms - Apply f time
931.2 ± 11.5 ms - Real f time 
312.3 ±  4.5 ms - Add time
  7.7 ±  0.3 ms - Find child
  9.7 ±  0.3 ms - Add child
317.2 ±  2.7 ms - Hash
115.1 ± 39.2 ms - Map
 98.7 ±  7.4 ms - getState
0.277142
0.313555
0.459349
2072.4 ±  0.0 ms - Total time
1537.5 ±  0.0 ms - Build f time
 98.7 ±  2.3 ms - Apply f time
1153.5 ± 14.5 ms - Real f time 
410.3 ±  5.0 ms - Add time
 12.5 ±  0.4 ms - Find child
 15.9 ±  0.4 ms - Add child
417.4 ±  3.7 ms - Hash
142.4 ± 39.2 ms - Map
145.0 ±  7.4 ms - getState
0.226404
0.261299
0.420372
2492.8 ±  0.0 ms - Total time
1763.9 ±  0.0 ms - Build f time
128.3 ±  2.4 ms - Apply f time
1339.5 ± 15.4 ms - Real f time 
500.6 ±  5.3 ms - Add time
 18.8 ±  0.7 ms - Find child
 23.4 ±  0.5 ms - Add child
516.3 ± 11.5 ms - Hash
176.1 ± 39.3 ms - Map
195.5 ±  7.5 ms - getState
0.245145
0.274066
0.433075
2926.0 ±  0.0 ms - Total time
2009.0 ±  0.0 ms - Build f time
156.2 ±  2.5 ms - Apply f time
1549.6 ± 19.7 ms - Real f time 
597.0 ±  5.6 ms - Add time
 23.8 ±  0.8 ms - Find child
 30.7 ±  0.6 ms - Add child
608.2 ± 11.6 ms - Hash
209.3 ± 39.3 ms - Map
241.7 ±  7.7 ms - getState
Dag sizes: 155301 122972 153553 159711 
brutePieces time: 1.82039
 81.9 ±  0.0 ms - Piece loop time
 45.7 ± 18.8 ms - Set time
 51.3 ±  1.2 ms - Child looking time
Nodes:  591537
Pieces: 76129
makePieces time: 0.0826207
Memory: 19.0 + 23.7 + 18.9 + 26.2 + 4.9 MB
  1.5 ±  0.0 ms - Greedy fill time
composePieces time: 0.189455
                                                                                