Running only task # 21
Using max depth 23
 |                                        | 0 / 419 (0.0%)Function count: 142
0.0837496
0.0925546
0.0134796
0.0139933
0.0469486
0.0516583
0.0767846
0.0866869
0.0937775
0.101858
0.00922127
0.0096639
0.0433716
0.0464999
0.0748228
0.0817689
0.0659445
0.0701581
 64.5 ±  0.0 ms - Piece loop time
 46.4 ± 39.3 ms - Set time
 54.9 ±  1.4 ms - Child looking time
0.0895274
0.0975266
0.110086
665.3 ±  0.0 ms - Total time
597.6 ±  0.0 ms - Build f time
 20.7 ±  0.5 ms - Apply f time
510.5 ±  5.9 ms - Real f time 
102.2 ±  6.7 ms - Add time
  2.6 ±  0.2 ms - Find child
  3.4 ±  0.2 ms - Add child
 93.6 ±  1.1 ms - Hash
108.0 ± 54.7 ms - Map
 20.7 ±  0.4 ms - getState
0.0107303
0.0111652
0.011621
676.9 ±  0.0 ms - Total time
608.4 ±  0.0 ms - Build f time
 21.1 ±  0.5 ms - Apply f time
520.5 ±  5.9 ms - Real f time 
103.9 ±  6.7 ms - Add time
  2.7 ±  0.2 ms - Find child
  3.6 ±  0.2 ms - Add child
 95.4 ±  1.1 ms - Hash
109.8 ± 54.7 ms - Map
 21.1 ±  0.4 ms - getState
0.0477092
0.0512318
0.059466
736.4 ±  0.0 ms - Total time
656.1 ±  0.0 ms - Build f time
 24.2 ±  0.6 ms - Apply f time
560.4 ±  5.9 ms - Real f time 
113.0 ±  6.7 ms - Add time
  3.7 ±  0.2 ms - Find child
  4.9 ±  0.3 ms - Add child
104.3 ±  1.4 ms - Hash
117.6 ± 54.7 ms - Map
 24.7 ±  0.4 ms - getState
0.0775535
0.0843261
0.0936594
830.1 ±  0.0 ms - Total time
733.6 ±  0.0 ms - Build f time
 28.2 ±  0.6 ms - Apply f time
624.6 ±  6.1 ms - Real f time 
127.0 ±  6.8 ms - Add time
  4.7 ±  0.2 ms - Find child
  6.2 ±  0.3 ms - Add child
120.2 ±  1.9 ms - Hash
126.5 ± 54.8 ms - Map
 29.7 ±  0.5 ms - getState
0.0941165
0.102642
0.11477
944.9 ±  0.0 ms - Total time
827.7 ±  0.0 ms - Build f time
 33.0 ±  0.7 ms - Apply f time
702.0 ±  6.3 ms - Real f time 
145.7 ±  7.2 ms - Add time
  6.1 ±  0.3 ms - Find child
  7.8 ±  0.3 ms - Add child
138.1 ±  1.9 ms - Hash
136.0 ± 54.8 ms - Map
 35.8 ±  0.5 ms - getState
0.0092292
0.00966851
0.0101602
955.1 ±  0.0 ms - Total time
837.0 ±  0.0 ms - Build f time
 33.3 ±  0.7 ms - Apply f time
711.9 ±  6.3 ms - Real f time 
147.3 ±  7.2 ms - Add time
  6.1 ±  0.3 ms - Find child
  8.0 ±  0.3 ms - Add child
140.1 ±  1.9 ms - Hash
137.4 ± 54.8 ms - Map
 36.2 ±  0.5 ms - getState
0.0443005
0.0490067
0.0543307
1009.5 ±  0.0 ms - Total time
881.3 ±  0.0 ms - Build f time
 36.3 ±  0.7 ms - Apply f time
749.1 ±  6.4 ms - Real f time 
155.4 ±  7.2 ms - Add time
  7.0 ±  0.3 ms - Find child
  9.2 ±  0.4 ms - Add child
148.4 ±  2.0 ms - Hash
144.5 ± 54.8 ms - Map
 39.5 ±  0.6 ms - getState
0.0756775
0.0825313
0.0931974
1102.7 ±  0.0 ms - Total time
956.9 ±  0.0 ms - Build f time
 41.4 ±  0.8 ms - Apply f time
812.9 ±  6.5 ms - Real f time 
169.4 ±  7.2 ms - Add time
  8.2 ±  0.3 ms - Find child
 10.9 ±  0.4 ms - Add child
162.0 ±  2.0 ms - Hash
153.3 ± 54.8 ms - Map
 45.3 ±  0.6 ms - getState
0.0640207
0.0705324
0.0824977
1185.3 ±  0.0 ms - Total time
1021.0 ±  0.0 ms - Build f time
 46.6 ±  0.8 ms - Apply f time
870.5 ±  6.8 ms - Real f time 
181.0 ±  7.2 ms - Add time
  9.3 ±  0.3 ms - Find child
 12.7 ±  0.4 ms - Add child
173.7 ±  2.0 ms - Hash
161.5 ± 54.8 ms - Map
 51.4 ±  0.6 ms - getState
Dag sizes: 34490 3647 23247 31605 34504 3654 22994 31425 27011 
brutePieces time: 0.637771
105.1 ±  0.0 ms - Piece loop time
 57.4 ± 44.8 ms - Set time
 84.9 ±  2.1 ms - Child looking time
Nodes:  212577
Pieces: 625
makePieces time: 0.106106
Memory: 2.3 + 16.5 + 6.8 + 41.1 + 3.1 MB
  0.4 ±  0.0 ms - Greedy fill time
composePieces time: 0.00716119
                                                                                