Running only task # 126
Using max depth 3
 |                                        | 0 / 419 (0.0%)Function count: 142
0.485949
0.543396
0.724663
0.83221
0.344998
0.372196
0.198257
0.215727
0.61853
0.68455
 47.2 ±  0.0 ms - Piece loop time
 24.9 ± 15.3 ms - Set time
 38.3 ±  2.7 ms - Child looking time
0.491208
0.540596
1.60561
4253.9 ±  0.0 ms - Total time
2863.6 ±  0.0 ms - Build f time
194.3 ±  3.0 ms - Apply f time
2326.3 ± 32.9 ms - Real f time 
1049.6 ± 81.6 ms - Add time
 17.6 ±  0.5 ms - Find child
 24.9 ±  0.5 ms - Add child
749.3 ±  3.6 ms - Hash
202.4 ± 39.4 ms - Map
344.6 ±  3.2 ms - getState
0.734725
0.822795
2.36775
6621.7 ±  0.0 ms - Total time
3598.3 ±  0.0 ms - Build f time
336.6 ±  3.4 ms - Apply f time
3025.8 ± 38.0 ms - Real f time 
1811.0 ± 82.0 ms - Add time
 32.6 ±  0.6 ms - Find child
 46.9 ±  0.8 ms - Add child
1273.2 ±  4.5 ms - Hash
296.4 ± 39.4 ms - Map
710.3 ±  4.1 ms - getState
0.335953
0.367581
1.21535
7837.1 ±  0.0 ms - Total time
3934.3 ±  0.0 ms - Build f time
426.5 ±  3.8 ms - Apply f time
3332.4 ± 38.5 ms - Real f time 
2216.0 ± 83.5 ms - Add time
 45.9 ±  0.8 ms - Find child
 65.6 ±  0.9 ms - Add child
1564.5 ±  4.8 ms - Hash
370.8 ± 39.4 ms - Map
896.8 ±  4.6 ms - getState
0.190651
0.208832
0.60538
8442.5 ±  0.0 ms - Total time
4124.9 ±  0.0 ms - Build f time
479.2 ±  4.0 ms - Apply f time
3534.7 ± 40.3 ms - Real f time 
2401.4 ± 84.2 ms - Add time
 58.3 ±  0.9 ms - Find child
 81.0 ±  1.0 ms - Add child
1698.3 ±  5.2 ms - Hash
431.4 ± 39.3 ms - Map
986.2 ±  5.5 ms - getState
0.62372
0.691618
2.09367
10536.2 ±  0.0 ms - Total time
4748.6 ±  0.0 ms - Build f time
613.0 ±  4.3 ms - Apply f time
4106.4 ± 42.9 ms - Real f time 
3078.2 ± 84.9 ms - Add time
 75.1 ±  1.0 ms - Find child
103.8 ±  1.1 ms - Add child
2187.8 ±  6.3 ms - Hash
530.0 ± 39.8 ms - Map
1306.5 ±  6.1 ms - getState
Dag sizes: 451064 487307 403857 355524 501681 
brutePieces time: 7.88975
287.7 ±  0.0 ms - Piece loop time
105.9 ± 15.2 ms - Set time
195.0 ±  2.0 ms - Child looking time
Nodes:  2199433
Pieces: 435564
makePieces time: 0.289917
Memory: 131.5 + 63.1 + 70.4 + 56.2 + 21.1 MB
132.3 ± 43.9 ms - Greedy fill time
composePieces time: 16.7768
                                                                                