Running only task # 31
Using max depth 3
 |                                        | 0 / 419 (0.0%)Function count: 142
0.0295274
0.032934
0.0291591
0.0323419
0.0284104
0.0315155
  3.9 ±  0.0 ms - Piece loop time
 36.2 ± 34.9 ms - Set time
  2.3 ±  0.4 ms - Child looking time
0.0412198
0.0459323
0.0857811
182.7 ±  0.0 ms - Total time
128.3 ±  0.0 ms - Build f time
 12.0 ±  0.4 ms - Apply f time
120.9 ±  1.5 ms - Real f time 
 43.5 ±  7.3 ms - Add time
  3.0 ±  0.2 ms - Find child
  3.5 ±  0.2 ms - Add child
 26.5 ±  0.8 ms - Hash
 56.1 ± 35.1 ms - Map
 13.7 ±  0.7 ms - getState
0.0415486
0.0458564
0.082465
265.2 ±  0.0 ms - Total time
169.9 ±  0.0 ms - Build f time
 19.8 ±  0.5 ms - Apply f time
160.6 ±  1.8 ms - Real f time 
 66.4 ±  7.3 ms - Add time
  5.1 ±  0.3 ms - Find child
  6.5 ±  0.3 ms - Add child
 40.8 ±  0.9 ms - Hash
 64.9 ± 35.1 ms - Map
 23.5 ±  0.8 ms - getState
0.0406889
0.0450367
0.0825543
347.7 ±  0.0 ms - Total time
210.6 ±  0.0 ms - Build f time
 28.3 ±  0.6 ms - Apply f time
201.9 ±  2.0 ms - Real f time 
 86.9 ±  7.4 ms - Add time
  7.1 ±  0.3 ms - Find child
  9.6 ±  0.3 ms - Add child
 55.5 ±  1.0 ms - Hash
 72.9 ± 35.1 ms - Map
 33.8 ±  0.8 ms - getState
Dag sizes: 68798 68798 68798 
brutePieces time: 0.252973
 12.0 ±  0.0 ms - Piece loop time
 40.0 ± 35.9 ms - Set time
 10.0 ±  2.8 ms - Child looking time
Nodes:  206394
Pieces: 32386
makePieces time: 0.0128756
Memory: 2.3 + 8.2 + 6.6 + 15.9 + 1.1 MB
  2.1 ±  0.0 ms - Greedy fill time
composePieces time: 0.038806
                                                                                