Running only task # 333
Using max depth 3
 |                                        | 0 / 419 (0.0%)Function count: 142
0.325631
0.354769
0.2062
0.224505
0.202124
0.223628
0.469105
0.518789
 40.4 ±  0.0 ms - Piece loop time
 24.9 ± 16.3 ms - Set time
 29.0 ±  1.3 ms - Child looking time
0.319005
0.353386
0.716975
2038.9 ±  0.0 ms - Total time
1522.1 ±  0.0 ms - Build f time
 84.0 ±  1.4 ms - Apply f time
1167.6 ± 16.5 ms - Real f time 
430.5 ± 16.1 ms - Add time
  8.4 ±  0.3 ms - Find child
 11.7 ±  0.4 ms - Add child
356.5 ±  2.3 ms - Hash
141.6 ± 45.1 ms - Map
137.6 ±  1.5 ms - getState
0.206016
0.226397
0.442672
2481.6 ±  0.0 ms - Total time
1728.1 ±  0.0 ms - Build f time
118.4 ±  2.7 ms - Apply f time
1352.8 ± 17.8 ms - Real f time 
535.2 ± 16.3 ms - Add time
 14.9 ±  0.4 ms - Find child
 20.2 ±  0.5 ms - Add child
445.9 ±  3.7 ms - Hash
181.5 ± 45.1 ms - Map
199.7 ±  1.8 ms - getState
0.203189
0.224099
0.416284
2897.9 ±  0.0 ms - Total time
1931.3 ±  0.0 ms - Build f time
148.6 ±  2.8 ms - Apply f time
1571.1 ± 45.0 ms - Real f time 
632.6 ± 16.4 ms - Add time
 20.8 ±  0.5 ms - Find child
 28.8 ±  0.6 ms - Add child
526.3 ±  3.8 ms - Hash
219.6 ± 45.1 ms - Map
251.3 ±  2.0 ms - getState
0.471619
0.527239
1.06245
3960.4 ±  0.0 ms - Total time
2402.9 ±  0.0 ms - Build f time
213.2 ±  3.0 ms - Apply f time
1965.4 ± 48.2 ms - Real f time 
913.3 ± 17.1 ms - Add time
 28.5 ±  0.6 ms - Find child
 38.7 ±  0.7 ms - Add child
760.4 ±  4.7 ms - Hash
263.9 ± 45.1 ms - Map
400.4 ±  3.2 ms - getState
Dag sizes: 197207 191866 192155 229095 
brutePieces time: 2.64012
109.8 ±  0.0 ms - Piece loop time
 55.1 ± 16.4 ms - Set time
 72.5 ±  3.8 ms - Child looking time
Nodes:  810323
Pieces: 166343
makePieces time: 0.110581
Memory: 32.3 + 25.6 + 25.9 + 29.7 + 6.7 MB
 36.8 ±  0.0 ms - Greedy fill time
composePieces time: 1.98882
                                                                                