Running only task # 374
Using max depth 23
 |                                        | 0 / 419 (0.0%)Function count: 142
0.116038
0.134545
0.0948705
0.105879
0.110436
0.123065
0.0989694
0.110012
0.115762
0.130388
0.094711
0.105848
0.117783
0.129608
0.103099
0.114176
0.0811443
0.0902229
 30.9 ±  0.0 ms - Piece loop time
 42.9 ± 37.3 ms - Set time
 24.0 ±  1.3 ms - Child looking time
0.116627
0.128458
0.244437
1288.6 ±  0.0 ms - Total time
1049.4 ±  0.0 ms - Build f time
 56.2 ±  1.0 ms - Apply f time
842.0 ±  8.2 ms - Real f time 
237.0 ±  5.3 ms - Add time
  4.9 ±  0.2 ms - Find child
  8.2 ±  0.3 ms - Add child
207.7 ±  1.4 ms - Hash
168.9 ± 61.5 ms - Map
 66.2 ±  0.9 ms - getState
0.0988457
0.109501
0.212498
1501.1 ±  0.0 ms - Total time
1148.3 ±  0.0 ms - Build f time
 74.1 ±  1.1 ms - Apply f time
935.9 ±  9.6 ms - Real f time 
289.6 ±  5.7 ms - Add time
  8.8 ±  0.3 ms - Find child
 13.8 ±  0.4 ms - Add child
248.0 ±  1.8 ms - Hash
189.1 ± 61.5 ms - Map
 95.0 ±  1.0 ms - getState
0.108448
0.120447
0.240412
1741.5 ±  0.0 ms - Total time
1256.7 ±  0.0 ms - Build f time
 93.8 ±  1.2 ms - Apply f time
1032.3 ±  9.8 ms - Real f time 
359.1 ± 14.1 ms - Add time
 12.9 ±  0.4 ms - Find child
 19.7 ±  0.5 ms - Add child
293.0 ±  1.9 ms - Hash
210.3 ± 61.5 ms - Map
128.4 ±  1.2 ms - getState
0.100034
0.11162
0.211211
1952.8 ±  0.0 ms - Total time
1356.8 ±  0.0 ms - Build f time
112.0 ±  1.3 ms - Apply f time
1124.0 ± 10.0 ms - Real f time 
444.9 ± 35.5 ms - Add time
 17.0 ±  0.5 ms - Find child
 25.5 ±  0.6 ms - Add child
332.8 ±  2.1 ms - Hash
231.5 ± 61.6 ms - Map
155.0 ±  1.3 ms - getState
0.116457
0.131814
0.248982
2201.8 ±  0.0 ms - Total time
1473.2 ±  0.0 ms - Build f time
130.7 ±  1.5 ms - Apply f time
1227.7 ± 10.4 ms - Real f time 
502.5 ± 35.5 ms - Add time
 20.8 ±  0.5 ms - Find child
 30.4 ±  0.6 ms - Add child
383.8 ±  2.2 ms - Hash
252.3 ± 61.6 ms - Map
187.6 ±  1.4 ms - getState
0.0958504
0.106723
0.208086
2409.9 ±  0.0 ms - Total time
1569.1 ±  0.0 ms - Build f time
146.9 ±  1.5 ms - Apply f time
1315.6 ± 10.6 ms - Real f time 
559.9 ± 36.1 ms - Add time
 28.9 ±  4.0 ms - Find child
 35.6 ±  0.7 ms - Add child
423.9 ±  2.3 ms - Hash
272.6 ± 61.5 ms - Map
214.6 ±  1.5 ms - getState
0.107486
0.119178
0.234207
2644.2 ±  0.0 ms - Total time
1676.6 ±  0.0 ms - Build f time
165.4 ±  1.6 ms - Apply f time
1408.5 ± 10.7 ms - Real f time 
653.0 ± 51.9 ms - Add time
 32.9 ±  4.0 ms - Find child
 40.9 ±  0.7 ms - Add child
469.7 ±  2.4 ms - Hash
294.3 ± 61.6 ms - Map
245.5 ±  1.6 ms - getState
0.0970882
0.108257
0.211134
2855.4 ±  0.0 ms - Total time
1773.6 ±  0.0 ms - Build f time
182.7 ±  1.7 ms - Apply f time
1497.4 ± 10.9 ms - Real f time 
729.5 ± 55.7 ms - Add time
 36.7 ±  4.0 ms - Find child
 46.3 ±  0.8 ms - Add child
510.0 ±  2.5 ms - Hash
317.2 ± 61.5 ms - Map
272.9 ±  1.6 ms - getState
0.0868238
0.0967733
0.168877
3024.3 ±  0.0 ms - Total time
1860.5 ±  0.0 ms - Build f time
197.1 ±  1.7 ms - Apply f time
1578.9 ± 11.4 ms - Real f time 
813.5 ± 72.1 ms - Add time
 40.3 ±  4.0 ms - Find child
 51.3 ±  0.8 ms - Add child
538.0 ±  2.5 ms - Hash
338.9 ± 61.5 ms - Map
291.4 ±  1.7 ms - getState
Dag sizes: 105846 110613 112842 111465 105535 110590 112795 111453 100980 
brutePieces time: 1.98814
124.8 ±  0.0 ms - Piece loop time
 74.2 ± 44.9 ms - Set time
 84.8 ±  2.2 ms - Child looking time
Nodes:  982119
Pieces: 96735
makePieces time: 0.12632
Memory: 20.9 + 36.2 + 31.4 + 53.5 + 8.5 MB
350.1 ± 57.3 ms - Greedy fill time
composePieces time: 4.8008
                                                                                