Running only task # 244
Using max depth 23
 |                                        | 0 / 419 (0.0%)Function count: 142
0.068919
0.0764695
0.0711063
0.0788028
0.0725878
0.0820439
0.0656967
0.0713005
0.0607784
0.0669454
0.0582684
0.0643674
0.0806906
0.0882355
0.0630534
0.0701447
0.0776253
0.0853249
0.0637624
0.0741251
0.0598917
0.0658939
0.0596081
0.0644242
0.0620512
0.0676616
0.0865732
0.0939401
0.0612553
0.0691299
228.7 ±  0.0 ms - Piece loop time
 53.8 ± 35.6 ms - Set time
194.9 ±  3.5 ms - Child looking time
0.0774466
0.0849684
0.113059
1232.5 ±  0.0 ms - Total time
1089.3 ±  0.0 ms - Build f time
 45.7 ±  0.6 ms - Apply f time
942.3 ±  9.2 ms - Real f time 
214.4 ±  2.5 ms - Add time
  6.1 ±  0.3 ms - Find child
 10.0 ±  0.4 ms - Add child
161.7 ±  1.8 ms - Hash
234.5 ± 59.9 ms - Map
 44.9 ±  2.3 ms - getState
0.0776139
0.0854152
0.118428
1351.0 ±  0.0 ms - Total time
1166.9 ±  0.0 ms - Build f time
 55.4 ±  0.7 ms - Apply f time
1012.8 ±  9.2 ms - Real f time 
237.3 ±  2.6 ms - Add time
  9.1 ±  0.3 ms - Find child
 14.4 ±  0.5 ms - Add child
178.1 ±  1.9 ms - Hash
255.2 ± 59.8 ms - Map
 55.1 ±  2.3 ms - getState
0.072721
0.0798437
0.104412
1455.5 ±  0.0 ms - Total time
1239.6 ±  0.0 ms - Build f time
 63.6 ±  0.8 ms - Apply f time
1079.4 ±  9.4 ms - Real f time 
255.5 ±  2.7 ms - Add time
 11.3 ±  0.4 ms - Find child
 17.9 ±  0.5 ms - Add child
193.6 ±  2.0 ms - Hash
272.1 ± 59.8 ms - Map
 63.4 ±  2.4 ms - getState
0.0686492
0.0739832
0.0974127
1552.9 ±  0.0 ms - Total time
1308.3 ±  0.0 ms - Build f time
 70.9 ±  0.9 ms - Apply f time
1139.9 ±  9.4 ms - Real f time 
274.5 ±  3.3 ms - Add time
 13.6 ±  0.4 ms - Find child
 20.9 ±  0.5 ms - Add child
208.1 ±  2.0 ms - Hash
287.8 ± 59.7 ms - Map
 71.3 ±  2.4 ms - getState
0.0574078
0.0624698
0.0859062
1638.9 ±  0.0 ms - Total time
1365.7 ±  0.0 ms - Build f time
 78.2 ±  0.9 ms - Apply f time
1191.2 ±  9.4 ms - Real f time 
296.1 ±  7.0 ms - Add time
 15.9 ±  0.4 ms - Find child
 23.7 ±  0.6 ms - Add child
221.4 ±  2.0 ms - Hash
303.2 ± 59.7 ms - Map
 78.7 ±  2.4 ms - getState
0.0640968
0.0701174
0.095225
1734.2 ±  0.0 ms - Total time
1429.8 ±  0.0 ms - Build f time
 85.7 ±  1.0 ms - Apply f time
1249.6 ±  9.5 ms - Real f time 
314.9 ±  7.0 ms - Add time
 18.3 ±  0.5 ms - Find child
 26.8 ±  0.6 ms - Add child
235.6 ±  2.1 ms - Hash
319.2 ± 59.7 ms - Map
 87.0 ±  2.4 ms - getState
0.0878959
0.0957937
0.127928
1862.1 ±  0.0 ms - Total time
1517.7 ±  0.0 ms - Build f time
 95.8 ±  1.0 ms - Apply f time
1327.4 ±  9.6 ms - Real f time 
361.8 ± 17.9 ms - Add time
 21.4 ±  0.5 ms - Find child
 30.6 ±  0.6 ms - Add child
252.9 ±  2.1 ms - Hash
339.7 ± 59.7 ms - Map
 97.5 ±  2.4 ms - getState
0.0713882
0.0783932
0.104694
1966.9 ±  0.0 ms - Total time
1589.1 ±  0.0 ms - Build f time
104.1 ±  1.1 ms - Apply f time
1390.0 ±  9.6 ms - Real f time 
382.8 ± 18.0 ms - Add time
 24.1 ±  0.5 ms - Find child
 34.4 ±  0.7 ms - Add child
267.3 ±  2.2 ms - Hash
356.9 ± 59.8 ms - Map
106.4 ±  2.4 ms - getState
0.0815297
0.0893806
0.120224
2087.2 ±  0.0 ms - Total time
1670.6 ±  0.0 ms - Build f time
113.5 ±  1.2 ms - Apply f time
1462.4 ±  9.7 ms - Real f time 
411.6 ± 18.5 ms - Add time
 26.9 ±  0.6 ms - Find child
 38.6 ±  0.7 ms - Add child
284.5 ±  2.2 ms - Hash
384.2 ± 60.1 ms - Map
115.9 ±  2.4 ms - getState
0.0695579
0.0759735
0.103903
2191.1 ±  0.0 ms - Total time
1740.2 ±  0.0 ms - Build f time
122.0 ±  1.2 ms - Apply f time
1523.7 ±  9.7 ms - Real f time 
431.9 ± 18.5 ms - Add time
 29.5 ±  0.6 ms - Find child
 41.7 ±  0.8 ms - Add child
299.9 ±  2.2 ms - Hash
401.4 ± 60.2 ms - Map
124.5 ±  2.5 ms - getState
0.0682517
0.0744399
0.0990988
2290.3 ±  0.0 ms - Total time
1808.4 ±  0.0 ms - Build f time
130.1 ±  1.2 ms - Apply f time
1585.0 ±  9.8 ms - Real f time 
450.2 ± 18.5 ms - Add time
 32.1 ±  0.6 ms - Find child
 44.7 ±  0.8 ms - Add child
313.8 ±  2.3 ms - Hash
416.9 ± 60.2 ms - Map
132.3 ±  2.5 ms - getState
0.0609249
0.0663693
0.0868444
2377.2 ±  0.0 ms - Total time
1869.3 ±  0.0 ms - Build f time
136.4 ±  1.3 ms - Apply f time
1638.5 ±  9.8 ms - Real f time 
466.6 ± 18.5 ms - Add time
 34.4 ±  0.7 ms - Find child
 47.3 ±  0.8 ms - Add child
325.9 ±  2.3 ms - Hash
432.0 ± 60.2 ms - Map
138.9 ±  2.5 ms - getState
0.0642909
0.0702904
0.103926
2481.2 ±  0.0 ms - Total time
1933.6 ±  0.0 ms - Build f time
144.5 ±  1.3 ms - Apply f time
1697.7 ± 10.0 ms - Real f time 
483.4 ± 18.5 ms - Add time
 36.8 ±  0.7 ms - Find child
 50.5 ±  0.8 ms - Add child
340.0 ±  2.3 ms - Hash
455.2 ± 60.6 ms - Map
146.9 ±  2.5 ms - getState
0.0866399
0.0942995
0.124345
2605.5 ±  0.0 ms - Total time
2020.3 ±  0.0 ms - Build f time
154.0 ±  1.3 ms - Apply f time
1775.3 ± 10.1 ms - Real f time 
515.1 ± 19.9 ms - Add time
 39.5 ±  0.7 ms - Find child
 53.9 ±  0.9 ms - Add child
357.3 ±  2.4 ms - Hash
479.9 ± 60.8 ms - Map
156.7 ±  2.5 ms - getState
0.0645657
0.0730776
0.0979399
2703.5 ±  0.0 ms - Total time
2084.8 ±  0.0 ms - Build f time
161.9 ±  1.4 ms - Apply f time
1835.0 ± 10.1 ms - Real f time 
535.1 ± 19.9 ms - Add time
 42.0 ±  0.8 ms - Find child
 57.3 ±  0.9 ms - Add child
371.4 ±  2.4 ms - Hash
496.2 ± 60.8 ms - Map
165.6 ±  2.5 ms - getState
Dag sizes: 66683 79641 66154 57119 54507 59909 79089 67087 79345 65650 56614 52828 59222 78981 62530 
brutePieces time: 1.595
534.5 ±  0.0 ms - Piece loop time
111.8 ± 54.4 ms - Set time
428.4 ±  9.2 ms - Child looking time
Nodes:  985359
Pieces: 72531
makePieces time: 0.536764
Memory: 6.3 + 57.3 + 31.5 + 78.7 + 19.3 MB
  6.0 ±  0.0 ms - Greedy fill time
composePieces time: 0.757928
                                                                                