Running only task # 169
Using max depth 3
 |                                        | 0 / 419 (0.0%)Function count: 142
0.283822
0.312356
0.302768
0.332125
0.537011
0.59029
0.440492
0.482019
 39.7 ±  0.0 ms - Piece loop time
 53.3 ± 39.6 ms - Set time
 26.2 ±  1.1 ms - Child looking time
0.29857
0.327969
0.477443
2194.5 ±  0.0 ms - Total time
1862.7 ±  0.0 ms - Build f time
 79.6 ±  1.9 ms - Apply f time
1313.9 ± 16.1 ms - Real f time 
445.6 ± 33.4 ms - Add time
  8.1 ±  0.3 ms - Find child
 10.8 ±  0.4 ms - Add child
386.1 ±  3.3 ms - Hash
154.5 ± 43.1 ms - Map
116.2 ±  2.1 ms - getState
0.310048
0.338408
0.500645
2695.2 ±  0.0 ms - Total time
2172.7 ±  0.0 ms - Build f time
109.1 ±  2.1 ms - Apply f time
1548.6 ± 17.2 ms - Real f time 
547.5 ± 33.5 ms - Add time
 14.0 ±  0.4 ms - Find child
 18.2 ±  0.5 ms - Add child
483.3 ±  3.7 ms - Hash
190.4 ± 43.1 ms - Map
183.1 ±  2.4 ms - getState
0.559304
0.61396
0.889619
3584.9 ±  0.0 ms - Total time
2732.0 ±  0.0 ms - Build f time
154.3 ±  2.5 ms - Apply f time
1963.1 ± 21.5 ms - Real f time 
745.8 ± 34.7 ms - Add time
 20.7 ±  0.5 ms - Find child
 28.5 ±  0.6 ms - Add child
654.2 ±  4.2 ms - Hash
237.2 ± 43.1 ms - Map
314.5 ±  7.2 ms - getState
0.461286
0.502521
0.7249
4309.8 ±  0.0 ms - Total time
3193.3 ±  0.0 ms - Build f time
191.5 ±  2.8 ms - Apply f time
2300.2 ± 22.7 ms - Real f time 
942.8 ± 55.3 ms - Add time
 26.7 ±  0.6 ms - Find child
 37.2 ±  0.7 ms - Add child
799.9 ±  4.7 ms - Hash
277.1 ± 43.2 ms - Map
404.0 ±  7.4 ms - getState
Dag sizes: 149458 149065 197004 173977 
brutePieces time: 2.59468
108.3 ±  0.0 ms - Piece loop time
 53.4 ± 16.5 ms - Set time
 66.7 ±  2.0 ms - Child looking time
Nodes:  669504
Pieces: 72799
makePieces time: 0.108981
Memory: 30.3 + 30.3 + 21.4 + 27.5 + 5.4 MB
  0.4 ±  0.0 ms - Greedy fill time
composePieces time: 0.130188
                                                                                