Running only task # 300
Using max depth 3
 |                                        | 0 / 419 (0.0%)Function count: 142
0.333556
0.383246
0.506049
0.587915
0.668025
0.773846
0.77007
0.877869
 38.1 ±  0.0 ms - Piece loop time
 27.9 ± 16.7 ms - Set time
 26.5 ±  1.3 ms - Child looking time
0.332098
0.388891
0.688192
3311.3 ±  0.0 ms - Total time
2609.8 ±  0.0 ms - Build f time
175.6 ±  3.4 ms - Apply f time
2179.9 ± 27.2 ms - Real f time 
630.4 ± 27.3 ms - Add time
  9.2 ±  0.3 ms - Find child
 15.8 ±  0.4 ms - Add child
447.0 ±  2.9 ms - Hash
165.7 ± 44.8 ms - Map
207.7 ±  3.8 ms - getState
0.526225
0.602071
1.02415
4335.5 ±  0.0 ms - Total time
3136.0 ±  0.0 ms - Build f time
243.5 ±  3.8 ms - Apply f time
2669.9 ± 30.2 ms - Real f time 
878.5 ± 28.2 ms - Add time
 16.4 ±  0.4 ms - Find child
 27.2 ±  0.6 ms - Add child
624.1 ±  3.1 ms - Hash
217.7 ± 44.8 ms - Map
339.8 ±  4.1 ms - getState
0.678198
0.789934
1.30368
5639.2 ±  0.0 ms - Total time
3814.2 ±  0.0 ms - Build f time
330.7 ±  5.5 ms - Apply f time
3267.2 ± 34.3 ms - Real f time 
1183.2 ± 28.5 ms - Add time
 24.1 ±  0.5 ms - Find child
 39.1 ±  0.7 ms - Add child
856.6 ±  3.5 ms - Hash
265.2 ± 44.8 ms - Map
514.7 ±  5.0 ms - getState
0.803405
0.913444
1.62387
7263.1 ±  0.0 ms - Total time
4617.6 ±  0.0 ms - Build f time
433.5 ±  7.2 ms - Apply f time
3988.8 ± 39.7 ms - Real f time 
1582.3 ± 29.2 ms - Add time
 33.6 ±  0.6 ms - Find child
 52.1 ±  0.8 ms - Add child
1157.0 ±  5.0 ms - Hash
322.4 ± 44.8 ms - Map
736.2 ±  5.8 ms - getState
Dag sizes: 228476 250812 240113 279429 
brutePieces time: 4.64188
129.8 ±  0.0 ms - Piece loop time
 78.8 ± 35.6 ms - Set time
 85.4 ±  3.7 ms - Child looking time
Nodes:  998830
Pieces: 198827
makePieces time: 0.131112
Memory: 55.1 + 30.3 + 32.0 + 32.8 + 8.1 MB
 19.2 ±  0.0 ms - Greedy fill time
composePieces time: 2.47832
                                                                                