Running only task # 323
Using max depth 23
 |                                        | 0 / 419 (0.0%)Function count: 142
0.12679
0.137912
0.106489
0.118384
0.107799
0.116482
0.124461
0.135125
0.11281
0.121193
0.111022
0.120302
0.11006
0.11954
 63.5 ±  0.0 ms - Piece loop time
 47.8 ± 38.1 ms - Set time
 50.3 ±  1.4 ms - Child looking time
0.115501
0.125686
0.24985
1119.2 ±  0.0 ms - Total time
914.9 ±  0.0 ms - Build f time
 47.6 ±  0.8 ms - Apply f time
716.8 ±  6.4 ms - Real f time 
225.7 ± 14.0 ms - Add time
  8.7 ±  0.3 ms - Find child
 11.3 ±  0.4 ms - Add child
171.8 ±  2.5 ms - Hash
193.3 ± 59.9 ms - Map
 55.9 ±  1.1 ms - getState
0.106399
0.115381
0.225474
1344.7 ±  0.0 ms - Total time
1021.3 ±  0.0 ms - Build f time
 67.4 ±  1.0 ms - Apply f time
811.5 ±  6.6 ms - Real f time 
276.3 ± 14.0 ms - Add time
 13.9 ±  0.4 ms - Find child
 18.3 ±  0.5 ms - Add child
214.0 ±  2.5 ms - Hash
226.3 ± 59.9 ms - Map
 82.5 ±  1.7 ms - getState
0.11991
0.131671
0.251953
1596.7 ±  0.0 ms - Total time
1141.2 ±  0.0 ms - Build f time
 89.9 ±  1.1 ms - Apply f time
920.3 ±  6.8 ms - Real f time 
333.1 ± 14.1 ms - Add time
 19.3 ±  0.5 ms - Find child
 26.3 ±  0.6 ms - Add child
258.1 ±  2.6 ms - Hash
261.0 ± 59.9 ms - Map
112.9 ±  1.7 ms - getState
0.115424
0.125139
0.250438
1847.2 ±  0.0 ms - Total time
1256.7 ±  0.0 ms - Build f time
113.2 ±  1.2 ms - Apply f time
1022.6 ±  7.1 ms - Real f time 
391.4 ± 14.1 ms - Add time
 25.2 ±  0.6 ms - Find child
 34.3 ±  0.7 ms - Add child
303.9 ±  2.7 ms - Hash
299.3 ± 59.9 ms - Map
143.3 ±  1.9 ms - getState
0.108267
0.116801
0.232978
2080.3 ±  0.0 ms - Total time
1364.9 ±  0.0 ms - Build f time
135.3 ±  1.3 ms - Apply f time
1118.5 ±  7.3 ms - Real f time 
448.2 ± 14.8 ms - Add time
 30.9 ±  0.6 ms - Find child
 42.1 ±  0.7 ms - Add child
349.6 ±  4.4 ms - Hash
333.4 ± 59.9 ms - Map
170.8 ±  2.0 ms - getState
0.117986
0.126701
0.236766
2317.1 ±  0.0 ms - Total time
1482.9 ±  0.0 ms - Build f time
155.8 ±  1.4 ms - Apply f time
1224.6 ±  7.5 ms - Real f time 
500.1 ± 14.8 ms - Add time
 36.7 ±  0.7 ms - Find child
 49.8 ±  0.8 ms - Add child
393.3 ±  4.4 ms - Hash
367.5 ± 59.8 ms - Map
197.2 ±  2.0 ms - getState
0.124161
0.134016
0.262504
2579.6 ±  0.0 ms - Total time
1607.1 ±  0.0 ms - Build f time
178.9 ±  1.5 ms - Apply f time
1336.5 ±  7.8 ms - Real f time 
574.7 ± 21.3 ms - Add time
 42.5 ±  0.7 ms - Find child
 58.7 ±  0.9 ms - Add child
440.8 ±  4.4 ms - Hash
406.9 ± 59.8 ms - Map
227.7 ±  2.1 ms - getState
Dag sizes: 155902 137767 139145 156043 138144 139607 162230 
brutePieces time: 1.71406
275.5 ±  0.0 ms - Piece loop time
108.9 ± 46.4 ms - Set time
189.4 ±  2.6 ms - Child looking time
Nodes:  1028838
Pieces: 198088
makePieces time: 0.277464
Memory: 13.9 + 42.7 + 32.9 + 45.8 + 12.7 MB
 62.6 ±  7.8 ms - Greedy fill time
composePieces time: 6.62274
                                                                                