Running only task # 362
Using max depth 3
 |                                        | 0 / 419 (0.0%)Function count: 142
0.107848
0.120564
0.124122
0.137197
0.148844
0.165835
0.141517
0.153342
 25.6 ±  0.0 ms - Piece loop time
 50.5 ± 42.5 ms - Set time
 17.2 ±  1.9 ms - Child looking time
0.107552
0.117471
0.19884
776.0 ±  0.0 ms - Total time
629.9 ±  0.0 ms - Build f time
 33.6 ±  0.7 ms - Apply f time
509.7 ±  4.9 ms - Real f time 
152.6 ± 16.3 ms - Add time
  5.6 ±  0.3 ms - Find child
  7.7 ±  0.3 ms - Add child
121.3 ±  4.1 ms - Hash
133.4 ± 61.6 ms - Map
 40.9 ±  0.6 ms - getState
0.11654
0.126889
0.222694
998.8 ±  0.0 ms - Total time
746.4 ±  0.0 ms - Build f time
 50.5 ±  0.8 ms - Apply f time
613.6 ±  5.2 ms - Real f time 
203.1 ± 16.4 ms - Add time
  9.7 ±  0.3 ms - Find child
 13.3 ±  0.4 ms - Add child
165.3 ±  4.2 ms - Hash
159.0 ± 61.6 ms - Map
 66.2 ±  0.8 ms - getState
0.142783
0.157289
0.283915
1282.7 ±  0.0 ms - Total time
889.2 ±  0.0 ms - Build f time
 73.0 ±  1.0 ms - Apply f time
739.1 ±  5.7 ms - Real f time 
267.1 ± 16.4 ms - Add time
 14.5 ±  0.4 ms - Find child
 20.3 ±  0.5 ms - Add child
218.5 ±  4.3 ms - Hash
234.8 ± 73.6 ms - Map
102.7 ±  3.2 ms - getState
0.153087
0.167248
0.299816
1582.6 ±  0.0 ms - Total time
1042.3 ±  0.0 ms - Build f time
 96.9 ±  1.1 ms - Apply f time
872.8 ±  7.7 ms - Real f time 
340.1 ± 17.0 ms - Add time
 19.9 ±  0.5 ms - Find child
 27.2 ±  0.6 ms - Add child
275.1 ±  4.4 ms - Hash
266.3 ± 73.7 ms - Map
136.6 ±  3.3 ms - getState
Dag sizes: 127920 124946 145240 144471 
brutePieces time: 1.00826
 72.4 ±  0.0 ms - Piece loop time
 63.5 ± 40.5 ms - Set time
 45.0 ±  1.3 ms - Child looking time
Nodes:  542577
Pieces: 98311
makePieces time: 0.0735136
Memory: 8.3 + 19.9 + 17.4 + 25.5 + 4.2 MB
  8.2 ±  0.0 ms - Greedy fill time
composePieces time: 0.43596
                                                                                