Running only task # 330
Using max depth 3
 |                                        | 0 / 419 (0.0%)Function count: 142
0.279684
0.320715
0.262228
0.29848
0.369582
0.420381
0.428112
0.489749
 32.6 ±  0.0 ms - Piece loop time
 55.3 ± 38.5 ms - Set time
 21.2 ±  0.9 ms - Child looking time
0.267812
0.304665
0.57355
2103.1 ±  0.0 ms - Total time
1607.4 ±  0.0 ms - Build f time
113.1 ±  2.7 ms - Apply f time
1441.8 ± 14.7 ms - Real f time 
390.2 ±  4.6 ms - Add time
 11.2 ±  0.4 ms - Find child
 16.4 ±  0.4 ms - Add child
253.6 ±  5.4 ms - Hash
156.4 ± 40.0 ms - Map
130.5 ±  1.4 ms - getState
0.263576
0.307919
0.636204
2739.4 ±  0.0 ms - Total time
1871.0 ±  0.0 ms - Build f time
166.7 ±  2.9 ms - Apply f time
1701.6 ± 16.0 ms - Real f time 
560.1 ±  7.7 ms - Add time
 20.5 ±  0.5 ms - Find child
 30.4 ±  0.6 ms - Add child
356.4 ±  5.5 ms - Hash
209.9 ± 40.0 ms - Map
225.1 ±  1.8 ms - getState
0.350445
0.40605
0.782687
3522.1 ±  0.0 ms - Total time
2221.4 ±  0.0 ms - Build f time
224.5 ±  3.1 ms - Apply f time
2030.0 ± 17.0 ms - Real f time 
757.1 ±  8.4 ms - Add time
 29.3 ±  0.6 ms - Find child
 43.2 ±  0.7 ms - Add child
482.3 ±  5.5 ms - Hash
264.8 ± 40.0 ms - Map
331.6 ±  2.1 ms - getState
0.436625
0.50515
1.01019
4532.3 ±  0.0 ms - Total time
2658.1 ±  0.0 ms - Build f time
303.0 ±  3.5 ms - Apply f time
2451.0 ± 18.9 ms - Real f time 
1018.5 ±  9.1 ms - Add time
 40.6 ±  0.7 ms - Find child
 60.5 ±  0.9 ms - Add child
647.2 ±  5.6 ms - Hash
340.6 ± 40.3 ms - Map
478.0 ±  2.9 ms - getState
Dag sizes: 292835 298158 289261 361541 
brutePieces time: 3.0044
158.0 ±  0.0 ms - Piece loop time
 99.8 ± 38.0 ms - Set time
 98.8 ±  1.7 ms - Child looking time
Nodes:  1241795
Pieces: 253516
makePieces time: 0.159494
Memory: 33.5 + 37.8 + 39.7 + 36.6 + 10.3 MB
 17.0 ±  0.0 ms - Greedy fill time
composePieces time: 2.1524
                                                                                