Running only task # 376
Using max depth 23
 |                                        | 0 / 419 (0.0%)Function count: 142
0.138579
0.151371
0.13011
0.14325
0.292376
0.312177
0.138403
0.148208
0.134688
0.143976
0.292912
0.315214
0.206903
0.220499
 64.3 ±  0.0 ms - Piece loop time
 59.7 ± 48.1 ms - Set time
 51.1 ±  1.9 ms - Child looking time
0.134747
0.144972
0.266158
1701.3 ±  0.0 ms - Total time
1468.7 ±  0.0 ms - Build f time
 54.4 ±  1.4 ms - Apply f time
1101.5 ± 14.5 ms - Real f time 
283.3 ±  6.2 ms - Add time
  6.9 ±  0.3 ms - Find child
  9.6 ±  0.3 ms - Add child
297.0 ±  5.1 ms - Hash
146.7 ± 44.3 ms - Map
 74.6 ±  1.5 ms - getState
0.140216
0.150731
0.27024
1971.6 ±  0.0 ms - Total time
1608.9 ±  0.0 ms - Build f time
 75.3 ±  1.5 ms - Apply f time
1222.9 ± 14.7 ms - Real f time 
341.8 ±  6.4 ms - Add time
 11.7 ±  0.4 ms - Find child
 15.8 ±  0.4 ms - Add child
357.5 ±  7.9 ms - Hash
179.2 ± 44.3 ms - Map
105.3 ±  1.7 ms - getState
0.294934
0.314069
0.571471
2543.1 ±  0.0 ms - Total time
1903.9 ±  0.0 ms - Build f time
107.9 ±  1.7 ms - Apply f time
1459.9 ± 16.3 ms - Real f time 
471.1 ±  7.1 ms - Add time
 16.8 ±  0.5 ms - Find child
 23.0 ±  0.5 ms - Add child
495.5 ±  8.1 ms - Hash
212.1 ± 44.4 ms - Map
168.5 ±  2.1 ms - getState
0.137233
0.147475
0.266017
2809.2 ±  0.0 ms - Total time
2041.1 ±  0.0 ms - Build f time
127.7 ±  1.7 ms - Apply f time
1574.9 ± 16.5 ms - Real f time 
528.8 ±  7.4 ms - Add time
 21.1 ±  0.5 ms - Find child
 28.8 ±  0.6 ms - Add child
550.1 ±  8.4 ms - Hash
240.6 ± 44.3 ms - Map
200.1 ±  2.6 ms - getState
0.137449
0.152765
0.274682
3083.9 ±  0.0 ms - Total time
2178.5 ±  0.0 ms - Build f time
150.5 ±  1.9 ms - Apply f time
1693.7 ± 16.7 ms - Real f time 
587.9 ±  7.6 ms - Add time
 25.5 ±  0.6 ms - Find child
 35.3 ±  0.6 ms - Add child
603.4 ±  8.4 ms - Hash
269.9 ± 44.4 ms - Map
232.5 ±  2.7 ms - getState
0.302667
0.320866
0.586625
3670.6 ±  0.0 ms - Total time
2481.2 ±  0.0 ms - Build f time
185.5 ±  2.1 ms - Apply f time
1923.2 ± 17.6 ms - Real f time 
720.5 ±  8.2 ms - Add time
 31.0 ±  0.6 ms - Find child
 43.3 ±  0.7 ms - Add child
745.0 ±  8.6 ms - Hash
300.9 ± 44.3 ms - Map
300.2 ±  2.9 ms - getState
0.233275
0.245853
0.45445
4125.1 ±  0.0 ms - Total time
2714.5 ±  0.0 ms - Build f time
212.0 ±  2.4 ms - Apply f time
2109.0 ± 18.5 ms - Real f time 
820.4 ±  8.5 ms - Add time
 34.9 ±  0.7 ms - Find child
 52.3 ±  3.7 ms - Add child
851.8 ±  8.7 ms - Hash
324.6 ± 44.3 ms - Map
349.4 ±  3.0 ms - getState
Dag sizes: 114166 112833 119654 113647 112651 119650 98804 
brutePieces time: 2.69527
188.6 ±  0.0 ms - Piece loop time
 82.1 ± 39.0 ms - Set time
134.4 ±  4.2 ms - Child looking time
Nodes:  791405
Pieces: 137536
makePieces time: 0.190098
Memory: 27.0 + 35.5 + 25.3 + 42.0 + 9.2 MB
319.6 ± 52.9 ms - Greedy fill time
composePieces time: 10.3341
                                                                                