Running only task # 367
Using max depth 3
 |                                        | 0 / 419 (0.0%)Function count: 142
0.250401
0.274689
0.299233
0.326442
0.291705
0.31949
0.239679
0.26372
0.380973
0.42132
 52.3 ±  0.0 ms - Piece loop time
 49.3 ± 37.3 ms - Set time
 36.2 ±  1.6 ms - Child looking time
0.249532
0.270207
0.632901
2238.8 ±  0.0 ms - Total time
1711.5 ±  0.0 ms - Build f time
101.6 ±  5.1 ms - Apply f time
1318.5 ± 14.9 ms - Real f time 
502.4 ± 45.8 ms - Add time
 10.6 ±  0.4 ms - Find child
 14.8 ±  0.4 ms - Add child
373.6 ±  2.3 ms - Hash
175.4 ± 50.8 ms - Map
147.5 ±  3.9 ms - getState
0.302445
0.333415
0.749205
2988.1 ±  0.0 ms - Total time
2014.0 ±  0.0 ms - Build f time
156.2 ±  5.2 ms - Apply f time
1588.4 ± 15.7 ms - Real f time 
704.4 ± 46.2 ms - Add time
 20.2 ±  0.5 ms - Find child
 30.0 ±  0.9 ms - Add child
528.4 ±  4.1 ms - Hash
236.0 ± 50.8 ms - Map
255.7 ±  4.0 ms - getState
0.29303
0.320891
0.776068
3764.2 ±  0.0 ms - Total time
2307.0 ±  0.0 ms - Build f time
215.2 ±  5.2 ms - Apply f time
1854.3 ± 16.3 ms - Real f time 
968.0 ± 73.8 ms - Add time
 30.5 ±  0.7 ms - Find child
 45.7 ±  1.0 ms - Add child
689.0 ±  4.4 ms - Hash
299.5 ± 50.8 ms - Map
373.5 ±  4.2 ms - getState
0.236697
0.254928
0.578299
4342.5 ±  0.0 ms - Total time
2543.7 ±  0.0 ms - Build f time
258.2 ±  5.3 ms - Apply f time
2046.9 ± 16.7 ms - Real f time 
1125.5 ± 74.0 ms - Add time
 39.3 ±  0.8 ms - Find child
 57.8 ±  1.0 ms - Add child
813.5 ±  4.4 ms - Hash
365.9 ± 52.9 ms - Map
456.1 ±  4.4 ms - getState
0.397746
0.436579
1.03202
5374.6 ±  0.0 ms - Total time
2941.4 ±  0.0 ms - Build f time
327.4 ±  5.4 ms - Apply f time
2396.8 ± 18.3 ms - Real f time 
1406.9 ± 74.0 ms - Add time
 50.5 ±  0.9 ms - Find child
 74.3 ±  1.1 ms - Add child
1034.3 ±  4.7 ms - Hash
434.8 ± 52.9 ms - Map
616.0 ±  5.7 ms - getState
Dag sizes: 269149 302700 324048 251736 335511 
brutePieces time: 3.77098
245.4 ±  0.0 ms - Piece loop time
 91.5 ± 16.2 ms - Set time
159.8 ±  2.5 ms - Child looking time
Nodes:  1483144
Pieces: 294422
makePieces time: 0.247061
Memory: 49.4 + 49.7 + 47.5 + 44.7 + 13.9 MB
 54.9 ±  1.8 ms - Greedy fill time
composePieces time: 7.6703
                                                                                