Running only task # 192
Using max depth 23
 |                                        | 0 / 419 (0.0%)Function count: 142
0.110352
0.12357
0.104989
0.113426
0.119091
0.12764
0.102277
0.114147
0.0999822
0.108796
0.110161
0.118218
0.10384
0.112485
 60.2 ±  0.0 ms - Piece loop time
 49.7 ± 39.3 ms - Set time
 46.4 ±  1.4 ms - Child looking time
0.106512
0.115883
0.234504
1053.2 ±  0.0 ms - Total time
857.2 ±  0.0 ms - Build f time
 46.5 ±  1.0 ms - Apply f time
726.8 ± 11.1 ms - Real f time 
198.3 ±  5.8 ms - Add time
  8.5 ±  0.6 ms - Find child
 11.1 ±  0.4 ms - Add child
149.3 ±  1.8 ms - Hash
180.5 ± 59.5 ms - Map
 55.9 ±  1.1 ms - getState
0.103679
0.112786
0.209393
1262.6 ±  0.0 ms - Total time
960.9 ±  0.0 ms - Build f time
 64.8 ±  1.1 ms - Apply f time
830.5 ± 11.8 ms - Real f time 
247.0 ±  6.1 ms - Add time
 13.6 ±  0.7 ms - Find child
 18.2 ±  0.5 ms - Add child
187.6 ±  1.9 ms - Hash
206.5 ± 59.5 ms - Map
 79.8 ±  1.2 ms - getState
0.11788
0.126234
0.243884
1506.5 ±  0.0 ms - Total time
1078.8 ±  0.0 ms - Build f time
 87.0 ±  1.3 ms - Apply f time
945.8 ± 12.1 ms - Real f time 
302.9 ±  6.2 ms - Add time
 19.5 ±  0.7 ms - Find child
 26.8 ±  0.6 ms - Add child
230.6 ±  2.0 ms - Hash
237.6 ± 59.6 ms - Map
106.6 ±  1.3 ms - getState
0.10993
0.117695
0.234861
1741.4 ±  0.0 ms - Total time
1188.7 ±  0.0 ms - Build f time
107.6 ±  1.4 ms - Apply f time
1049.7 ± 12.2 ms - Real f time 
356.8 ±  6.4 ms - Add time
 25.4 ±  0.8 ms - Find child
 34.9 ±  0.7 ms - Add child
271.6 ±  2.1 ms - Hash
267.9 ± 59.4 ms - Map
135.5 ±  1.5 ms - getState
0.105115
0.113401
0.216001
1957.5 ±  0.0 ms - Total time
1293.8 ±  0.0 ms - Build f time
127.0 ±  1.5 ms - Apply f time
1148.8 ± 12.4 ms - Real f time 
419.8 ± 14.4 ms - Add time
 30.4 ±  0.8 ms - Find child
 42.9 ±  0.8 ms - Add child
311.4 ±  2.2 ms - Hash
300.9 ± 59.6 ms - Map
159.3 ±  1.6 ms - getState
0.111524
0.120337
0.238537
2196.1 ±  0.0 ms - Total time
1405.3 ±  0.0 ms - Build f time
149.1 ±  1.6 ms - Apply f time
1258.2 ± 13.1 ms - Real f time 
474.8 ± 14.4 ms - Add time
 36.1 ±  0.9 ms - Find child
 51.4 ±  0.8 ms - Add child
354.3 ±  2.3 ms - Hash
334.4 ± 59.6 ms - Map
186.9 ±  1.7 ms - getState
0.110387
0.118937
0.237344
2433.5 ±  0.0 ms - Total time
1515.7 ±  0.0 ms - Build f time
170.7 ±  1.6 ms - Apply f time
1364.0 ± 13.3 ms - Real f time 
528.9 ± 14.5 ms - Add time
 42.3 ±  1.0 ms - Find child
 60.2 ±  0.9 ms - Add child
396.3 ±  2.4 ms - Hash
366.3 ± 59.5 ms - Map
214.5 ±  1.9 ms - getState
Dag sizes: 137423 132912 139751 137644 133103 139683 140366 
brutePieces time: 1.62099
215.0 ±  0.0 ms - Piece loop time
 97.7 ± 48.9 ms - Set time
148.6 ±  2.5 ms - Child looking time
Nodes:  960882
Pieces: 168171
makePieces time: 0.216796
Memory: 13.1 + 40.4 + 30.7 + 44.7 + 10.8 MB
 50.3 ±  4.2 ms - Greedy fill time
composePieces time: 5.83088
                                                                                