Running only task # 96
Using max depth 3
 |                                        | 0 / 419 (0.0%)Function count: 142
0.598465
0.699873
0.511075
0.58097
0.574061
0.665924
0.612039
0.70615
 44.6 ±  0.0 ms - Piece loop time
 25.0 ± 15.4 ms - Set time
 36.1 ±  1.3 ms - Child looking time
0.602934
0.705812
1.67431
4327.4 ±  0.0 ms - Total time
2898.6 ±  0.0 ms - Build f time
278.1 ±  4.0 ms - Apply f time
2590.0 ± 25.9 ms - Real f time 
968.0 ± 18.5 ms - Add time
 29.8 ±  0.7 ms - Find child
 39.5 ±  0.7 ms - Add child
565.2 ± 32.1 ms - Hash
303.6 ± 51.8 ms - Map
406.2 ±  4.4 ms - getState
0.498598
0.575257
1.35932
5686.8 ±  0.0 ms - Total time
3397.2 ±  0.0 ms - Build f time
395.9 ±  4.4 ms - Apply f time
3077.7 ± 27.0 ms - Real f time 
1329.8 ± 18.9 ms - Add time
 50.7 ±  0.9 ms - Find child
 67.0 ±  0.9 ms - Add child
800.9 ± 32.1 ms - Hash
422.8 ± 51.8 ms - Map
615.3 ±  4.9 ms - getState
0.635961
0.734195
1.58548
7272.3 ±  0.0 ms - Total time
4033.1 ±  0.0 ms - Build f time
526.0 ±  6.7 ms - Apply f time
3715.9 ± 29.6 ms - Real f time 
1774.7 ± 24.9 ms - Add time
 72.1 ±  1.0 ms - Find child
 97.7 ±  1.3 ms - Add child
1064.4 ± 32.2 ms - Hash
569.4 ± 52.6 ms - Map
845.1 ±  5.4 ms - getState
0.643813
0.745682
1.63627
8908.6 ±  0.0 ms - Total time
4676.9 ±  0.0 ms - Build f time
663.0 ±  9.9 ms - Apply f time
4346.9 ± 31.3 ms - Real f time 
2204.5 ± 25.3 ms - Add time
 94.1 ±  1.1 ms - Find child
129.8 ±  1.5 ms - Add child
1351.2 ± 33.7 ms - Hash
702.7 ± 52.6 ms - Map
1099.5 ±  6.0 ms - getState
Dag sizes: 671588 557664 639303 642074 
brutePieces time: 6.25716
347.9 ±  0.0 ms - Piece loop time
170.5 ± 20.1 ms - Set time
202.7 ±  3.4 ms - Child looking time
Nodes:  2510629
Pieces: 599467
makePieces time: 0.349818
Memory: 81.2 + 75.1 + 80.3 + 56.9 + 22.4 MB
 20.0 ±  0.0 ms - Greedy fill time
composePieces time: 3.09846
                                                                                